2024-02-19 22:45:21,309 [INFO] Activator:176 - 


2024-02-19 22:45:21,317 [INFO] Activator:177 - !SESSION log4j initialized
2024-02-19 22:45:29,370 [INFO] LogOutputStream:77 - [STDOUT_REDIRECT] 
2024-02-19 22:45:30,711 [INFO] ApplicationProperties:184 - Using Application install path: /opt/st/stm32cubeide_1.14.0/plugins/com.st.stm32cube.common.mx_6.10.0.202311202037
2024-02-19 22:45:30,743 [INFO] DbMcusXml:78 - Set database path to: /opt/st/stm32cubeide_1.14.0/plugins/com.st.stm32cube.common.mx_6.10.0.202311202037//db//mcu/
2024-02-19 22:45:30,744 [INFO] ApiDb:274 - Set plugin database path to: /opt/st/stm32cubeide_1.14.0/plugins/com.st.stm32cube.common.mx_6.10.0.202311202037//db//plugins/boardmanager/
2024-02-19 22:45:30,744 [WARN] ApiDb:259 - Overriding images path with different value:  => /opt/st/stm32cubeide_1.14.0/plugins/com.st.stm32cube.common.mx_6.10.0.202311202037//db//plugins/mcufinder/images/
2024-02-19 22:45:30,757 [INFO] ApiDb:250 - Set database path to: /home/mirafra/.stmcufinder/plugins/mcufinder//mcu/
2024-02-19 22:45:30,758 [INFO] DbMcusAds:125 - Set database path to: /home/mirafra/.stmcufinder/plugins/mcufinder//mcu/
2024-02-19 22:45:30,762 [INFO] CrossReferenceDbSqlite:203 - Set database path to: /home/mirafra/.stmcufinder/plugins/mcufinder//mcu/cs/
2024-02-19 22:45:31,002 [INFO] RulesReader:64 - Compatibility file has been processed (297 Rules)
2024-02-19 22:45:31,135 [INFO] DbMcusXml:78 - Set database path to: /opt/st/stm32cubeide_1.14.0/plugins/com.st.stm32cube.common.mx_6.10.0.202311202037//db//mcu/
2024-02-19 22:45:31,136 [INFO] ApiDb:274 - Set plugin database path to: /opt/st/stm32cubeide_1.14.0/plugins/com.st.stm32cube.common.mx_6.10.0.202311202037//db//plugins/boardmanager/
2024-02-19 22:45:31,136 [INFO] ApiDb:261 - Set plugin images path to: /opt/st/stm32cubeide_1.14.0/plugins/com.st.stm32cube.common.mx_6.10.0.202311202037//db//plugins/mcufinder/images/
2024-02-19 22:45:31,137 [WARN] DbFile:41 - Overriding database path with different value: /home/mirafra/.stmcufinder/plugins/mcufinder/ => /home/mirafra/.stmcufinder/plugins/mcufinder
2024-02-19 22:45:31,137 [INFO] ApiDb:250 - Set database path to: /home/mirafra/.stmcufinder/plugins/mcufinder//mcu/
2024-02-19 22:45:31,137 [WARN] DbFile:41 - Overriding database path with different value: /home/mirafra/.stmcufinder/plugins/mcufinder/ => /home/mirafra/.stmcufinder/plugins/mcufinder
2024-02-19 22:45:31,137 [INFO] DbMcusAds:125 - Set database path to: /home/mirafra/.stmcufinder/plugins/mcufinder//mcu/
2024-02-19 22:45:31,137 [WARN] DbFile:41 - Overriding database path with different value: /home/mirafra/.stmcufinder/plugins/mcufinder/ => /home/mirafra/.stmcufinder/plugins/mcufinder
2024-02-19 22:45:31,138 [WARN] DbFile:41 - Overriding database path with different value: /home/mirafra/.stmcufinder/plugins/mcufinder/ => /home/mirafra/.stmcufinder/plugins/mcufinder
2024-02-19 22:45:31,138 [INFO] CrossReferenceDbSqlite:203 - Set database path to: /home/mirafra/.stmcufinder/plugins/mcufinder//mcu/cs/
2024-02-19 22:45:31,286 [INFO] MainPanel:264 - HeapMemory: 268435456
2024-02-19 22:45:31,474 [INFO] DbMcusXml:78 - Set database path to: /opt/st/stm32cubeide_1.14.0/plugins/com.st.stm32cube.common.mx_6.10.0.202311202037//db//mcu/
2024-02-19 22:45:31,475 [INFO] ApiDb:274 - Set plugin database path to: /opt/st/stm32cubeide_1.14.0/plugins/com.st.stm32cube.common.mx_6.10.0.202311202037//db//plugins/boardmanager/
2024-02-19 22:45:31,475 [INFO] ApiDb:261 - Set plugin images path to: /opt/st/stm32cubeide_1.14.0/plugins/com.st.stm32cube.common.mx_6.10.0.202311202037//db//plugins/mcufinder/images/
2024-02-19 22:45:31,475 [WARN] DbFile:41 - Overriding database path with different value: /home/mirafra/.stmcufinder/plugins/mcufinder/ => /home/mirafra/.stmcufinder/plugins/mcufinder
2024-02-19 22:45:31,476 [INFO] ApiDb:250 - Set database path to: /home/mirafra/.stmcufinder/plugins/mcufinder//mcu/
2024-02-19 22:45:31,476 [WARN] DbFile:41 - Overriding database path with different value: /home/mirafra/.stmcufinder/plugins/mcufinder/ => /home/mirafra/.stmcufinder/plugins/mcufinder
2024-02-19 22:45:31,477 [INFO] DbMcusAds:125 - Set database path to: /home/mirafra/.stmcufinder/plugins/mcufinder//mcu/
2024-02-19 22:45:31,477 [WARN] DbFile:41 - Overriding database path with different value: /home/mirafra/.stmcufinder/plugins/mcufinder/ => /home/mirafra/.stmcufinder/plugins/mcufinder
2024-02-19 22:45:31,477 [WARN] DbFile:41 - Overriding database path with different value: /home/mirafra/.stmcufinder/plugins/mcufinder/ => /home/mirafra/.stmcufinder/plugins/mcufinder
2024-02-19 22:45:31,477 [INFO] CrossReferenceDbSqlite:203 - Set database path to: /home/mirafra/.stmcufinder/plugins/mcufinder//mcu/cs/
2024-02-19 22:45:31,519 [INFO] ApplicationProperties:184 - Using Application install path: /opt/st/stm32cubeide_1.14.0/plugins/com.st.stm32cube.common.mx_6.10.0.202311202037
2024-02-19 22:45:31,521 [INFO] PluginManage:196 - Search for loadable plugins [exclusion list=, ]
2024-02-19 22:45:31,523 [INFO] PluginManage:310 - Check plugin analytics
2024-02-19 22:45:31,896 [INFO] AnalyticsPlugin:253 - Accepted Software Licenses: 
2024-02-19 22:45:31,900 [INFO] AnalyticsPlugin:255 - Accepted CMSIS Pack Licenses: 
2024-02-19 22:45:31,900 [INFO] AnalyticsPlugin:257 - Accepted Firmware Licenses: 
2024-02-19 22:45:31,906 [INFO] PluginManage:359 - Loaded plugin analytics (category:tool,tabindex:-1)
2024-02-19 22:45:31,907 [INFO] PluginManage:310 - Check plugin cadmodel
2024-02-19 22:45:32,067 [INFO] CADModel:105 - Init CAD model plugin
2024-02-19 22:45:32,068 [INFO] PluginManage:359 - Loaded plugin cadmodel (category:power,tabindex:5)
2024-02-19 22:45:32,068 [INFO] PluginManage:310 - Check plugin clock
2024-02-19 22:45:32,088 [INFO] PluginManage:359 - Loaded plugin clock (category:base,tabindex:2)
2024-02-19 22:45:32,088 [INFO] PluginManage:310 - Check plugin ddr
2024-02-19 22:45:32,092 [INFO] PluginManage:359 - Loaded plugin ddr (category:tool,tabindex:6)
2024-02-19 22:45:32,092 [INFO] PluginManage:310 - Check plugin filemanager
2024-02-19 22:45:32,372 [INFO] PluginManage:359 - Loaded plugin filemanager (category:base,tabindex:10)
2024-02-19 22:45:32,372 [INFO] PluginManage:310 - Check plugin ipmanager
2024-02-19 22:45:32,384 [INFO] PluginManage:359 - Loaded plugin ipmanager (category:base,tabindex:5)
2024-02-19 22:45:32,385 [INFO] PluginManage:310 - Check plugin lpbam
2024-02-19 22:45:32,410 [INFO] PluginManage:359 - Loaded plugin lpbam (category:base,tabindex:0)
2024-02-19 22:45:32,411 [INFO] PluginManage:310 - Check plugin memorymap
2024-02-19 22:45:32,436 [INFO] PluginManage:359 - Loaded plugin memorymap (category:base,tabindex:4)
2024-02-19 22:45:32,437 [INFO] PluginManage:310 - Check plugin pinoutandconfiguration
2024-02-19 22:45:32,450 [INFO] PluginManage:359 - Loaded plugin pinoutandconfiguration (category:base,tabindex:1)
2024-02-19 22:45:32,451 [INFO] PluginManage:310 - Check plugin pinoutconfig
2024-02-19 22:45:32,633 [WARN] SupportedApi:132 - Cannot load RTOS API schema: s4s-elt-must-match.1: The content of 'definitions' must match (annotation?, (simpleType | complexType)?, (unique | key | keyref)*)). A problem was found starting at: attribute.
2024-02-19 22:45:32,911 [INFO] PluginManage:359 - Loaded plugin pinoutconfig (category:base,tabindex:0)
2024-02-19 22:45:32,911 [INFO] PluginManage:310 - Check plugin power
2024-02-19 22:45:32,926 [INFO] PluginManage:359 - Loaded plugin power (category:power,tabindex:4)
2024-02-19 22:45:32,926 [INFO] PluginManage:310 - Check plugin projectmanager
2024-02-19 22:45:32,954 [INFO] PluginManage:359 - Loaded plugin projectmanager (category:projectmanager,tabindex:3)
2024-02-19 22:45:32,954 [INFO] PluginManage:310 - Check plugin thirdparty
2024-02-19 22:45:33,175 [WARN] IntegrityCheckThread:84 - waiting for thirdparty lock release [integrity check]
2024-02-19 22:45:33,176 [INFO] IntegrityCheckThread:86 - entering critical section [integrity check]
2024-02-19 22:45:33,175 [INFO] PluginManage:359 - Loaded plugin thirdparty (category:base,tabindex:-1)
2024-02-19 22:45:33,176 [INFO] PluginManage:310 - Check plugin tools
2024-02-19 22:45:33,176 [INFO] ThirdPartyUpdaterWithRetryManager:70 - Updater plugin not ready yet. [1/15]
2024-02-19 22:45:33,179 [INFO] PluginManage:359 - Loaded plugin tools (category:base,tabindex:7)
2024-02-19 22:45:33,179 [INFO] PluginManage:310 - Check plugin tutovideos
2024-02-19 22:45:33,505 [INFO] PluginManage:359 - Loaded plugin tutovideos (category:base,tabindex:-1)
2024-02-19 22:45:33,505 [INFO] PluginManage:310 - Check plugin updater
2024-02-19 22:45:33,527 [INFO] PluginManage:359 - Loaded plugin updater (category:base,tabindex:12)
2024-02-19 22:45:33,527 [INFO] PluginManage:310 - Check plugin userauth
2024-02-19 22:45:33,537 [INFO] UserAuth:114 - Init User Auth plugin
2024-02-19 22:45:33,537 [INFO] PluginManage:359 - Loaded plugin userauth (category:base,tabindex:14)
2024-02-19 22:45:33,538 [INFO] PluginManage:283 - PluginManage : Loaded plugins [17]
2024-02-19 22:45:33,885 [INFO] PinOutPanel:1499 - setPackage(No Configuration,No Configuration)
2024-02-19 22:45:33,988 [INFO] CADModel:165 - CPN selected for project level
2024-02-19 22:45:33,988 [INFO] CADModel:114 - Register for checkConnection events
2024-02-19 22:45:34,010 [INFO] IPUIPlugin:80 - create IPUIPlugin
2024-02-19 22:45:34,010 [INFO] PluginManager:220 - loadIPPluginJar : add usart
2024-02-19 22:45:34,016 [INFO] IPUIPlugin:80 - create IPUIPlugin
2024-02-19 22:45:34,017 [INFO] PluginManager:220 - loadIPPluginJar : add opamp
2024-02-19 22:45:34,026 [INFO] IPUIPlugin:80 - create IPUIPlugin
2024-02-19 22:45:34,029 [INFO] PluginManager:220 - loadIPPluginJar : add plateformsettings
2024-02-19 22:45:34,031 [INFO] IPUIPlugin:80 - create IPUIPlugin
2024-02-19 22:45:34,031 [INFO] PluginManager:220 - loadIPPluginJar : add tim
2024-02-19 22:45:34,038 [INFO] IPUIPlugin:80 - create IPUIPlugin
2024-02-19 22:45:34,038 [INFO] PluginManager:220 - loadIPPluginJar : add spi
2024-02-19 22:45:34,052 [INFO] IPUIPlugin:80 - create IPUIPlugin
2024-02-19 22:45:34,054 [INFO] PluginManager:220 - loadIPPluginJar : add gic
2024-02-19 22:45:34,061 [INFO] IPUIPlugin:80 - create IPUIPlugin
2024-02-19 22:45:34,061 [INFO] PluginManager:220 - loadIPPluginJar : add gpio
2024-02-19 22:45:34,073 [INFO] IPUIPlugin:80 - create IPUIPlugin
2024-02-19 22:45:34,074 [INFO] PluginManager:220 - loadIPPluginJar : add linkedlist
2024-02-19 22:45:34,076 [INFO] IPUIPlugin:80 - create IPUIPlugin
2024-02-19 22:45:34,077 [INFO] PluginManager:220 - loadIPPluginJar : add ltdc
2024-02-19 22:45:34,078 [INFO] IPUIPlugin:80 - create IPUIPlugin
2024-02-19 22:45:34,079 [INFO] PluginManager:220 - loadIPPluginJar : add fatfs
2024-02-19 22:45:34,081 [INFO] IPUIPlugin:80 - create IPUIPlugin
2024-02-19 22:45:34,081 [INFO] PluginManager:220 - loadIPPluginJar : add gfxmmu
2024-02-19 22:45:34,086 [INFO] IPUIPlugin:80 - create IPUIPlugin
2024-02-19 22:45:34,086 [INFO] PluginManager:220 - loadIPPluginJar : add dma3
2024-02-19 22:45:34,091 [INFO] IPUIPlugin:80 - create IPUIPlugin
2024-02-19 22:45:34,091 [INFO] PluginManager:220 - loadIPPluginJar : add resmgrutility
2024-02-19 22:45:34,098 [INFO] IPUIPlugin:80 - create IPUIPlugin
2024-02-19 22:45:34,098 [INFO] PluginManager:220 - loadIPPluginJar : add freertos
2024-02-19 22:45:34,110 [INFO] IPUIPlugin:80 - create IPUIPlugin
2024-02-19 22:45:34,111 [INFO] PluginManager:220 - loadIPPluginJar : add mdma
2024-02-19 22:45:34,115 [INFO] IPUIPlugin:80 - create IPUIPlugin
2024-02-19 22:45:34,116 [INFO] PluginManager:220 - loadIPPluginJar : add nvic
2024-02-19 22:45:34,121 [INFO] IPUIPlugin:80 - create IPUIPlugin
2024-02-19 22:45:34,121 [INFO] PluginManager:220 - loadIPPluginJar : add touchsensing
2024-02-19 22:45:34,126 [INFO] IPUIPlugin:80 - create IPUIPlugin
2024-02-19 22:45:34,126 [INFO] PluginManager:220 - loadIPPluginJar : add usbx
2024-02-19 22:45:34,130 [INFO] IPUIPlugin:80 - create IPUIPlugin
2024-02-19 22:45:34,130 [INFO] PluginManager:220 - loadIPPluginJar : add ipddr
2024-02-19 22:45:34,132 [INFO] IPUIPlugin:80 - create IPUIPlugin
2024-02-19 22:45:34,132 [INFO] PluginManager:220 - loadIPPluginJar : add quadspi
2024-02-19 22:45:34,137 [INFO] IPUIPlugin:80 - create IPUIPlugin
2024-02-19 22:45:34,138 [INFO] PluginManager:220 - loadIPPluginJar : add gtzc
2024-02-19 22:45:34,142 [INFO] IPUIPlugin:80 - create IPUIPlugin
2024-02-19 22:45:34,142 [INFO] PluginManager:220 - loadIPPluginJar : add aes
2024-02-19 22:45:34,149 [INFO] IPUIPlugin:80 - create IPUIPlugin
2024-02-19 22:45:34,149 [INFO] PluginManager:220 - loadIPPluginJar : add dma
2024-02-19 22:45:34,151 [INFO] IPUIPlugin:80 - create IPUIPlugin
2024-02-19 22:45:34,152 [INFO] PluginManager:220 - loadIPPluginJar : add tracer_emb
2024-02-19 22:45:34,156 [INFO] IPUIPlugin:80 - create IPUIPlugin
2024-02-19 22:45:34,157 [INFO] PluginManager:220 - loadIPPluginJar : add hash
2024-02-19 22:45:34,161 [INFO] IPUIPlugin:80 - create IPUIPlugin
2024-02-19 22:45:34,161 [INFO] PluginManager:220 - loadIPPluginJar : add pdm2pcm
2024-02-19 22:45:34,163 [INFO] IPUIPlugin:80 - create IPUIPlugin
2024-02-19 22:45:34,164 [INFO] PluginManager:220 - loadIPPluginJar : add ucpd
2024-02-19 22:45:34,167 [INFO] IPUIPlugin:80 - create IPUIPlugin
2024-02-19 22:45:34,167 [INFO] PluginManager:220 - loadIPPluginJar : add sai
2024-02-19 22:45:34,171 [INFO] IPUIPlugin:80 - create IPUIPlugin
2024-02-19 22:45:34,172 [INFO] PluginManager:220 - loadIPPluginJar : add lorawan
2024-02-19 22:45:34,177 [INFO] IPUIPlugin:80 - create IPUIPlugin
2024-02-19 22:45:34,177 [INFO] PluginManager:220 - loadIPPluginJar : add comp
2024-02-19 22:45:34,179 [INFO] IPUIPlugin:80 - create IPUIPlugin
2024-02-19 22:45:34,179 [INFO] PluginManager:220 - loadIPPluginJar : add tsc
2024-02-19 22:45:34,189 [INFO] IPUIPlugin:80 - create IPUIPlugin
2024-02-19 22:45:34,189 [INFO] PluginManager:220 - loadIPPluginJar : add stm32_wpan
2024-02-19 22:45:34,193 [INFO] IPUIPlugin:80 - create IPUIPlugin
2024-02-19 22:45:34,193 [INFO] PluginManager:220 - loadIPPluginJar : add dfsdm
2024-02-19 22:45:34,195 [INFO] IPUIPlugin:80 - create IPUIPlugin
2024-02-19 22:45:34,195 [INFO] PluginManager:220 - loadIPPluginJar : add ts
2024-02-19 22:45:34,201 [INFO] IPUIPlugin:80 - create IPUIPlugin
2024-02-19 22:45:34,201 [INFO] PluginManager:220 - loadIPPluginJar : add fmc
2024-02-19 22:45:34,207 [INFO] IPUIPlugin:80 - create IPUIPlugin
2024-02-19 22:45:34,207 [INFO] PluginManager:220 - loadIPPluginJar : add i2s
2024-02-19 22:45:34,211 [INFO] IPUIPlugin:80 - create IPUIPlugin
2024-02-19 22:45:34,211 [INFO] PluginManager:220 - loadIPPluginJar : add i3c
2024-02-19 22:45:34,215 [INFO] IPUIPlugin:80 - create IPUIPlugin
2024-02-19 22:45:34,215 [INFO] PluginManager:220 - loadIPPluginJar : add i2c
2024-02-19 22:45:34,219 [INFO] IPUIPlugin:80 - create IPUIPlugin
2024-02-19 22:45:34,219 [INFO] PluginManager:220 - loadIPPluginJar : add can
2024-02-19 22:45:34,225 [INFO] IPUIPlugin:80 - create IPUIPlugin
2024-02-19 22:45:34,225 [INFO] PluginManager:220 - loadIPPluginJar : add cryp
2024-02-19 22:45:34,235 [INFO] IPUIPlugin:80 - create IPUIPlugin
2024-02-19 22:45:34,235 [INFO] PluginManager:220 - loadIPPluginJar : add adc
2024-02-19 22:45:34,239 [INFO] IPUIPlugin:80 - create IPUIPlugin
2024-02-19 22:45:34,239 [INFO] PluginManager:220 - loadIPPluginJar : add genericplugin
2024-02-19 22:45:34,243 [INFO] IPUIPlugin:80 - create IPUIPlugin
2024-02-19 22:45:34,243 [INFO] PluginManager:220 - loadIPPluginJar : add openamp
2024-02-19 22:45:34,375 [INFO] CADModel:165 - CPN selected for project level
2024-02-19 22:45:34,375 [INFO] CADModel:114 - Register for checkConnection events
2024-02-19 22:45:34,375 [FATAL] Updater:308 - Updater called before beeing initialized
2024-02-19 22:45:34,376 [ERROR] CADModel:125 - Updater not yet initialized, retry later 
2024-02-19 22:45:34,661 [INFO] CADModel:165 - CPN selected for project level
2024-02-19 22:45:34,661 [INFO] CADModel:114 - Register for checkConnection events
2024-02-19 22:45:34,661 [FATAL] Updater:308 - Updater called before beeing initialized
2024-02-19 22:45:34,661 [ERROR] CADModel:125 - Updater not yet initialized, retry later 
2024-02-19 22:45:34,668 [FATAL] Updater:308 - Updater called before beeing initialized
2024-02-19 22:45:34,824 [FATAL] Updater:308 - Updater called before beeing initialized
2024-02-19 22:45:34,829 [INFO] DbMcusAds:53 - JSON generation date=Wed Nov 29 16:22:27 IST 2023 (1701255147349)
2024-02-19 22:45:34,829 [FATAL] Updater:308 - Updater called before beeing initialized
2024-02-19 22:45:34,880 [WARN] DetailPanel:346 - Failed to get advertising image, set to default
2024-02-19 22:45:35,001 [FATAL] Updater:308 - Updater called before beeing initialized
2024-02-19 22:45:35,004 [FATAL] Updater:308 - Updater called before beeing initialized
2024-02-19 22:45:35,004 [FATAL] Updater:308 - Updater called before beeing initialized
2024-02-19 22:45:35,004 [WARN] DetailPanel:346 - Failed to get advertising image, set to default
2024-02-19 22:45:35,006 [FATAL] Updater:308 - Updater called before beeing initialized
2024-02-19 22:45:35,063 [ERROR] Updater:1120 - MainUpdater not yet initialized. External WinMGr cannot be set.
2024-02-19 22:45:35,066 [INFO] Updater:1056 - Updater Version found : 6.10.0
2024-02-19 22:45:35,099 [INFO] ApplicationProperties:184 - Using Application install path: /opt/st/stm32cubeide_1.14.0/plugins/com.st.stm32cube.common.mx_6.10.0.202311202037
2024-02-19 22:45:35,553 [INFO] MainUpdater:2873 - connection check result : 10
2024-02-19 22:45:35,554 [INFO] MainUpdater:3567 - Updater definition file requires update
2024-02-19 22:45:35,555 [INFO] MainUpdater:290 - Updater Check For Update Now.
2024-02-19 22:45:35,555 [INFO] MicroXplorer:498 - Change Database Version : DB.6.0.100
2024-02-19 22:45:35,562 [INFO] McuFinderGlobals:63 - Set McuFinder mode to 2 (CubeIDE integrated)
2024-02-19 22:45:35,563 [INFO] UserAuth:180 - activating auth plugin
2024-02-19 22:45:35,567 [INFO] UserAuth:404 - Internet connection configuration mode: 1
2024-02-19 22:45:35,592 [INFO] JxBrowserEngine:152 - Initiate JxBrowser Engine with user profile folder
2024-02-19 22:45:36,178 [WARN] MainUpdater:1194 - Updater busy. Cannot search thirdparties
2024-02-19 22:45:36,179 [INFO] ThirdPartyUpdaterWithRetryManager:96 - Updater plugin is busy. [1/15]
2024-02-19 22:45:37,415 [INFO] ServerAccessManage:473 - Download File updaters.zip
2024-02-19 22:45:37,551 [INFO] WebApp:161 - Instantiating new browser for Auth
2024-02-19 22:45:37,553 [INFO] FileExtend:240 - Unzip File : updaters.zip
2024-02-19 22:45:37,553 [INFO] FileExtend:255 - Standard Zip Deflate
2024-02-19 22:45:37,899 [INFO] ServerAccessManage:473 - Download File PacksControlFlags.xml
2024-02-19 22:45:38,834 [INFO] ServerAccessManage:473 - Download File cubemx.pidx
2024-02-19 22:45:39,044 [INFO] LoadServerUpdatesThread:375 - End of LoadServerUpdate Thread
2024-02-19 22:45:39,180 [WARN] MainUpdater:1194 - Updater busy. Cannot search thirdparties
2024-02-19 22:45:39,180 [INFO] ThirdPartyUpdaterWithRetryManager:96 - Updater plugin is busy. [2/15]
2024-02-19 22:45:39,204 [INFO] WebApp:780 - Register for checkConnection events
2024-02-19 22:45:39,204 [INFO] WebApp:414 - Apply proxy settings
2024-02-19 22:45:39,204 [INFO] WebApp:499 - Chromium requires no authentication
2024-02-19 22:45:39,218 [INFO] WebApp:442 - Direct internet connection detected
2024-02-19 22:45:39,296 [INFO] CheckServerUpdateThread:120 - End of CheckServer Thread
2024-02-19 22:45:39,500 [INFO] WebApp:192 - Starting web application
2024-02-19 22:45:39,501 [INFO] WebApp:544 - Web application path used /opt/st/stm32cubeide_1.14.0/plugins/com.st.stm32cube.common.mx_6.10.0.202311202037/db/plugins/mcufinder/reactClient1/index.html
2024-02-19 22:45:42,425 [WARN] PackLoader:240 - Cannot read IP mode file for STMicroelectronics.FP-SNS-MOTENV1.4.3.2
2024-02-19 22:45:42,438 [WARN] PackLoader:240 - Cannot read IP mode file for STMicroelectronics.FP-SNS-FLIGHT1.5.0.2
2024-02-19 22:45:42,447 [WARN] PackLoader:240 - Cannot read IP mode file for STMicroelectronics.FP-SNS-SMARTAG2.1.2.0
2024-02-19 22:45:42,457 [WARN] PackLoader:240 - Cannot read IP mode file for STMicroelectronics.FP-ATR-SIGFOX1.3.2.0
2024-02-19 22:45:42,464 [WARN] PackLoader:240 - Cannot read IP mode file for STMicroelectronics.X-CUBE-AI.8.1.0
2024-02-19 22:45:42,474 [WARN] PackLoader:240 - Cannot read IP mode file for STMicroelectronics.FP-ATR-ASTRA1.2.0.0
2024-02-19 22:45:42,477 [INFO] ThirdParty:978 - Integrity check success = true
2024-02-19 22:45:42,477 [INFO] IntegrityCheckThread:100 - exiting critical section [integrity check]
2024-02-19 22:45:42,477 [INFO] IntegrityCheckThread:103 - End integrity checks thread
2024-02-19 22:46:00,480 [ERROR] LogOutputStream:75 - [STDERR_REDIRECT] SLF4J: Failed to load class "org.slf4j.impl.StaticLoggerBinder".
2024-02-19 22:46:00,482 [ERROR] LogOutputStream:75 - [STDERR_REDIRECT] SLF4J: Defaulting to no-operation (NOP) logger implementation
2024-02-19 22:46:00,482 [ERROR] LogOutputStream:75 - [STDERR_REDIRECT] SLF4J: See http://www.slf4j.org/codes.html#StaticLoggerBinder for further details.
