2024-02-09 10:21:17,865 [INFO] Activator:176 - 


2024-02-09 10:21:17,877 [INFO] Activator:177 - !SESSION log4j initialized
2024-02-09 10:21:26,002 [INFO] LogOutputStream:77 - [STDOUT_REDIRECT] 
2024-02-09 10:21:27,727 [INFO] ApplicationProperties:184 - Using Application install path: /opt/st/stm32cubeide_1.14.0/plugins/com.st.stm32cube.common.mx_6.10.0.202311202037
2024-02-09 10:21:27,751 [INFO] DbMcusXml:78 - Set database path to: /opt/st/stm32cubeide_1.14.0/plugins/com.st.stm32cube.common.mx_6.10.0.202311202037//db//mcu/
2024-02-09 10:21:27,752 [INFO] ApiDb:274 - Set plugin database path to: /opt/st/stm32cubeide_1.14.0/plugins/com.st.stm32cube.common.mx_6.10.0.202311202037//db//plugins/boardmanager/
2024-02-09 10:21:27,752 [WARN] ApiDb:259 - Overriding images path with different value:  => /opt/st/stm32cubeide_1.14.0/plugins/com.st.stm32cube.common.mx_6.10.0.202311202037//db//plugins/mcufinder/images/
2024-02-09 10:21:27,762 [INFO] ApiDb:250 - Set database path to: /home/mirafra/.stmcufinder/plugins/mcufinder//mcu/
2024-02-09 10:21:27,764 [INFO] DbMcusAds:125 - Set database path to: /home/mirafra/.stmcufinder/plugins/mcufinder//mcu/
2024-02-09 10:21:27,766 [INFO] CrossReferenceDbSqlite:203 - Set database path to: /home/mirafra/.stmcufinder/plugins/mcufinder//mcu/cs/
2024-02-09 10:21:27,951 [INFO] RulesReader:64 - Compatibility file has been processed (297 Rules)
2024-02-09 10:21:28,061 [INFO] DbMcusXml:78 - Set database path to: /opt/st/stm32cubeide_1.14.0/plugins/com.st.stm32cube.common.mx_6.10.0.202311202037//db//mcu/
2024-02-09 10:21:28,061 [INFO] ApiDb:274 - Set plugin database path to: /opt/st/stm32cubeide_1.14.0/plugins/com.st.stm32cube.common.mx_6.10.0.202311202037//db//plugins/boardmanager/
2024-02-09 10:21:28,061 [INFO] ApiDb:261 - Set plugin images path to: /opt/st/stm32cubeide_1.14.0/plugins/com.st.stm32cube.common.mx_6.10.0.202311202037//db//plugins/mcufinder/images/
2024-02-09 10:21:28,062 [WARN] DbFile:41 - Overriding database path with different value: /home/mirafra/.stmcufinder/plugins/mcufinder/ => /home/mirafra/.stmcufinder/plugins/mcufinder
2024-02-09 10:21:28,062 [INFO] ApiDb:250 - Set database path to: /home/mirafra/.stmcufinder/plugins/mcufinder//mcu/
2024-02-09 10:21:28,062 [WARN] DbFile:41 - Overriding database path with different value: /home/mirafra/.stmcufinder/plugins/mcufinder/ => /home/mirafra/.stmcufinder/plugins/mcufinder
2024-02-09 10:21:28,062 [INFO] DbMcusAds:125 - Set database path to: /home/mirafra/.stmcufinder/plugins/mcufinder//mcu/
2024-02-09 10:21:28,062 [WARN] DbFile:41 - Overriding database path with different value: /home/mirafra/.stmcufinder/plugins/mcufinder/ => /home/mirafra/.stmcufinder/plugins/mcufinder
2024-02-09 10:21:28,062 [WARN] DbFile:41 - Overriding database path with different value: /home/mirafra/.stmcufinder/plugins/mcufinder/ => /home/mirafra/.stmcufinder/plugins/mcufinder
2024-02-09 10:21:28,063 [INFO] CrossReferenceDbSqlite:203 - Set database path to: /home/mirafra/.stmcufinder/plugins/mcufinder//mcu/cs/
2024-02-09 10:21:28,161 [INFO] MainPanel:264 - HeapMemory: 268435456
2024-02-09 10:21:28,301 [INFO] DbMcusXml:78 - Set database path to: /opt/st/stm32cubeide_1.14.0/plugins/com.st.stm32cube.common.mx_6.10.0.202311202037//db//mcu/
2024-02-09 10:21:28,301 [INFO] ApiDb:274 - Set plugin database path to: /opt/st/stm32cubeide_1.14.0/plugins/com.st.stm32cube.common.mx_6.10.0.202311202037//db//plugins/boardmanager/
2024-02-09 10:21:28,301 [INFO] ApiDb:261 - Set plugin images path to: /opt/st/stm32cubeide_1.14.0/plugins/com.st.stm32cube.common.mx_6.10.0.202311202037//db//plugins/mcufinder/images/
2024-02-09 10:21:28,302 [WARN] DbFile:41 - Overriding database path with different value: /home/mirafra/.stmcufinder/plugins/mcufinder/ => /home/mirafra/.stmcufinder/plugins/mcufinder
2024-02-09 10:21:28,302 [INFO] ApiDb:250 - Set database path to: /home/mirafra/.stmcufinder/plugins/mcufinder//mcu/
2024-02-09 10:21:28,303 [WARN] DbFile:41 - Overriding database path with different value: /home/mirafra/.stmcufinder/plugins/mcufinder/ => /home/mirafra/.stmcufinder/plugins/mcufinder
2024-02-09 10:21:28,303 [INFO] DbMcusAds:125 - Set database path to: /home/mirafra/.stmcufinder/plugins/mcufinder//mcu/
2024-02-09 10:21:28,303 [WARN] DbFile:41 - Overriding database path with different value: /home/mirafra/.stmcufinder/plugins/mcufinder/ => /home/mirafra/.stmcufinder/plugins/mcufinder
2024-02-09 10:21:28,303 [WARN] DbFile:41 - Overriding database path with different value: /home/mirafra/.stmcufinder/plugins/mcufinder/ => /home/mirafra/.stmcufinder/plugins/mcufinder
2024-02-09 10:21:28,303 [INFO] CrossReferenceDbSqlite:203 - Set database path to: /home/mirafra/.stmcufinder/plugins/mcufinder//mcu/cs/
2024-02-09 10:21:28,332 [INFO] ApplicationProperties:184 - Using Application install path: /opt/st/stm32cubeide_1.14.0/plugins/com.st.stm32cube.common.mx_6.10.0.202311202037
2024-02-09 10:21:28,335 [INFO] PluginManage:196 - Search for loadable plugins [exclusion list=, ]
2024-02-09 10:21:28,339 [INFO] PluginManage:310 - Check plugin analytics
2024-02-09 10:21:28,642 [INFO] AnalyticsPlugin:253 - Accepted Software Licenses: 
2024-02-09 10:21:28,643 [INFO] AnalyticsPlugin:255 - Accepted CMSIS Pack Licenses: 
2024-02-09 10:21:28,643 [INFO] AnalyticsPlugin:257 - Accepted Firmware Licenses: 
2024-02-09 10:21:28,647 [INFO] PluginManage:359 - Loaded plugin analytics (category:tool,tabindex:-1)
2024-02-09 10:21:28,648 [INFO] PluginManage:310 - Check plugin cadmodel
2024-02-09 10:21:28,686 [INFO] CADModel:105 - Init CAD model plugin
2024-02-09 10:21:28,687 [INFO] PluginManage:359 - Loaded plugin cadmodel (category:power,tabindex:5)
2024-02-09 10:21:28,687 [INFO] PluginManage:310 - Check plugin clock
2024-02-09 10:21:28,704 [INFO] PluginManage:359 - Loaded plugin clock (category:base,tabindex:2)
2024-02-09 10:21:28,704 [INFO] PluginManage:310 - Check plugin ddr
2024-02-09 10:21:28,710 [INFO] PluginManage:359 - Loaded plugin ddr (category:tool,tabindex:6)
2024-02-09 10:21:28,710 [INFO] PluginManage:310 - Check plugin filemanager
2024-02-09 10:21:28,964 [INFO] PluginManage:359 - Loaded plugin filemanager (category:base,tabindex:10)
2024-02-09 10:21:28,964 [INFO] PluginManage:310 - Check plugin ipmanager
2024-02-09 10:21:28,974 [INFO] PluginManage:359 - Loaded plugin ipmanager (category:base,tabindex:5)
2024-02-09 10:21:28,974 [INFO] PluginManage:310 - Check plugin lpbam
2024-02-09 10:21:28,989 [INFO] PluginManage:359 - Loaded plugin lpbam (category:base,tabindex:0)
2024-02-09 10:21:28,989 [INFO] PluginManage:310 - Check plugin memorymap
2024-02-09 10:21:29,007 [INFO] PluginManage:359 - Loaded plugin memorymap (category:base,tabindex:4)
2024-02-09 10:21:29,007 [INFO] PluginManage:310 - Check plugin pinoutandconfiguration
2024-02-09 10:21:29,018 [INFO] PluginManage:359 - Loaded plugin pinoutandconfiguration (category:base,tabindex:1)
2024-02-09 10:21:29,018 [INFO] PluginManage:310 - Check plugin pinoutconfig
2024-02-09 10:21:29,153 [WARN] SupportedApi:132 - Cannot load RTOS API schema: s4s-elt-must-match.1: The content of 'definitions' must match (annotation?, (simpleType | complexType)?, (unique | key | keyref)*)). A problem was found starting at: attribute.
2024-02-09 10:21:29,414 [INFO] PluginManage:359 - Loaded plugin pinoutconfig (category:base,tabindex:0)
2024-02-09 10:21:29,414 [INFO] PluginManage:310 - Check plugin power
2024-02-09 10:21:29,433 [INFO] PluginManage:359 - Loaded plugin power (category:power,tabindex:4)
2024-02-09 10:21:29,433 [INFO] PluginManage:310 - Check plugin projectmanager
2024-02-09 10:21:29,460 [INFO] PluginManage:359 - Loaded plugin projectmanager (category:projectmanager,tabindex:3)
2024-02-09 10:21:29,460 [INFO] PluginManage:310 - Check plugin thirdparty
2024-02-09 10:21:29,674 [INFO] PluginManage:359 - Loaded plugin thirdparty (category:base,tabindex:-1)
2024-02-09 10:21:29,675 [INFO] PluginManage:310 - Check plugin tools
2024-02-09 10:21:29,674 [WARN] IntegrityCheckThread:84 - waiting for thirdparty lock release [integrity check]
2024-02-09 10:21:29,675 [INFO] IntegrityCheckThread:86 - entering critical section [integrity check]
2024-02-09 10:21:29,676 [INFO] ThirdPartyUpdaterWithRetryManager:70 - Updater plugin not ready yet. [1/15]
2024-02-09 10:21:29,680 [INFO] PluginManage:359 - Loaded plugin tools (category:base,tabindex:7)
2024-02-09 10:21:29,680 [INFO] PluginManage:310 - Check plugin tutovideos
2024-02-09 10:21:30,062 [INFO] PluginManage:359 - Loaded plugin tutovideos (category:base,tabindex:-1)
2024-02-09 10:21:30,063 [INFO] PluginManage:310 - Check plugin updater
2024-02-09 10:21:30,098 [INFO] PluginManage:359 - Loaded plugin updater (category:base,tabindex:12)
2024-02-09 10:21:30,099 [INFO] PluginManage:310 - Check plugin userauth
2024-02-09 10:21:30,113 [INFO] UserAuth:114 - Init User Auth plugin
2024-02-09 10:21:30,113 [INFO] PluginManage:359 - Loaded plugin userauth (category:base,tabindex:14)
2024-02-09 10:21:30,114 [INFO] PluginManage:283 - PluginManage : Loaded plugins [17]
2024-02-09 10:21:30,516 [INFO] PinOutPanel:1499 - setPackage(No Configuration,No Configuration)
2024-02-09 10:21:30,627 [INFO] CADModel:165 - CPN selected for project level
2024-02-09 10:21:30,627 [INFO] CADModel:114 - Register for checkConnection events
2024-02-09 10:21:30,647 [INFO] IPUIPlugin:80 - create IPUIPlugin
2024-02-09 10:21:30,647 [INFO] PluginManager:220 - loadIPPluginJar : add usart
2024-02-09 10:21:30,653 [INFO] IPUIPlugin:80 - create IPUIPlugin
2024-02-09 10:21:30,653 [INFO] PluginManager:220 - loadIPPluginJar : add opamp
2024-02-09 10:21:30,661 [INFO] IPUIPlugin:80 - create IPUIPlugin
2024-02-09 10:21:30,664 [INFO] PluginManager:220 - loadIPPluginJar : add plateformsettings
2024-02-09 10:21:30,666 [INFO] IPUIPlugin:80 - create IPUIPlugin
2024-02-09 10:21:30,666 [INFO] PluginManager:220 - loadIPPluginJar : add tim
2024-02-09 10:21:30,669 [INFO] IPUIPlugin:80 - create IPUIPlugin
2024-02-09 10:21:30,669 [INFO] PluginManager:220 - loadIPPluginJar : add spi
2024-02-09 10:21:30,676 [INFO] IPUIPlugin:80 - create IPUIPlugin
2024-02-09 10:21:30,677 [INFO] PluginManager:220 - loadIPPluginJar : add gic
2024-02-09 10:21:30,683 [INFO] IPUIPlugin:80 - create IPUIPlugin
2024-02-09 10:21:30,683 [INFO] PluginManager:220 - loadIPPluginJar : add gpio
2024-02-09 10:21:30,692 [INFO] IPUIPlugin:80 - create IPUIPlugin
2024-02-09 10:21:30,693 [INFO] PluginManager:220 - loadIPPluginJar : add linkedlist
2024-02-09 10:21:30,695 [INFO] IPUIPlugin:80 - create IPUIPlugin
2024-02-09 10:21:30,695 [INFO] PluginManager:220 - loadIPPluginJar : add ltdc
2024-02-09 10:21:30,697 [INFO] IPUIPlugin:80 - create IPUIPlugin
2024-02-09 10:21:30,697 [INFO] PluginManager:220 - loadIPPluginJar : add fatfs
2024-02-09 10:21:30,700 [INFO] IPUIPlugin:80 - create IPUIPlugin
2024-02-09 10:21:30,701 [INFO] PluginManager:220 - loadIPPluginJar : add gfxmmu
2024-02-09 10:21:30,705 [INFO] IPUIPlugin:80 - create IPUIPlugin
2024-02-09 10:21:30,705 [INFO] PluginManager:220 - loadIPPluginJar : add dma3
2024-02-09 10:21:30,711 [INFO] IPUIPlugin:80 - create IPUIPlugin
2024-02-09 10:21:30,711 [INFO] PluginManager:220 - loadIPPluginJar : add resmgrutility
2024-02-09 10:21:30,721 [INFO] IPUIPlugin:80 - create IPUIPlugin
2024-02-09 10:21:30,721 [INFO] PluginManager:220 - loadIPPluginJar : add freertos
2024-02-09 10:21:30,732 [INFO] IPUIPlugin:80 - create IPUIPlugin
2024-02-09 10:21:30,732 [INFO] PluginManager:220 - loadIPPluginJar : add mdma
2024-02-09 10:21:30,737 [INFO] IPUIPlugin:80 - create IPUIPlugin
2024-02-09 10:21:30,737 [INFO] PluginManager:220 - loadIPPluginJar : add nvic
2024-02-09 10:21:30,741 [INFO] IPUIPlugin:80 - create IPUIPlugin
2024-02-09 10:21:30,742 [INFO] PluginManager:220 - loadIPPluginJar : add touchsensing
2024-02-09 10:21:30,745 [INFO] IPUIPlugin:80 - create IPUIPlugin
2024-02-09 10:21:30,746 [INFO] PluginManager:220 - loadIPPluginJar : add usbx
2024-02-09 10:21:30,749 [INFO] IPUIPlugin:80 - create IPUIPlugin
2024-02-09 10:21:30,749 [INFO] PluginManager:220 - loadIPPluginJar : add ipddr
2024-02-09 10:21:30,751 [INFO] IPUIPlugin:80 - create IPUIPlugin
2024-02-09 10:21:30,751 [INFO] PluginManager:220 - loadIPPluginJar : add quadspi
2024-02-09 10:21:30,754 [INFO] IPUIPlugin:80 - create IPUIPlugin
2024-02-09 10:21:30,755 [INFO] PluginManager:220 - loadIPPluginJar : add gtzc
2024-02-09 10:21:30,757 [INFO] IPUIPlugin:80 - create IPUIPlugin
2024-02-09 10:21:30,758 [INFO] PluginManager:220 - loadIPPluginJar : add aes
2024-02-09 10:21:30,763 [INFO] IPUIPlugin:80 - create IPUIPlugin
2024-02-09 10:21:30,764 [INFO] PluginManager:220 - loadIPPluginJar : add dma
2024-02-09 10:21:30,766 [INFO] IPUIPlugin:80 - create IPUIPlugin
2024-02-09 10:21:30,766 [INFO] PluginManager:220 - loadIPPluginJar : add tracer_emb
2024-02-09 10:21:30,768 [INFO] IPUIPlugin:80 - create IPUIPlugin
2024-02-09 10:21:30,769 [INFO] PluginManager:220 - loadIPPluginJar : add hash
2024-02-09 10:21:30,773 [INFO] IPUIPlugin:80 - create IPUIPlugin
2024-02-09 10:21:30,773 [INFO] PluginManager:220 - loadIPPluginJar : add pdm2pcm
2024-02-09 10:21:30,776 [INFO] IPUIPlugin:80 - create IPUIPlugin
2024-02-09 10:21:30,776 [INFO] PluginManager:220 - loadIPPluginJar : add ucpd
2024-02-09 10:21:30,780 [INFO] IPUIPlugin:80 - create IPUIPlugin
2024-02-09 10:21:30,781 [INFO] PluginManager:220 - loadIPPluginJar : add sai
2024-02-09 10:21:30,783 [INFO] IPUIPlugin:80 - create IPUIPlugin
2024-02-09 10:21:30,783 [INFO] PluginManager:220 - loadIPPluginJar : add lorawan
2024-02-09 10:21:30,785 [INFO] IPUIPlugin:80 - create IPUIPlugin
2024-02-09 10:21:30,785 [INFO] PluginManager:220 - loadIPPluginJar : add comp
2024-02-09 10:21:30,786 [INFO] IPUIPlugin:80 - create IPUIPlugin
2024-02-09 10:21:30,787 [INFO] PluginManager:220 - loadIPPluginJar : add tsc
2024-02-09 10:21:30,793 [INFO] IPUIPlugin:80 - create IPUIPlugin
2024-02-09 10:21:30,793 [INFO] PluginManager:220 - loadIPPluginJar : add stm32_wpan
2024-02-09 10:21:30,796 [INFO] IPUIPlugin:80 - create IPUIPlugin
2024-02-09 10:21:30,796 [INFO] PluginManager:220 - loadIPPluginJar : add dfsdm
2024-02-09 10:21:30,799 [INFO] IPUIPlugin:80 - create IPUIPlugin
2024-02-09 10:21:30,799 [INFO] PluginManager:220 - loadIPPluginJar : add ts
2024-02-09 10:21:30,805 [INFO] IPUIPlugin:80 - create IPUIPlugin
2024-02-09 10:21:30,806 [INFO] PluginManager:220 - loadIPPluginJar : add fmc
2024-02-09 10:21:30,810 [INFO] IPUIPlugin:80 - create IPUIPlugin
2024-02-09 10:21:30,810 [INFO] PluginManager:220 - loadIPPluginJar : add i2s
2024-02-09 10:21:30,814 [INFO] IPUIPlugin:80 - create IPUIPlugin
2024-02-09 10:21:30,814 [INFO] PluginManager:220 - loadIPPluginJar : add i3c
2024-02-09 10:21:30,818 [INFO] IPUIPlugin:80 - create IPUIPlugin
2024-02-09 10:21:30,818 [INFO] PluginManager:220 - loadIPPluginJar : add i2c
2024-02-09 10:21:30,824 [INFO] IPUIPlugin:80 - create IPUIPlugin
2024-02-09 10:21:30,825 [INFO] PluginManager:220 - loadIPPluginJar : add can
2024-02-09 10:21:30,828 [INFO] IPUIPlugin:80 - create IPUIPlugin
2024-02-09 10:21:30,828 [INFO] PluginManager:220 - loadIPPluginJar : add cryp
2024-02-09 10:21:30,837 [INFO] IPUIPlugin:80 - create IPUIPlugin
2024-02-09 10:21:30,838 [INFO] PluginManager:220 - loadIPPluginJar : add adc
2024-02-09 10:21:30,840 [INFO] IPUIPlugin:80 - create IPUIPlugin
2024-02-09 10:21:30,840 [INFO] PluginManager:220 - loadIPPluginJar : add genericplugin
2024-02-09 10:21:30,844 [INFO] IPUIPlugin:80 - create IPUIPlugin
2024-02-09 10:21:30,845 [INFO] PluginManager:220 - loadIPPluginJar : add openamp
2024-02-09 10:21:30,989 [INFO] CADModel:165 - CPN selected for project level
2024-02-09 10:21:30,990 [INFO] CADModel:114 - Register for checkConnection events
2024-02-09 10:21:30,991 [FATAL] Updater:308 - Updater called before beeing initialized
2024-02-09 10:21:30,992 [ERROR] CADModel:125 - Updater not yet initialized, retry later 
2024-02-09 10:21:31,419 [INFO] CADModel:165 - CPN selected for project level
2024-02-09 10:21:31,419 [INFO] CADModel:114 - Register for checkConnection events
2024-02-09 10:21:31,420 [FATAL] Updater:308 - Updater called before beeing initialized
2024-02-09 10:21:31,420 [ERROR] CADModel:125 - Updater not yet initialized, retry later 
2024-02-09 10:21:31,429 [FATAL] Updater:308 - Updater called before beeing initialized
2024-02-09 10:21:31,624 [FATAL] Updater:308 - Updater called before beeing initialized
2024-02-09 10:21:31,631 [INFO] DbMcusAds:53 - JSON generation date=Wed Nov 29 16:22:27 IST 2023 (1701255147200)
2024-02-09 10:21:31,631 [FATAL] Updater:308 - Updater called before beeing initialized
2024-02-09 10:21:31,733 [WARN] DetailPanel:346 - Failed to get advertising image, set to default
2024-02-09 10:21:31,952 [FATAL] Updater:308 - Updater called before beeing initialized
2024-02-09 10:21:31,957 [FATAL] Updater:308 - Updater called before beeing initialized
2024-02-09 10:21:31,957 [FATAL] Updater:308 - Updater called before beeing initialized
2024-02-09 10:21:31,957 [WARN] DetailPanel:346 - Failed to get advertising image, set to default
2024-02-09 10:21:31,959 [FATAL] Updater:308 - Updater called before beeing initialized
2024-02-09 10:21:32,029 [ERROR] Updater:1120 - MainUpdater not yet initialized. External WinMGr cannot be set.
2024-02-09 10:21:32,035 [INFO] Updater:1056 - Updater Version found : 6.10.0
2024-02-09 10:21:32,075 [INFO] ApplicationProperties:184 - Using Application install path: /opt/st/stm32cubeide_1.14.0/plugins/com.st.stm32cube.common.mx_6.10.0.202311202037
2024-02-09 10:21:32,677 [INFO] ThirdPartyUpdaterWithRetryManager:70 - Updater plugin not ready yet. [2/15]
2024-02-09 10:21:32,959 [INFO] MainUpdater:2873 - connection check result : 10
2024-02-09 10:21:32,978 [INFO] MainUpdater:290 - Updater Check For Update Now.
2024-02-09 10:21:32,995 [INFO] MicroXplorer:498 - Change Database Version : DB.6.0.100
2024-02-09 10:21:33,016 [INFO] McuFinderGlobals:63 - Set McuFinder mode to 2 (CubeIDE integrated)
2024-02-09 10:21:33,017 [INFO] UserAuth:180 - activating auth plugin
2024-02-09 10:21:33,029 [INFO] UserAuth:404 - Internet connection configuration mode: 1
2024-02-09 10:21:33,079 [INFO] JxBrowserEngine:152 - Initiate JxBrowser Engine with user profile folder
2024-02-09 10:21:33,334 [INFO] CheckServerUpdateThread:120 - End of CheckServer Thread
2024-02-09 10:21:34,840 [INFO] WebApp:161 - Instantiating new browser for Auth
2024-02-09 10:21:35,934 [WARN] PackLoader:240 - Cannot read IP mode file for STMicroelectronics.FP-SNS-MOTENV1.4.3.2
2024-02-09 10:21:35,974 [WARN] PackLoader:240 - Cannot read IP mode file for STMicroelectronics.FP-SNS-FLIGHT1.5.0.2
2024-02-09 10:21:36,004 [WARN] PackLoader:240 - Cannot read IP mode file for STMicroelectronics.FP-SNS-SMARTAG2.1.2.0
2024-02-09 10:21:36,039 [WARN] PackLoader:240 - Cannot read IP mode file for STMicroelectronics.FP-ATR-SIGFOX1.3.2.0
2024-02-09 10:21:36,050 [WARN] PackLoader:240 - Cannot read IP mode file for STMicroelectronics.X-CUBE-AI.8.1.0
2024-02-09 10:21:36,073 [WARN] PackLoader:240 - Cannot read IP mode file for STMicroelectronics.FP-ATR-ASTRA1.2.0.0
2024-02-09 10:21:36,075 [INFO] ThirdParty:978 - Integrity check success = true
2024-02-09 10:21:36,075 [INFO] IntegrityCheckThread:100 - exiting critical section [integrity check]
2024-02-09 10:21:36,075 [INFO] IntegrityCheckThread:103 - End integrity checks thread
2024-02-09 10:21:36,224 [INFO] McuFinderGlobals:63 - Set McuFinder mode to 2 (CubeIDE integrated)
2024-02-09 10:21:36,237 [INFO] MainUpdater:2873 - connection check result : 10
2024-02-09 10:21:36,238 [INFO] MainUpdater:2873 - connection check result : 10
2024-02-09 10:21:36,320 [INFO] MicroXplorer:468 - Change Database Path : 
2024-02-09 10:21:36,320 [INFO] MicroXplorer:498 - Change Database Version : DB.6.0.100
2024-02-09 10:21:36,361 [WARN] ThirdParty:871 - waiting for thirdparty lock release [close project]
2024-02-09 10:21:36,362 [INFO] ThirdParty:873 - entering critical section [close project]
2024-02-09 10:21:36,363 [INFO] ThirdParty:883 - exiting critical section [close project]
2024-02-09 10:21:36,366 [INFO] PinOutPanel:1499 - setPackage(No Configuration,No Configuration)
2024-02-09 10:21:36,373 [INFO] UtilMem:75 - Begin LoadConfig() Used Memory: 188046496 Bytes (268435456)
2024-02-09 10:21:36,380 [INFO] MicroXplorer:468 - Change Database Path : 
2024-02-09 10:21:36,380 [INFO] MicroXplorer:498 - Change Database Version : DB.6.0.100
2024-02-09 10:21:36,381 [INFO] OpenFileManager:312 - Change cursor
2024-02-09 10:21:36,455 [INFO] Mcu:2016 - Initializing MCU STM32F401R(B-C)Tx STM32F401RBTx STM32F401RBT6
2024-02-09 10:21:36,755 [INFO] WebApp:780 - Register for checkConnection events
2024-02-09 10:21:36,755 [INFO] WebApp:414 - Apply proxy settings
2024-02-09 10:21:36,755 [INFO] WebApp:499 - Chromium requires no authentication
2024-02-09 10:21:36,769 [INFO] WebApp:442 - Direct internet connection detected
2024-02-09 10:21:37,161 [INFO] WebApp:192 - Starting web application
2024-02-09 10:21:37,161 [INFO] WebApp:544 - Web application path used /opt/st/stm32cubeide_1.14.0/plugins/com.st.stm32cube.common.mx_6.10.0.202311202037/db/plugins/mcufinder/reactClient1/index.html
2024-02-09 10:21:38,711 [INFO] Context:659 - Trying to add GPIOservice into a context  which must be forbidden
2024-02-09 10:21:39,428 [WARN] ModelIntegratedComponent:63 - No mode defined for component null
2024-02-09 10:21:39,428 [WARN] ModelIntegratedComponent:63 - No mode defined for component null
2024-02-09 10:21:39,429 [WARN] ModelIntegratedComponent:63 - No mode defined for component null
2024-02-09 10:21:39,429 [WARN] ModelIntegratedComponent:63 - No mode defined for component null
2024-02-09 10:21:39,429 [WARN] ModelIntegratedComponent:63 - No mode defined for component null
2024-02-09 10:21:39,429 [WARN] ModelIntegratedComponent:63 - No mode defined for component null
2024-02-09 10:21:39,429 [WARN] ModelIntegratedComponent:63 - No mode defined for component null
2024-02-09 10:21:39,429 [WARN] ModelIntegratedComponent:63 - No mode defined for component null
2024-02-09 10:21:39,429 [WARN] ModelIntegratedComponent:63 - No mode defined for component null
2024-02-09 10:21:39,430 [WARN] ModelIntegratedComponent:63 - No mode defined for component null
2024-02-09 10:21:39,430 [WARN] ModelIntegratedComponent:63 - No mode defined for component null
2024-02-09 10:21:39,430 [WARN] ModelIntegratedComponent:63 - No mode defined for component null
2024-02-09 10:21:39,430 [WARN] ModelIntegratedComponent:63 - No mode defined for component null
2024-02-09 10:21:39,430 [WARN] ModelIntegratedComponent:63 - No mode defined for component null
2024-02-09 10:21:39,430 [WARN] ModelIntegratedComponent:63 - No mode defined for component null
2024-02-09 10:21:39,430 [WARN] ModelIntegratedComponent:63 - No mode defined for component null
2024-02-09 10:21:39,431 [WARN] ModelIntegratedComponent:63 - No mode defined for component null
2024-02-09 10:21:39,431 [WARN] ModelIntegratedComponent:63 - No mode defined for component null
2024-02-09 10:21:39,431 [WARN] ModelIntegratedComponent:63 - No mode defined for component null
2024-02-09 10:21:39,431 [WARN] ModelIntegratedComponent:63 - No mode defined for component null
2024-02-09 10:21:39,431 [WARN] ModelIntegratedComponent:63 - No mode defined for component null
2024-02-09 10:21:39,431 [WARN] ModelIntegratedComponent:63 - No mode defined for component null
2024-02-09 10:21:39,432 [WARN] ModelIntegratedComponent:63 - No mode defined for component null
2024-02-09 10:21:39,432 [WARN] ModelIntegratedComponent:63 - No mode defined for component null
2024-02-09 10:21:39,432 [WARN] ModelIntegratedComponent:63 - No mode defined for component null
2024-02-09 10:21:39,432 [WARN] ModelIntegratedComponent:63 - No mode defined for component null
2024-02-09 10:21:39,432 [WARN] ModelIntegratedComponent:63 - No mode defined for component null
2024-02-09 10:21:39,432 [WARN] ModelIntegratedComponent:63 - No mode defined for component null
2024-02-09 10:21:39,433 [WARN] ModelIntegratedComponent:63 - No mode defined for component null
2024-02-09 10:21:39,433 [WARN] ModelIntegratedComponent:63 - No mode defined for component null
2024-02-09 10:21:39,433 [WARN] ModelIntegratedComponent:63 - No mode defined for component null
2024-02-09 10:21:39,433 [WARN] ModelIntegratedComponent:63 - No mode defined for component null
2024-02-09 10:21:39,433 [WARN] ModelIntegratedComponent:63 - No mode defined for component null
2024-02-09 10:21:39,442 [INFO] RtosManager:555 - Registered RTOS mode: class=CMSIS, group=RTOS, mode=CMSIS_V1, owner=FREERTOS
2024-02-09 10:21:39,442 [INFO] RtosManager:555 - Registered RTOS mode: class=CMSIS, group=RTOS2, mode=CMSIS_V2, owner=FREERTOS
2024-02-09 10:21:39,442 [INFO] RtosManager:555 - Registered RTOS mode: class=RTOS, group=Core, mode=CMSIS_V1, owner=FREERTOS
2024-02-09 10:21:39,442 [INFO] RtosManager:555 - Registered RTOS mode: class=RTOS, group=Core, mode=CMSIS_V2, owner=FREERTOS
2024-02-09 10:21:39,442 [WARN] ModelIntegratedComponent:184 - Missing modes for component STMicroelectronics:FreeRTOS:0.0.1:STMicroelectronics:RTOS:FreeRTOS:Core:::10.2.0:
2024-02-09 10:21:39,443 [WARN] ModelIntegratedComponent:182 - Modes not found for component STMicroelectronics:USB_DEVICE:1.0.0:STMicroelectronics:USB::USB Device:Audio HS::1.0:USB_DEVICE_1_0_RESTRICTED_HS
2024-02-09 10:21:39,443 [WARN] ModelIntegratedComponent:188 - Modes not found for component STMicroelectronics:USB_DEVICE:1.0.0:STMicroelectronics:USB::USB Device:Audio HS::1.0:USB_DEVICE_1_0_RESTRICTED_HS
2024-02-09 10:21:39,443 [WARN] ModelIntegratedComponent:182 - Modes not found for component STMicroelectronics:USB_DEVICE:1.0.0:STMicroelectronics:USB::USB Device:CDC HS::1.0:USB_DEVICE_1_0_RESTRICTED_HS
2024-02-09 10:21:39,443 [WARN] ModelIntegratedComponent:188 - Modes not found for component STMicroelectronics:USB_DEVICE:1.0.0:STMicroelectronics:USB::USB Device:CDC HS::1.0:USB_DEVICE_1_0_RESTRICTED_HS
2024-02-09 10:21:39,443 [WARN] ModelIntegratedComponent:182 - Modes not found for component STMicroelectronics:USB_DEVICE:1.0.0:STMicroelectronics:USB::USB Device:DFU HS::1.0:USB_DEVICE_1_0_RESTRICTED_HS
2024-02-09 10:21:39,443 [WARN] ModelIntegratedComponent:188 - Modes not found for component STMicroelectronics:USB_DEVICE:1.0.0:STMicroelectronics:USB::USB Device:DFU HS::1.0:USB_DEVICE_1_0_RESTRICTED_HS
2024-02-09 10:21:39,443 [WARN] ModelIntegratedComponent:182 - Modes not found for component STMicroelectronics:USB_DEVICE:1.0.0:STMicroelectronics:USB::USB Device:HID HS::1.0:USB_DEVICE_1_0_RESTRICTED_HS
2024-02-09 10:21:39,443 [WARN] ModelIntegratedComponent:188 - Modes not found for component STMicroelectronics:USB_DEVICE:1.0.0:STMicroelectronics:USB::USB Device:HID HS::1.0:USB_DEVICE_1_0_RESTRICTED_HS
2024-02-09 10:21:39,444 [WARN] ModelIntegratedComponent:182 - Modes not found for component STMicroelectronics:USB_DEVICE:1.0.0:STMicroelectronics:USB::USB Device:Custom HID HS::1.0:USB_DEVICE_1_0_RESTRICTED_HS
2024-02-09 10:21:39,444 [WARN] ModelIntegratedComponent:188 - Modes not found for component STMicroelectronics:USB_DEVICE:1.0.0:STMicroelectronics:USB::USB Device:Custom HID HS::1.0:USB_DEVICE_1_0_RESTRICTED_HS
2024-02-09 10:21:39,444 [WARN] ModelIntegratedComponent:182 - Modes not found for component STMicroelectronics:USB_DEVICE:1.0.0:STMicroelectronics:USB::USB Device:MSC HS::1.0:USB_DEVICE_1_0_RESTRICTED_HS
2024-02-09 10:21:39,444 [WARN] ModelIntegratedComponent:188 - Modes not found for component STMicroelectronics:USB_DEVICE:1.0.0:STMicroelectronics:USB::USB Device:MSC HS::1.0:USB_DEVICE_1_0_RESTRICTED_HS
2024-02-09 10:21:39,446 [WARN] ModelIntegratedComponent:182 - Modes not found for component STMicroelectronics:USB_HOST:1.0.0:STMicroelectronics:USB::USB Host:Audio HS::1.0:USB_HOST_1_0_RESTRICTED_HS
2024-02-09 10:21:39,446 [WARN] ModelIntegratedComponent:188 - Modes not found for component STMicroelectronics:USB_HOST:1.0.0:STMicroelectronics:USB::USB Host:Audio HS::1.0:USB_HOST_1_0_RESTRICTED_HS
2024-02-09 10:21:39,446 [WARN] ModelIntegratedComponent:182 - Modes not found for component STMicroelectronics:USB_HOST:1.0.0:STMicroelectronics:USB::USB Host:CDC HS::1.0:USB_HOST_1_0_RESTRICTED_HS
2024-02-09 10:21:39,446 [WARN] ModelIntegratedComponent:188 - Modes not found for component STMicroelectronics:USB_HOST:1.0.0:STMicroelectronics:USB::USB Host:CDC HS::1.0:USB_HOST_1_0_RESTRICTED_HS
2024-02-09 10:21:39,446 [WARN] ModelIntegratedComponent:182 - Modes not found for component STMicroelectronics:USB_HOST:1.0.0:STMicroelectronics:USB::USB Host:MSC HS::1.0:USB_HOST_1_0_RESTRICTED_HS
2024-02-09 10:21:39,446 [WARN] ModelIntegratedComponent:188 - Modes not found for component STMicroelectronics:USB_HOST:1.0.0:STMicroelectronics:USB::USB Host:MSC HS::1.0:USB_HOST_1_0_RESTRICTED_HS
2024-02-09 10:21:39,447 [WARN] ModelIntegratedComponent:182 - Modes not found for component STMicroelectronics:USB_HOST:1.0.0:STMicroelectronics:USB::USB Host:HID HS::1.0:USB_HOST_1_0_RESTRICTED_HS
2024-02-09 10:21:39,447 [WARN] ModelIntegratedComponent:188 - Modes not found for component STMicroelectronics:USB_HOST:1.0.0:STMicroelectronics:USB::USB Host:HID HS::1.0:USB_HOST_1_0_RESTRICTED_HS
2024-02-09 10:21:39,447 [WARN] ModelIntegratedComponent:182 - Modes not found for component STMicroelectronics:USB_HOST:1.0.0:STMicroelectronics:USB::USB Host:MTP HS::1.0:USB_HOST_1_0_RESTRICTED_HS
2024-02-09 10:21:39,447 [WARN] ModelIntegratedComponent:188 - Modes not found for component STMicroelectronics:USB_HOST:1.0.0:STMicroelectronics:USB::USB Host:MTP HS::1.0:USB_HOST_1_0_RESTRICTED_HS
2024-02-09 10:21:39,453 [INFO] ThirdPartyModel:298 - Start build external matchings
2024-02-09 10:21:39,461 [INFO] ThirdPartyModel:316 - End build external matchings
2024-02-09 10:21:39,758 [INFO] UtilMem:75 - End LoadConfig() Used Memory: 450467072 Bytes (631242752)
2024-02-09 10:21:39,945 [INFO] ApiDb:581 - Connected to CubeFinder SQLite database (/home/mirafra/.stmcufinder/plugins/mcufinder/mcu/cube-finder-db.db)
2024-02-09 10:21:40,103 [INFO] ApiDb:668 - CubeFinder database Data Model version=2.1
2024-02-09 10:21:40,104 [INFO] ApiDb:669 - CubeFinder database Configuration version=3.0.39
2024-02-09 10:21:40,104 [INFO] ApiDb:670 - CubeFinder database generation date=2024-01-11 (1704964531)
2024-02-09 10:21:40,104 [INFO] ApiDb:671 - CubeFinder database FW Pack versions=[FP-ATR-ASTRA1_V2.0.0, FP-SNS-FLIGHT1_V5.0.1, FP-SNS-FLIGHT1_V5.0.2, FP-SNS-MOTENV1_V4.3.1, FP-SNS-MOTENV1_V4.3.2, FP-SNS-MOTENVWB1_V1.3.1, FP-SNS-SMARTAG2_V1.2.0, STM32Cube_FW_C0_V1.1.0, STM32Cube_FW_F4_V1.28.0, STM32Cube_FW_F7_V1.17.0, STM32Cube_FW_G0_V1.6.2, STM32Cube_FW_G4_V1.5.2, STM32Cube_FW_H5_V0.5.1, STM32Cube_FW_H5_V1.1.1, STM32Cube_FW_H5_V1.2.0RC2, STM32Cube_FW_H7_V1.11.0, STM32Cube_FW_L0_V1.12.2, STM32Cube_FW_L5_V1.5.0, STM32Cube_FW_U5_V1.3.0RC4, STM32Cube_FW_U5_V1.4.0, STM32Cube_FW_WBA_V1.0.0RC1, STM32Cube_FW_WBA_V1.1.0RC1, STM32Cube_FW_WBA_V1.2.0, STM32Cube_FW_WBA_V1.2.0RC2, STM32Cube_FW_WB_V1.15.0RC1, STM32Cube_FW_WB_V1.16.0, STM32Cube_FW_WB_V1.16.0RC2, STM32Cube_FW_WB_V1.18.0, STM32Cube_FW_WL_V1.3.0, X-CUBE-ALGOBUILD_V1.3.0, X-CUBE-ALS_V1.0.1, X-CUBE-AZRTOS-F4_V1.1.0, X-CUBE-AZRTOS-F7_V1.1.0, X-CUBE-AZRTOS-G0_V1.1.0, X-CUBE-AZRTOS-G4_V2.0.0, X-CUBE-AZRTOS-H7_V3.2.0, X-CUBE-AZRTOS-L4_V1.0.0, X-CUBE-AZRTOS-L4_V2.0.0, X-CUBE-AZRTOS-L5_V1.1.0, X-CUBE-AZRTOS-WB_V2.0.0, X-CUBE-AZRTOS-WL_V2.0.0, X-CUBE-BLE1_V7.0.0, X-CUBE-BLE2_V3.3.0, X-CUBE-BLEMGR_V3.0.0, X-CUBE-EEPRMA1_V4.1.0, X-CUBE-EEPRMA1_V4.2.0, X-CUBE-FREERTOS_V1.1.0, X-CUBE-GNSS1_V6.0.0, X-CUBE-MEMS1_V10.0.0, X-CUBE-MEMS1_V9.1.0, X-CUBE-MEMS1_V9.4.0, X-CUBE-MEMS1_V9.6.0, X-CUBE-NFC4_V3.0.0, X-CUBE-NFC7_V1.0.1, X-CUBE-SFXS2LP1_V4.0.0, X-CUBE-SUBG2_V5.0.0, X-CUBE-TOF1_V3.4.0]
2024-02-09 10:21:43,099 [INFO] ApiDb:240 - Found 371 in-development CPN: [B-G473E-ZEST1S, B-WB1M-WPAN1, B-WL5M-SUBG1, NUCLEO-C031C6, NUCLEO-H503RB, NUCLEO-H563ZI, NUCLEO-U545RE-Q, NUCLEO-U5A5ZJ-Q, NUCLEO-WBA52CG, NUCLEO-WBA55CG, STEVAL-MKBOXPRO, STEVAL-PROTEUS1, STEVAL-STWINBX1, STM320518-EVAL, STM32C0116-DK, STM32C011D6Y3TR, STM32C011D6Y6TR, STM32C011F4P3, STM32C011F4P6, STM32C011F4U3, STM32C011F4U6TR, STM32C011F6P3, STM32C011F6P6, STM32C011F6U3, STM32C011F6U6TR, STM32C011J4M3, STM32C011J4M6, STM32C011J6M3, STM32C011J6M6, STM32C0316-DK, STM32C031C4T3, STM32C031C4T6, STM32C031C4U3, STM32C031C4U6, STM32C031C6T3, STM32C031C6T6, STM32C031C6U3, STM32C031C6U6, STM32C031F4P3, STM32C031F4P6, STM32C031F6P3, STM32C031F6P6, STM32C031G4U3, STM32C031G4U6, STM32C031G6U3, STM32C031G6U6, STM32C031K4T3, STM32C031K4T6, STM32C031K4U3, STM32C031K4U6, STM32C031K6T3, STM32C031K6T6, STM32C031K6U3, STM32C031K6U6, STM32G071K8TXN, STM32G071K8UXN, STM32G081GBU6N, STM32G081KBT6N, STM32G081KBUXN, STM32G0B1CCT6N, STM32G0B1KCT6, STM32G0B1NEY6TR, STM32G0B1RCT6N, STM32G0C1CCT6, STM32G0C1CCT6N, STM32G0C1CCU6N, STM32G0C1CET6N, STM32G0C1CEU6N, STM32G0C1KCT6, STM32G0C1NEY6TR, STM32G0C1RCI6N, STM32G0C1RCT6N, STM32G0C1REI6N, STM32G0C1RET6N, STM32G0C1VCI6, STM32G0C1VEI6, STM32G471CCT6, STM32G471CCU6, STM32G471CET3, STM32G471CET6, STM32G471CEU3, STM32G471CEU6, STM32G471MCT6, STM32G471MET3, STM32G471MET6, STM32G471MEY6TR, STM32G471QCT6, STM32G471QET3, STM32G471RCT6, STM32G471RET3, STM32G471RET6, STM32G471VCH6, STM32G471VCI6, STM32G471VCT6, STM32G471VEH3, STM32G471VEH6, STM32G471VEI3, STM32G471VEI6, STM32G471VET3, STM32G471VET6, STM32G474CCT6, STM32H503CBT6, STM32H503CBU6, STM32H503EBY6TR, STM32H503KBU6, STM32H503RBT6, STM32H562AGI6, STM32H562AII6, STM32H562IGK6, STM32H562IGT6, STM32H562IIK6, STM32H562IIT6, STM32H562RGT6, STM32H562RGV6, STM32H562RIT6, STM32H562RIV6, STM32H562VGT6, STM32H562VIT6, STM32H562ZGT6, STM32H562ZIT6, STM32H563AGI6, STM32H563AII3Q, STM32H563AII6, STM32H563IGK6, STM32H563IGT6, STM32H563IIK3Q, STM32H563IIK6, STM32H563IIT3Q, STM32H563IIT6, STM32H563MIY3QTR, STM32H563RGT6, STM32H563RGV6, STM32H563RIT6, STM32H563RIV6, STM32H563VGT6, STM32H563VIT3Q, STM32H563VIT6, STM32H563ZGT6, STM32H563ZIT3Q, STM32H563ZIT6, STM32H573AII3Q, STM32H573AII6, STM32H573I-DK, STM32H573IIK3Q, STM32H573IIK6, STM32H573IIT3Q, STM32H573IIT6, STM32H573MIY3QTR, STM32H573RIT6, STM32H573RIV6, STM32H573VIT3Q, STM32H573VIT6, STM32H573ZIT3Q, STM32H573ZIT6, STM32L4R5QGI6STR, STM32MP131AAE3, STM32MP131AAF3, STM32MP131AAG3, STM32MP131CAE3, STM32MP131CAF3, STM32MP131CAG3, STM32MP131DAE7, STM32MP131DAF7, STM32MP131DAG7, STM32MP131FAE7, STM32MP131FAF7, STM32MP131FAG7, STM32MP133AAE3, STM32MP133AAF3, STM32MP133AAG3, STM32MP133CAE3, STM32MP133CAF3, STM32MP133CAG3, STM32MP133DAE7, STM32MP133DAF7, STM32MP133DAG7, STM32MP133FAE7, STM32MP133FAF7, STM32MP133FAG7, STM32MP135AAE3, STM32MP135AAF3, STM32MP135AAG3, STM32MP135CAE3, STM32MP135CAF3, STM32MP135CAG3, STM32MP135DAE7, STM32MP135DAF7, STM32MP135DAG7, STM32MP135F-DK, STM32MP135FAE7, STM32MP135FAF7, STM32MP135FAF7T, STM32MP135FAF7U, STM32MP135FAG7, STM32U535CBT6, STM32U535CBT6Q, STM32U535CBU6, STM32U535CBU6Q, STM32U535CCT6, STM32U535CCT6Q, STM32U535CCU6, STM32U535CCU6Q, STM32U535CET6, STM32U535CET6Q, STM32U535CEU6, STM32U535CEU6Q, STM32U535JEY6QTR, STM32U535NCY6QTR, STM32U535NEY6QTR, STM32U535RBI6, STM32U535RBI6Q, STM32U535RBT6, STM32U535RBT6Q, STM32U535RCI6, STM32U535RCI6Q, STM32U535RCT6, STM32U535RCT6Q, STM32U535REI6, STM32U535REI6Q, STM32U535RET6, STM32U535RET6Q, STM32U535VCI6, STM32U535VCI6Q, STM32U535VCT6, STM32U535VCT6Q, STM32U535VEI6, STM32U535VEI6Q, STM32U535VET6, STM32U535VET6Q, STM32U545CET6, STM32U545CET6Q, STM32U545CEU6, STM32U545CEU6Q, STM32U545JEY6QTR, STM32U545NEY6QTR, STM32U545REI6, STM32U545REI6Q, STM32U545RET6, STM32U545RET6Q, STM32U545VEI6, STM32U545VEI6Q, STM32U545VET6, STM32U545VET6Q, STM32U595AIH6, STM32U595AIH6Q, STM32U595AJH6, STM32U595AJH6Q, STM32U595QII6, STM32U595QII6Q, STM32U595QJI6, STM32U595QJI6Q, STM32U595RIT6, STM32U595RIT6Q, STM32U595RJT6, STM32U595RJT6Q, STM32U595VIT6, STM32U595VIT6Q, STM32U595VJT6, STM32U595VJT6Q, STM32U595ZIT6, STM32U595ZIT6Q, STM32U595ZIY6QTR, STM32U595ZJT6, STM32U595ZJT6Q, STM32U595ZJY6QTR, STM32U599BJY6QTR, STM32U599NIH6Q, STM32U599NJH6Q, STM32U599VIT6Q, STM32U599VJT6, STM32U599VJT6Q, STM32U599ZIT6Q, STM32U599ZIY6QTR, STM32U599ZJT6Q, STM32U599ZJY6QTR, STM32U5A5AJH6, STM32U5A5AJH6Q, STM32U5A5QJI6, STM32U5A5QJI6Q, STM32U5A5RJT6, STM32U5A5RJT6Q, STM32U5A5VJT6, STM32U5A5VJT6Q, STM32U5A5ZJT6, STM32U5A5ZJT6Q, STM32U5A5ZJY6QTR, STM32U5A9BJY6QTR, STM32U5A9J-DK, STM32U5A9NJH6Q, STM32U5A9VJT6Q, STM32U5A9ZJT6Q, STM32U5A9ZJY6QTR, STM32U5F7VIT6, STM32U5F7VIT6Q, STM32U5F7VJT6, STM32U5F7VJT6Q, STM32U5F9BJY6QTR, STM32U5F9NJH6Q, STM32U5F9VIT6Q, STM32U5F9VJT6Q, STM32U5F9ZIJ6QTR, STM32U5F9ZIT6Q, STM32U5F9ZJJ6QTR, STM32U5F9ZJT6Q, STM32U5G7VJT6, STM32U5G7VJT6Q, STM32U5G9BJY6QTR, STM32U5G9J-DK1, STM32U5G9J-DK2, STM32U5G9NJH6Q, STM32U5G9VJT6Q, STM32U5G9ZJJ6QTR, STM32U5G9ZJT6Q, STM32WB1MMCH6, STM32WBA50KEU6, STM32WBA50KEU6TR, STM32WBA50KGU6, STM32WBA50KGU6TR, STM32WBA52CEU6, STM32WBA52CEU6TR, STM32WBA52CEU7, STM32WBA52CEU7TR, STM32WBA52CGU6, STM32WBA52CGU6TR, STM32WBA52CGU6U, STM32WBA52CGU7, STM32WBA52CGU7TR, STM32WBA52KEU6, STM32WBA52KEU6TR, STM32WBA52KGU6, STM32WBA52KGU6TR, STM32WBA54CEU6, STM32WBA54CEU6TR, STM32WBA54CEU7, STM32WBA54CEU7TR, STM32WBA54CGU6, STM32WBA54CGU6TR, STM32WBA54CGU7, STM32WBA54CGU7TR, STM32WBA54KEU6, STM32WBA54KEU6TR, STM32WBA54KEU7, STM32WBA54KEU7TR, STM32WBA54KGU6, STM32WBA54KGU6TR, STM32WBA54KGU7, STM32WBA54KGU7TR, STM32WBA55CEU6, STM32WBA55CEU6TR, STM32WBA55CEU7, STM32WBA55CEU7TR, STM32WBA55CGU6, STM32WBA55CGU6TR, STM32WBA55CGU6U, STM32WBA55CGU7, STM32WBA55CGU7TR, STM32WBA55G-DK1, STM32WBA55HEF6, STM32WBA55HEF7, STM32WBA55HGF6, STM32WBA55HGF7, STM32WBA55UEI6, STM32WBA55UEI6TR, STM32WBA55UEI7, STM32WBA55UEI7TR, STM32WBA55UGI6, STM32WBA55UGI6TR, STM32WBA55UGI7, STM32WBA55UGI7TR, STM32WL5MOCH6, STM32WL5MOCH6TR]
2024-02-09 10:21:43,106 [INFO] DbMcus:218 - Found 3930 MCUs, 3930 are supported
2024-02-09 10:21:43,108 [INFO] ApiDb:423 - Load user favorites file /home/mirafra/.stm32cubeide/favorites.mcus.txt: 0 item(s)
2024-02-09 10:21:43,108 [INFO] ApiDb:427 - User favorites MCUs=[]
2024-02-09 10:21:43,108 [INFO] DbMcus:224 - Set 0 / 0 favorites MCUs
2024-02-09 10:21:43,724 [INFO] MicroXplorer:468 - Change Database Path : 
2024-02-09 10:21:43,724 [INFO] MicroXplorer:498 - Change Database Version : DB.6.0.100
2024-02-09 10:21:43,724 [WARN] ThirdParty:833 - waiting for thirdparty lock release [change project]
2024-02-09 10:21:43,724 [INFO] ThirdParty:835 - entering critical section [change project]
2024-02-09 10:21:43,724 [INFO] ThirdParty:1030 - CMSIS Pack Vendor :STMicroelectronics USBPD 4.1
2024-02-09 10:21:43,725 [INFO] ThirdParty:1030 - CMSIS Pack Vendor :STMicroelectronics USB_HOST 2.0.0
2024-02-09 10:21:43,725 [INFO] ThirdParty:1030 - CMSIS Pack Vendor :STMicroelectronics LIBJPEG 8.0.0
2024-02-09 10:21:43,725 [INFO] ThirdParty:1030 - CMSIS Pack Vendor :STMicroelectronics FP-ATR-SIGFOX1 3.2.0
2024-02-09 10:21:43,725 [INFO] ThirdParty:1030 - CMSIS Pack Vendor :STMicroelectronics USB_DEVICE 3.0.0
2024-02-09 10:21:43,725 [INFO] ThirdParty:1030 - CMSIS Pack Vendor :STMicroelectronics HAL Drivers 0.0.0
2024-02-09 10:21:43,725 [INFO] ThirdParty:1030 - CMSIS Pack Vendor :STMicroelectronics MBEDTLS 2.16.2
2024-02-09 10:21:43,725 [INFO] ThirdParty:1030 - CMSIS Pack Vendor :STMicroelectronics MBEDTLS 2.14.1
2024-02-09 10:21:43,725 [INFO] ThirdParty:1030 - CMSIS Pack Vendor :STMicroelectronics USB_DEVICE 2.0.0
2024-02-09 10:21:43,725 [INFO] ThirdParty:1030 - CMSIS Pack Vendor :STMicroelectronics ThreadX 1.0.0
2024-02-09 10:21:43,725 [INFO] ThirdParty:1030 - CMSIS Pack Vendor :STMicroelectronics FP-SNS-SMARTAG2 1.2.0
2024-02-09 10:21:43,725 [INFO] ThirdParty:1030 - CMSIS Pack Vendor :STMicroelectronics FP-SNS-MOTENV1 4.3.2
2024-02-09 10:21:43,725 [INFO] ThirdParty:1030 - CMSIS Pack Vendor :STMicroelectronics FreeRTOS 0.0.1
2024-02-09 10:21:43,725 [INFO] ThirdParty:1030 - CMSIS Pack Vendor :STMicroelectronics USB_DEVICE 1.0.0
2024-02-09 10:21:43,725 [INFO] ThirdParty:1030 - CMSIS Pack Vendor :STMicroelectronics X-CUBE-AI 8.1.0
2024-02-09 10:21:43,725 [INFO] ThirdParty:1030 - CMSIS Pack Vendor :STMicroelectronics STM32_WPAN 1.0.0
2024-02-09 10:21:43,725 [INFO] ThirdParty:1030 - CMSIS Pack Vendor :STMicroelectronics ThreadX 0.0.2
2024-02-09 10:21:43,725 [INFO] ThirdParty:1030 - CMSIS Pack Vendor :STMicroelectronics FP-ATR-ASTRA1 2.0.0
2024-02-09 10:21:43,725 [INFO] ThirdParty:1030 - CMSIS Pack Vendor :STMicroelectronics lwIP 2.1.2
2024-02-09 10:21:43,725 [INFO] ThirdParty:1030 - CMSIS Pack Vendor :STMicroelectronics lwIP 2.0.3
2024-02-09 10:21:43,726 [INFO] ThirdParty:1030 - CMSIS Pack Vendor :STMicroelectronics FP-SNS-FLIGHT1 5.0.2
2024-02-09 10:21:43,726 [INFO] ThirdParty:1030 - CMSIS Pack Vendor :STMicroelectronics USB_HOST 1.0.0
2024-02-09 10:21:43,726 [INFO] ThirdParty:1030 - CMSIS Pack Vendor :STMicroelectronics PDM2PCM 3.1.0
2024-02-09 10:21:43,726 [INFO] ThirdParty:1030 - CMSIS Pack Vendor :STMicroelectronics PDM2PCM 3.2.0
2024-02-09 10:21:43,726 [INFO] ThirdParty:1030 - CMSIS Pack Vendor :STMicroelectronics PDM2PCM 3.3.0
2024-02-09 10:21:43,726 [INFO] ThirdParty:841 - exiting critical section [change project]
2024-02-09 10:21:44,217 [INFO] PinOutPanel:1499 - setPackage(No Configuration,No Configuration)
2024-02-09 10:21:44,221 [INFO] PinOutPanel:1499 - setPackage(STM32F401RBTx,LQFP64)
2024-02-09 10:21:45,035 [INFO] UtilMem:75 - Before build in PCC Used Memory: 355235000 Bytes (631242752)
2024-02-09 10:21:46,047 [INFO] UtilMem:75 - After build in PCC Used Memory: 470089184 Bytes (631242752)
2024-02-09 10:21:46,121 [INFO] IPUIPlugin:80 - create IPUIPlugin
2024-02-09 10:21:46,122 [INFO] IPUIPlugin:80 - create IPUIPlugin
2024-02-09 10:21:46,123 [INFO] IPUIPlugin:80 - create IPUIPlugin
2024-02-09 10:21:46,127 [INFO] IPUIPlugin:80 - create IPUIPlugin
2024-02-09 10:21:46,128 [INFO] IPUIPlugin:80 - create IPUIPlugin
2024-02-09 10:21:46,128 [INFO] IPUIPlugin:80 - create IPUIPlugin
2024-02-09 10:21:46,129 [INFO] IPUIPlugin:80 - create IPUIPlugin
2024-02-09 10:21:46,130 [INFO] IPUIPlugin:80 - create IPUIPlugin
2024-02-09 10:21:46,130 [INFO] IPUIPlugin:80 - create IPUIPlugin
2024-02-09 10:21:46,131 [INFO] IPUIPlugin:80 - create IPUIPlugin
2024-02-09 10:21:46,131 [INFO] IPUIPlugin:80 - create IPUIPlugin
2024-02-09 10:21:46,132 [INFO] IPUIPlugin:80 - create IPUIPlugin
2024-02-09 10:21:46,132 [INFO] IPUIPlugin:80 - create IPUIPlugin
2024-02-09 10:21:46,133 [INFO] IPUIPlugin:80 - create IPUIPlugin
2024-02-09 10:21:46,133 [INFO] IPUIPlugin:80 - create IPUIPlugin
2024-02-09 10:21:46,133 [INFO] IPUIPlugin:80 - create IPUIPlugin
2024-02-09 10:21:46,134 [INFO] IPUIPlugin:80 - create IPUIPlugin
2024-02-09 10:21:46,134 [INFO] IPUIPlugin:80 - create IPUIPlugin
2024-02-09 10:21:46,134 [INFO] IPUIPlugin:80 - create IPUIPlugin
2024-02-09 10:21:46,135 [INFO] IPUIPlugin:80 - create IPUIPlugin
2024-02-09 10:21:46,135 [INFO] IPUIPlugin:80 - create IPUIPlugin
2024-02-09 10:21:46,135 [INFO] IPUIPlugin:80 - create IPUIPlugin
2024-02-09 10:21:46,135 [INFO] IPUIPlugin:80 - create IPUIPlugin
2024-02-09 10:21:46,136 [INFO] IPUIPlugin:80 - create IPUIPlugin
2024-02-09 10:21:46,136 [INFO] IPUIPlugin:80 - create IPUIPlugin
2024-02-09 10:21:46,136 [INFO] IPUIPlugin:80 - create IPUIPlugin
2024-02-09 10:21:46,136 [INFO] IPUIPlugin:80 - create IPUIPlugin
2024-02-09 10:21:46,136 [INFO] IPUIPlugin:80 - create IPUIPlugin
2024-02-09 10:21:46,136 [INFO] IPUIPlugin:80 - create IPUIPlugin
2024-02-09 10:21:46,136 [INFO] IPUIPlugin:80 - create IPUIPlugin
2024-02-09 10:21:46,137 [INFO] IPUIPlugin:80 - create IPUIPlugin
2024-02-09 10:21:46,137 [INFO] IPUIPlugin:80 - create IPUIPlugin
2024-02-09 10:21:46,137 [INFO] IPUIPlugin:80 - create IPUIPlugin
2024-02-09 10:21:46,137 [INFO] IPUIPlugin:80 - create IPUIPlugin
2024-02-09 10:21:46,138 [INFO] IPUIPlugin:80 - create IPUIPlugin
2024-02-09 10:21:46,138 [INFO] IPUIPlugin:80 - create IPUIPlugin
2024-02-09 10:21:46,139 [INFO] IPUIPlugin:80 - create IPUIPlugin
2024-02-09 10:21:46,139 [INFO] IPUIPlugin:80 - create IPUIPlugin
2024-02-09 10:21:46,193 [INFO] ApiDbMcu:508 - Load IP Config File for PDM2PCM
2024-02-09 10:21:46,388 [INFO] CADModel:165 - CPN selected for project levelSTM32F401RBT6
2024-02-09 10:21:46,389 [INFO] CADModel:114 - Register for checkConnection events
2024-02-09 10:21:46,432 [INFO] OpenFileManager:343 - Restore cursor
2024-02-09 10:21:57,947 [ERROR] LogOutputStream:75 - [STDERR_REDIRECT] SLF4J: Failed to load class "org.slf4j.impl.StaticLoggerBinder".
2024-02-09 10:21:57,948 [ERROR] LogOutputStream:75 - [STDERR_REDIRECT] SLF4J: Defaulting to no-operation (NOP) logger implementation
2024-02-09 10:21:57,949 [ERROR] LogOutputStream:75 - [STDERR_REDIRECT] SLF4J: See http://www.slf4j.org/codes.html#StaticLoggerBinder for further details.
2024-02-09 14:48:23,716 [ERROR] LogOutputStream:75 - [STDERR_REDIRECT] Feb 09, 2024 2:48:23 PM sun.awt.X11.XToolkit processException
2024-02-09 14:48:23,721 [ERROR] LogOutputStream:75 - [STDERR_REDIRECT] WARNING: Exception on Toolkit thread
2024-02-09 14:48:23,721 [ERROR] LogOutputStream:75 - [STDERR_REDIRECT] java.lang.NullPointerException: Cannot invoke "sun.awt.X11.XEmbeddedFramePeer.getGraphicsConfiguration()" because "this.embedded" is null
2024-02-09 14:48:23,722 [ERROR] LogOutputStream:75 - [STDERR_REDIRECT] 	at java.desktop/sun.awt.X11.XEmbedClientHelper.handleReparentNotify(XEmbedClientHelper.java:184)
2024-02-09 14:48:23,722 [ERROR] LogOutputStream:75 - [STDERR_REDIRECT] 	at java.desktop/sun.awt.X11.XEmbedClientHelper.dispatchEvent(XEmbedClientHelper.java:173)
2024-02-09 14:48:23,723 [ERROR] LogOutputStream:75 - [STDERR_REDIRECT] 	at java.desktop/sun.awt.X11.XToolkit.dispatchEvent(XToolkit.java:630)
2024-02-09 14:48:23,723 [ERROR] LogOutputStream:75 - [STDERR_REDIRECT] 	at java.desktop/sun.awt.X11.XToolkit.run(XToolkit.java:731)
2024-02-09 14:48:23,724 [ERROR] LogOutputStream:75 - [STDERR_REDIRECT] 	at java.desktop/sun.awt.X11.XToolkit.run(XToolkit.java:647)
2024-02-09 14:48:23,724 [ERROR] LogOutputStream:75 - [STDERR_REDIRECT] 	at java.base/java.lang.Thread.run(Thread.java:833)
2024-02-09 14:48:23,725 [ERROR] LogOutputStream:75 - [STDERR_REDIRECT] 
2024-02-09 17:35:15,912 [ERROR] LogOutputStream:75 - [STDERR_REDIRECT] 
2024-02-09 17:35:15,913 [ERROR] LogOutputStream:75 - [STDERR_REDIRECT] 
