2024-02-08 12:31:28,539 [INFO] Activator:176 - 


2024-02-08 12:31:28,546 [INFO] Activator:177 - !SESSION log4j initialized
2024-02-08 12:31:36,413 [INFO] LogOutputStream:77 - [STDOUT_REDIRECT] 
2024-02-08 12:31:38,192 [INFO] ApplicationProperties:184 - Using Application install path: /opt/st/stm32cubeide_1.14.0/plugins/com.st.stm32cube.common.mx_6.10.0.202311202037
2024-02-08 12:31:38,264 [INFO] DbMcusXml:78 - Set database path to: /opt/st/stm32cubeide_1.14.0/plugins/com.st.stm32cube.common.mx_6.10.0.202311202037//db//mcu/
2024-02-08 12:31:38,267 [INFO] ApiDb:274 - Set plugin database path to: /opt/st/stm32cubeide_1.14.0/plugins/com.st.stm32cube.common.mx_6.10.0.202311202037//db//plugins/boardmanager/
2024-02-08 12:31:38,271 [WARN] ApiDb:259 - Overriding images path with different value:  => /opt/st/stm32cubeide_1.14.0/plugins/com.st.stm32cube.common.mx_6.10.0.202311202037//db//plugins/mcufinder/images/
2024-02-08 12:31:38,294 [INFO] ApiDb:250 - Set database path to: /home/mirafra/.stmcufinder/plugins/mcufinder//mcu/
2024-02-08 12:31:38,303 [INFO] DbMcusAds:125 - Set database path to: /home/mirafra/.stmcufinder/plugins/mcufinder//mcu/
2024-02-08 12:31:38,324 [INFO] CrossReferenceDbSqlite:203 - Set database path to: /home/mirafra/.stmcufinder/plugins/mcufinder//mcu/cs/
2024-02-08 12:31:38,607 [INFO] RulesReader:64 - Compatibility file has been processed (297 Rules)
2024-02-08 12:31:38,711 [INFO] DbMcusXml:78 - Set database path to: /opt/st/stm32cubeide_1.14.0/plugins/com.st.stm32cube.common.mx_6.10.0.202311202037//db//mcu/
2024-02-08 12:31:38,711 [INFO] ApiDb:274 - Set plugin database path to: /opt/st/stm32cubeide_1.14.0/plugins/com.st.stm32cube.common.mx_6.10.0.202311202037//db//plugins/boardmanager/
2024-02-08 12:31:38,711 [INFO] ApiDb:261 - Set plugin images path to: /opt/st/stm32cubeide_1.14.0/plugins/com.st.stm32cube.common.mx_6.10.0.202311202037//db//plugins/mcufinder/images/
2024-02-08 12:31:38,711 [WARN] DbFile:41 - Overriding database path with different value: /home/mirafra/.stmcufinder/plugins/mcufinder/ => /home/mirafra/.stmcufinder/plugins/mcufinder
2024-02-08 12:31:38,712 [INFO] ApiDb:250 - Set database path to: /home/mirafra/.stmcufinder/plugins/mcufinder//mcu/
2024-02-08 12:31:38,712 [WARN] DbFile:41 - Overriding database path with different value: /home/mirafra/.stmcufinder/plugins/mcufinder/ => /home/mirafra/.stmcufinder/plugins/mcufinder
2024-02-08 12:31:38,712 [INFO] DbMcusAds:125 - Set database path to: /home/mirafra/.stmcufinder/plugins/mcufinder//mcu/
2024-02-08 12:31:38,712 [WARN] DbFile:41 - Overriding database path with different value: /home/mirafra/.stmcufinder/plugins/mcufinder/ => /home/mirafra/.stmcufinder/plugins/mcufinder
2024-02-08 12:31:38,712 [WARN] DbFile:41 - Overriding database path with different value: /home/mirafra/.stmcufinder/plugins/mcufinder/ => /home/mirafra/.stmcufinder/plugins/mcufinder
2024-02-08 12:31:38,712 [INFO] CrossReferenceDbSqlite:203 - Set database path to: /home/mirafra/.stmcufinder/plugins/mcufinder//mcu/cs/
2024-02-08 12:31:38,828 [INFO] MainPanel:264 - HeapMemory: 268435456
2024-02-08 12:31:38,971 [INFO] DbMcusXml:78 - Set database path to: /opt/st/stm32cubeide_1.14.0/plugins/com.st.stm32cube.common.mx_6.10.0.202311202037//db//mcu/
2024-02-08 12:31:38,971 [INFO] ApiDb:274 - Set plugin database path to: /opt/st/stm32cubeide_1.14.0/plugins/com.st.stm32cube.common.mx_6.10.0.202311202037//db//plugins/boardmanager/
2024-02-08 12:31:38,972 [INFO] ApiDb:261 - Set plugin images path to: /opt/st/stm32cubeide_1.14.0/plugins/com.st.stm32cube.common.mx_6.10.0.202311202037//db//plugins/mcufinder/images/
2024-02-08 12:31:38,973 [WARN] DbFile:41 - Overriding database path with different value: /home/mirafra/.stmcufinder/plugins/mcufinder/ => /home/mirafra/.stmcufinder/plugins/mcufinder
2024-02-08 12:31:38,973 [INFO] ApiDb:250 - Set database path to: /home/mirafra/.stmcufinder/plugins/mcufinder//mcu/
2024-02-08 12:31:38,975 [WARN] DbFile:41 - Overriding database path with different value: /home/mirafra/.stmcufinder/plugins/mcufinder/ => /home/mirafra/.stmcufinder/plugins/mcufinder
2024-02-08 12:31:38,975 [INFO] DbMcusAds:125 - Set database path to: /home/mirafra/.stmcufinder/plugins/mcufinder//mcu/
2024-02-08 12:31:38,976 [WARN] DbFile:41 - Overriding database path with different value: /home/mirafra/.stmcufinder/plugins/mcufinder/ => /home/mirafra/.stmcufinder/plugins/mcufinder
2024-02-08 12:31:38,976 [WARN] DbFile:41 - Overriding database path with different value: /home/mirafra/.stmcufinder/plugins/mcufinder/ => /home/mirafra/.stmcufinder/plugins/mcufinder
2024-02-08 12:31:38,976 [INFO] CrossReferenceDbSqlite:203 - Set database path to: /home/mirafra/.stmcufinder/plugins/mcufinder//mcu/cs/
2024-02-08 12:31:39,014 [INFO] ApplicationProperties:184 - Using Application install path: /opt/st/stm32cubeide_1.14.0/plugins/com.st.stm32cube.common.mx_6.10.0.202311202037
2024-02-08 12:31:39,018 [INFO] PluginManage:196 - Search for loadable plugins [exclusion list=, ]
2024-02-08 12:31:39,021 [INFO] PluginManage:310 - Check plugin analytics
2024-02-08 12:31:39,286 [INFO] AnalyticsPlugin:253 - Accepted Software Licenses: 
2024-02-08 12:31:39,287 [INFO] AnalyticsPlugin:255 - Accepted CMSIS Pack Licenses: 
2024-02-08 12:31:39,287 [INFO] AnalyticsPlugin:257 - Accepted Firmware Licenses: 
2024-02-08 12:31:39,292 [INFO] PluginManage:359 - Loaded plugin analytics (category:tool,tabindex:-1)
2024-02-08 12:31:39,292 [INFO] PluginManage:310 - Check plugin cadmodel
2024-02-08 12:31:39,331 [INFO] CADModel:105 - Init CAD model plugin
2024-02-08 12:31:39,332 [INFO] PluginManage:359 - Loaded plugin cadmodel (category:power,tabindex:5)
2024-02-08 12:31:39,332 [INFO] PluginManage:310 - Check plugin clock
2024-02-08 12:31:39,354 [INFO] PluginManage:359 - Loaded plugin clock (category:base,tabindex:2)
2024-02-08 12:31:39,355 [INFO] PluginManage:310 - Check plugin ddr
2024-02-08 12:31:39,358 [INFO] PluginManage:359 - Loaded plugin ddr (category:tool,tabindex:6)
2024-02-08 12:31:39,358 [INFO] PluginManage:310 - Check plugin filemanager
2024-02-08 12:31:39,556 [INFO] PluginManage:359 - Loaded plugin filemanager (category:base,tabindex:10)
2024-02-08 12:31:39,557 [INFO] PluginManage:310 - Check plugin ipmanager
2024-02-08 12:31:39,584 [INFO] PluginManage:359 - Loaded plugin ipmanager (category:base,tabindex:5)
2024-02-08 12:31:39,585 [INFO] PluginManage:310 - Check plugin lpbam
2024-02-08 12:31:39,606 [INFO] PluginManage:359 - Loaded plugin lpbam (category:base,tabindex:0)
2024-02-08 12:31:39,607 [INFO] PluginManage:310 - Check plugin memorymap
2024-02-08 12:31:39,629 [INFO] PluginManage:359 - Loaded plugin memorymap (category:base,tabindex:4)
2024-02-08 12:31:39,630 [INFO] PluginManage:310 - Check plugin pinoutandconfiguration
2024-02-08 12:31:39,640 [INFO] PluginManage:359 - Loaded plugin pinoutandconfiguration (category:base,tabindex:1)
2024-02-08 12:31:39,641 [INFO] PluginManage:310 - Check plugin pinoutconfig
2024-02-08 12:31:39,767 [WARN] SupportedApi:132 - Cannot load RTOS API schema: s4s-elt-must-match.1: The content of 'definitions' must match (annotation?, (simpleType | complexType)?, (unique | key | keyref)*)). A problem was found starting at: attribute.
2024-02-08 12:31:39,959 [INFO] PluginManage:359 - Loaded plugin pinoutconfig (category:base,tabindex:0)
2024-02-08 12:31:39,960 [INFO] PluginManage:310 - Check plugin power
2024-02-08 12:31:39,991 [INFO] PluginManage:359 - Loaded plugin power (category:power,tabindex:4)
2024-02-08 12:31:39,991 [INFO] PluginManage:310 - Check plugin projectmanager
2024-02-08 12:31:40,013 [INFO] PluginManage:359 - Loaded plugin projectmanager (category:projectmanager,tabindex:3)
2024-02-08 12:31:40,014 [INFO] PluginManage:310 - Check plugin thirdparty
2024-02-08 12:31:40,289 [INFO] PluginManage:359 - Loaded plugin thirdparty (category:base,tabindex:-1)
2024-02-08 12:31:40,289 [INFO] PluginManage:310 - Check plugin tools
2024-02-08 12:31:40,288 [WARN] IntegrityCheckThread:84 - waiting for thirdparty lock release [integrity check]
2024-02-08 12:31:40,290 [INFO] IntegrityCheckThread:86 - entering critical section [integrity check]
2024-02-08 12:31:40,290 [INFO] ThirdPartyUpdaterWithRetryManager:70 - Updater plugin not ready yet. [1/15]
2024-02-08 12:31:40,293 [INFO] PluginManage:359 - Loaded plugin tools (category:base,tabindex:7)
2024-02-08 12:31:40,294 [INFO] PluginManage:310 - Check plugin tutovideos
2024-02-08 12:31:40,605 [INFO] PluginManage:359 - Loaded plugin tutovideos (category:base,tabindex:-1)
2024-02-08 12:31:40,606 [INFO] PluginManage:310 - Check plugin updater
2024-02-08 12:31:40,631 [INFO] PluginManage:359 - Loaded plugin updater (category:base,tabindex:12)
2024-02-08 12:31:40,632 [INFO] PluginManage:310 - Check plugin userauth
2024-02-08 12:31:40,648 [INFO] UserAuth:114 - Init User Auth plugin
2024-02-08 12:31:40,649 [INFO] PluginManage:359 - Loaded plugin userauth (category:base,tabindex:14)
2024-02-08 12:31:40,650 [INFO] PluginManage:283 - PluginManage : Loaded plugins [17]
2024-02-08 12:31:40,893 [INFO] McuFinderGlobals:63 - Set McuFinder mode to 2 (CubeIDE integrated)
2024-02-08 12:31:41,127 [INFO] PinOutPanel:1499 - setPackage(No Configuration,No Configuration)
2024-02-08 12:31:41,227 [INFO] CADModel:165 - CPN selected for project level
2024-02-08 12:31:41,227 [INFO] CADModel:114 - Register for checkConnection events
2024-02-08 12:31:41,252 [INFO] IPUIPlugin:80 - create IPUIPlugin
2024-02-08 12:31:41,252 [INFO] PluginManager:220 - loadIPPluginJar : add usart
2024-02-08 12:31:41,259 [INFO] IPUIPlugin:80 - create IPUIPlugin
2024-02-08 12:31:41,260 [INFO] PluginManager:220 - loadIPPluginJar : add opamp
2024-02-08 12:31:41,269 [INFO] IPUIPlugin:80 - create IPUIPlugin
2024-02-08 12:31:41,274 [INFO] PluginManager:220 - loadIPPluginJar : add plateformsettings
2024-02-08 12:31:41,277 [INFO] IPUIPlugin:80 - create IPUIPlugin
2024-02-08 12:31:41,277 [INFO] PluginManager:220 - loadIPPluginJar : add tim
2024-02-08 12:31:41,280 [INFO] IPUIPlugin:80 - create IPUIPlugin
2024-02-08 12:31:41,281 [INFO] PluginManager:220 - loadIPPluginJar : add spi
2024-02-08 12:31:41,288 [INFO] IPUIPlugin:80 - create IPUIPlugin
2024-02-08 12:31:41,289 [INFO] PluginManager:220 - loadIPPluginJar : add gic
2024-02-08 12:31:41,297 [INFO] IPUIPlugin:80 - create IPUIPlugin
2024-02-08 12:31:41,298 [INFO] PluginManager:220 - loadIPPluginJar : add gpio
2024-02-08 12:31:41,308 [INFO] IPUIPlugin:80 - create IPUIPlugin
2024-02-08 12:31:41,308 [INFO] PluginManager:220 - loadIPPluginJar : add linkedlist
2024-02-08 12:31:41,310 [INFO] IPUIPlugin:80 - create IPUIPlugin
2024-02-08 12:31:41,310 [INFO] PluginManager:220 - loadIPPluginJar : add ltdc
2024-02-08 12:31:41,312 [INFO] IPUIPlugin:80 - create IPUIPlugin
2024-02-08 12:31:41,312 [INFO] PluginManager:220 - loadIPPluginJar : add fatfs
2024-02-08 12:31:41,314 [INFO] IPUIPlugin:80 - create IPUIPlugin
2024-02-08 12:31:41,315 [INFO] PluginManager:220 - loadIPPluginJar : add gfxmmu
2024-02-08 12:31:41,318 [INFO] IPUIPlugin:80 - create IPUIPlugin
2024-02-08 12:31:41,318 [INFO] PluginManager:220 - loadIPPluginJar : add dma3
2024-02-08 12:31:41,325 [INFO] IPUIPlugin:80 - create IPUIPlugin
2024-02-08 12:31:41,325 [INFO] PluginManager:220 - loadIPPluginJar : add resmgrutility
2024-02-08 12:31:41,334 [INFO] IPUIPlugin:80 - create IPUIPlugin
2024-02-08 12:31:41,335 [INFO] PluginManager:220 - loadIPPluginJar : add freertos
2024-02-08 12:31:41,346 [INFO] IPUIPlugin:80 - create IPUIPlugin
2024-02-08 12:31:41,347 [INFO] PluginManager:220 - loadIPPluginJar : add mdma
2024-02-08 12:31:41,354 [INFO] IPUIPlugin:80 - create IPUIPlugin
2024-02-08 12:31:41,354 [INFO] PluginManager:220 - loadIPPluginJar : add nvic
2024-02-08 12:31:41,359 [INFO] IPUIPlugin:80 - create IPUIPlugin
2024-02-08 12:31:41,359 [INFO] PluginManager:220 - loadIPPluginJar : add touchsensing
2024-02-08 12:31:41,364 [INFO] IPUIPlugin:80 - create IPUIPlugin
2024-02-08 12:31:41,364 [INFO] PluginManager:220 - loadIPPluginJar : add usbx
2024-02-08 12:31:41,368 [INFO] IPUIPlugin:80 - create IPUIPlugin
2024-02-08 12:31:41,368 [INFO] PluginManager:220 - loadIPPluginJar : add ipddr
2024-02-08 12:31:41,370 [INFO] IPUIPlugin:80 - create IPUIPlugin
2024-02-08 12:31:41,370 [INFO] PluginManager:220 - loadIPPluginJar : add quadspi
2024-02-08 12:31:41,374 [INFO] IPUIPlugin:80 - create IPUIPlugin
2024-02-08 12:31:41,375 [INFO] PluginManager:220 - loadIPPluginJar : add gtzc
2024-02-08 12:31:41,378 [INFO] IPUIPlugin:80 - create IPUIPlugin
2024-02-08 12:31:41,378 [INFO] PluginManager:220 - loadIPPluginJar : add aes
2024-02-08 12:31:41,386 [INFO] IPUIPlugin:80 - create IPUIPlugin
2024-02-08 12:31:41,386 [INFO] PluginManager:220 - loadIPPluginJar : add dma
2024-02-08 12:31:41,389 [INFO] IPUIPlugin:80 - create IPUIPlugin
2024-02-08 12:31:41,389 [INFO] PluginManager:220 - loadIPPluginJar : add tracer_emb
2024-02-08 12:31:41,392 [INFO] IPUIPlugin:80 - create IPUIPlugin
2024-02-08 12:31:41,393 [INFO] PluginManager:220 - loadIPPluginJar : add hash
2024-02-08 12:31:41,397 [INFO] IPUIPlugin:80 - create IPUIPlugin
2024-02-08 12:31:41,397 [INFO] PluginManager:220 - loadIPPluginJar : add pdm2pcm
2024-02-08 12:31:41,401 [INFO] IPUIPlugin:80 - create IPUIPlugin
2024-02-08 12:31:41,401 [INFO] PluginManager:220 - loadIPPluginJar : add ucpd
2024-02-08 12:31:41,405 [INFO] IPUIPlugin:80 - create IPUIPlugin
2024-02-08 12:31:41,405 [INFO] PluginManager:220 - loadIPPluginJar : add sai
2024-02-08 12:31:41,408 [INFO] IPUIPlugin:80 - create IPUIPlugin
2024-02-08 12:31:41,409 [INFO] PluginManager:220 - loadIPPluginJar : add lorawan
2024-02-08 12:31:41,411 [INFO] IPUIPlugin:80 - create IPUIPlugin
2024-02-08 12:31:41,411 [INFO] PluginManager:220 - loadIPPluginJar : add comp
2024-02-08 12:31:41,412 [INFO] IPUIPlugin:80 - create IPUIPlugin
2024-02-08 12:31:41,413 [INFO] PluginManager:220 - loadIPPluginJar : add tsc
2024-02-08 12:31:41,419 [INFO] IPUIPlugin:80 - create IPUIPlugin
2024-02-08 12:31:41,420 [INFO] PluginManager:220 - loadIPPluginJar : add stm32_wpan
2024-02-08 12:31:41,425 [INFO] IPUIPlugin:80 - create IPUIPlugin
2024-02-08 12:31:41,425 [INFO] PluginManager:220 - loadIPPluginJar : add dfsdm
2024-02-08 12:31:41,427 [INFO] IPUIPlugin:80 - create IPUIPlugin
2024-02-08 12:31:41,427 [INFO] PluginManager:220 - loadIPPluginJar : add ts
2024-02-08 12:31:41,433 [INFO] IPUIPlugin:80 - create IPUIPlugin
2024-02-08 12:31:41,433 [INFO] PluginManager:220 - loadIPPluginJar : add fmc
2024-02-08 12:31:41,437 [INFO] IPUIPlugin:80 - create IPUIPlugin
2024-02-08 12:31:41,438 [INFO] PluginManager:220 - loadIPPluginJar : add i2s
2024-02-08 12:31:41,442 [INFO] IPUIPlugin:80 - create IPUIPlugin
2024-02-08 12:31:41,442 [INFO] PluginManager:220 - loadIPPluginJar : add i3c
2024-02-08 12:31:41,446 [INFO] IPUIPlugin:80 - create IPUIPlugin
2024-02-08 12:31:41,447 [INFO] PluginManager:220 - loadIPPluginJar : add i2c
2024-02-08 12:31:41,452 [INFO] IPUIPlugin:80 - create IPUIPlugin
2024-02-08 12:31:41,453 [INFO] PluginManager:220 - loadIPPluginJar : add can
2024-02-08 12:31:41,461 [INFO] IPUIPlugin:80 - create IPUIPlugin
2024-02-08 12:31:41,461 [INFO] PluginManager:220 - loadIPPluginJar : add cryp
2024-02-08 12:31:41,475 [INFO] IPUIPlugin:80 - create IPUIPlugin
2024-02-08 12:31:41,475 [INFO] PluginManager:220 - loadIPPluginJar : add adc
2024-02-08 12:31:41,477 [INFO] IPUIPlugin:80 - create IPUIPlugin
2024-02-08 12:31:41,477 [INFO] PluginManager:220 - loadIPPluginJar : add genericplugin
2024-02-08 12:31:41,480 [INFO] IPUIPlugin:80 - create IPUIPlugin
2024-02-08 12:31:41,481 [INFO] PluginManager:220 - loadIPPluginJar : add openamp
2024-02-08 12:31:41,617 [INFO] CADModel:165 - CPN selected for project level
2024-02-08 12:31:41,618 [INFO] CADModel:114 - Register for checkConnection events
2024-02-08 12:31:41,619 [FATAL] Updater:308 - Updater called before beeing initialized
2024-02-08 12:31:41,619 [ERROR] CADModel:125 - Updater not yet initialized, retry later 
2024-02-08 12:31:41,829 [INFO] CADModel:165 - CPN selected for project level
2024-02-08 12:31:41,829 [INFO] CADModel:114 - Register for checkConnection events
2024-02-08 12:31:41,829 [FATAL] Updater:308 - Updater called before beeing initialized
2024-02-08 12:31:41,829 [ERROR] CADModel:125 - Updater not yet initialized, retry later 
2024-02-08 12:31:41,833 [FATAL] Updater:308 - Updater called before beeing initialized
2024-02-08 12:31:41,971 [FATAL] Updater:308 - Updater called before beeing initialized
2024-02-08 12:31:41,980 [INFO] DbMcusAds:53 - JSON generation date=Wed Nov 29 16:22:27 IST 2023 (1701255147200)
2024-02-08 12:31:41,981 [FATAL] Updater:308 - Updater called before beeing initialized
2024-02-08 12:31:42,032 [WARN] DetailPanel:346 - Failed to get advertising image, set to default
2024-02-08 12:31:42,215 [FATAL] Updater:308 - Updater called before beeing initialized
2024-02-08 12:31:42,217 [FATAL] Updater:308 - Updater called before beeing initialized
2024-02-08 12:31:42,217 [FATAL] Updater:308 - Updater called before beeing initialized
2024-02-08 12:31:42,217 [WARN] DetailPanel:346 - Failed to get advertising image, set to default
2024-02-08 12:31:42,218 [FATAL] Updater:308 - Updater called before beeing initialized
2024-02-08 12:31:42,272 [ERROR] Updater:1120 - MainUpdater not yet initialized. External WinMGr cannot be set.
2024-02-08 12:31:42,276 [INFO] Updater:1056 - Updater Version found : 6.10.0
2024-02-08 12:31:42,315 [INFO] ApplicationProperties:184 - Using Application install path: /opt/st/stm32cubeide_1.14.0/plugins/com.st.stm32cube.common.mx_6.10.0.202311202037
2024-02-08 12:31:42,730 [INFO] MainUpdater:2873 - connection check result : 10
2024-02-08 12:31:42,731 [INFO] MainUpdater:290 - Updater Check For Update Now.
2024-02-08 12:31:42,731 [INFO] MicroXplorer:498 - Change Database Version : DB.6.0.100
2024-02-08 12:31:42,744 [INFO] McuFinderGlobals:63 - Set McuFinder mode to 2 (CubeIDE integrated)
2024-02-08 12:31:42,745 [INFO] UserAuth:180 - activating auth plugin
2024-02-08 12:31:42,748 [INFO] UserAuth:404 - Internet connection configuration mode: 1
2024-02-08 12:31:42,772 [INFO] JxBrowserEngine:152 - Initiate JxBrowser Engine with user profile folder
2024-02-08 12:31:42,963 [INFO] CheckServerUpdateThread:120 - End of CheckServer Thread
2024-02-08 12:31:43,146 [INFO] MainUpdater:2873 - connection check result : 10
2024-02-08 12:31:43,147 [INFO] MainUpdater:2873 - connection check result : 10
2024-02-08 12:31:43,198 [INFO] MicroXplorer:468 - Change Database Path : 
2024-02-08 12:31:43,199 [INFO] MicroXplorer:498 - Change Database Version : DB.6.0.100
2024-02-08 12:31:43,211 [WARN] ThirdParty:871 - waiting for thirdparty lock release [close project]
2024-02-08 12:31:43,622 [WARN] PackLoader:240 - Cannot read IP mode file for STMicroelectronics.FP-SNS-MOTENV1.4.3.2
2024-02-08 12:31:43,655 [WARN] PackLoader:240 - Cannot read IP mode file for STMicroelectronics.FP-SNS-FLIGHT1.5.0.2
2024-02-08 12:31:43,673 [WARN] PackLoader:240 - Cannot read IP mode file for STMicroelectronics.FP-SNS-SMARTAG2.1.2.0
2024-02-08 12:31:43,690 [WARN] PackLoader:240 - Cannot read IP mode file for STMicroelectronics.FP-ATR-SIGFOX1.3.2.0
2024-02-08 12:31:43,702 [WARN] PackLoader:240 - Cannot read IP mode file for STMicroelectronics.X-CUBE-AI.8.1.0
2024-02-08 12:31:43,716 [WARN] PackLoader:240 - Cannot read IP mode file for STMicroelectronics.FP-ATR-ASTRA1.2.0.0
2024-02-08 12:31:43,720 [INFO] ThirdParty:978 - Integrity check success = true
2024-02-08 12:31:43,720 [INFO] IntegrityCheckThread:100 - exiting critical section [integrity check]
2024-02-08 12:31:43,720 [INFO] ThirdParty:873 - entering critical section [close project]
2024-02-08 12:31:43,721 [INFO] ThirdParty:883 - exiting critical section [close project]
2024-02-08 12:31:43,723 [INFO] PinOutPanel:1499 - setPackage(No Configuration,No Configuration)
2024-02-08 12:31:43,730 [INFO] UtilMem:75 - Begin LoadConfig() Used Memory: 166008672 Bytes (268435456)
2024-02-08 12:31:43,731 [INFO] IntegrityCheckThread:103 - End integrity checks thread
2024-02-08 12:31:43,734 [INFO] MicroXplorer:468 - Change Database Path : 
2024-02-08 12:31:43,735 [INFO] MicroXplorer:498 - Change Database Version : DB.6.0.100
2024-02-08 12:31:43,736 [INFO] OpenFileManager:312 - Change cursor
2024-02-08 12:31:43,827 [INFO] Mcu:2016 - Initializing MCU STM32F401R(B-C)Tx STM32F401RBTx STM32F401RBT6
2024-02-08 12:31:45,672 [INFO] WebApp:161 - Instantiating new browser for Auth
2024-02-08 12:31:47,196 [INFO] Context:659 - Trying to add GPIOservice into a context  which must be forbidden
2024-02-08 12:31:47,217 [INFO] WebApp:780 - Register for checkConnection events
2024-02-08 12:31:47,217 [INFO] WebApp:414 - Apply proxy settings
2024-02-08 12:31:47,218 [INFO] WebApp:499 - Chromium requires no authentication
2024-02-08 12:31:47,234 [INFO] WebApp:442 - Direct internet connection detected
2024-02-08 12:31:47,575 [INFO] WebApp:192 - Starting web application
2024-02-08 12:31:47,575 [INFO] WebApp:544 - Web application path used /opt/st/stm32cubeide_1.14.0/plugins/com.st.stm32cube.common.mx_6.10.0.202311202037/db/plugins/mcufinder/reactClient1/index.html
2024-02-08 12:31:48,384 [WARN] ModelIntegratedComponent:63 - No mode defined for component null
2024-02-08 12:31:48,385 [WARN] ModelIntegratedComponent:63 - No mode defined for component null
2024-02-08 12:31:48,385 [WARN] ModelIntegratedComponent:63 - No mode defined for component null
2024-02-08 12:31:48,385 [WARN] ModelIntegratedComponent:63 - No mode defined for component null
2024-02-08 12:31:48,385 [WARN] ModelIntegratedComponent:63 - No mode defined for component null
2024-02-08 12:31:48,386 [WARN] ModelIntegratedComponent:63 - No mode defined for component null
2024-02-08 12:31:48,386 [WARN] ModelIntegratedComponent:63 - No mode defined for component null
2024-02-08 12:31:48,386 [WARN] ModelIntegratedComponent:63 - No mode defined for component null
2024-02-08 12:31:48,386 [WARN] ModelIntegratedComponent:63 - No mode defined for component null
2024-02-08 12:31:48,386 [WARN] ModelIntegratedComponent:63 - No mode defined for component null
2024-02-08 12:31:48,386 [WARN] ModelIntegratedComponent:63 - No mode defined for component null
2024-02-08 12:31:48,386 [WARN] ModelIntegratedComponent:63 - No mode defined for component null
2024-02-08 12:31:48,386 [WARN] ModelIntegratedComponent:63 - No mode defined for component null
2024-02-08 12:31:48,387 [WARN] ModelIntegratedComponent:63 - No mode defined for component null
2024-02-08 12:31:48,387 [WARN] ModelIntegratedComponent:63 - No mode defined for component null
2024-02-08 12:31:48,387 [WARN] ModelIntegratedComponent:63 - No mode defined for component null
2024-02-08 12:31:48,387 [WARN] ModelIntegratedComponent:63 - No mode defined for component null
2024-02-08 12:31:48,387 [WARN] ModelIntegratedComponent:63 - No mode defined for component null
2024-02-08 12:31:48,387 [WARN] ModelIntegratedComponent:63 - No mode defined for component null
2024-02-08 12:31:48,387 [WARN] ModelIntegratedComponent:63 - No mode defined for component null
2024-02-08 12:31:48,387 [WARN] ModelIntegratedComponent:63 - No mode defined for component null
2024-02-08 12:31:48,388 [WARN] ModelIntegratedComponent:63 - No mode defined for component null
2024-02-08 12:31:48,388 [WARN] ModelIntegratedComponent:63 - No mode defined for component null
2024-02-08 12:31:48,388 [WARN] ModelIntegratedComponent:63 - No mode defined for component null
2024-02-08 12:31:48,388 [WARN] ModelIntegratedComponent:63 - No mode defined for component null
2024-02-08 12:31:48,388 [WARN] ModelIntegratedComponent:63 - No mode defined for component null
2024-02-08 12:31:48,388 [WARN] ModelIntegratedComponent:63 - No mode defined for component null
2024-02-08 12:31:48,388 [WARN] ModelIntegratedComponent:63 - No mode defined for component null
2024-02-08 12:31:48,389 [WARN] ModelIntegratedComponent:63 - No mode defined for component null
2024-02-08 12:31:48,389 [WARN] ModelIntegratedComponent:63 - No mode defined for component null
2024-02-08 12:31:48,389 [WARN] ModelIntegratedComponent:63 - No mode defined for component null
2024-02-08 12:31:48,389 [WARN] ModelIntegratedComponent:63 - No mode defined for component null
2024-02-08 12:31:48,389 [WARN] ModelIntegratedComponent:63 - No mode defined for component null
2024-02-08 12:31:48,398 [INFO] RtosManager:555 - Registered RTOS mode: class=CMSIS, group=RTOS, mode=CMSIS_V1, owner=FREERTOS
2024-02-08 12:31:48,398 [INFO] RtosManager:555 - Registered RTOS mode: class=CMSIS, group=RTOS2, mode=CMSIS_V2, owner=FREERTOS
2024-02-08 12:31:48,398 [INFO] RtosManager:555 - Registered RTOS mode: class=RTOS, group=Core, mode=CMSIS_V1, owner=FREERTOS
2024-02-08 12:31:48,398 [INFO] RtosManager:555 - Registered RTOS mode: class=RTOS, group=Core, mode=CMSIS_V2, owner=FREERTOS
2024-02-08 12:31:48,399 [WARN] ModelIntegratedComponent:184 - Missing modes for component STMicroelectronics:FreeRTOS:0.0.1:STMicroelectronics:RTOS:FreeRTOS:Core:::10.2.0:
2024-02-08 12:31:48,399 [WARN] ModelIntegratedComponent:182 - Modes not found for component STMicroelectronics:USB_DEVICE:1.0.0:STMicroelectronics:USB::USB Device:Audio HS::1.0:USB_DEVICE_1_0_RESTRICTED_HS
2024-02-08 12:31:48,400 [WARN] ModelIntegratedComponent:188 - Modes not found for component STMicroelectronics:USB_DEVICE:1.0.0:STMicroelectronics:USB::USB Device:Audio HS::1.0:USB_DEVICE_1_0_RESTRICTED_HS
2024-02-08 12:31:48,400 [WARN] ModelIntegratedComponent:182 - Modes not found for component STMicroelectronics:USB_DEVICE:1.0.0:STMicroelectronics:USB::USB Device:CDC HS::1.0:USB_DEVICE_1_0_RESTRICTED_HS
2024-02-08 12:31:48,400 [WARN] ModelIntegratedComponent:188 - Modes not found for component STMicroelectronics:USB_DEVICE:1.0.0:STMicroelectronics:USB::USB Device:CDC HS::1.0:USB_DEVICE_1_0_RESTRICTED_HS
2024-02-08 12:31:48,400 [WARN] ModelIntegratedComponent:182 - Modes not found for component STMicroelectronics:USB_DEVICE:1.0.0:STMicroelectronics:USB::USB Device:DFU HS::1.0:USB_DEVICE_1_0_RESTRICTED_HS
2024-02-08 12:31:48,400 [WARN] ModelIntegratedComponent:188 - Modes not found for component STMicroelectronics:USB_DEVICE:1.0.0:STMicroelectronics:USB::USB Device:DFU HS::1.0:USB_DEVICE_1_0_RESTRICTED_HS
2024-02-08 12:31:48,400 [WARN] ModelIntegratedComponent:182 - Modes not found for component STMicroelectronics:USB_DEVICE:1.0.0:STMicroelectronics:USB::USB Device:HID HS::1.0:USB_DEVICE_1_0_RESTRICTED_HS
2024-02-08 12:31:48,400 [WARN] ModelIntegratedComponent:188 - Modes not found for component STMicroelectronics:USB_DEVICE:1.0.0:STMicroelectronics:USB::USB Device:HID HS::1.0:USB_DEVICE_1_0_RESTRICTED_HS
2024-02-08 12:31:48,400 [WARN] ModelIntegratedComponent:182 - Modes not found for component STMicroelectronics:USB_DEVICE:1.0.0:STMicroelectronics:USB::USB Device:Custom HID HS::1.0:USB_DEVICE_1_0_RESTRICTED_HS
2024-02-08 12:31:48,401 [WARN] ModelIntegratedComponent:188 - Modes not found for component STMicroelectronics:USB_DEVICE:1.0.0:STMicroelectronics:USB::USB Device:Custom HID HS::1.0:USB_DEVICE_1_0_RESTRICTED_HS
2024-02-08 12:31:48,401 [WARN] ModelIntegratedComponent:182 - Modes not found for component STMicroelectronics:USB_DEVICE:1.0.0:STMicroelectronics:USB::USB Device:MSC HS::1.0:USB_DEVICE_1_0_RESTRICTED_HS
2024-02-08 12:31:48,401 [WARN] ModelIntegratedComponent:188 - Modes not found for component STMicroelectronics:USB_DEVICE:1.0.0:STMicroelectronics:USB::USB Device:MSC HS::1.0:USB_DEVICE_1_0_RESTRICTED_HS
2024-02-08 12:31:48,403 [WARN] ModelIntegratedComponent:182 - Modes not found for component STMicroelectronics:USB_HOST:1.0.0:STMicroelectronics:USB::USB Host:Audio HS::1.0:USB_HOST_1_0_RESTRICTED_HS
2024-02-08 12:31:48,403 [WARN] ModelIntegratedComponent:188 - Modes not found for component STMicroelectronics:USB_HOST:1.0.0:STMicroelectronics:USB::USB Host:Audio HS::1.0:USB_HOST_1_0_RESTRICTED_HS
2024-02-08 12:31:48,404 [WARN] ModelIntegratedComponent:182 - Modes not found for component STMicroelectronics:USB_HOST:1.0.0:STMicroelectronics:USB::USB Host:CDC HS::1.0:USB_HOST_1_0_RESTRICTED_HS
2024-02-08 12:31:48,404 [WARN] ModelIntegratedComponent:188 - Modes not found for component STMicroelectronics:USB_HOST:1.0.0:STMicroelectronics:USB::USB Host:CDC HS::1.0:USB_HOST_1_0_RESTRICTED_HS
2024-02-08 12:31:48,404 [WARN] ModelIntegratedComponent:182 - Modes not found for component STMicroelectronics:USB_HOST:1.0.0:STMicroelectronics:USB::USB Host:MSC HS::1.0:USB_HOST_1_0_RESTRICTED_HS
2024-02-08 12:31:48,404 [WARN] ModelIntegratedComponent:188 - Modes not found for component STMicroelectronics:USB_HOST:1.0.0:STMicroelectronics:USB::USB Host:MSC HS::1.0:USB_HOST_1_0_RESTRICTED_HS
2024-02-08 12:31:48,404 [WARN] ModelIntegratedComponent:182 - Modes not found for component STMicroelectronics:USB_HOST:1.0.0:STMicroelectronics:USB::USB Host:HID HS::1.0:USB_HOST_1_0_RESTRICTED_HS
2024-02-08 12:31:48,404 [WARN] ModelIntegratedComponent:188 - Modes not found for component STMicroelectronics:USB_HOST:1.0.0:STMicroelectronics:USB::USB Host:HID HS::1.0:USB_HOST_1_0_RESTRICTED_HS
2024-02-08 12:31:48,404 [WARN] ModelIntegratedComponent:182 - Modes not found for component STMicroelectronics:USB_HOST:1.0.0:STMicroelectronics:USB::USB Host:MTP HS::1.0:USB_HOST_1_0_RESTRICTED_HS
2024-02-08 12:31:48,404 [WARN] ModelIntegratedComponent:188 - Modes not found for component STMicroelectronics:USB_HOST:1.0.0:STMicroelectronics:USB::USB Host:MTP HS::1.0:USB_HOST_1_0_RESTRICTED_HS
2024-02-08 12:31:48,411 [INFO] ThirdPartyModel:298 - Start build external matchings
2024-02-08 12:31:48,422 [INFO] ThirdPartyModel:316 - End build external matchings
2024-02-08 12:31:48,730 [INFO] UtilMem:75 - End LoadConfig() Used Memory: 151488488 Bytes (268435456)
2024-02-08 12:31:48,961 [INFO] ApiDb:581 - Connected to CubeFinder SQLite database (/home/mirafra/.stmcufinder/plugins/mcufinder/mcu/cube-finder-db.db)
2024-02-08 12:31:49,117 [INFO] ApiDb:668 - CubeFinder database Data Model version=2.1
2024-02-08 12:31:49,118 [INFO] ApiDb:669 - CubeFinder database Configuration version=3.0.39
2024-02-08 12:31:49,118 [INFO] ApiDb:670 - CubeFinder database generation date=2024-01-11 (1704964531)
2024-02-08 12:31:49,118 [INFO] ApiDb:671 - CubeFinder database FW Pack versions=[FP-ATR-ASTRA1_V2.0.0, FP-SNS-FLIGHT1_V5.0.1, FP-SNS-FLIGHT1_V5.0.2, FP-SNS-MOTENV1_V4.3.1, FP-SNS-MOTENV1_V4.3.2, FP-SNS-MOTENVWB1_V1.3.1, FP-SNS-SMARTAG2_V1.2.0, STM32Cube_FW_C0_V1.1.0, STM32Cube_FW_F4_V1.28.0, STM32Cube_FW_F7_V1.17.0, STM32Cube_FW_G0_V1.6.2, STM32Cube_FW_G4_V1.5.2, STM32Cube_FW_H5_V0.5.1, STM32Cube_FW_H5_V1.1.1, STM32Cube_FW_H5_V1.2.0RC2, STM32Cube_FW_H7_V1.11.0, STM32Cube_FW_L0_V1.12.2, STM32Cube_FW_L5_V1.5.0, STM32Cube_FW_U5_V1.3.0RC4, STM32Cube_FW_U5_V1.4.0, STM32Cube_FW_WBA_V1.0.0RC1, STM32Cube_FW_WBA_V1.1.0RC1, STM32Cube_FW_WBA_V1.2.0, STM32Cube_FW_WBA_V1.2.0RC2, STM32Cube_FW_WB_V1.15.0RC1, STM32Cube_FW_WB_V1.16.0, STM32Cube_FW_WB_V1.16.0RC2, STM32Cube_FW_WB_V1.18.0, STM32Cube_FW_WL_V1.3.0, X-CUBE-ALGOBUILD_V1.3.0, X-CUBE-ALS_V1.0.1, X-CUBE-AZRTOS-F4_V1.1.0, X-CUBE-AZRTOS-F7_V1.1.0, X-CUBE-AZRTOS-G0_V1.1.0, X-CUBE-AZRTOS-G4_V2.0.0, X-CUBE-AZRTOS-H7_V3.2.0, X-CUBE-AZRTOS-L4_V1.0.0, X-CUBE-AZRTOS-L4_V2.0.0, X-CUBE-AZRTOS-L5_V1.1.0, X-CUBE-AZRTOS-WB_V2.0.0, X-CUBE-AZRTOS-WL_V2.0.0, X-CUBE-BLE1_V7.0.0, X-CUBE-BLE2_V3.3.0, X-CUBE-BLEMGR_V3.0.0, X-CUBE-EEPRMA1_V4.1.0, X-CUBE-EEPRMA1_V4.2.0, X-CUBE-FREERTOS_V1.1.0, X-CUBE-GNSS1_V6.0.0, X-CUBE-MEMS1_V10.0.0, X-CUBE-MEMS1_V9.1.0, X-CUBE-MEMS1_V9.4.0, X-CUBE-MEMS1_V9.6.0, X-CUBE-NFC4_V3.0.0, X-CUBE-NFC7_V1.0.1, X-CUBE-SFXS2LP1_V4.0.0, X-CUBE-SUBG2_V5.0.0, X-CUBE-TOF1_V3.4.0]
2024-02-08 12:31:52,350 [INFO] ApiDb:240 - Found 371 in-development CPN: [B-G473E-ZEST1S, B-WB1M-WPAN1, B-WL5M-SUBG1, NUCLEO-C031C6, NUCLEO-H503RB, NUCLEO-H563ZI, NUCLEO-U545RE-Q, NUCLEO-U5A5ZJ-Q, NUCLEO-WBA52CG, NUCLEO-WBA55CG, STEVAL-MKBOXPRO, STEVAL-PROTEUS1, STEVAL-STWINBX1, STM320518-EVAL, STM32C0116-DK, STM32C011D6Y3TR, STM32C011D6Y6TR, STM32C011F4P3, STM32C011F4P6, STM32C011F4U3, STM32C011F4U6TR, STM32C011F6P3, STM32C011F6P6, STM32C011F6U3, STM32C011F6U6TR, STM32C011J4M3, STM32C011J4M6, STM32C011J6M3, STM32C011J6M6, STM32C0316-DK, STM32C031C4T3, STM32C031C4T6, STM32C031C4U3, STM32C031C4U6, STM32C031C6T3, STM32C031C6T6, STM32C031C6U3, STM32C031C6U6, STM32C031F4P3, STM32C031F4P6, STM32C031F6P3, STM32C031F6P6, STM32C031G4U3, STM32C031G4U6, STM32C031G6U3, STM32C031G6U6, STM32C031K4T3, STM32C031K4T6, STM32C031K4U3, STM32C031K4U6, STM32C031K6T3, STM32C031K6T6, STM32C031K6U3, STM32C031K6U6, STM32G071K8TXN, STM32G071K8UXN, STM32G081GBU6N, STM32G081KBT6N, STM32G081KBUXN, STM32G0B1CCT6N, STM32G0B1KCT6, STM32G0B1NEY6TR, STM32G0B1RCT6N, STM32G0C1CCT6, STM32G0C1CCT6N, STM32G0C1CCU6N, STM32G0C1CET6N, STM32G0C1CEU6N, STM32G0C1KCT6, STM32G0C1NEY6TR, STM32G0C1RCI6N, STM32G0C1RCT6N, STM32G0C1REI6N, STM32G0C1RET6N, STM32G0C1VCI6, STM32G0C1VEI6, STM32G471CCT6, STM32G471CCU6, STM32G471CET3, STM32G471CET6, STM32G471CEU3, STM32G471CEU6, STM32G471MCT6, STM32G471MET3, STM32G471MET6, STM32G471MEY6TR, STM32G471QCT6, STM32G471QET3, STM32G471RCT6, STM32G471RET3, STM32G471RET6, STM32G471VCH6, STM32G471VCI6, STM32G471VCT6, STM32G471VEH3, STM32G471VEH6, STM32G471VEI3, STM32G471VEI6, STM32G471VET3, STM32G471VET6, STM32G474CCT6, STM32H503CBT6, STM32H503CBU6, STM32H503EBY6TR, STM32H503KBU6, STM32H503RBT6, STM32H562AGI6, STM32H562AII6, STM32H562IGK6, STM32H562IGT6, STM32H562IIK6, STM32H562IIT6, STM32H562RGT6, STM32H562RGV6, STM32H562RIT6, STM32H562RIV6, STM32H562VGT6, STM32H562VIT6, STM32H562ZGT6, STM32H562ZIT6, STM32H563AGI6, STM32H563AII3Q, STM32H563AII6, STM32H563IGK6, STM32H563IGT6, STM32H563IIK3Q, STM32H563IIK6, STM32H563IIT3Q, STM32H563IIT6, STM32H563MIY3QTR, STM32H563RGT6, STM32H563RGV6, STM32H563RIT6, STM32H563RIV6, STM32H563VGT6, STM32H563VIT3Q, STM32H563VIT6, STM32H563ZGT6, STM32H563ZIT3Q, STM32H563ZIT6, STM32H573AII3Q, STM32H573AII6, STM32H573I-DK, STM32H573IIK3Q, STM32H573IIK6, STM32H573IIT3Q, STM32H573IIT6, STM32H573MIY3QTR, STM32H573RIT6, STM32H573RIV6, STM32H573VIT3Q, STM32H573VIT6, STM32H573ZIT3Q, STM32H573ZIT6, STM32L4R5QGI6STR, STM32MP131AAE3, STM32MP131AAF3, STM32MP131AAG3, STM32MP131CAE3, STM32MP131CAF3, STM32MP131CAG3, STM32MP131DAE7, STM32MP131DAF7, STM32MP131DAG7, STM32MP131FAE7, STM32MP131FAF7, STM32MP131FAG7, STM32MP133AAE3, STM32MP133AAF3, STM32MP133AAG3, STM32MP133CAE3, STM32MP133CAF3, STM32MP133CAG3, STM32MP133DAE7, STM32MP133DAF7, STM32MP133DAG7, STM32MP133FAE7, STM32MP133FAF7, STM32MP133FAG7, STM32MP135AAE3, STM32MP135AAF3, STM32MP135AAG3, STM32MP135CAE3, STM32MP135CAF3, STM32MP135CAG3, STM32MP135DAE7, STM32MP135DAF7, STM32MP135DAG7, STM32MP135F-DK, STM32MP135FAE7, STM32MP135FAF7, STM32MP135FAF7T, STM32MP135FAF7U, STM32MP135FAG7, STM32U535CBT6, STM32U535CBT6Q, STM32U535CBU6, STM32U535CBU6Q, STM32U535CCT6, STM32U535CCT6Q, STM32U535CCU6, STM32U535CCU6Q, STM32U535CET6, STM32U535CET6Q, STM32U535CEU6, STM32U535CEU6Q, STM32U535JEY6QTR, STM32U535NCY6QTR, STM32U535NEY6QTR, STM32U535RBI6, STM32U535RBI6Q, STM32U535RBT6, STM32U535RBT6Q, STM32U535RCI6, STM32U535RCI6Q, STM32U535RCT6, STM32U535RCT6Q, STM32U535REI6, STM32U535REI6Q, STM32U535RET6, STM32U535RET6Q, STM32U535VCI6, STM32U535VCI6Q, STM32U535VCT6, STM32U535VCT6Q, STM32U535VEI6, STM32U535VEI6Q, STM32U535VET6, STM32U535VET6Q, STM32U545CET6, STM32U545CET6Q, STM32U545CEU6, STM32U545CEU6Q, STM32U545JEY6QTR, STM32U545NEY6QTR, STM32U545REI6, STM32U545REI6Q, STM32U545RET6, STM32U545RET6Q, STM32U545VEI6, STM32U545VEI6Q, STM32U545VET6, STM32U545VET6Q, STM32U595AIH6, STM32U595AIH6Q, STM32U595AJH6, STM32U595AJH6Q, STM32U595QII6, STM32U595QII6Q, STM32U595QJI6, STM32U595QJI6Q, STM32U595RIT6, STM32U595RIT6Q, STM32U595RJT6, STM32U595RJT6Q, STM32U595VIT6, STM32U595VIT6Q, STM32U595VJT6, STM32U595VJT6Q, STM32U595ZIT6, STM32U595ZIT6Q, STM32U595ZIY6QTR, STM32U595ZJT6, STM32U595ZJT6Q, STM32U595ZJY6QTR, STM32U599BJY6QTR, STM32U599NIH6Q, STM32U599NJH6Q, STM32U599VIT6Q, STM32U599VJT6, STM32U599VJT6Q, STM32U599ZIT6Q, STM32U599ZIY6QTR, STM32U599ZJT6Q, STM32U599ZJY6QTR, STM32U5A5AJH6, STM32U5A5AJH6Q, STM32U5A5QJI6, STM32U5A5QJI6Q, STM32U5A5RJT6, STM32U5A5RJT6Q, STM32U5A5VJT6, STM32U5A5VJT6Q, STM32U5A5ZJT6, STM32U5A5ZJT6Q, STM32U5A5ZJY6QTR, STM32U5A9BJY6QTR, STM32U5A9J-DK, STM32U5A9NJH6Q, STM32U5A9VJT6Q, STM32U5A9ZJT6Q, STM32U5A9ZJY6QTR, STM32U5F7VIT6, STM32U5F7VIT6Q, STM32U5F7VJT6, STM32U5F7VJT6Q, STM32U5F9BJY6QTR, STM32U5F9NJH6Q, STM32U5F9VIT6Q, STM32U5F9VJT6Q, STM32U5F9ZIJ6QTR, STM32U5F9ZIT6Q, STM32U5F9ZJJ6QTR, STM32U5F9ZJT6Q, STM32U5G7VJT6, STM32U5G7VJT6Q, STM32U5G9BJY6QTR, STM32U5G9J-DK1, STM32U5G9J-DK2, STM32U5G9NJH6Q, STM32U5G9VJT6Q, STM32U5G9ZJJ6QTR, STM32U5G9ZJT6Q, STM32WB1MMCH6, STM32WBA50KEU6, STM32WBA50KEU6TR, STM32WBA50KGU6, STM32WBA50KGU6TR, STM32WBA52CEU6, STM32WBA52CEU6TR, STM32WBA52CEU7, STM32WBA52CEU7TR, STM32WBA52CGU6, STM32WBA52CGU6TR, STM32WBA52CGU6U, STM32WBA52CGU7, STM32WBA52CGU7TR, STM32WBA52KEU6, STM32WBA52KEU6TR, STM32WBA52KGU6, STM32WBA52KGU6TR, STM32WBA54CEU6, STM32WBA54CEU6TR, STM32WBA54CEU7, STM32WBA54CEU7TR, STM32WBA54CGU6, STM32WBA54CGU6TR, STM32WBA54CGU7, STM32WBA54CGU7TR, STM32WBA54KEU6, STM32WBA54KEU6TR, STM32WBA54KEU7, STM32WBA54KEU7TR, STM32WBA54KGU6, STM32WBA54KGU6TR, STM32WBA54KGU7, STM32WBA54KGU7TR, STM32WBA55CEU6, STM32WBA55CEU6TR, STM32WBA55CEU7, STM32WBA55CEU7TR, STM32WBA55CGU6, STM32WBA55CGU6TR, STM32WBA55CGU6U, STM32WBA55CGU7, STM32WBA55CGU7TR, STM32WBA55G-DK1, STM32WBA55HEF6, STM32WBA55HEF7, STM32WBA55HGF6, STM32WBA55HGF7, STM32WBA55UEI6, STM32WBA55UEI6TR, STM32WBA55UEI7, STM32WBA55UEI7TR, STM32WBA55UGI6, STM32WBA55UGI6TR, STM32WBA55UGI7, STM32WBA55UGI7TR, STM32WL5MOCH6, STM32WL5MOCH6TR]
2024-02-08 12:31:52,355 [INFO] DbMcus:218 - Found 3930 MCUs, 3930 are supported
2024-02-08 12:31:52,357 [INFO] ApiDb:423 - Load user favorites file /home/mirafra/.stm32cubeide/favorites.mcus.txt: 0 item(s)
2024-02-08 12:31:52,357 [INFO] ApiDb:427 - User favorites MCUs=[]
2024-02-08 12:31:52,357 [INFO] DbMcus:224 - Set 0 / 0 favorites MCUs
2024-02-08 12:31:52,860 [INFO] MicroXplorer:468 - Change Database Path : 
2024-02-08 12:31:52,860 [INFO] MicroXplorer:498 - Change Database Version : DB.6.0.100
2024-02-08 12:31:52,861 [WARN] ThirdParty:833 - waiting for thirdparty lock release [change project]
2024-02-08 12:31:52,861 [INFO] ThirdParty:835 - entering critical section [change project]
2024-02-08 12:31:52,861 [INFO] ThirdParty:1030 - CMSIS Pack Vendor :STMicroelectronics USBPD 4.1
2024-02-08 12:31:52,861 [INFO] ThirdParty:1030 - CMSIS Pack Vendor :STMicroelectronics USB_HOST 2.0.0
2024-02-08 12:31:52,861 [INFO] ThirdParty:1030 - CMSIS Pack Vendor :STMicroelectronics LIBJPEG 8.0.0
2024-02-08 12:31:52,861 [INFO] ThirdParty:1030 - CMSIS Pack Vendor :STMicroelectronics FP-ATR-SIGFOX1 3.2.0
2024-02-08 12:31:52,862 [INFO] ThirdParty:1030 - CMSIS Pack Vendor :STMicroelectronics USB_DEVICE 3.0.0
2024-02-08 12:31:52,862 [INFO] ThirdParty:1030 - CMSIS Pack Vendor :STMicroelectronics HAL Drivers 0.0.0
2024-02-08 12:31:52,862 [INFO] ThirdParty:1030 - CMSIS Pack Vendor :STMicroelectronics MBEDTLS 2.16.2
2024-02-08 12:31:52,862 [INFO] ThirdParty:1030 - CMSIS Pack Vendor :STMicroelectronics MBEDTLS 2.14.1
2024-02-08 12:31:52,862 [INFO] ThirdParty:1030 - CMSIS Pack Vendor :STMicroelectronics USB_DEVICE 2.0.0
2024-02-08 12:31:52,862 [INFO] ThirdParty:1030 - CMSIS Pack Vendor :STMicroelectronics ThreadX 1.0.0
2024-02-08 12:31:52,863 [INFO] ThirdParty:1030 - CMSIS Pack Vendor :STMicroelectronics FP-SNS-SMARTAG2 1.2.0
2024-02-08 12:31:52,863 [INFO] ThirdParty:1030 - CMSIS Pack Vendor :STMicroelectronics FP-SNS-MOTENV1 4.3.2
2024-02-08 12:31:52,863 [INFO] ThirdParty:1030 - CMSIS Pack Vendor :STMicroelectronics FreeRTOS 0.0.1
2024-02-08 12:31:52,863 [INFO] ThirdParty:1030 - CMSIS Pack Vendor :STMicroelectronics USB_DEVICE 1.0.0
2024-02-08 12:31:52,863 [INFO] ThirdParty:1030 - CMSIS Pack Vendor :STMicroelectronics X-CUBE-AI 8.1.0
2024-02-08 12:31:52,863 [INFO] ThirdParty:1030 - CMSIS Pack Vendor :STMicroelectronics STM32_WPAN 1.0.0
2024-02-08 12:31:52,863 [INFO] ThirdParty:1030 - CMSIS Pack Vendor :STMicroelectronics ThreadX 0.0.2
2024-02-08 12:31:52,863 [INFO] ThirdParty:1030 - CMSIS Pack Vendor :STMicroelectronics FP-ATR-ASTRA1 2.0.0
2024-02-08 12:31:52,864 [INFO] ThirdParty:1030 - CMSIS Pack Vendor :STMicroelectronics lwIP 2.1.2
2024-02-08 12:31:52,864 [INFO] ThirdParty:1030 - CMSIS Pack Vendor :STMicroelectronics lwIP 2.0.3
2024-02-08 12:31:52,864 [INFO] ThirdParty:1030 - CMSIS Pack Vendor :STMicroelectronics FP-SNS-FLIGHT1 5.0.2
2024-02-08 12:31:52,864 [INFO] ThirdParty:1030 - CMSIS Pack Vendor :STMicroelectronics USB_HOST 1.0.0
2024-02-08 12:31:52,864 [INFO] ThirdParty:1030 - CMSIS Pack Vendor :STMicroelectronics PDM2PCM 3.1.0
2024-02-08 12:31:52,864 [INFO] ThirdParty:1030 - CMSIS Pack Vendor :STMicroelectronics PDM2PCM 3.2.0
2024-02-08 12:31:52,864 [INFO] ThirdParty:1030 - CMSIS Pack Vendor :STMicroelectronics PDM2PCM 3.3.0
2024-02-08 12:31:52,864 [INFO] ThirdParty:841 - exiting critical section [change project]
2024-02-08 12:31:53,568 [INFO] PinOutPanel:1499 - setPackage(No Configuration,No Configuration)
2024-02-08 12:31:53,574 [INFO] PinOutPanel:1499 - setPackage(STM32F401RBTx,LQFP64)
2024-02-08 12:31:54,888 [INFO] UtilMem:75 - Before build in PCC Used Memory: 173643384 Bytes (297795584)
2024-02-08 12:31:56,655 [INFO] UtilMem:75 - After build in PCC Used Memory: 196664096 Bytes (297795584)
2024-02-08 12:31:56,750 [INFO] IPUIPlugin:80 - create IPUIPlugin
2024-02-08 12:31:56,751 [INFO] IPUIPlugin:80 - create IPUIPlugin
2024-02-08 12:31:56,751 [INFO] IPUIPlugin:80 - create IPUIPlugin
2024-02-08 12:31:56,751 [INFO] IPUIPlugin:80 - create IPUIPlugin
2024-02-08 12:31:56,751 [INFO] IPUIPlugin:80 - create IPUIPlugin
2024-02-08 12:31:56,751 [INFO] IPUIPlugin:80 - create IPUIPlugin
2024-02-08 12:31:56,752 [INFO] IPUIPlugin:80 - create IPUIPlugin
2024-02-08 12:31:56,752 [INFO] IPUIPlugin:80 - create IPUIPlugin
2024-02-08 12:31:56,752 [INFO] IPUIPlugin:80 - create IPUIPlugin
2024-02-08 12:31:56,755 [INFO] IPUIPlugin:80 - create IPUIPlugin
2024-02-08 12:31:56,756 [INFO] IPUIPlugin:80 - create IPUIPlugin
2024-02-08 12:31:56,756 [INFO] IPUIPlugin:80 - create IPUIPlugin
2024-02-08 12:31:56,757 [INFO] IPUIPlugin:80 - create IPUIPlugin
2024-02-08 12:31:56,758 [INFO] IPUIPlugin:80 - create IPUIPlugin
2024-02-08 12:31:56,758 [INFO] IPUIPlugin:80 - create IPUIPlugin
2024-02-08 12:31:56,758 [INFO] IPUIPlugin:80 - create IPUIPlugin
2024-02-08 12:31:56,759 [INFO] IPUIPlugin:80 - create IPUIPlugin
2024-02-08 12:31:56,760 [INFO] IPUIPlugin:80 - create IPUIPlugin
2024-02-08 12:31:56,760 [INFO] IPUIPlugin:80 - create IPUIPlugin
2024-02-08 12:31:56,760 [INFO] IPUIPlugin:80 - create IPUIPlugin
2024-02-08 12:31:56,761 [INFO] IPUIPlugin:80 - create IPUIPlugin
2024-02-08 12:31:56,761 [INFO] IPUIPlugin:80 - create IPUIPlugin
2024-02-08 12:31:56,761 [INFO] IPUIPlugin:80 - create IPUIPlugin
2024-02-08 12:31:56,762 [INFO] IPUIPlugin:80 - create IPUIPlugin
2024-02-08 12:31:56,762 [INFO] IPUIPlugin:80 - create IPUIPlugin
2024-02-08 12:31:56,762 [INFO] IPUIPlugin:80 - create IPUIPlugin
2024-02-08 12:31:56,762 [INFO] IPUIPlugin:80 - create IPUIPlugin
2024-02-08 12:31:56,762 [INFO] IPUIPlugin:80 - create IPUIPlugin
2024-02-08 12:31:56,763 [INFO] IPUIPlugin:80 - create IPUIPlugin
2024-02-08 12:31:56,763 [INFO] IPUIPlugin:80 - create IPUIPlugin
2024-02-08 12:31:56,763 [INFO] IPUIPlugin:80 - create IPUIPlugin
2024-02-08 12:31:56,763 [INFO] IPUIPlugin:80 - create IPUIPlugin
2024-02-08 12:31:56,763 [INFO] IPUIPlugin:80 - create IPUIPlugin
2024-02-08 12:31:56,763 [INFO] IPUIPlugin:80 - create IPUIPlugin
2024-02-08 12:31:56,765 [INFO] IPUIPlugin:80 - create IPUIPlugin
2024-02-08 12:31:56,766 [INFO] IPUIPlugin:80 - create IPUIPlugin
2024-02-08 12:31:56,767 [INFO] IPUIPlugin:80 - create IPUIPlugin
2024-02-08 12:31:56,768 [INFO] IPUIPlugin:80 - create IPUIPlugin
2024-02-08 12:31:56,840 [INFO] ApiDbMcu:508 - Load IP Config File for PDM2PCM
2024-02-08 12:31:57,139 [INFO] CADModel:165 - CPN selected for project levelSTM32F401RBT6
2024-02-08 12:31:57,139 [INFO] CADModel:114 - Register for checkConnection events
2024-02-08 12:31:57,209 [INFO] OpenFileManager:343 - Restore cursor
2024-02-08 12:32:08,471 [ERROR] LogOutputStream:75 - [STDERR_REDIRECT] SLF4J: Failed to load class "org.slf4j.impl.StaticLoggerBinder".
2024-02-08 12:32:08,472 [ERROR] LogOutputStream:75 - [STDERR_REDIRECT] SLF4J: Defaulting to no-operation (NOP) logger implementation
2024-02-08 12:32:08,472 [ERROR] LogOutputStream:75 - [STDERR_REDIRECT] SLF4J: See http://www.slf4j.org/codes.html#StaticLoggerBinder for further details.
2024-02-08 12:40:32,611 [ERROR] LogOutputStream:75 - [STDERR_REDIRECT] 
2024-02-08 12:43:59,275 [INFO] Activator:176 - 


2024-02-08 12:43:59,279 [INFO] Activator:177 - !SESSION log4j initialized
2024-02-08 12:44:06,955 [INFO] LogOutputStream:77 - [STDOUT_REDIRECT] 
2024-02-08 12:44:08,274 [INFO] ApplicationProperties:184 - Using Application install path: /opt/st/stm32cubeide_1.14.0/plugins/com.st.stm32cube.common.mx_6.10.0.202311202037
2024-02-08 12:44:08,339 [INFO] DbMcusXml:78 - Set database path to: /opt/st/stm32cubeide_1.14.0/plugins/com.st.stm32cube.common.mx_6.10.0.202311202037//db//mcu/
2024-02-08 12:44:08,339 [INFO] ApiDb:274 - Set plugin database path to: /opt/st/stm32cubeide_1.14.0/plugins/com.st.stm32cube.common.mx_6.10.0.202311202037//db//plugins/boardmanager/
2024-02-08 12:44:08,340 [WARN] ApiDb:259 - Overriding images path with different value:  => /opt/st/stm32cubeide_1.14.0/plugins/com.st.stm32cube.common.mx_6.10.0.202311202037//db//plugins/mcufinder/images/
2024-02-08 12:44:08,372 [INFO] ApiDb:250 - Set database path to: /home/mirafra/.stmcufinder/plugins/mcufinder//mcu/
2024-02-08 12:44:08,373 [INFO] DbMcusAds:125 - Set database path to: /home/mirafra/.stmcufinder/plugins/mcufinder//mcu/
2024-02-08 12:44:08,382 [INFO] CrossReferenceDbSqlite:203 - Set database path to: /home/mirafra/.stmcufinder/plugins/mcufinder//mcu/cs/
2024-02-08 12:44:09,037 [INFO] RulesReader:64 - Compatibility file has been processed (297 Rules)
2024-02-08 12:44:09,642 [INFO] DbMcusXml:78 - Set database path to: /opt/st/stm32cubeide_1.14.0/plugins/com.st.stm32cube.common.mx_6.10.0.202311202037//db//mcu/
2024-02-08 12:44:09,642 [INFO] ApiDb:274 - Set plugin database path to: /opt/st/stm32cubeide_1.14.0/plugins/com.st.stm32cube.common.mx_6.10.0.202311202037//db//plugins/boardmanager/
2024-02-08 12:44:09,643 [INFO] ApiDb:261 - Set plugin images path to: /opt/st/stm32cubeide_1.14.0/plugins/com.st.stm32cube.common.mx_6.10.0.202311202037//db//plugins/mcufinder/images/
2024-02-08 12:44:09,643 [WARN] DbFile:41 - Overriding database path with different value: /home/mirafra/.stmcufinder/plugins/mcufinder/ => /home/mirafra/.stmcufinder/plugins/mcufinder
2024-02-08 12:44:09,644 [INFO] ApiDb:250 - Set database path to: /home/mirafra/.stmcufinder/plugins/mcufinder//mcu/
2024-02-08 12:44:09,647 [WARN] DbFile:41 - Overriding database path with different value: /home/mirafra/.stmcufinder/plugins/mcufinder/ => /home/mirafra/.stmcufinder/plugins/mcufinder
2024-02-08 12:44:09,648 [INFO] DbMcusAds:125 - Set database path to: /home/mirafra/.stmcufinder/plugins/mcufinder//mcu/
2024-02-08 12:44:09,648 [WARN] DbFile:41 - Overriding database path with different value: /home/mirafra/.stmcufinder/plugins/mcufinder/ => /home/mirafra/.stmcufinder/plugins/mcufinder
2024-02-08 12:44:09,648 [WARN] DbFile:41 - Overriding database path with different value: /home/mirafra/.stmcufinder/plugins/mcufinder/ => /home/mirafra/.stmcufinder/plugins/mcufinder
2024-02-08 12:44:09,648 [INFO] CrossReferenceDbSqlite:203 - Set database path to: /home/mirafra/.stmcufinder/plugins/mcufinder//mcu/cs/
2024-02-08 12:44:10,169 [INFO] MainPanel:264 - HeapMemory: 268435456
2024-02-08 12:44:11,066 [INFO] DbMcusXml:78 - Set database path to: /opt/st/stm32cubeide_1.14.0/plugins/com.st.stm32cube.common.mx_6.10.0.202311202037//db//mcu/
2024-02-08 12:44:11,066 [INFO] ApiDb:274 - Set plugin database path to: /opt/st/stm32cubeide_1.14.0/plugins/com.st.stm32cube.common.mx_6.10.0.202311202037//db//plugins/boardmanager/
2024-02-08 12:44:11,066 [INFO] ApiDb:261 - Set plugin images path to: /opt/st/stm32cubeide_1.14.0/plugins/com.st.stm32cube.common.mx_6.10.0.202311202037//db//plugins/mcufinder/images/
2024-02-08 12:44:11,067 [WARN] DbFile:41 - Overriding database path with different value: /home/mirafra/.stmcufinder/plugins/mcufinder/ => /home/mirafra/.stmcufinder/plugins/mcufinder
2024-02-08 12:44:11,068 [INFO] ApiDb:250 - Set database path to: /home/mirafra/.stmcufinder/plugins/mcufinder//mcu/
2024-02-08 12:44:11,068 [WARN] DbFile:41 - Overriding database path with different value: /home/mirafra/.stmcufinder/plugins/mcufinder/ => /home/mirafra/.stmcufinder/plugins/mcufinder
2024-02-08 12:44:11,068 [INFO] DbMcusAds:125 - Set database path to: /home/mirafra/.stmcufinder/plugins/mcufinder//mcu/
2024-02-08 12:44:11,068 [WARN] DbFile:41 - Overriding database path with different value: /home/mirafra/.stmcufinder/plugins/mcufinder/ => /home/mirafra/.stmcufinder/plugins/mcufinder
2024-02-08 12:44:11,069 [WARN] DbFile:41 - Overriding database path with different value: /home/mirafra/.stmcufinder/plugins/mcufinder/ => /home/mirafra/.stmcufinder/plugins/mcufinder
2024-02-08 12:44:11,069 [INFO] CrossReferenceDbSqlite:203 - Set database path to: /home/mirafra/.stmcufinder/plugins/mcufinder//mcu/cs/
2024-02-08 12:44:11,149 [INFO] ApplicationProperties:184 - Using Application install path: /opt/st/stm32cubeide_1.14.0/plugins/com.st.stm32cube.common.mx_6.10.0.202311202037
2024-02-08 12:44:11,158 [INFO] PluginManage:196 - Search for loadable plugins [exclusion list=, ]
2024-02-08 12:44:11,171 [INFO] PluginManage:310 - Check plugin analytics
2024-02-08 12:44:12,237 [INFO] AnalyticsPlugin:253 - Accepted Software Licenses: 
2024-02-08 12:44:12,237 [INFO] AnalyticsPlugin:255 - Accepted CMSIS Pack Licenses: 
2024-02-08 12:44:12,238 [INFO] AnalyticsPlugin:257 - Accepted Firmware Licenses: 
2024-02-08 12:44:12,249 [INFO] PluginManage:359 - Loaded plugin analytics (category:tool,tabindex:-1)
2024-02-08 12:44:12,253 [INFO] PluginManage:310 - Check plugin cadmodel
2024-02-08 12:44:12,464 [INFO] CADModel:105 - Init CAD model plugin
2024-02-08 12:44:12,464 [INFO] PluginManage:359 - Loaded plugin cadmodel (category:power,tabindex:5)
2024-02-08 12:44:12,465 [INFO] PluginManage:310 - Check plugin clock
2024-02-08 12:44:12,665 [INFO] PluginManage:359 - Loaded plugin clock (category:base,tabindex:2)
2024-02-08 12:44:12,666 [INFO] PluginManage:310 - Check plugin ddr
2024-02-08 12:44:12,685 [INFO] PluginManage:359 - Loaded plugin ddr (category:tool,tabindex:6)
2024-02-08 12:44:12,686 [INFO] PluginManage:310 - Check plugin filemanager
2024-02-08 12:44:14,033 [INFO] PluginManage:359 - Loaded plugin filemanager (category:base,tabindex:10)
2024-02-08 12:44:14,034 [INFO] PluginManage:310 - Check plugin ipmanager
2024-02-08 12:44:14,110 [INFO] PluginManage:359 - Loaded plugin ipmanager (category:base,tabindex:5)
2024-02-08 12:44:14,115 [INFO] PluginManage:310 - Check plugin lpbam
2024-02-08 12:44:14,212 [INFO] PluginManage:359 - Loaded plugin lpbam (category:base,tabindex:0)
2024-02-08 12:44:14,212 [INFO] PluginManage:310 - Check plugin memorymap
2024-02-08 12:44:14,371 [INFO] PluginManage:359 - Loaded plugin memorymap (category:base,tabindex:4)
2024-02-08 12:44:14,372 [INFO] PluginManage:310 - Check plugin pinoutandconfiguration
2024-02-08 12:44:14,479 [INFO] PluginManage:359 - Loaded plugin pinoutandconfiguration (category:base,tabindex:1)
2024-02-08 12:44:14,481 [INFO] PluginManage:310 - Check plugin pinoutconfig
2024-02-08 12:44:15,225 [WARN] SupportedApi:132 - Cannot load RTOS API schema: s4s-elt-must-match.1: The content of 'definitions' must match (annotation?, (simpleType | complexType)?, (unique | key | keyref)*)). A problem was found starting at: attribute.
2024-02-08 12:44:16,029 [INFO] PluginManage:359 - Loaded plugin pinoutconfig (category:base,tabindex:0)
2024-02-08 12:44:16,029 [INFO] PluginManage:310 - Check plugin power
2024-02-08 12:44:16,137 [INFO] PluginManage:359 - Loaded plugin power (category:power,tabindex:4)
2024-02-08 12:44:16,137 [INFO] PluginManage:310 - Check plugin projectmanager
2024-02-08 12:44:16,230 [INFO] PluginManage:359 - Loaded plugin projectmanager (category:projectmanager,tabindex:3)
2024-02-08 12:44:16,230 [INFO] PluginManage:310 - Check plugin thirdparty
2024-02-08 12:44:17,347 [WARN] IntegrityCheckThread:84 - waiting for thirdparty lock release [integrity check]
2024-02-08 12:44:17,349 [INFO] IntegrityCheckThread:86 - entering critical section [integrity check]
2024-02-08 12:44:17,349 [INFO] ThirdPartyUpdaterWithRetryManager:70 - Updater plugin not ready yet. [1/15]
2024-02-08 12:44:17,348 [INFO] PluginManage:359 - Loaded plugin thirdparty (category:base,tabindex:-1)
2024-02-08 12:44:17,358 [INFO] PluginManage:310 - Check plugin tools
2024-02-08 12:44:17,373 [INFO] PluginManage:359 - Loaded plugin tools (category:base,tabindex:7)
2024-02-08 12:44:17,373 [INFO] PluginManage:310 - Check plugin tutovideos
2024-02-08 12:44:18,500 [INFO] PluginManage:359 - Loaded plugin tutovideos (category:base,tabindex:-1)
2024-02-08 12:44:18,500 [INFO] PluginManage:310 - Check plugin updater
2024-02-08 12:44:18,547 [INFO] PluginManage:359 - Loaded plugin updater (category:base,tabindex:12)
2024-02-08 12:44:18,548 [INFO] PluginManage:310 - Check plugin userauth
2024-02-08 12:44:18,571 [INFO] UserAuth:114 - Init User Auth plugin
2024-02-08 12:44:18,572 [INFO] PluginManage:359 - Loaded plugin userauth (category:base,tabindex:14)
2024-02-08 12:44:18,572 [INFO] PluginManage:283 - PluginManage : Loaded plugins [17]
2024-02-08 12:44:20,159 [INFO] PinOutPanel:1499 - setPackage(No Configuration,No Configuration)
2024-02-08 12:44:20,350 [INFO] ThirdPartyUpdaterWithRetryManager:70 - Updater plugin not ready yet. [2/15]
2024-02-08 12:44:20,582 [INFO] CADModel:165 - CPN selected for project level
2024-02-08 12:44:20,583 [INFO] CADModel:114 - Register for checkConnection events
2024-02-08 12:44:20,635 [INFO] IPUIPlugin:80 - create IPUIPlugin
2024-02-08 12:44:20,636 [INFO] PluginManager:220 - loadIPPluginJar : add usart
2024-02-08 12:44:20,647 [INFO] IPUIPlugin:80 - create IPUIPlugin
2024-02-08 12:44:20,648 [INFO] PluginManager:220 - loadIPPluginJar : add opamp
2024-02-08 12:44:20,676 [INFO] IPUIPlugin:80 - create IPUIPlugin
2024-02-08 12:44:20,686 [INFO] PluginManager:220 - loadIPPluginJar : add plateformsettings
2024-02-08 12:44:20,694 [INFO] IPUIPlugin:80 - create IPUIPlugin
2024-02-08 12:44:20,695 [INFO] PluginManager:220 - loadIPPluginJar : add tim
2024-02-08 12:44:20,720 [INFO] IPUIPlugin:80 - create IPUIPlugin
2024-02-08 12:44:20,721 [INFO] PluginManager:220 - loadIPPluginJar : add spi
2024-02-08 12:44:20,750 [INFO] IPUIPlugin:80 - create IPUIPlugin
2024-02-08 12:44:20,754 [INFO] PluginManager:220 - loadIPPluginJar : add gic
2024-02-08 12:44:20,778 [INFO] IPUIPlugin:80 - create IPUIPlugin
2024-02-08 12:44:20,779 [INFO] PluginManager:220 - loadIPPluginJar : add gpio
2024-02-08 12:44:20,808 [INFO] IPUIPlugin:80 - create IPUIPlugin
2024-02-08 12:44:20,809 [INFO] PluginManager:220 - loadIPPluginJar : add linkedlist
2024-02-08 12:44:20,812 [INFO] IPUIPlugin:80 - create IPUIPlugin
2024-02-08 12:44:20,813 [INFO] PluginManager:220 - loadIPPluginJar : add ltdc
2024-02-08 12:44:20,815 [INFO] IPUIPlugin:80 - create IPUIPlugin
2024-02-08 12:44:20,816 [INFO] PluginManager:220 - loadIPPluginJar : add fatfs
2024-02-08 12:44:20,822 [INFO] IPUIPlugin:80 - create IPUIPlugin
2024-02-08 12:44:20,823 [INFO] PluginManager:220 - loadIPPluginJar : add gfxmmu
2024-02-08 12:44:20,838 [INFO] IPUIPlugin:80 - create IPUIPlugin
2024-02-08 12:44:20,839 [INFO] PluginManager:220 - loadIPPluginJar : add dma3
2024-02-08 12:44:20,846 [INFO] IPUIPlugin:80 - create IPUIPlugin
2024-02-08 12:44:20,847 [INFO] PluginManager:220 - loadIPPluginJar : add resmgrutility
2024-02-08 12:44:20,863 [INFO] IPUIPlugin:80 - create IPUIPlugin
2024-02-08 12:44:20,869 [INFO] PluginManager:220 - loadIPPluginJar : add freertos
2024-02-08 12:44:20,928 [INFO] IPUIPlugin:80 - create IPUIPlugin
2024-02-08 12:44:20,936 [INFO] PluginManager:220 - loadIPPluginJar : add mdma
2024-02-08 12:44:20,959 [INFO] IPUIPlugin:80 - create IPUIPlugin
2024-02-08 12:44:20,959 [INFO] PluginManager:220 - loadIPPluginJar : add nvic
2024-02-08 12:44:20,972 [INFO] IPUIPlugin:80 - create IPUIPlugin
2024-02-08 12:44:20,973 [INFO] PluginManager:220 - loadIPPluginJar : add touchsensing
2024-02-08 12:44:20,992 [INFO] IPUIPlugin:80 - create IPUIPlugin
2024-02-08 12:44:20,992 [INFO] PluginManager:220 - loadIPPluginJar : add usbx
2024-02-08 12:44:21,011 [INFO] IPUIPlugin:80 - create IPUIPlugin
2024-02-08 12:44:21,011 [INFO] PluginManager:220 - loadIPPluginJar : add ipddr
2024-02-08 12:44:21,017 [INFO] IPUIPlugin:80 - create IPUIPlugin
2024-02-08 12:44:21,018 [INFO] PluginManager:220 - loadIPPluginJar : add quadspi
2024-02-08 12:44:21,037 [INFO] IPUIPlugin:80 - create IPUIPlugin
2024-02-08 12:44:21,038 [INFO] PluginManager:220 - loadIPPluginJar : add gtzc
2024-02-08 12:44:21,048 [INFO] IPUIPlugin:80 - create IPUIPlugin
2024-02-08 12:44:21,048 [INFO] PluginManager:220 - loadIPPluginJar : add aes
2024-02-08 12:44:21,093 [INFO] IPUIPlugin:80 - create IPUIPlugin
2024-02-08 12:44:21,094 [INFO] PluginManager:220 - loadIPPluginJar : add dma
2024-02-08 12:44:21,113 [INFO] IPUIPlugin:80 - create IPUIPlugin
2024-02-08 12:44:21,117 [INFO] PluginManager:220 - loadIPPluginJar : add tracer_emb
2024-02-08 12:44:21,142 [INFO] IPUIPlugin:80 - create IPUIPlugin
2024-02-08 12:44:21,143 [INFO] PluginManager:220 - loadIPPluginJar : add hash
2024-02-08 12:44:21,155 [INFO] IPUIPlugin:80 - create IPUIPlugin
2024-02-08 12:44:21,156 [INFO] PluginManager:220 - loadIPPluginJar : add pdm2pcm
2024-02-08 12:44:21,168 [INFO] IPUIPlugin:80 - create IPUIPlugin
2024-02-08 12:44:21,178 [INFO] PluginManager:220 - loadIPPluginJar : add ucpd
2024-02-08 12:44:21,190 [INFO] IPUIPlugin:80 - create IPUIPlugin
2024-02-08 12:44:21,191 [INFO] PluginManager:220 - loadIPPluginJar : add sai
2024-02-08 12:44:21,199 [INFO] IPUIPlugin:80 - create IPUIPlugin
2024-02-08 12:44:21,200 [INFO] PluginManager:220 - loadIPPluginJar : add lorawan
2024-02-08 12:44:21,207 [INFO] IPUIPlugin:80 - create IPUIPlugin
2024-02-08 12:44:21,208 [INFO] PluginManager:220 - loadIPPluginJar : add comp
2024-02-08 12:44:21,216 [INFO] IPUIPlugin:80 - create IPUIPlugin
2024-02-08 12:44:21,216 [INFO] PluginManager:220 - loadIPPluginJar : add tsc
2024-02-08 12:44:21,239 [INFO] IPUIPlugin:80 - create IPUIPlugin
2024-02-08 12:44:21,249 [INFO] PluginManager:220 - loadIPPluginJar : add stm32_wpan
2024-02-08 12:44:21,259 [INFO] IPUIPlugin:80 - create IPUIPlugin
2024-02-08 12:44:21,260 [INFO] PluginManager:220 - loadIPPluginJar : add dfsdm
2024-02-08 12:44:21,268 [INFO] IPUIPlugin:80 - create IPUIPlugin
2024-02-08 12:44:21,270 [INFO] PluginManager:220 - loadIPPluginJar : add ts
2024-02-08 12:44:21,296 [INFO] IPUIPlugin:80 - create IPUIPlugin
2024-02-08 12:44:21,297 [INFO] PluginManager:220 - loadIPPluginJar : add fmc
2024-02-08 12:44:21,324 [INFO] IPUIPlugin:80 - create IPUIPlugin
2024-02-08 12:44:21,342 [INFO] PluginManager:220 - loadIPPluginJar : add i2s
2024-02-08 12:44:21,424 [INFO] IPUIPlugin:80 - create IPUIPlugin
2024-02-08 12:44:21,424 [INFO] PluginManager:220 - loadIPPluginJar : add i3c
2024-02-08 12:44:21,454 [INFO] IPUIPlugin:80 - create IPUIPlugin
2024-02-08 12:44:21,454 [INFO] PluginManager:220 - loadIPPluginJar : add i2c
2024-02-08 12:44:21,475 [INFO] IPUIPlugin:80 - create IPUIPlugin
2024-02-08 12:44:21,475 [INFO] PluginManager:220 - loadIPPluginJar : add can
2024-02-08 12:44:21,492 [INFO] IPUIPlugin:80 - create IPUIPlugin
2024-02-08 12:44:21,493 [INFO] PluginManager:220 - loadIPPluginJar : add cryp
2024-02-08 12:44:21,617 [INFO] IPUIPlugin:80 - create IPUIPlugin
2024-02-08 12:44:21,617 [INFO] PluginManager:220 - loadIPPluginJar : add adc
2024-02-08 12:44:21,632 [INFO] IPUIPlugin:80 - create IPUIPlugin
2024-02-08 12:44:21,633 [INFO] PluginManager:220 - loadIPPluginJar : add genericplugin
2024-02-08 12:44:21,690 [INFO] IPUIPlugin:80 - create IPUIPlugin
2024-02-08 12:44:21,691 [INFO] PluginManager:220 - loadIPPluginJar : add openamp
2024-02-08 12:44:22,075 [INFO] CADModel:165 - CPN selected for project level
2024-02-08 12:44:22,075 [INFO] CADModel:114 - Register for checkConnection events
2024-02-08 12:44:22,076 [FATAL] Updater:308 - Updater called before beeing initialized
2024-02-08 12:44:22,076 [ERROR] CADModel:125 - Updater not yet initialized, retry later 
2024-02-08 12:44:23,046 [INFO] CADModel:165 - CPN selected for project level
2024-02-08 12:44:23,046 [INFO] CADModel:114 - Register for checkConnection events
2024-02-08 12:44:23,047 [FATAL] Updater:308 - Updater called before beeing initialized
2024-02-08 12:44:23,047 [ERROR] CADModel:125 - Updater not yet initialized, retry later 
2024-02-08 12:44:23,059 [FATAL] Updater:308 - Updater called before beeing initialized
2024-02-08 12:44:23,352 [INFO] ThirdPartyUpdaterWithRetryManager:70 - Updater plugin not ready yet. [3/15]
2024-02-08 12:44:23,580 [FATAL] Updater:308 - Updater called before beeing initialized
2024-02-08 12:44:23,594 [INFO] DbMcusAds:53 - JSON generation date=Wed Nov 29 16:22:27 IST 2023 (1701255147200)
2024-02-08 12:44:23,596 [FATAL] Updater:308 - Updater called before beeing initialized
2024-02-08 12:44:23,720 [WARN] DetailPanel:346 - Failed to get advertising image, set to default
2024-02-08 12:44:24,106 [FATAL] Updater:308 - Updater called before beeing initialized
2024-02-08 12:44:24,117 [FATAL] Updater:308 - Updater called before beeing initialized
2024-02-08 12:44:24,118 [FATAL] Updater:308 - Updater called before beeing initialized
2024-02-08 12:44:24,119 [WARN] DetailPanel:346 - Failed to get advertising image, set to default
2024-02-08 12:44:24,122 [FATAL] Updater:308 - Updater called before beeing initialized
2024-02-08 12:44:24,295 [ERROR] Updater:1120 - MainUpdater not yet initialized. External WinMGr cannot be set.
2024-02-08 12:44:24,302 [INFO] Updater:1056 - Updater Version found : 6.10.0
2024-02-08 12:44:24,396 [INFO] ApplicationProperties:184 - Using Application install path: /opt/st/stm32cubeide_1.14.0/plugins/com.st.stm32cube.common.mx_6.10.0.202311202037
2024-02-08 12:44:25,248 [INFO] MainUpdater:2873 - connection check result : 10
2024-02-08 12:44:25,249 [INFO] MainUpdater:290 - Updater Check For Update Now.
2024-02-08 12:44:25,250 [INFO] MicroXplorer:498 - Change Database Version : DB.6.0.100
2024-02-08 12:44:25,297 [INFO] McuFinderGlobals:63 - Set McuFinder mode to 2 (CubeIDE integrated)
2024-02-08 12:44:25,299 [INFO] UserAuth:180 - activating auth plugin
2024-02-08 12:44:25,309 [INFO] UserAuth:404 - Internet connection configuration mode: 1
2024-02-08 12:44:25,435 [INFO] JxBrowserEngine:152 - Initiate JxBrowser Engine with user profile folder
2024-02-08 12:44:25,675 [INFO] CheckServerUpdateThread:120 - End of CheckServer Thread
2024-02-08 12:44:26,731 [WARN] PackLoader:240 - Cannot read IP mode file for STMicroelectronics.FP-SNS-MOTENV1.4.3.2
2024-02-08 12:44:26,749 [WARN] PackLoader:240 - Cannot read IP mode file for STMicroelectronics.FP-SNS-FLIGHT1.5.0.2
2024-02-08 12:44:26,766 [WARN] PackLoader:240 - Cannot read IP mode file for STMicroelectronics.FP-SNS-SMARTAG2.1.2.0
2024-02-08 12:44:26,778 [WARN] PackLoader:240 - Cannot read IP mode file for STMicroelectronics.FP-ATR-SIGFOX1.3.2.0
2024-02-08 12:44:26,787 [WARN] PackLoader:240 - Cannot read IP mode file for STMicroelectronics.X-CUBE-AI.8.1.0
2024-02-08 12:44:26,795 [WARN] PackLoader:240 - Cannot read IP mode file for STMicroelectronics.FP-ATR-ASTRA1.2.0.0
2024-02-08 12:44:26,797 [INFO] ThirdParty:978 - Integrity check success = true
2024-02-08 12:44:26,797 [INFO] IntegrityCheckThread:100 - exiting critical section [integrity check]
2024-02-08 12:44:26,797 [INFO] IntegrityCheckThread:103 - End integrity checks thread
2024-02-08 12:44:28,106 [INFO] WebApp:161 - Instantiating new browser for Auth
2024-02-08 12:44:29,292 [INFO] WebApp:780 - Register for checkConnection events
2024-02-08 12:44:29,292 [INFO] WebApp:414 - Apply proxy settings
2024-02-08 12:44:29,293 [INFO] WebApp:499 - Chromium requires no authentication
2024-02-08 12:44:29,300 [INFO] WebApp:442 - Direct internet connection detected
2024-02-08 12:44:29,552 [INFO] WebApp:192 - Starting web application
2024-02-08 12:44:29,552 [INFO] WebApp:544 - Web application path used /opt/st/stm32cubeide_1.14.0/plugins/com.st.stm32cube.common.mx_6.10.0.202311202037/db/plugins/mcufinder/reactClient1/index.html
2024-02-08 12:44:50,555 [ERROR] LogOutputStream:75 - [STDERR_REDIRECT] SLF4J: Failed to load class "org.slf4j.impl.StaticLoggerBinder".
2024-02-08 12:44:50,556 [ERROR] LogOutputStream:75 - [STDERR_REDIRECT] SLF4J: Defaulting to no-operation (NOP) logger implementation
2024-02-08 12:44:50,557 [ERROR] LogOutputStream:75 - [STDERR_REDIRECT] SLF4J: See http://www.slf4j.org/codes.html#StaticLoggerBinder for further details.
