2024-02-13 11:55:32,315 [INFO] LogOutputStream:77 - [STDOUT_REDIRECT] StartTraceHandler.execute(), success : Collect=true
2024-02-13 11:57:46,989 [INFO] LogOutputStream:77 - [STDOUT_REDIRECT] StartTraceHandler.execute(), success : Collect=false
2024-02-13 11:57:48,118 [INFO] LogOutputStream:77 - [STDOUT_REDIRECT] StartTraceHandler.execute(), success : Collect=true
2024-02-13 11:57:49,826 [INFO] LogOutputStream:77 - [STDOUT_REDIRECT] StartTraceHandler.execute(), success : Collect=false
2024-02-13 11:57:51,841 [INFO] LogOutputStream:77 - [STDOUT_REDIRECT] StartTraceHandler.execute(), success : Collect=true
2024-02-13 11:57:53,435 [INFO] LogOutputStream:77 - [STDOUT_REDIRECT] StartTraceHandler.execute(), success : Collect=false
2024-02-13 11:58:47,465 [INFO] LogOutputStream:77 - [STDOUT_REDIRECT] StartTraceHandler.execute(), success : Collect=true
2024-02-13 11:58:48,810 [INFO] LogOutputStream:77 - [STDOUT_REDIRECT] StartTraceHandler.execute(), success : Collect=false
2024-02-13 11:58:50,839 [INFO] LogOutputStream:77 - [STDOUT_REDIRECT] StartTraceHandler.execute(), success : Collect=true
2024-02-13 11:58:52,220 [INFO] LogOutputStream:77 - [STDOUT_REDIRECT] StartTraceHandler.execute(), success : Collect=false
2024-02-13 11:58:53,344 [INFO] LogOutputStream:77 - [STDOUT_REDIRECT] StartTraceHandler.execute(), success : Collect=true
2024-02-13 11:58:54,720 [INFO] LogOutputStream:77 - [STDOUT_REDIRECT] StartTraceHandler.execute(), success : Collect=false
2024-02-13 11:59:00,397 [INFO] LogOutputStream:77 - [STDOUT_REDIRECT] StartTraceHandler.execute(), success : Collect=true
2024-02-13 12:00:40,556 [INFO] LogOutputStream:77 - [STDOUT_REDIRECT] StartTraceHandler.execute(), success : Collect=false
2024-02-13 12:02:53,756 [INFO] LogOutputStream:77 - [STDOUT_REDIRECT] StartTraceHandler.execute(), success : Collect=true
2024-02-13 12:32:14,457 [INFO] LogOutputStream:77 - [STDOUT_REDIRECT] StartTraceHandler.execute(), success : Collect=true
2024-02-13 12:32:15,909 [INFO] LogOutputStream:77 - [STDOUT_REDIRECT] StartTraceHandler.execute(), success : Collect=false
2024-02-13 12:32:42,017 [INFO] LogOutputStream:77 - [STDOUT_REDIRECT] StartTraceHandler.execute(), success : Collect=true
2024-02-13 12:49:30,372 [ERROR] LogOutputStream:75 - [STDERR_REDIRECT] 
2024-02-13 13:03:57,074 [INFO] Activator:176 - 


2024-02-13 13:03:57,077 [INFO] Activator:177 - !SESSION log4j initialized
2024-02-13 13:04:03,606 [INFO] LogOutputStream:77 - [STDOUT_REDIRECT] 
2024-02-13 13:04:05,066 [INFO] ApplicationProperties:184 - Using Application install path: /opt/st/stm32cubeide_1.14.0/plugins/com.st.stm32cube.common.mx_6.10.0.202311202037
2024-02-13 13:04:05,088 [INFO] DbMcusXml:78 - Set database path to: /opt/st/stm32cubeide_1.14.0/plugins/com.st.stm32cube.common.mx_6.10.0.202311202037//db//mcu/
2024-02-13 13:04:05,089 [INFO] ApiDb:274 - Set plugin database path to: /opt/st/stm32cubeide_1.14.0/plugins/com.st.stm32cube.common.mx_6.10.0.202311202037//db//plugins/boardmanager/
2024-02-13 13:04:05,089 [WARN] ApiDb:259 - Overriding images path with different value:  => /opt/st/stm32cubeide_1.14.0/plugins/com.st.stm32cube.common.mx_6.10.0.202311202037//db//plugins/mcufinder/images/
2024-02-13 13:04:05,098 [INFO] ApiDb:250 - Set database path to: /home/mirafra/.stmcufinder/plugins/mcufinder//mcu/
2024-02-13 13:04:05,100 [INFO] DbMcusAds:125 - Set database path to: /home/mirafra/.stmcufinder/plugins/mcufinder//mcu/
2024-02-13 13:04:05,103 [INFO] CrossReferenceDbSqlite:203 - Set database path to: /home/mirafra/.stmcufinder/plugins/mcufinder//mcu/cs/
2024-02-13 13:04:05,310 [INFO] RulesReader:64 - Compatibility file has been processed (297 Rules)
2024-02-13 13:04:05,404 [INFO] DbMcusXml:78 - Set database path to: /opt/st/stm32cubeide_1.14.0/plugins/com.st.stm32cube.common.mx_6.10.0.202311202037//db//mcu/
2024-02-13 13:04:05,405 [INFO] ApiDb:274 - Set plugin database path to: /opt/st/stm32cubeide_1.14.0/plugins/com.st.stm32cube.common.mx_6.10.0.202311202037//db//plugins/boardmanager/
2024-02-13 13:04:05,405 [INFO] ApiDb:261 - Set plugin images path to: /opt/st/stm32cubeide_1.14.0/plugins/com.st.stm32cube.common.mx_6.10.0.202311202037//db//plugins/mcufinder/images/
2024-02-13 13:04:05,405 [WARN] DbFile:41 - Overriding database path with different value: /home/mirafra/.stmcufinder/plugins/mcufinder/ => /home/mirafra/.stmcufinder/plugins/mcufinder
2024-02-13 13:04:05,406 [INFO] ApiDb:250 - Set database path to: /home/mirafra/.stmcufinder/plugins/mcufinder//mcu/
2024-02-13 13:04:05,406 [WARN] DbFile:41 - Overriding database path with different value: /home/mirafra/.stmcufinder/plugins/mcufinder/ => /home/mirafra/.stmcufinder/plugins/mcufinder
2024-02-13 13:04:05,406 [INFO] DbMcusAds:125 - Set database path to: /home/mirafra/.stmcufinder/plugins/mcufinder//mcu/
2024-02-13 13:04:05,406 [WARN] DbFile:41 - Overriding database path with different value: /home/mirafra/.stmcufinder/plugins/mcufinder/ => /home/mirafra/.stmcufinder/plugins/mcufinder
2024-02-13 13:04:05,406 [WARN] DbFile:41 - Overriding database path with different value: /home/mirafra/.stmcufinder/plugins/mcufinder/ => /home/mirafra/.stmcufinder/plugins/mcufinder
2024-02-13 13:04:05,406 [INFO] CrossReferenceDbSqlite:203 - Set database path to: /home/mirafra/.stmcufinder/plugins/mcufinder//mcu/cs/
2024-02-13 13:04:05,509 [INFO] MainPanel:264 - HeapMemory: 268435456
2024-02-13 13:04:05,649 [INFO] DbMcusXml:78 - Set database path to: /opt/st/stm32cubeide_1.14.0/plugins/com.st.stm32cube.common.mx_6.10.0.202311202037//db//mcu/
2024-02-13 13:04:05,650 [INFO] ApiDb:274 - Set plugin database path to: /opt/st/stm32cubeide_1.14.0/plugins/com.st.stm32cube.common.mx_6.10.0.202311202037//db//plugins/boardmanager/
2024-02-13 13:04:05,650 [INFO] ApiDb:261 - Set plugin images path to: /opt/st/stm32cubeide_1.14.0/plugins/com.st.stm32cube.common.mx_6.10.0.202311202037//db//plugins/mcufinder/images/
2024-02-13 13:04:05,650 [WARN] DbFile:41 - Overriding database path with different value: /home/mirafra/.stmcufinder/plugins/mcufinder/ => /home/mirafra/.stmcufinder/plugins/mcufinder
2024-02-13 13:04:05,650 [INFO] ApiDb:250 - Set database path to: /home/mirafra/.stmcufinder/plugins/mcufinder//mcu/
2024-02-13 13:04:05,650 [WARN] DbFile:41 - Overriding database path with different value: /home/mirafra/.stmcufinder/plugins/mcufinder/ => /home/mirafra/.stmcufinder/plugins/mcufinder
2024-02-13 13:04:05,650 [INFO] DbMcusAds:125 - Set database path to: /home/mirafra/.stmcufinder/plugins/mcufinder//mcu/
2024-02-13 13:04:05,651 [WARN] DbFile:41 - Overriding database path with different value: /home/mirafra/.stmcufinder/plugins/mcufinder/ => /home/mirafra/.stmcufinder/plugins/mcufinder
2024-02-13 13:04:05,651 [WARN] DbFile:41 - Overriding database path with different value: /home/mirafra/.stmcufinder/plugins/mcufinder/ => /home/mirafra/.stmcufinder/plugins/mcufinder
2024-02-13 13:04:05,651 [INFO] CrossReferenceDbSqlite:203 - Set database path to: /home/mirafra/.stmcufinder/plugins/mcufinder//mcu/cs/
2024-02-13 13:04:05,672 [INFO] ApplicationProperties:184 - Using Application install path: /opt/st/stm32cubeide_1.14.0/plugins/com.st.stm32cube.common.mx_6.10.0.202311202037
2024-02-13 13:04:05,676 [INFO] PluginManage:196 - Search for loadable plugins [exclusion list=, ]
2024-02-13 13:04:05,678 [INFO] PluginManage:310 - Check plugin analytics
2024-02-13 13:04:05,923 [INFO] AnalyticsPlugin:253 - Accepted Software Licenses: 
2024-02-13 13:04:05,923 [INFO] AnalyticsPlugin:255 - Accepted CMSIS Pack Licenses: 
2024-02-13 13:04:05,924 [INFO] AnalyticsPlugin:257 - Accepted Firmware Licenses: 
2024-02-13 13:04:05,928 [INFO] PluginManage:359 - Loaded plugin analytics (category:tool,tabindex:-1)
2024-02-13 13:04:05,929 [INFO] PluginManage:310 - Check plugin cadmodel
2024-02-13 13:04:06,076 [INFO] CADModel:105 - Init CAD model plugin
2024-02-13 13:04:06,076 [INFO] PluginManage:359 - Loaded plugin cadmodel (category:power,tabindex:5)
2024-02-13 13:04:06,076 [INFO] PluginManage:310 - Check plugin clock
2024-02-13 13:04:06,092 [INFO] PluginManage:359 - Loaded plugin clock (category:base,tabindex:2)
2024-02-13 13:04:06,092 [INFO] PluginManage:310 - Check plugin ddr
2024-02-13 13:04:06,095 [INFO] PluginManage:359 - Loaded plugin ddr (category:tool,tabindex:6)
2024-02-13 13:04:06,095 [INFO] PluginManage:310 - Check plugin filemanager
2024-02-13 13:04:06,306 [INFO] PluginManage:359 - Loaded plugin filemanager (category:base,tabindex:10)
2024-02-13 13:04:06,306 [INFO] PluginManage:310 - Check plugin ipmanager
2024-02-13 13:04:06,314 [INFO] PluginManage:359 - Loaded plugin ipmanager (category:base,tabindex:5)
2024-02-13 13:04:06,314 [INFO] PluginManage:310 - Check plugin lpbam
2024-02-13 13:04:06,326 [INFO] PluginManage:359 - Loaded plugin lpbam (category:base,tabindex:0)
2024-02-13 13:04:06,326 [INFO] PluginManage:310 - Check plugin memorymap
2024-02-13 13:04:06,344 [INFO] PluginManage:359 - Loaded plugin memorymap (category:base,tabindex:4)
2024-02-13 13:04:06,344 [INFO] PluginManage:310 - Check plugin pinoutandconfiguration
2024-02-13 13:04:06,355 [INFO] PluginManage:359 - Loaded plugin pinoutandconfiguration (category:base,tabindex:1)
2024-02-13 13:04:06,356 [INFO] PluginManage:310 - Check plugin pinoutconfig
2024-02-13 13:04:06,482 [WARN] SupportedApi:132 - Cannot load RTOS API schema: s4s-elt-must-match.1: The content of 'definitions' must match (annotation?, (simpleType | complexType)?, (unique | key | keyref)*)). A problem was found starting at: attribute.
2024-02-13 13:04:06,684 [INFO] PluginManage:359 - Loaded plugin pinoutconfig (category:base,tabindex:0)
2024-02-13 13:04:06,684 [INFO] PluginManage:310 - Check plugin power
2024-02-13 13:04:06,704 [INFO] PluginManage:359 - Loaded plugin power (category:power,tabindex:4)
2024-02-13 13:04:06,704 [INFO] PluginManage:310 - Check plugin projectmanager
2024-02-13 13:04:06,729 [INFO] PluginManage:359 - Loaded plugin projectmanager (category:projectmanager,tabindex:3)
2024-02-13 13:04:06,730 [INFO] PluginManage:310 - Check plugin thirdparty
2024-02-13 13:04:06,923 [WARN] IntegrityCheckThread:84 - waiting for thirdparty lock release [integrity check]
2024-02-13 13:04:06,924 [INFO] PluginManage:359 - Loaded plugin thirdparty (category:base,tabindex:-1)
2024-02-13 13:04:06,924 [INFO] IntegrityCheckThread:86 - entering critical section [integrity check]
2024-02-13 13:04:06,924 [INFO] PluginManage:310 - Check plugin tools
2024-02-13 13:04:06,924 [INFO] ThirdPartyUpdaterWithRetryManager:70 - Updater plugin not ready yet. [1/15]
2024-02-13 13:04:06,927 [INFO] PluginManage:359 - Loaded plugin tools (category:base,tabindex:7)
2024-02-13 13:04:06,927 [INFO] PluginManage:310 - Check plugin tutovideos
2024-02-13 13:04:07,210 [INFO] PluginManage:359 - Loaded plugin tutovideos (category:base,tabindex:-1)
2024-02-13 13:04:07,211 [INFO] PluginManage:310 - Check plugin updater
2024-02-13 13:04:07,230 [INFO] PluginManage:359 - Loaded plugin updater (category:base,tabindex:12)
2024-02-13 13:04:07,230 [INFO] PluginManage:310 - Check plugin userauth
2024-02-13 13:04:07,239 [INFO] UserAuth:114 - Init User Auth plugin
2024-02-13 13:04:07,239 [INFO] PluginManage:359 - Loaded plugin userauth (category:base,tabindex:14)
2024-02-13 13:04:07,240 [INFO] PluginManage:283 - PluginManage : Loaded plugins [17]
2024-02-13 13:04:07,531 [INFO] PinOutPanel:1499 - setPackage(No Configuration,No Configuration)
2024-02-13 13:04:07,609 [INFO] CADModel:165 - CPN selected for project level
2024-02-13 13:04:07,610 [INFO] CADModel:114 - Register for checkConnection events
2024-02-13 13:04:07,625 [INFO] IPUIPlugin:80 - create IPUIPlugin
2024-02-13 13:04:07,625 [INFO] PluginManager:220 - loadIPPluginJar : add usart
2024-02-13 13:04:07,631 [INFO] IPUIPlugin:80 - create IPUIPlugin
2024-02-13 13:04:07,631 [INFO] PluginManager:220 - loadIPPluginJar : add opamp
2024-02-13 13:04:07,640 [INFO] IPUIPlugin:80 - create IPUIPlugin
2024-02-13 13:04:07,645 [INFO] PluginManager:220 - loadIPPluginJar : add plateformsettings
2024-02-13 13:04:07,648 [INFO] IPUIPlugin:80 - create IPUIPlugin
2024-02-13 13:04:07,648 [INFO] PluginManager:220 - loadIPPluginJar : add tim
2024-02-13 13:04:07,650 [INFO] IPUIPlugin:80 - create IPUIPlugin
2024-02-13 13:04:07,651 [INFO] PluginManager:220 - loadIPPluginJar : add spi
2024-02-13 13:04:07,658 [INFO] IPUIPlugin:80 - create IPUIPlugin
2024-02-13 13:04:07,658 [INFO] PluginManager:220 - loadIPPluginJar : add gic
2024-02-13 13:04:07,665 [INFO] IPUIPlugin:80 - create IPUIPlugin
2024-02-13 13:04:07,665 [INFO] PluginManager:220 - loadIPPluginJar : add gpio
2024-02-13 13:04:07,673 [INFO] IPUIPlugin:80 - create IPUIPlugin
2024-02-13 13:04:07,674 [INFO] PluginManager:220 - loadIPPluginJar : add linkedlist
2024-02-13 13:04:07,675 [INFO] IPUIPlugin:80 - create IPUIPlugin
2024-02-13 13:04:07,675 [INFO] PluginManager:220 - loadIPPluginJar : add ltdc
2024-02-13 13:04:07,677 [INFO] IPUIPlugin:80 - create IPUIPlugin
2024-02-13 13:04:07,677 [INFO] PluginManager:220 - loadIPPluginJar : add fatfs
2024-02-13 13:04:07,680 [INFO] IPUIPlugin:80 - create IPUIPlugin
2024-02-13 13:04:07,680 [INFO] PluginManager:220 - loadIPPluginJar : add gfxmmu
2024-02-13 13:04:07,683 [INFO] IPUIPlugin:80 - create IPUIPlugin
2024-02-13 13:04:07,683 [INFO] PluginManager:220 - loadIPPluginJar : add dma3
2024-02-13 13:04:07,687 [INFO] IPUIPlugin:80 - create IPUIPlugin
2024-02-13 13:04:07,687 [INFO] PluginManager:220 - loadIPPluginJar : add resmgrutility
2024-02-13 13:04:07,694 [INFO] IPUIPlugin:80 - create IPUIPlugin
2024-02-13 13:04:07,694 [INFO] PluginManager:220 - loadIPPluginJar : add freertos
2024-02-13 13:04:07,704 [INFO] IPUIPlugin:80 - create IPUIPlugin
2024-02-13 13:04:07,704 [INFO] PluginManager:220 - loadIPPluginJar : add mdma
2024-02-13 13:04:07,709 [INFO] IPUIPlugin:80 - create IPUIPlugin
2024-02-13 13:04:07,709 [INFO] PluginManager:220 - loadIPPluginJar : add nvic
2024-02-13 13:04:07,713 [INFO] IPUIPlugin:80 - create IPUIPlugin
2024-02-13 13:04:07,713 [INFO] PluginManager:220 - loadIPPluginJar : add touchsensing
2024-02-13 13:04:07,717 [INFO] IPUIPlugin:80 - create IPUIPlugin
2024-02-13 13:04:07,717 [INFO] PluginManager:220 - loadIPPluginJar : add usbx
2024-02-13 13:04:07,721 [INFO] IPUIPlugin:80 - create IPUIPlugin
2024-02-13 13:04:07,721 [INFO] PluginManager:220 - loadIPPluginJar : add ipddr
2024-02-13 13:04:07,723 [INFO] IPUIPlugin:80 - create IPUIPlugin
2024-02-13 13:04:07,723 [INFO] PluginManager:220 - loadIPPluginJar : add quadspi
2024-02-13 13:04:07,726 [INFO] IPUIPlugin:80 - create IPUIPlugin
2024-02-13 13:04:07,726 [INFO] PluginManager:220 - loadIPPluginJar : add gtzc
2024-02-13 13:04:07,730 [INFO] IPUIPlugin:80 - create IPUIPlugin
2024-02-13 13:04:07,730 [INFO] PluginManager:220 - loadIPPluginJar : add aes
2024-02-13 13:04:07,737 [INFO] IPUIPlugin:80 - create IPUIPlugin
2024-02-13 13:04:07,737 [INFO] PluginManager:220 - loadIPPluginJar : add dma
2024-02-13 13:04:07,739 [INFO] IPUIPlugin:80 - create IPUIPlugin
2024-02-13 13:04:07,739 [INFO] PluginManager:220 - loadIPPluginJar : add tracer_emb
2024-02-13 13:04:07,742 [INFO] IPUIPlugin:80 - create IPUIPlugin
2024-02-13 13:04:07,742 [INFO] PluginManager:220 - loadIPPluginJar : add hash
2024-02-13 13:04:07,746 [INFO] IPUIPlugin:80 - create IPUIPlugin
2024-02-13 13:04:07,747 [INFO] PluginManager:220 - loadIPPluginJar : add pdm2pcm
2024-02-13 13:04:07,749 [INFO] IPUIPlugin:80 - create IPUIPlugin
2024-02-13 13:04:07,749 [INFO] PluginManager:220 - loadIPPluginJar : add ucpd
2024-02-13 13:04:07,752 [INFO] IPUIPlugin:80 - create IPUIPlugin
2024-02-13 13:04:07,752 [INFO] PluginManager:220 - loadIPPluginJar : add sai
2024-02-13 13:04:07,755 [INFO] IPUIPlugin:80 - create IPUIPlugin
2024-02-13 13:04:07,755 [INFO] PluginManager:220 - loadIPPluginJar : add lorawan
2024-02-13 13:04:07,757 [INFO] IPUIPlugin:80 - create IPUIPlugin
2024-02-13 13:04:07,757 [INFO] PluginManager:220 - loadIPPluginJar : add comp
2024-02-13 13:04:07,759 [INFO] IPUIPlugin:80 - create IPUIPlugin
2024-02-13 13:04:07,759 [INFO] PluginManager:220 - loadIPPluginJar : add tsc
2024-02-13 13:04:07,766 [INFO] IPUIPlugin:80 - create IPUIPlugin
2024-02-13 13:04:07,767 [INFO] PluginManager:220 - loadIPPluginJar : add stm32_wpan
2024-02-13 13:04:07,812 [INFO] IPUIPlugin:80 - create IPUIPlugin
2024-02-13 13:04:07,812 [INFO] PluginManager:220 - loadIPPluginJar : add dfsdm
2024-02-13 13:04:07,815 [INFO] IPUIPlugin:80 - create IPUIPlugin
2024-02-13 13:04:07,815 [INFO] PluginManager:220 - loadIPPluginJar : add ts
2024-02-13 13:04:07,822 [INFO] IPUIPlugin:80 - create IPUIPlugin
2024-02-13 13:04:07,822 [INFO] PluginManager:220 - loadIPPluginJar : add fmc
2024-02-13 13:04:07,825 [INFO] IPUIPlugin:80 - create IPUIPlugin
2024-02-13 13:04:07,826 [INFO] PluginManager:220 - loadIPPluginJar : add i2s
2024-02-13 13:04:07,829 [INFO] IPUIPlugin:80 - create IPUIPlugin
2024-02-13 13:04:07,830 [INFO] PluginManager:220 - loadIPPluginJar : add i3c
2024-02-13 13:04:07,833 [INFO] IPUIPlugin:80 - create IPUIPlugin
2024-02-13 13:04:07,833 [INFO] PluginManager:220 - loadIPPluginJar : add i2c
2024-02-13 13:04:07,838 [INFO] IPUIPlugin:80 - create IPUIPlugin
2024-02-13 13:04:07,838 [INFO] PluginManager:220 - loadIPPluginJar : add can
2024-02-13 13:04:07,842 [INFO] IPUIPlugin:80 - create IPUIPlugin
2024-02-13 13:04:07,842 [INFO] PluginManager:220 - loadIPPluginJar : add cryp
2024-02-13 13:04:07,853 [INFO] IPUIPlugin:80 - create IPUIPlugin
2024-02-13 13:04:07,853 [INFO] PluginManager:220 - loadIPPluginJar : add adc
2024-02-13 13:04:07,855 [INFO] IPUIPlugin:80 - create IPUIPlugin
2024-02-13 13:04:07,855 [INFO] PluginManager:220 - loadIPPluginJar : add genericplugin
2024-02-13 13:04:07,859 [INFO] IPUIPlugin:80 - create IPUIPlugin
2024-02-13 13:04:07,860 [INFO] PluginManager:220 - loadIPPluginJar : add openamp
2024-02-13 13:04:07,992 [INFO] CADModel:165 - CPN selected for project level
2024-02-13 13:04:07,992 [INFO] CADModel:114 - Register for checkConnection events
2024-02-13 13:04:07,993 [FATAL] Updater:308 - Updater called before beeing initialized
2024-02-13 13:04:07,993 [ERROR] CADModel:125 - Updater not yet initialized, retry later 
2024-02-13 13:04:08,291 [INFO] CADModel:165 - CPN selected for project level
2024-02-13 13:04:08,291 [INFO] CADModel:114 - Register for checkConnection events
2024-02-13 13:04:08,291 [FATAL] Updater:308 - Updater called before beeing initialized
2024-02-13 13:04:08,291 [ERROR] CADModel:125 - Updater not yet initialized, retry later 
2024-02-13 13:04:08,297 [FATAL] Updater:308 - Updater called before beeing initialized
2024-02-13 13:04:08,429 [FATAL] Updater:308 - Updater called before beeing initialized
2024-02-13 13:04:08,436 [INFO] DbMcusAds:53 - JSON generation date=Wed Nov 29 16:22:27 IST 2023 (1701255147200)
2024-02-13 13:04:08,436 [FATAL] Updater:308 - Updater called before beeing initialized
2024-02-13 13:04:08,494 [WARN] DetailPanel:346 - Failed to get advertising image, set to default
2024-02-13 13:04:08,632 [FATAL] Updater:308 - Updater called before beeing initialized
2024-02-13 13:04:08,636 [FATAL] Updater:308 - Updater called before beeing initialized
2024-02-13 13:04:08,636 [FATAL] Updater:308 - Updater called before beeing initialized
2024-02-13 13:04:08,636 [WARN] DetailPanel:346 - Failed to get advertising image, set to default
2024-02-13 13:04:08,637 [FATAL] Updater:308 - Updater called before beeing initialized
2024-02-13 13:04:08,691 [ERROR] Updater:1120 - MainUpdater not yet initialized. External WinMGr cannot be set.
2024-02-13 13:04:08,694 [INFO] Updater:1056 - Updater Version found : 6.10.0
2024-02-13 13:04:08,721 [INFO] ApplicationProperties:184 - Using Application install path: /opt/st/stm32cubeide_1.14.0/plugins/com.st.stm32cube.common.mx_6.10.0.202311202037
2024-02-13 13:04:09,146 [INFO] MainUpdater:2873 - connection check result : 10
2024-02-13 13:04:09,147 [INFO] MainUpdater:290 - Updater Check For Update Now.
2024-02-13 13:04:09,149 [INFO] MicroXplorer:498 - Change Database Version : DB.6.0.100
2024-02-13 13:04:09,166 [INFO] McuFinderGlobals:63 - Set McuFinder mode to 2 (CubeIDE integrated)
2024-02-13 13:04:09,167 [INFO] UserAuth:180 - activating auth plugin
2024-02-13 13:04:09,173 [INFO] UserAuth:404 - Internet connection configuration mode: 1
2024-02-13 13:04:09,220 [INFO] JxBrowserEngine:152 - Initiate JxBrowser Engine with user profile folder
2024-02-13 13:04:09,419 [INFO] CheckServerUpdateThread:120 - End of CheckServer Thread
2024-02-13 13:04:10,243 [WARN] PackLoader:240 - Cannot read IP mode file for STMicroelectronics.FP-SNS-MOTENV1.4.3.2
2024-02-13 13:04:10,292 [WARN] PackLoader:240 - Cannot read IP mode file for STMicroelectronics.FP-SNS-FLIGHT1.5.0.2
2024-02-13 13:04:10,305 [WARN] PackLoader:240 - Cannot read IP mode file for STMicroelectronics.FP-SNS-SMARTAG2.1.2.0
2024-02-13 13:04:10,321 [WARN] PackLoader:240 - Cannot read IP mode file for STMicroelectronics.FP-ATR-SIGFOX1.3.2.0
2024-02-13 13:04:10,329 [WARN] PackLoader:240 - Cannot read IP mode file for STMicroelectronics.X-CUBE-AI.8.1.0
2024-02-13 13:04:10,336 [WARN] PackLoader:240 - Cannot read IP mode file for STMicroelectronics.FP-ATR-ASTRA1.2.0.0
2024-02-13 13:04:10,337 [INFO] ThirdParty:978 - Integrity check success = true
2024-02-13 13:04:10,337 [INFO] IntegrityCheckThread:100 - exiting critical section [integrity check]
2024-02-13 13:04:10,337 [INFO] IntegrityCheckThread:103 - End integrity checks thread
2024-02-13 13:04:11,460 [INFO] WebApp:161 - Instantiating new browser for Auth
2024-02-13 13:04:12,853 [INFO] WebApp:780 - Register for checkConnection events
2024-02-13 13:04:12,853 [INFO] WebApp:414 - Apply proxy settings
2024-02-13 13:04:12,854 [INFO] WebApp:499 - Chromium requires no authentication
2024-02-13 13:04:12,866 [INFO] WebApp:442 - Direct internet connection detected
2024-02-13 13:04:13,262 [INFO] WebApp:192 - Starting web application
2024-02-13 13:04:13,263 [INFO] WebApp:544 - Web application path used /opt/st/stm32cubeide_1.14.0/plugins/com.st.stm32cube.common.mx_6.10.0.202311202037/db/plugins/mcufinder/reactClient1/index.html
2024-02-13 13:04:34,175 [ERROR] LogOutputStream:75 - [STDERR_REDIRECT] SLF4J: Failed to load class "org.slf4j.impl.StaticLoggerBinder".
2024-02-13 13:04:34,176 [ERROR] LogOutputStream:75 - [STDERR_REDIRECT] SLF4J: Defaulting to no-operation (NOP) logger implementation
2024-02-13 13:04:34,177 [ERROR] LogOutputStream:75 - [STDERR_REDIRECT] SLF4J: See http://www.slf4j.org/codes.html#StaticLoggerBinder for further details.
2024-02-13 13:05:25,389 [ERROR] LogOutputStream:75 - [STDERR_REDIRECT] 
2024-02-13 15:52:07,775 [INFO] Activator:176 - 


2024-02-13 15:52:07,778 [INFO] Activator:177 - !SESSION log4j initialized
2024-02-13 15:52:13,656 [INFO] LogOutputStream:77 - [STDOUT_REDIRECT] 
2024-02-13 15:52:14,770 [INFO] ApplicationProperties:184 - Using Application install path: /opt/st/stm32cubeide_1.14.0/plugins/com.st.stm32cube.common.mx_6.10.0.202311202037
2024-02-13 15:52:14,797 [INFO] DbMcusXml:78 - Set database path to: /opt/st/stm32cubeide_1.14.0/plugins/com.st.stm32cube.common.mx_6.10.0.202311202037//db//mcu/
2024-02-13 15:52:14,797 [INFO] ApiDb:274 - Set plugin database path to: /opt/st/stm32cubeide_1.14.0/plugins/com.st.stm32cube.common.mx_6.10.0.202311202037//db//plugins/boardmanager/
2024-02-13 15:52:14,798 [WARN] ApiDb:259 - Overriding images path with different value:  => /opt/st/stm32cubeide_1.14.0/plugins/com.st.stm32cube.common.mx_6.10.0.202311202037//db//plugins/mcufinder/images/
2024-02-13 15:52:14,808 [INFO] ApiDb:250 - Set database path to: /home/mirafra/.stmcufinder/plugins/mcufinder//mcu/
2024-02-13 15:52:14,810 [INFO] DbMcusAds:125 - Set database path to: /home/mirafra/.stmcufinder/plugins/mcufinder//mcu/
2024-02-13 15:52:14,820 [INFO] CrossReferenceDbSqlite:203 - Set database path to: /home/mirafra/.stmcufinder/plugins/mcufinder//mcu/cs/
2024-02-13 15:52:15,020 [INFO] RulesReader:64 - Compatibility file has been processed (297 Rules)
2024-02-13 15:52:15,120 [INFO] DbMcusXml:78 - Set database path to: /opt/st/stm32cubeide_1.14.0/plugins/com.st.stm32cube.common.mx_6.10.0.202311202037//db//mcu/
2024-02-13 15:52:15,120 [INFO] ApiDb:274 - Set plugin database path to: /opt/st/stm32cubeide_1.14.0/plugins/com.st.stm32cube.common.mx_6.10.0.202311202037//db//plugins/boardmanager/
2024-02-13 15:52:15,120 [INFO] ApiDb:261 - Set plugin images path to: /opt/st/stm32cubeide_1.14.0/plugins/com.st.stm32cube.common.mx_6.10.0.202311202037//db//plugins/mcufinder/images/
2024-02-13 15:52:15,121 [WARN] DbFile:41 - Overriding database path with different value: /home/mirafra/.stmcufinder/plugins/mcufinder/ => /home/mirafra/.stmcufinder/plugins/mcufinder
2024-02-13 15:52:15,121 [INFO] ApiDb:250 - Set database path to: /home/mirafra/.stmcufinder/plugins/mcufinder//mcu/
2024-02-13 15:52:15,121 [WARN] DbFile:41 - Overriding database path with different value: /home/mirafra/.stmcufinder/plugins/mcufinder/ => /home/mirafra/.stmcufinder/plugins/mcufinder
2024-02-13 15:52:15,121 [INFO] DbMcusAds:125 - Set database path to: /home/mirafra/.stmcufinder/plugins/mcufinder//mcu/
2024-02-13 15:52:15,121 [WARN] DbFile:41 - Overriding database path with different value: /home/mirafra/.stmcufinder/plugins/mcufinder/ => /home/mirafra/.stmcufinder/plugins/mcufinder
2024-02-13 15:52:15,121 [WARN] DbFile:41 - Overriding database path with different value: /home/mirafra/.stmcufinder/plugins/mcufinder/ => /home/mirafra/.stmcufinder/plugins/mcufinder
2024-02-13 15:52:15,122 [INFO] CrossReferenceDbSqlite:203 - Set database path to: /home/mirafra/.stmcufinder/plugins/mcufinder//mcu/cs/
2024-02-13 15:52:15,225 [INFO] MainPanel:264 - HeapMemory: 268435456
2024-02-13 15:52:15,344 [INFO] DbMcusXml:78 - Set database path to: /opt/st/stm32cubeide_1.14.0/plugins/com.st.stm32cube.common.mx_6.10.0.202311202037//db//mcu/
2024-02-13 15:52:15,344 [INFO] ApiDb:274 - Set plugin database path to: /opt/st/stm32cubeide_1.14.0/plugins/com.st.stm32cube.common.mx_6.10.0.202311202037//db//plugins/boardmanager/
2024-02-13 15:52:15,344 [INFO] ApiDb:261 - Set plugin images path to: /opt/st/stm32cubeide_1.14.0/plugins/com.st.stm32cube.common.mx_6.10.0.202311202037//db//plugins/mcufinder/images/
2024-02-13 15:52:15,345 [WARN] DbFile:41 - Overriding database path with different value: /home/mirafra/.stmcufinder/plugins/mcufinder/ => /home/mirafra/.stmcufinder/plugins/mcufinder
2024-02-13 15:52:15,345 [INFO] ApiDb:250 - Set database path to: /home/mirafra/.stmcufinder/plugins/mcufinder//mcu/
2024-02-13 15:52:15,345 [WARN] DbFile:41 - Overriding database path with different value: /home/mirafra/.stmcufinder/plugins/mcufinder/ => /home/mirafra/.stmcufinder/plugins/mcufinder
2024-02-13 15:52:15,345 [INFO] DbMcusAds:125 - Set database path to: /home/mirafra/.stmcufinder/plugins/mcufinder//mcu/
2024-02-13 15:52:15,345 [WARN] DbFile:41 - Overriding database path with different value: /home/mirafra/.stmcufinder/plugins/mcufinder/ => /home/mirafra/.stmcufinder/plugins/mcufinder
2024-02-13 15:52:15,345 [WARN] DbFile:41 - Overriding database path with different value: /home/mirafra/.stmcufinder/plugins/mcufinder/ => /home/mirafra/.stmcufinder/plugins/mcufinder
2024-02-13 15:52:15,345 [INFO] CrossReferenceDbSqlite:203 - Set database path to: /home/mirafra/.stmcufinder/plugins/mcufinder//mcu/cs/
2024-02-13 15:52:15,369 [INFO] ApplicationProperties:184 - Using Application install path: /opt/st/stm32cubeide_1.14.0/plugins/com.st.stm32cube.common.mx_6.10.0.202311202037
2024-02-13 15:52:15,371 [INFO] PluginManage:196 - Search for loadable plugins [exclusion list=, ]
2024-02-13 15:52:15,373 [INFO] PluginManage:310 - Check plugin analytics
2024-02-13 15:52:15,614 [INFO] AnalyticsPlugin:253 - Accepted Software Licenses: 
2024-02-13 15:52:15,614 [INFO] AnalyticsPlugin:255 - Accepted CMSIS Pack Licenses: 
2024-02-13 15:52:15,614 [INFO] AnalyticsPlugin:257 - Accepted Firmware Licenses: 
2024-02-13 15:52:15,619 [INFO] PluginManage:359 - Loaded plugin analytics (category:tool,tabindex:-1)
2024-02-13 15:52:15,619 [INFO] PluginManage:310 - Check plugin cadmodel
2024-02-13 15:52:15,735 [INFO] CADModel:105 - Init CAD model plugin
2024-02-13 15:52:15,735 [INFO] PluginManage:359 - Loaded plugin cadmodel (category:power,tabindex:5)
2024-02-13 15:52:15,735 [INFO] PluginManage:310 - Check plugin clock
2024-02-13 15:52:15,748 [INFO] PluginManage:359 - Loaded plugin clock (category:base,tabindex:2)
2024-02-13 15:52:15,748 [INFO] PluginManage:310 - Check plugin ddr
2024-02-13 15:52:15,751 [INFO] PluginManage:359 - Loaded plugin ddr (category:tool,tabindex:6)
2024-02-13 15:52:15,751 [INFO] PluginManage:310 - Check plugin filemanager
2024-02-13 15:52:15,906 [INFO] PluginManage:359 - Loaded plugin filemanager (category:base,tabindex:10)
2024-02-13 15:52:15,906 [INFO] PluginManage:310 - Check plugin ipmanager
2024-02-13 15:52:15,913 [INFO] PluginManage:359 - Loaded plugin ipmanager (category:base,tabindex:5)
2024-02-13 15:52:15,913 [INFO] PluginManage:310 - Check plugin lpbam
2024-02-13 15:52:15,924 [INFO] PluginManage:359 - Loaded plugin lpbam (category:base,tabindex:0)
2024-02-13 15:52:15,925 [INFO] PluginManage:310 - Check plugin memorymap
2024-02-13 15:52:15,939 [INFO] PluginManage:359 - Loaded plugin memorymap (category:base,tabindex:4)
2024-02-13 15:52:15,939 [INFO] PluginManage:310 - Check plugin pinoutandconfiguration
2024-02-13 15:52:15,948 [INFO] PluginManage:359 - Loaded plugin pinoutandconfiguration (category:base,tabindex:1)
2024-02-13 15:52:15,948 [INFO] PluginManage:310 - Check plugin pinoutconfig
2024-02-13 15:52:16,072 [WARN] SupportedApi:132 - Cannot load RTOS API schema: s4s-elt-must-match.1: The content of 'definitions' must match (annotation?, (simpleType | complexType)?, (unique | key | keyref)*)). A problem was found starting at: attribute.
2024-02-13 15:52:16,266 [INFO] PluginManage:359 - Loaded plugin pinoutconfig (category:base,tabindex:0)
2024-02-13 15:52:16,266 [INFO] PluginManage:310 - Check plugin power
2024-02-13 15:52:16,280 [INFO] PluginManage:359 - Loaded plugin power (category:power,tabindex:4)
2024-02-13 15:52:16,280 [INFO] PluginManage:310 - Check plugin projectmanager
2024-02-13 15:52:16,301 [INFO] PluginManage:359 - Loaded plugin projectmanager (category:projectmanager,tabindex:3)
2024-02-13 15:52:16,301 [INFO] PluginManage:310 - Check plugin thirdparty
2024-02-13 15:52:16,462 [INFO] PluginManage:359 - Loaded plugin thirdparty (category:base,tabindex:-1)
2024-02-13 15:52:16,462 [INFO] PluginManage:310 - Check plugin tools
2024-02-13 15:52:16,465 [INFO] PluginManage:359 - Loaded plugin tools (category:base,tabindex:7)
2024-02-13 15:52:16,466 [INFO] PluginManage:310 - Check plugin tutovideos
2024-02-13 15:52:16,466 [WARN] IntegrityCheckThread:84 - waiting for thirdparty lock release [integrity check]
2024-02-13 15:52:16,471 [INFO] IntegrityCheckThread:86 - entering critical section [integrity check]
2024-02-13 15:52:16,471 [INFO] ThirdPartyUpdaterWithRetryManager:70 - Updater plugin not ready yet. [1/15]
2024-02-13 15:52:16,809 [INFO] PluginManage:359 - Loaded plugin tutovideos (category:base,tabindex:-1)
2024-02-13 15:52:16,810 [INFO] PluginManage:310 - Check plugin updater
2024-02-13 15:52:16,824 [INFO] PluginManage:359 - Loaded plugin updater (category:base,tabindex:12)
2024-02-13 15:52:16,824 [INFO] PluginManage:310 - Check plugin userauth
2024-02-13 15:52:16,830 [INFO] UserAuth:114 - Init User Auth plugin
2024-02-13 15:52:16,830 [INFO] PluginManage:359 - Loaded plugin userauth (category:base,tabindex:14)
2024-02-13 15:52:16,831 [INFO] PluginManage:283 - PluginManage : Loaded plugins [17]
2024-02-13 15:52:17,205 [INFO] PinOutPanel:1499 - setPackage(No Configuration,No Configuration)
2024-02-13 15:52:17,283 [INFO] CADModel:165 - CPN selected for project level
2024-02-13 15:52:17,283 [INFO] CADModel:114 - Register for checkConnection events
2024-02-13 15:52:17,301 [INFO] IPUIPlugin:80 - create IPUIPlugin
2024-02-13 15:52:17,302 [INFO] PluginManager:220 - loadIPPluginJar : add usart
2024-02-13 15:52:17,307 [INFO] IPUIPlugin:80 - create IPUIPlugin
2024-02-13 15:52:17,307 [INFO] PluginManager:220 - loadIPPluginJar : add opamp
2024-02-13 15:52:17,315 [INFO] IPUIPlugin:80 - create IPUIPlugin
2024-02-13 15:52:17,318 [INFO] PluginManager:220 - loadIPPluginJar : add plateformsettings
2024-02-13 15:52:17,320 [INFO] IPUIPlugin:80 - create IPUIPlugin
2024-02-13 15:52:17,320 [INFO] PluginManager:220 - loadIPPluginJar : add tim
2024-02-13 15:52:17,323 [INFO] IPUIPlugin:80 - create IPUIPlugin
2024-02-13 15:52:17,323 [INFO] PluginManager:220 - loadIPPluginJar : add spi
2024-02-13 15:52:17,329 [INFO] IPUIPlugin:80 - create IPUIPlugin
2024-02-13 15:52:17,330 [INFO] PluginManager:220 - loadIPPluginJar : add gic
2024-02-13 15:52:17,336 [INFO] IPUIPlugin:80 - create IPUIPlugin
2024-02-13 15:52:17,336 [INFO] PluginManager:220 - loadIPPluginJar : add gpio
2024-02-13 15:52:17,344 [INFO] IPUIPlugin:80 - create IPUIPlugin
2024-02-13 15:52:17,344 [INFO] PluginManager:220 - loadIPPluginJar : add linkedlist
2024-02-13 15:52:17,346 [INFO] IPUIPlugin:80 - create IPUIPlugin
2024-02-13 15:52:17,346 [INFO] PluginManager:220 - loadIPPluginJar : add ltdc
2024-02-13 15:52:17,348 [INFO] IPUIPlugin:80 - create IPUIPlugin
2024-02-13 15:52:17,348 [INFO] PluginManager:220 - loadIPPluginJar : add fatfs
2024-02-13 15:52:17,351 [INFO] IPUIPlugin:80 - create IPUIPlugin
2024-02-13 15:52:17,351 [INFO] PluginManager:220 - loadIPPluginJar : add gfxmmu
2024-02-13 15:52:17,353 [INFO] IPUIPlugin:80 - create IPUIPlugin
2024-02-13 15:52:17,353 [INFO] PluginManager:220 - loadIPPluginJar : add dma3
2024-02-13 15:52:17,358 [INFO] IPUIPlugin:80 - create IPUIPlugin
2024-02-13 15:52:17,358 [INFO] PluginManager:220 - loadIPPluginJar : add resmgrutility
2024-02-13 15:52:17,365 [INFO] IPUIPlugin:80 - create IPUIPlugin
2024-02-13 15:52:17,365 [INFO] PluginManager:220 - loadIPPluginJar : add freertos
2024-02-13 15:52:17,374 [INFO] IPUIPlugin:80 - create IPUIPlugin
2024-02-13 15:52:17,374 [INFO] PluginManager:220 - loadIPPluginJar : add mdma
2024-02-13 15:52:17,379 [INFO] IPUIPlugin:80 - create IPUIPlugin
2024-02-13 15:52:17,379 [INFO] PluginManager:220 - loadIPPluginJar : add nvic
2024-02-13 15:52:17,383 [INFO] IPUIPlugin:80 - create IPUIPlugin
2024-02-13 15:52:17,383 [INFO] PluginManager:220 - loadIPPluginJar : add touchsensing
2024-02-13 15:52:17,386 [INFO] IPUIPlugin:80 - create IPUIPlugin
2024-02-13 15:52:17,386 [INFO] PluginManager:220 - loadIPPluginJar : add usbx
2024-02-13 15:52:17,390 [INFO] IPUIPlugin:80 - create IPUIPlugin
2024-02-13 15:52:17,391 [INFO] PluginManager:220 - loadIPPluginJar : add ipddr
2024-02-13 15:52:17,392 [INFO] IPUIPlugin:80 - create IPUIPlugin
2024-02-13 15:52:17,393 [INFO] PluginManager:220 - loadIPPluginJar : add quadspi
2024-02-13 15:52:17,396 [INFO] IPUIPlugin:80 - create IPUIPlugin
2024-02-13 15:52:17,396 [INFO] PluginManager:220 - loadIPPluginJar : add gtzc
2024-02-13 15:52:17,399 [INFO] IPUIPlugin:80 - create IPUIPlugin
2024-02-13 15:52:17,399 [INFO] PluginManager:220 - loadIPPluginJar : add aes
2024-02-13 15:52:17,405 [INFO] IPUIPlugin:80 - create IPUIPlugin
2024-02-13 15:52:17,405 [INFO] PluginManager:220 - loadIPPluginJar : add dma
2024-02-13 15:52:17,408 [INFO] IPUIPlugin:80 - create IPUIPlugin
2024-02-13 15:52:17,408 [INFO] PluginManager:220 - loadIPPluginJar : add tracer_emb
2024-02-13 15:52:17,411 [INFO] IPUIPlugin:80 - create IPUIPlugin
2024-02-13 15:52:17,411 [INFO] PluginManager:220 - loadIPPluginJar : add hash
2024-02-13 15:52:17,415 [INFO] IPUIPlugin:80 - create IPUIPlugin
2024-02-13 15:52:17,415 [INFO] PluginManager:220 - loadIPPluginJar : add pdm2pcm
2024-02-13 15:52:17,417 [INFO] IPUIPlugin:80 - create IPUIPlugin
2024-02-13 15:52:17,417 [INFO] PluginManager:220 - loadIPPluginJar : add ucpd
2024-02-13 15:52:17,420 [INFO] IPUIPlugin:80 - create IPUIPlugin
2024-02-13 15:52:17,420 [INFO] PluginManager:220 - loadIPPluginJar : add sai
2024-02-13 15:52:17,423 [INFO] IPUIPlugin:80 - create IPUIPlugin
2024-02-13 15:52:17,424 [INFO] PluginManager:220 - loadIPPluginJar : add lorawan
2024-02-13 15:52:17,425 [INFO] IPUIPlugin:80 - create IPUIPlugin
2024-02-13 15:52:17,425 [INFO] PluginManager:220 - loadIPPluginJar : add comp
2024-02-13 15:52:17,427 [INFO] IPUIPlugin:80 - create IPUIPlugin
2024-02-13 15:52:17,427 [INFO] PluginManager:220 - loadIPPluginJar : add tsc
2024-02-13 15:52:17,433 [INFO] IPUIPlugin:80 - create IPUIPlugin
2024-02-13 15:52:17,433 [INFO] PluginManager:220 - loadIPPluginJar : add stm32_wpan
2024-02-13 15:52:17,436 [INFO] IPUIPlugin:80 - create IPUIPlugin
2024-02-13 15:52:17,436 [INFO] PluginManager:220 - loadIPPluginJar : add dfsdm
2024-02-13 15:52:17,438 [INFO] IPUIPlugin:80 - create IPUIPlugin
2024-02-13 15:52:17,438 [INFO] PluginManager:220 - loadIPPluginJar : add ts
2024-02-13 15:52:17,443 [INFO] IPUIPlugin:80 - create IPUIPlugin
2024-02-13 15:52:17,443 [INFO] PluginManager:220 - loadIPPluginJar : add fmc
2024-02-13 15:52:17,446 [INFO] IPUIPlugin:80 - create IPUIPlugin
2024-02-13 15:52:17,446 [INFO] PluginManager:220 - loadIPPluginJar : add i2s
2024-02-13 15:52:17,449 [INFO] IPUIPlugin:80 - create IPUIPlugin
2024-02-13 15:52:17,450 [INFO] PluginManager:220 - loadIPPluginJar : add i3c
2024-02-13 15:52:17,453 [INFO] IPUIPlugin:80 - create IPUIPlugin
2024-02-13 15:52:17,453 [INFO] PluginManager:220 - loadIPPluginJar : add i2c
2024-02-13 15:52:17,457 [INFO] IPUIPlugin:80 - create IPUIPlugin
2024-02-13 15:52:17,457 [INFO] PluginManager:220 - loadIPPluginJar : add can
2024-02-13 15:52:17,460 [INFO] IPUIPlugin:80 - create IPUIPlugin
2024-02-13 15:52:17,461 [INFO] PluginManager:220 - loadIPPluginJar : add cryp
2024-02-13 15:52:17,468 [INFO] IPUIPlugin:80 - create IPUIPlugin
2024-02-13 15:52:17,469 [INFO] PluginManager:220 - loadIPPluginJar : add adc
2024-02-13 15:52:17,470 [INFO] IPUIPlugin:80 - create IPUIPlugin
2024-02-13 15:52:17,471 [INFO] PluginManager:220 - loadIPPluginJar : add genericplugin
2024-02-13 15:52:17,474 [INFO] IPUIPlugin:80 - create IPUIPlugin
2024-02-13 15:52:17,475 [INFO] PluginManager:220 - loadIPPluginJar : add openamp
2024-02-13 15:52:17,600 [INFO] CADModel:165 - CPN selected for project level
2024-02-13 15:52:17,600 [INFO] CADModel:114 - Register for checkConnection events
2024-02-13 15:52:17,601 [FATAL] Updater:308 - Updater called before beeing initialized
2024-02-13 15:52:17,601 [ERROR] CADModel:125 - Updater not yet initialized, retry later 
2024-02-13 15:52:17,770 [INFO] CADModel:165 - CPN selected for project level
2024-02-13 15:52:17,771 [INFO] CADModel:114 - Register for checkConnection events
2024-02-13 15:52:17,771 [FATAL] Updater:308 - Updater called before beeing initialized
2024-02-13 15:52:17,771 [ERROR] CADModel:125 - Updater not yet initialized, retry later 
2024-02-13 15:52:17,775 [FATAL] Updater:308 - Updater called before beeing initialized
2024-02-13 15:52:17,890 [FATAL] Updater:308 - Updater called before beeing initialized
2024-02-13 15:52:17,896 [INFO] DbMcusAds:53 - JSON generation date=Wed Nov 29 16:22:27 IST 2023 (1701255147200)
2024-02-13 15:52:17,896 [FATAL] Updater:308 - Updater called before beeing initialized
2024-02-13 15:52:17,959 [WARN] DetailPanel:346 - Failed to get advertising image, set to default
2024-02-13 15:52:18,103 [FATAL] Updater:308 - Updater called before beeing initialized
2024-02-13 15:52:18,105 [FATAL] Updater:308 - Updater called before beeing initialized
2024-02-13 15:52:18,105 [FATAL] Updater:308 - Updater called before beeing initialized
2024-02-13 15:52:18,105 [WARN] DetailPanel:346 - Failed to get advertising image, set to default
2024-02-13 15:52:18,106 [FATAL] Updater:308 - Updater called before beeing initialized
2024-02-13 15:52:18,148 [ERROR] Updater:1120 - MainUpdater not yet initialized. External WinMGr cannot be set.
2024-02-13 15:52:18,151 [INFO] Updater:1056 - Updater Version found : 6.10.0
2024-02-13 15:52:18,174 [INFO] ApplicationProperties:184 - Using Application install path: /opt/st/stm32cubeide_1.14.0/plugins/com.st.stm32cube.common.mx_6.10.0.202311202037
2024-02-13 15:52:18,476 [INFO] MainUpdater:2873 - connection check result : 10
2024-02-13 15:52:18,477 [INFO] MainUpdater:290 - Updater Check For Update Now.
2024-02-13 15:52:18,477 [INFO] MicroXplorer:498 - Change Database Version : DB.6.0.100
2024-02-13 15:52:18,487 [INFO] McuFinderGlobals:63 - Set McuFinder mode to 2 (CubeIDE integrated)
2024-02-13 15:52:18,487 [INFO] UserAuth:180 - activating auth plugin
2024-02-13 15:52:18,491 [INFO] UserAuth:404 - Internet connection configuration mode: 1
2024-02-13 15:52:18,512 [INFO] JxBrowserEngine:152 - Initiate JxBrowser Engine with user profile folder
2024-02-13 15:52:18,720 [INFO] CheckServerUpdateThread:120 - End of CheckServer Thread
2024-02-13 15:52:19,646 [WARN] PackLoader:240 - Cannot read IP mode file for STMicroelectronics.FP-SNS-MOTENV1.4.3.2
2024-02-13 15:52:19,659 [WARN] PackLoader:240 - Cannot read IP mode file for STMicroelectronics.FP-SNS-FLIGHT1.5.0.2
2024-02-13 15:52:19,670 [WARN] PackLoader:240 - Cannot read IP mode file for STMicroelectronics.FP-SNS-SMARTAG2.1.2.0
2024-02-13 15:52:19,680 [WARN] PackLoader:240 - Cannot read IP mode file for STMicroelectronics.FP-ATR-SIGFOX1.3.2.0
2024-02-13 15:52:19,686 [WARN] PackLoader:240 - Cannot read IP mode file for STMicroelectronics.X-CUBE-AI.8.1.0
2024-02-13 15:52:19,694 [WARN] PackLoader:240 - Cannot read IP mode file for STMicroelectronics.FP-ATR-ASTRA1.2.0.0
2024-02-13 15:52:19,695 [INFO] ThirdParty:978 - Integrity check success = true
2024-02-13 15:52:19,695 [INFO] IntegrityCheckThread:100 - exiting critical section [integrity check]
2024-02-13 15:52:19,695 [INFO] IntegrityCheckThread:103 - End integrity checks thread
2024-02-13 15:52:20,325 [INFO] WebApp:161 - Instantiating new browser for Auth
2024-02-13 15:52:21,368 [INFO] WebApp:780 - Register for checkConnection events
2024-02-13 15:52:21,368 [INFO] WebApp:414 - Apply proxy settings
2024-02-13 15:52:21,368 [INFO] WebApp:499 - Chromium requires no authentication
2024-02-13 15:52:21,376 [INFO] WebApp:442 - Direct internet connection detected
2024-02-13 15:52:21,607 [INFO] WebApp:192 - Starting web application
2024-02-13 15:52:21,608 [INFO] WebApp:544 - Web application path used /opt/st/stm32cubeide_1.14.0/plugins/com.st.stm32cube.common.mx_6.10.0.202311202037/db/plugins/mcufinder/reactClient1/index.html
2024-02-13 15:52:42,359 [ERROR] LogOutputStream:75 - [STDERR_REDIRECT] SLF4J: Failed to load class "org.slf4j.impl.StaticLoggerBinder".
2024-02-13 15:52:42,360 [ERROR] LogOutputStream:75 - [STDERR_REDIRECT] SLF4J: Defaulting to no-operation (NOP) logger implementation
2024-02-13 15:52:42,361 [ERROR] LogOutputStream:75 - [STDERR_REDIRECT] SLF4J: See http://www.slf4j.org/codes.html#StaticLoggerBinder for further details.
2024-02-13 15:55:05,559 [INFO] Activator:176 - 


2024-02-13 15:55:05,562 [INFO] Activator:177 - !SESSION log4j initialized
2024-02-13 15:55:12,065 [INFO] LogOutputStream:77 - [STDOUT_REDIRECT] 
2024-02-13 15:55:13,415 [INFO] ApplicationProperties:184 - Using Application install path: /opt/st/stm32cubeide_1.14.0/plugins/com.st.stm32cube.common.mx_6.10.0.202311202037
2024-02-13 15:55:13,441 [INFO] DbMcusXml:78 - Set database path to: /opt/st/stm32cubeide_1.14.0/plugins/com.st.stm32cube.common.mx_6.10.0.202311202037//db//mcu/
2024-02-13 15:55:13,442 [INFO] ApiDb:274 - Set plugin database path to: /opt/st/stm32cubeide_1.14.0/plugins/com.st.stm32cube.common.mx_6.10.0.202311202037//db//plugins/boardmanager/
2024-02-13 15:55:13,443 [WARN] ApiDb:259 - Overriding images path with different value:  => /opt/st/stm32cubeide_1.14.0/plugins/com.st.stm32cube.common.mx_6.10.0.202311202037//db//plugins/mcufinder/images/
2024-02-13 15:55:13,454 [INFO] ApiDb:250 - Set database path to: /home/mirafra/.stmcufinder/plugins/mcufinder//mcu/
2024-02-13 15:55:13,456 [INFO] DbMcusAds:125 - Set database path to: /home/mirafra/.stmcufinder/plugins/mcufinder//mcu/
2024-02-13 15:55:13,460 [INFO] CrossReferenceDbSqlite:203 - Set database path to: /home/mirafra/.stmcufinder/plugins/mcufinder//mcu/cs/
2024-02-13 15:55:13,661 [INFO] RulesReader:64 - Compatibility file has been processed (297 Rules)
2024-02-13 15:55:13,766 [INFO] DbMcusXml:78 - Set database path to: /opt/st/stm32cubeide_1.14.0/plugins/com.st.stm32cube.common.mx_6.10.0.202311202037//db//mcu/
2024-02-13 15:55:13,766 [INFO] ApiDb:274 - Set plugin database path to: /opt/st/stm32cubeide_1.14.0/plugins/com.st.stm32cube.common.mx_6.10.0.202311202037//db//plugins/boardmanager/
2024-02-13 15:55:13,766 [INFO] ApiDb:261 - Set plugin images path to: /opt/st/stm32cubeide_1.14.0/plugins/com.st.stm32cube.common.mx_6.10.0.202311202037//db//plugins/mcufinder/images/
2024-02-13 15:55:13,767 [WARN] DbFile:41 - Overriding database path with different value: /home/mirafra/.stmcufinder/plugins/mcufinder/ => /home/mirafra/.stmcufinder/plugins/mcufinder
2024-02-13 15:55:13,767 [INFO] ApiDb:250 - Set database path to: /home/mirafra/.stmcufinder/plugins/mcufinder//mcu/
2024-02-13 15:55:13,767 [WARN] DbFile:41 - Overriding database path with different value: /home/mirafra/.stmcufinder/plugins/mcufinder/ => /home/mirafra/.stmcufinder/plugins/mcufinder
2024-02-13 15:55:13,767 [INFO] DbMcusAds:125 - Set database path to: /home/mirafra/.stmcufinder/plugins/mcufinder//mcu/
2024-02-13 15:55:13,768 [WARN] DbFile:41 - Overriding database path with different value: /home/mirafra/.stmcufinder/plugins/mcufinder/ => /home/mirafra/.stmcufinder/plugins/mcufinder
2024-02-13 15:55:13,768 [WARN] DbFile:41 - Overriding database path with different value: /home/mirafra/.stmcufinder/plugins/mcufinder/ => /home/mirafra/.stmcufinder/plugins/mcufinder
2024-02-13 15:55:13,768 [INFO] CrossReferenceDbSqlite:203 - Set database path to: /home/mirafra/.stmcufinder/plugins/mcufinder//mcu/cs/
2024-02-13 15:55:13,869 [INFO] MainPanel:264 - HeapMemory: 268435456
2024-02-13 15:55:13,997 [INFO] DbMcusXml:78 - Set database path to: /opt/st/stm32cubeide_1.14.0/plugins/com.st.stm32cube.common.mx_6.10.0.202311202037//db//mcu/
2024-02-13 15:55:13,998 [INFO] ApiDb:274 - Set plugin database path to: /opt/st/stm32cubeide_1.14.0/plugins/com.st.stm32cube.common.mx_6.10.0.202311202037//db//plugins/boardmanager/
2024-02-13 15:55:13,998 [INFO] ApiDb:261 - Set plugin images path to: /opt/st/stm32cubeide_1.14.0/plugins/com.st.stm32cube.common.mx_6.10.0.202311202037//db//plugins/mcufinder/images/
2024-02-13 15:55:13,999 [WARN] DbFile:41 - Overriding database path with different value: /home/mirafra/.stmcufinder/plugins/mcufinder/ => /home/mirafra/.stmcufinder/plugins/mcufinder
2024-02-13 15:55:13,999 [INFO] ApiDb:250 - Set database path to: /home/mirafra/.stmcufinder/plugins/mcufinder//mcu/
2024-02-13 15:55:14,000 [WARN] DbFile:41 - Overriding database path with different value: /home/mirafra/.stmcufinder/plugins/mcufinder/ => /home/mirafra/.stmcufinder/plugins/mcufinder
2024-02-13 15:55:14,000 [INFO] DbMcusAds:125 - Set database path to: /home/mirafra/.stmcufinder/plugins/mcufinder//mcu/
2024-02-13 15:55:14,000 [WARN] DbFile:41 - Overriding database path with different value: /home/mirafra/.stmcufinder/plugins/mcufinder/ => /home/mirafra/.stmcufinder/plugins/mcufinder
2024-02-13 15:55:14,000 [WARN] DbFile:41 - Overriding database path with different value: /home/mirafra/.stmcufinder/plugins/mcufinder/ => /home/mirafra/.stmcufinder/plugins/mcufinder
2024-02-13 15:55:14,001 [INFO] CrossReferenceDbSqlite:203 - Set database path to: /home/mirafra/.stmcufinder/plugins/mcufinder//mcu/cs/
2024-02-13 15:55:14,023 [INFO] ApplicationProperties:184 - Using Application install path: /opt/st/stm32cubeide_1.14.0/plugins/com.st.stm32cube.common.mx_6.10.0.202311202037
2024-02-13 15:55:14,025 [INFO] PluginManage:196 - Search for loadable plugins [exclusion list=, ]
2024-02-13 15:55:14,027 [INFO] PluginManage:310 - Check plugin analytics
2024-02-13 15:55:14,325 [INFO] AnalyticsPlugin:253 - Accepted Software Licenses: 
2024-02-13 15:55:14,326 [INFO] AnalyticsPlugin:255 - Accepted CMSIS Pack Licenses: 
2024-02-13 15:55:14,326 [INFO] AnalyticsPlugin:257 - Accepted Firmware Licenses: 
2024-02-13 15:55:14,337 [INFO] PluginManage:359 - Loaded plugin analytics (category:tool,tabindex:-1)
2024-02-13 15:55:14,337 [INFO] PluginManage:310 - Check plugin cadmodel
2024-02-13 15:55:14,377 [INFO] CADModel:105 - Init CAD model plugin
2024-02-13 15:55:14,378 [INFO] PluginManage:359 - Loaded plugin cadmodel (category:power,tabindex:5)
2024-02-13 15:55:14,378 [INFO] PluginManage:310 - Check plugin clock
2024-02-13 15:55:14,393 [INFO] PluginManage:359 - Loaded plugin clock (category:base,tabindex:2)
2024-02-13 15:55:14,393 [INFO] PluginManage:310 - Check plugin ddr
2024-02-13 15:55:14,399 [INFO] PluginManage:359 - Loaded plugin ddr (category:tool,tabindex:6)
2024-02-13 15:55:14,399 [INFO] PluginManage:310 - Check plugin filemanager
2024-02-13 15:55:14,654 [INFO] PluginManage:359 - Loaded plugin filemanager (category:base,tabindex:10)
2024-02-13 15:55:14,655 [INFO] PluginManage:310 - Check plugin ipmanager
2024-02-13 15:55:14,665 [INFO] PluginManage:359 - Loaded plugin ipmanager (category:base,tabindex:5)
2024-02-13 15:55:14,665 [INFO] PluginManage:310 - Check plugin lpbam
2024-02-13 15:55:14,680 [INFO] PluginManage:359 - Loaded plugin lpbam (category:base,tabindex:0)
2024-02-13 15:55:14,682 [INFO] PluginManage:310 - Check plugin memorymap
2024-02-13 15:55:14,704 [INFO] PluginManage:359 - Loaded plugin memorymap (category:base,tabindex:4)
2024-02-13 15:55:14,704 [INFO] PluginManage:310 - Check plugin pinoutandconfiguration
2024-02-13 15:55:14,725 [INFO] PluginManage:359 - Loaded plugin pinoutandconfiguration (category:base,tabindex:1)
2024-02-13 15:55:14,726 [INFO] PluginManage:310 - Check plugin pinoutconfig
2024-02-13 15:55:14,874 [WARN] SupportedApi:132 - Cannot load RTOS API schema: s4s-elt-must-match.1: The content of 'definitions' must match (annotation?, (simpleType | complexType)?, (unique | key | keyref)*)). A problem was found starting at: attribute.
2024-02-13 15:55:15,100 [INFO] PluginManage:359 - Loaded plugin pinoutconfig (category:base,tabindex:0)
2024-02-13 15:55:15,101 [INFO] PluginManage:310 - Check plugin power
2024-02-13 15:55:15,124 [INFO] PluginManage:359 - Loaded plugin power (category:power,tabindex:4)
2024-02-13 15:55:15,124 [INFO] PluginManage:310 - Check plugin projectmanager
2024-02-13 15:55:15,149 [INFO] PluginManage:359 - Loaded plugin projectmanager (category:projectmanager,tabindex:3)
2024-02-13 15:55:15,150 [INFO] PluginManage:310 - Check plugin thirdparty
2024-02-13 15:55:15,329 [INFO] PluginManage:359 - Loaded plugin thirdparty (category:base,tabindex:-1)
2024-02-13 15:55:15,329 [WARN] IntegrityCheckThread:84 - waiting for thirdparty lock release [integrity check]
2024-02-13 15:55:15,329 [INFO] PluginManage:310 - Check plugin tools
2024-02-13 15:55:15,329 [INFO] IntegrityCheckThread:86 - entering critical section [integrity check]
2024-02-13 15:55:15,330 [INFO] ThirdPartyUpdaterWithRetryManager:70 - Updater plugin not ready yet. [1/15]
2024-02-13 15:55:15,332 [INFO] PluginManage:359 - Loaded plugin tools (category:base,tabindex:7)
2024-02-13 15:55:15,333 [INFO] PluginManage:310 - Check plugin tutovideos
2024-02-13 15:55:15,623 [INFO] PluginManage:359 - Loaded plugin tutovideos (category:base,tabindex:-1)
2024-02-13 15:55:15,623 [INFO] PluginManage:310 - Check plugin updater
2024-02-13 15:55:15,637 [INFO] PluginManage:359 - Loaded plugin updater (category:base,tabindex:12)
2024-02-13 15:55:15,637 [INFO] PluginManage:310 - Check plugin userauth
2024-02-13 15:55:15,643 [INFO] UserAuth:114 - Init User Auth plugin
2024-02-13 15:55:15,643 [INFO] PluginManage:359 - Loaded plugin userauth (category:base,tabindex:14)
2024-02-13 15:55:15,644 [INFO] PluginManage:283 - PluginManage : Loaded plugins [17]
2024-02-13 15:55:15,922 [INFO] PinOutPanel:1499 - setPackage(No Configuration,No Configuration)
2024-02-13 15:55:16,011 [INFO] CADModel:165 - CPN selected for project level
2024-02-13 15:55:16,012 [INFO] CADModel:114 - Register for checkConnection events
2024-02-13 15:55:16,029 [INFO] IPUIPlugin:80 - create IPUIPlugin
2024-02-13 15:55:16,030 [INFO] PluginManager:220 - loadIPPluginJar : add usart
2024-02-13 15:55:16,036 [INFO] IPUIPlugin:80 - create IPUIPlugin
2024-02-13 15:55:16,036 [INFO] PluginManager:220 - loadIPPluginJar : add opamp
2024-02-13 15:55:16,044 [INFO] IPUIPlugin:80 - create IPUIPlugin
2024-02-13 15:55:16,048 [INFO] PluginManager:220 - loadIPPluginJar : add plateformsettings
2024-02-13 15:55:16,050 [INFO] IPUIPlugin:80 - create IPUIPlugin
2024-02-13 15:55:16,051 [INFO] PluginManager:220 - loadIPPluginJar : add tim
2024-02-13 15:55:16,054 [INFO] IPUIPlugin:80 - create IPUIPlugin
2024-02-13 15:55:16,054 [INFO] PluginManager:220 - loadIPPluginJar : add spi
2024-02-13 15:55:16,061 [INFO] IPUIPlugin:80 - create IPUIPlugin
2024-02-13 15:55:16,062 [INFO] PluginManager:220 - loadIPPluginJar : add gic
2024-02-13 15:55:16,069 [INFO] IPUIPlugin:80 - create IPUIPlugin
2024-02-13 15:55:16,069 [INFO] PluginManager:220 - loadIPPluginJar : add gpio
2024-02-13 15:55:16,079 [INFO] IPUIPlugin:80 - create IPUIPlugin
2024-02-13 15:55:16,080 [INFO] PluginManager:220 - loadIPPluginJar : add linkedlist
2024-02-13 15:55:16,081 [INFO] IPUIPlugin:80 - create IPUIPlugin
2024-02-13 15:55:16,082 [INFO] PluginManager:220 - loadIPPluginJar : add ltdc
2024-02-13 15:55:16,084 [INFO] IPUIPlugin:80 - create IPUIPlugin
2024-02-13 15:55:16,084 [INFO] PluginManager:220 - loadIPPluginJar : add fatfs
2024-02-13 15:55:16,087 [INFO] IPUIPlugin:80 - create IPUIPlugin
2024-02-13 15:55:16,087 [INFO] PluginManager:220 - loadIPPluginJar : add gfxmmu
2024-02-13 15:55:16,090 [INFO] IPUIPlugin:80 - create IPUIPlugin
2024-02-13 15:55:16,091 [INFO] PluginManager:220 - loadIPPluginJar : add dma3
2024-02-13 15:55:16,095 [INFO] IPUIPlugin:80 - create IPUIPlugin
2024-02-13 15:55:16,096 [INFO] PluginManager:220 - loadIPPluginJar : add resmgrutility
2024-02-13 15:55:16,104 [INFO] IPUIPlugin:80 - create IPUIPlugin
2024-02-13 15:55:16,104 [INFO] PluginManager:220 - loadIPPluginJar : add freertos
2024-02-13 15:55:16,114 [INFO] IPUIPlugin:80 - create IPUIPlugin
2024-02-13 15:55:16,114 [INFO] PluginManager:220 - loadIPPluginJar : add mdma
2024-02-13 15:55:16,119 [INFO] IPUIPlugin:80 - create IPUIPlugin
2024-02-13 15:55:16,120 [INFO] PluginManager:220 - loadIPPluginJar : add nvic
2024-02-13 15:55:16,124 [INFO] IPUIPlugin:80 - create IPUIPlugin
2024-02-13 15:55:16,124 [INFO] PluginManager:220 - loadIPPluginJar : add touchsensing
2024-02-13 15:55:16,127 [INFO] IPUIPlugin:80 - create IPUIPlugin
2024-02-13 15:55:16,127 [INFO] PluginManager:220 - loadIPPluginJar : add usbx
2024-02-13 15:55:16,131 [INFO] IPUIPlugin:80 - create IPUIPlugin
2024-02-13 15:55:16,131 [INFO] PluginManager:220 - loadIPPluginJar : add ipddr
2024-02-13 15:55:16,133 [INFO] IPUIPlugin:80 - create IPUIPlugin
2024-02-13 15:55:16,133 [INFO] PluginManager:220 - loadIPPluginJar : add quadspi
2024-02-13 15:55:16,137 [INFO] IPUIPlugin:80 - create IPUIPlugin
2024-02-13 15:55:16,138 [INFO] PluginManager:220 - loadIPPluginJar : add gtzc
2024-02-13 15:55:16,141 [INFO] IPUIPlugin:80 - create IPUIPlugin
2024-02-13 15:55:16,141 [INFO] PluginManager:220 - loadIPPluginJar : add aes
2024-02-13 15:55:16,149 [INFO] IPUIPlugin:80 - create IPUIPlugin
2024-02-13 15:55:16,150 [INFO] PluginManager:220 - loadIPPluginJar : add dma
2024-02-13 15:55:16,152 [INFO] IPUIPlugin:80 - create IPUIPlugin
2024-02-13 15:55:16,153 [INFO] PluginManager:220 - loadIPPluginJar : add tracer_emb
2024-02-13 15:55:16,156 [INFO] IPUIPlugin:80 - create IPUIPlugin
2024-02-13 15:55:16,156 [INFO] PluginManager:220 - loadIPPluginJar : add hash
2024-02-13 15:55:16,160 [INFO] IPUIPlugin:80 - create IPUIPlugin
2024-02-13 15:55:16,160 [INFO] PluginManager:220 - loadIPPluginJar : add pdm2pcm
2024-02-13 15:55:16,162 [INFO] IPUIPlugin:80 - create IPUIPlugin
2024-02-13 15:55:16,162 [INFO] PluginManager:220 - loadIPPluginJar : add ucpd
2024-02-13 15:55:16,166 [INFO] IPUIPlugin:80 - create IPUIPlugin
2024-02-13 15:55:16,166 [INFO] PluginManager:220 - loadIPPluginJar : add sai
2024-02-13 15:55:16,168 [INFO] IPUIPlugin:80 - create IPUIPlugin
2024-02-13 15:55:16,169 [INFO] PluginManager:220 - loadIPPluginJar : add lorawan
2024-02-13 15:55:16,171 [INFO] IPUIPlugin:80 - create IPUIPlugin
2024-02-13 15:55:16,171 [INFO] PluginManager:220 - loadIPPluginJar : add comp
2024-02-13 15:55:16,173 [INFO] IPUIPlugin:80 - create IPUIPlugin
2024-02-13 15:55:16,173 [INFO] PluginManager:220 - loadIPPluginJar : add tsc
2024-02-13 15:55:16,179 [INFO] IPUIPlugin:80 - create IPUIPlugin
2024-02-13 15:55:16,179 [INFO] PluginManager:220 - loadIPPluginJar : add stm32_wpan
2024-02-13 15:55:16,181 [INFO] IPUIPlugin:80 - create IPUIPlugin
2024-02-13 15:55:16,181 [INFO] PluginManager:220 - loadIPPluginJar : add dfsdm
2024-02-13 15:55:16,184 [INFO] IPUIPlugin:80 - create IPUIPlugin
2024-02-13 15:55:16,184 [INFO] PluginManager:220 - loadIPPluginJar : add ts
2024-02-13 15:55:16,189 [INFO] IPUIPlugin:80 - create IPUIPlugin
2024-02-13 15:55:16,190 [INFO] PluginManager:220 - loadIPPluginJar : add fmc
2024-02-13 15:55:16,193 [INFO] IPUIPlugin:80 - create IPUIPlugin
2024-02-13 15:55:16,193 [INFO] PluginManager:220 - loadIPPluginJar : add i2s
2024-02-13 15:55:16,197 [INFO] IPUIPlugin:80 - create IPUIPlugin
2024-02-13 15:55:16,197 [INFO] PluginManager:220 - loadIPPluginJar : add i3c
2024-02-13 15:55:16,200 [INFO] IPUIPlugin:80 - create IPUIPlugin
2024-02-13 15:55:16,200 [INFO] PluginManager:220 - loadIPPluginJar : add i2c
2024-02-13 15:55:16,203 [INFO] IPUIPlugin:80 - create IPUIPlugin
2024-02-13 15:55:16,203 [INFO] PluginManager:220 - loadIPPluginJar : add can
2024-02-13 15:55:16,206 [INFO] IPUIPlugin:80 - create IPUIPlugin
2024-02-13 15:55:16,206 [INFO] PluginManager:220 - loadIPPluginJar : add cryp
2024-02-13 15:55:16,214 [INFO] IPUIPlugin:80 - create IPUIPlugin
2024-02-13 15:55:16,214 [INFO] PluginManager:220 - loadIPPluginJar : add adc
2024-02-13 15:55:16,216 [INFO] IPUIPlugin:80 - create IPUIPlugin
2024-02-13 15:55:16,216 [INFO] PluginManager:220 - loadIPPluginJar : add genericplugin
2024-02-13 15:55:16,220 [INFO] IPUIPlugin:80 - create IPUIPlugin
2024-02-13 15:55:16,220 [INFO] PluginManager:220 - loadIPPluginJar : add openamp
2024-02-13 15:55:16,344 [INFO] CADModel:165 - CPN selected for project level
2024-02-13 15:55:16,344 [INFO] CADModel:114 - Register for checkConnection events
2024-02-13 15:55:16,345 [FATAL] Updater:308 - Updater called before beeing initialized
2024-02-13 15:55:16,345 [ERROR] CADModel:125 - Updater not yet initialized, retry later 
2024-02-13 15:55:16,497 [INFO] CADModel:165 - CPN selected for project level
2024-02-13 15:55:16,497 [INFO] CADModel:114 - Register for checkConnection events
2024-02-13 15:55:16,497 [FATAL] Updater:308 - Updater called before beeing initialized
2024-02-13 15:55:16,497 [ERROR] CADModel:125 - Updater not yet initialized, retry later 
2024-02-13 15:55:16,501 [FATAL] Updater:308 - Updater called before beeing initialized
2024-02-13 15:55:16,613 [FATAL] Updater:308 - Updater called before beeing initialized
2024-02-13 15:55:16,618 [INFO] DbMcusAds:53 - JSON generation date=Wed Nov 29 16:22:27 IST 2023 (1701255147200)
2024-02-13 15:55:16,618 [FATAL] Updater:308 - Updater called before beeing initialized
2024-02-13 15:55:16,666 [WARN] DetailPanel:346 - Failed to get advertising image, set to default
2024-02-13 15:55:16,813 [FATAL] Updater:308 - Updater called before beeing initialized
2024-02-13 15:55:16,815 [FATAL] Updater:308 - Updater called before beeing initialized
2024-02-13 15:55:16,815 [FATAL] Updater:308 - Updater called before beeing initialized
2024-02-13 15:55:16,815 [WARN] DetailPanel:346 - Failed to get advertising image, set to default
2024-02-13 15:55:16,817 [FATAL] Updater:308 - Updater called before beeing initialized
2024-02-13 15:55:16,858 [ERROR] Updater:1120 - MainUpdater not yet initialized. External WinMGr cannot be set.
2024-02-13 15:55:16,860 [INFO] Updater:1056 - Updater Version found : 6.10.0
2024-02-13 15:55:16,888 [INFO] ApplicationProperties:184 - Using Application install path: /opt/st/stm32cubeide_1.14.0/plugins/com.st.stm32cube.common.mx_6.10.0.202311202037
2024-02-13 15:55:17,255 [INFO] MainUpdater:2873 - connection check result : 10
2024-02-13 15:55:17,256 [INFO] MainUpdater:290 - Updater Check For Update Now.
2024-02-13 15:55:17,256 [INFO] MicroXplorer:498 - Change Database Version : DB.6.0.100
2024-02-13 15:55:17,263 [INFO] McuFinderGlobals:63 - Set McuFinder mode to 2 (CubeIDE integrated)
2024-02-13 15:55:17,264 [INFO] UserAuth:180 - activating auth plugin
2024-02-13 15:55:17,270 [INFO] UserAuth:404 - Internet connection configuration mode: 1
2024-02-13 15:55:17,299 [INFO] JxBrowserEngine:152 - Initiate JxBrowser Engine with user profile folder
2024-02-13 15:55:17,472 [INFO] CheckServerUpdateThread:120 - End of CheckServer Thread
2024-02-13 15:55:18,576 [WARN] PackLoader:240 - Cannot read IP mode file for STMicroelectronics.FP-SNS-MOTENV1.4.3.2
2024-02-13 15:55:18,603 [WARN] PackLoader:240 - Cannot read IP mode file for STMicroelectronics.FP-SNS-FLIGHT1.5.0.2
2024-02-13 15:55:18,619 [WARN] PackLoader:240 - Cannot read IP mode file for STMicroelectronics.FP-SNS-SMARTAG2.1.2.0
2024-02-13 15:55:18,633 [WARN] PackLoader:240 - Cannot read IP mode file for STMicroelectronics.FP-ATR-SIGFOX1.3.2.0
2024-02-13 15:55:18,651 [WARN] PackLoader:240 - Cannot read IP mode file for STMicroelectronics.X-CUBE-AI.8.1.0
2024-02-13 15:55:18,658 [WARN] PackLoader:240 - Cannot read IP mode file for STMicroelectronics.FP-ATR-ASTRA1.2.0.0
2024-02-13 15:55:18,659 [INFO] ThirdParty:978 - Integrity check success = true
2024-02-13 15:55:18,660 [INFO] IntegrityCheckThread:100 - exiting critical section [integrity check]
2024-02-13 15:55:18,660 [INFO] IntegrityCheckThread:103 - End integrity checks thread
2024-02-13 15:55:18,926 [INFO] WebApp:161 - Instantiating new browser for Auth
2024-02-13 15:55:20,004 [INFO] WebApp:780 - Register for checkConnection events
2024-02-13 15:55:20,005 [INFO] WebApp:414 - Apply proxy settings
2024-02-13 15:55:20,005 [INFO] WebApp:499 - Chromium requires no authentication
2024-02-13 15:55:20,015 [INFO] WebApp:442 - Direct internet connection detected
2024-02-13 15:55:20,176 [INFO] WebApp:192 - Starting web application
2024-02-13 15:55:20,176 [INFO] WebApp:544 - Web application path used /opt/st/stm32cubeide_1.14.0/plugins/com.st.stm32cube.common.mx_6.10.0.202311202037/db/plugins/mcufinder/reactClient1/index.html
2024-02-13 15:55:40,808 [ERROR] LogOutputStream:75 - [STDERR_REDIRECT] SLF4J: Failed to load class "org.slf4j.impl.StaticLoggerBinder".
2024-02-13 15:55:40,808 [ERROR] LogOutputStream:75 - [STDERR_REDIRECT] SLF4J: Defaulting to no-operation (NOP) logger implementation
2024-02-13 15:55:40,809 [ERROR] LogOutputStream:75 - [STDERR_REDIRECT] SLF4J: See http://www.slf4j.org/codes.html#StaticLoggerBinder for further details.
2024-02-13 15:57:35,580 [INFO] McuFinderGlobals:63 - Set McuFinder mode to 2 (CubeIDE integrated)
2024-02-13 15:57:35,583 [INFO] MainUpdater:2873 - connection check result : 10
2024-02-13 15:57:36,167 [INFO] ApiDb:581 - Connected to CubeFinder SQLite database (/home/mirafra/.stmcufinder/plugins/mcufinder/mcu/cube-finder-db.db)
2024-02-13 15:57:36,316 [INFO] ApiDb:668 - CubeFinder database Data Model version=2.1
2024-02-13 15:57:36,316 [INFO] ApiDb:669 - CubeFinder database Configuration version=3.0.39
2024-02-13 15:57:36,317 [INFO] ApiDb:670 - CubeFinder database generation date=2024-01-11 (1704964531)
2024-02-13 15:57:36,318 [INFO] ApiDb:671 - CubeFinder database FW Pack versions=[FP-ATR-ASTRA1_V2.0.0, FP-SNS-FLIGHT1_V5.0.1, FP-SNS-FLIGHT1_V5.0.2, FP-SNS-MOTENV1_V4.3.1, FP-SNS-MOTENV1_V4.3.2, FP-SNS-MOTENVWB1_V1.3.1, FP-SNS-SMARTAG2_V1.2.0, STM32Cube_FW_C0_V1.1.0, STM32Cube_FW_F4_V1.28.0, STM32Cube_FW_F7_V1.17.0, STM32Cube_FW_G0_V1.6.2, STM32Cube_FW_G4_V1.5.2, STM32Cube_FW_H5_V0.5.1, STM32Cube_FW_H5_V1.1.1, STM32Cube_FW_H5_V1.2.0RC2, STM32Cube_FW_H7_V1.11.0, STM32Cube_FW_L0_V1.12.2, STM32Cube_FW_L5_V1.5.0, STM32Cube_FW_U5_V1.3.0RC4, STM32Cube_FW_U5_V1.4.0, STM32Cube_FW_WBA_V1.0.0RC1, STM32Cube_FW_WBA_V1.1.0RC1, STM32Cube_FW_WBA_V1.2.0, STM32Cube_FW_WBA_V1.2.0RC2, STM32Cube_FW_WB_V1.15.0RC1, STM32Cube_FW_WB_V1.16.0, STM32Cube_FW_WB_V1.16.0RC2, STM32Cube_FW_WB_V1.18.0, STM32Cube_FW_WL_V1.3.0, X-CUBE-ALGOBUILD_V1.3.0, X-CUBE-ALS_V1.0.1, X-CUBE-AZRTOS-F4_V1.1.0, X-CUBE-AZRTOS-F7_V1.1.0, X-CUBE-AZRTOS-G0_V1.1.0, X-CUBE-AZRTOS-G4_V2.0.0, X-CUBE-AZRTOS-H7_V3.2.0, X-CUBE-AZRTOS-L4_V1.0.0, X-CUBE-AZRTOS-L4_V2.0.0, X-CUBE-AZRTOS-L5_V1.1.0, X-CUBE-AZRTOS-WB_V2.0.0, X-CUBE-AZRTOS-WL_V2.0.0, X-CUBE-BLE1_V7.0.0, X-CUBE-BLE2_V3.3.0, X-CUBE-BLEMGR_V3.0.0, X-CUBE-EEPRMA1_V4.1.0, X-CUBE-EEPRMA1_V4.2.0, X-CUBE-FREERTOS_V1.1.0, X-CUBE-GNSS1_V6.0.0, X-CUBE-MEMS1_V10.0.0, X-CUBE-MEMS1_V9.1.0, X-CUBE-MEMS1_V9.4.0, X-CUBE-MEMS1_V9.6.0, X-CUBE-NFC4_V3.0.0, X-CUBE-NFC7_V1.0.1, X-CUBE-SFXS2LP1_V4.0.0, X-CUBE-SUBG2_V5.0.0, X-CUBE-TOF1_V3.4.0]
2024-02-13 15:57:36,602 [INFO] DbBoardsSqlite:226 - include board P-NUCLEO-WB55-NUCLEO as a kit item of type 'Nucleo-64'
2024-02-13 15:57:36,604 [INFO] DbBoardsSqlite:226 - include board P-NUCLEO-WB55-USBDONGLE as a kit item of type 'Nucleo USB Dongle'
2024-02-13 15:57:36,606 [INFO] DbBoardsSqlite:226 - include board STEVAL-IDP005V1 as a kit item of type 'Evaluation Board'
2024-02-13 15:57:36,608 [INFO] DbBoardsSqlite:226 - include board STEVAL-IDP005V2 as a kit item of type 'Evaluation Board'
2024-02-13 15:57:36,897 [INFO] ApiDb:240 - Found 371 in-development CPN: [B-G473E-ZEST1S, B-WB1M-WPAN1, B-WL5M-SUBG1, NUCLEO-C031C6, NUCLEO-H503RB, NUCLEO-H563ZI, NUCLEO-U545RE-Q, NUCLEO-U5A5ZJ-Q, NUCLEO-WBA52CG, NUCLEO-WBA55CG, STEVAL-MKBOXPRO, STEVAL-PROTEUS1, STEVAL-STWINBX1, STM320518-EVAL, STM32C0116-DK, STM32C011D6Y3TR, STM32C011D6Y6TR, STM32C011F4P3, STM32C011F4P6, STM32C011F4U3, STM32C011F4U6TR, STM32C011F6P3, STM32C011F6P6, STM32C011F6U3, STM32C011F6U6TR, STM32C011J4M3, STM32C011J4M6, STM32C011J6M3, STM32C011J6M6, STM32C0316-DK, STM32C031C4T3, STM32C031C4T6, STM32C031C4U3, STM32C031C4U6, STM32C031C6T3, STM32C031C6T6, STM32C031C6U3, STM32C031C6U6, STM32C031F4P3, STM32C031F4P6, STM32C031F6P3, STM32C031F6P6, STM32C031G4U3, STM32C031G4U6, STM32C031G6U3, STM32C031G6U6, STM32C031K4T3, STM32C031K4T6, STM32C031K4U3, STM32C031K4U6, STM32C031K6T3, STM32C031K6T6, STM32C031K6U3, STM32C031K6U6, STM32G071K8TXN, STM32G071K8UXN, STM32G081GBU6N, STM32G081KBT6N, STM32G081KBUXN, STM32G0B1CCT6N, STM32G0B1KCT6, STM32G0B1NEY6TR, STM32G0B1RCT6N, STM32G0C1CCT6, STM32G0C1CCT6N, STM32G0C1CCU6N, STM32G0C1CET6N, STM32G0C1CEU6N, STM32G0C1KCT6, STM32G0C1NEY6TR, STM32G0C1RCI6N, STM32G0C1RCT6N, STM32G0C1REI6N, STM32G0C1RET6N, STM32G0C1VCI6, STM32G0C1VEI6, STM32G471CCT6, STM32G471CCU6, STM32G471CET3, STM32G471CET6, STM32G471CEU3, STM32G471CEU6, STM32G471MCT6, STM32G471MET3, STM32G471MET6, STM32G471MEY6TR, STM32G471QCT6, STM32G471QET3, STM32G471RCT6, STM32G471RET3, STM32G471RET6, STM32G471VCH6, STM32G471VCI6, STM32G471VCT6, STM32G471VEH3, STM32G471VEH6, STM32G471VEI3, STM32G471VEI6, STM32G471VET3, STM32G471VET6, STM32G474CCT6, STM32H503CBT6, STM32H503CBU6, STM32H503EBY6TR, STM32H503KBU6, STM32H503RBT6, STM32H562AGI6, STM32H562AII6, STM32H562IGK6, STM32H562IGT6, STM32H562IIK6, STM32H562IIT6, STM32H562RGT6, STM32H562RGV6, STM32H562RIT6, STM32H562RIV6, STM32H562VGT6, STM32H562VIT6, STM32H562ZGT6, STM32H562ZIT6, STM32H563AGI6, STM32H563AII3Q, STM32H563AII6, STM32H563IGK6, STM32H563IGT6, STM32H563IIK3Q, STM32H563IIK6, STM32H563IIT3Q, STM32H563IIT6, STM32H563MIY3QTR, STM32H563RGT6, STM32H563RGV6, STM32H563RIT6, STM32H563RIV6, STM32H563VGT6, STM32H563VIT3Q, STM32H563VIT6, STM32H563ZGT6, STM32H563ZIT3Q, STM32H563ZIT6, STM32H573AII3Q, STM32H573AII6, STM32H573I-DK, STM32H573IIK3Q, STM32H573IIK6, STM32H573IIT3Q, STM32H573IIT6, STM32H573MIY3QTR, STM32H573RIT6, STM32H573RIV6, STM32H573VIT3Q, STM32H573VIT6, STM32H573ZIT3Q, STM32H573ZIT6, STM32L4R5QGI6STR, STM32MP131AAE3, STM32MP131AAF3, STM32MP131AAG3, STM32MP131CAE3, STM32MP131CAF3, STM32MP131CAG3, STM32MP131DAE7, STM32MP131DAF7, STM32MP131DAG7, STM32MP131FAE7, STM32MP131FAF7, STM32MP131FAG7, STM32MP133AAE3, STM32MP133AAF3, STM32MP133AAG3, STM32MP133CAE3, STM32MP133CAF3, STM32MP133CAG3, STM32MP133DAE7, STM32MP133DAF7, STM32MP133DAG7, STM32MP133FAE7, STM32MP133FAF7, STM32MP133FAG7, STM32MP135AAE3, STM32MP135AAF3, STM32MP135AAG3, STM32MP135CAE3, STM32MP135CAF3, STM32MP135CAG3, STM32MP135DAE7, STM32MP135DAF7, STM32MP135DAG7, STM32MP135F-DK, STM32MP135FAE7, STM32MP135FAF7, STM32MP135FAF7T, STM32MP135FAF7U, STM32MP135FAG7, STM32U535CBT6, STM32U535CBT6Q, STM32U535CBU6, STM32U535CBU6Q, STM32U535CCT6, STM32U535CCT6Q, STM32U535CCU6, STM32U535CCU6Q, STM32U535CET6, STM32U535CET6Q, STM32U535CEU6, STM32U535CEU6Q, STM32U535JEY6QTR, STM32U535NCY6QTR, STM32U535NEY6QTR, STM32U535RBI6, STM32U535RBI6Q, STM32U535RBT6, STM32U535RBT6Q, STM32U535RCI6, STM32U535RCI6Q, STM32U535RCT6, STM32U535RCT6Q, STM32U535REI6, STM32U535REI6Q, STM32U535RET6, STM32U535RET6Q, STM32U535VCI6, STM32U535VCI6Q, STM32U535VCT6, STM32U535VCT6Q, STM32U535VEI6, STM32U535VEI6Q, STM32U535VET6, STM32U535VET6Q, STM32U545CET6, STM32U545CET6Q, STM32U545CEU6, STM32U545CEU6Q, STM32U545JEY6QTR, STM32U545NEY6QTR, STM32U545REI6, STM32U545REI6Q, STM32U545RET6, STM32U545RET6Q, STM32U545VEI6, STM32U545VEI6Q, STM32U545VET6, STM32U545VET6Q, STM32U595AIH6, STM32U595AIH6Q, STM32U595AJH6, STM32U595AJH6Q, STM32U595QII6, STM32U595QII6Q, STM32U595QJI6, STM32U595QJI6Q, STM32U595RIT6, STM32U595RIT6Q, STM32U595RJT6, STM32U595RJT6Q, STM32U595VIT6, STM32U595VIT6Q, STM32U595VJT6, STM32U595VJT6Q, STM32U595ZIT6, STM32U595ZIT6Q, STM32U595ZIY6QTR, STM32U595ZJT6, STM32U595ZJT6Q, STM32U595ZJY6QTR, STM32U599BJY6QTR, STM32U599NIH6Q, STM32U599NJH6Q, STM32U599VIT6Q, STM32U599VJT6, STM32U599VJT6Q, STM32U599ZIT6Q, STM32U599ZIY6QTR, STM32U599ZJT6Q, STM32U599ZJY6QTR, STM32U5A5AJH6, STM32U5A5AJH6Q, STM32U5A5QJI6, STM32U5A5QJI6Q, STM32U5A5RJT6, STM32U5A5RJT6Q, STM32U5A5VJT6, STM32U5A5VJT6Q, STM32U5A5ZJT6, STM32U5A5ZJT6Q, STM32U5A5ZJY6QTR, STM32U5A9BJY6QTR, STM32U5A9J-DK, STM32U5A9NJH6Q, STM32U5A9VJT6Q, STM32U5A9ZJT6Q, STM32U5A9ZJY6QTR, STM32U5F7VIT6, STM32U5F7VIT6Q, STM32U5F7VJT6, STM32U5F7VJT6Q, STM32U5F9BJY6QTR, STM32U5F9NJH6Q, STM32U5F9VIT6Q, STM32U5F9VJT6Q, STM32U5F9ZIJ6QTR, STM32U5F9ZIT6Q, STM32U5F9ZJJ6QTR, STM32U5F9ZJT6Q, STM32U5G7VJT6, STM32U5G7VJT6Q, STM32U5G9BJY6QTR, STM32U5G9J-DK1, STM32U5G9J-DK2, STM32U5G9NJH6Q, STM32U5G9VJT6Q, STM32U5G9ZJJ6QTR, STM32U5G9ZJT6Q, STM32WB1MMCH6, STM32WBA50KEU6, STM32WBA50KEU6TR, STM32WBA50KGU6, STM32WBA50KGU6TR, STM32WBA52CEU6, STM32WBA52CEU6TR, STM32WBA52CEU7, STM32WBA52CEU7TR, STM32WBA52CGU6, STM32WBA52CGU6TR, STM32WBA52CGU6U, STM32WBA52CGU7, STM32WBA52CGU7TR, STM32WBA52KEU6, STM32WBA52KEU6TR, STM32WBA52KGU6, STM32WBA52KGU6TR, STM32WBA54CEU6, STM32WBA54CEU6TR, STM32WBA54CEU7, STM32WBA54CEU7TR, STM32WBA54CGU6, STM32WBA54CGU6TR, STM32WBA54CGU7, STM32WBA54CGU7TR, STM32WBA54KEU6, STM32WBA54KEU6TR, STM32WBA54KEU7, STM32WBA54KEU7TR, STM32WBA54KGU6, STM32WBA54KGU6TR, STM32WBA54KGU7, STM32WBA54KGU7TR, STM32WBA55CEU6, STM32WBA55CEU6TR, STM32WBA55CEU7, STM32WBA55CEU7TR, STM32WBA55CGU6, STM32WBA55CGU6TR, STM32WBA55CGU6U, STM32WBA55CGU7, STM32WBA55CGU7TR, STM32WBA55G-DK1, STM32WBA55HEF6, STM32WBA55HEF7, STM32WBA55HGF6, STM32WBA55HGF7, STM32WBA55UEI6, STM32WBA55UEI6TR, STM32WBA55UEI7, STM32WBA55UEI7TR, STM32WBA55UGI6, STM32WBA55UGI6TR, STM32WBA55UGI7, STM32WBA55UGI7TR, STM32WL5MOCH6, STM32WL5MOCH6TR]
2024-02-13 15:57:37,324 [INFO] BoardInfo:889 - No configuration file found for board P-NUCLEO-WB55
2024-02-13 15:57:37,324 [INFO] DbBoards:161 - Kit is not supported: P-NUCLEO-WB55
2024-02-13 15:57:37,333 [INFO] BoardInfo:889 - No configuration file found for board STEVAL-BFA001V1B
2024-02-13 15:57:37,333 [INFO] DbBoards:161 - Kit is not supported: STEVAL-BFA001V1B
2024-02-13 15:57:37,335 [INFO] BoardInfo:889 - No configuration file found for board STEVAL-BFA001V2B
2024-02-13 15:57:37,336 [INFO] DbBoards:161 - Kit is not supported: STEVAL-BFA001V2B
2024-02-13 15:57:37,582 [INFO] DbBoards:168 - Found 193 boards, 190 are supported
2024-02-13 15:57:37,582 [INFO] DbBoards:169 - Found 193 boards, 3 of them is supported for  Bsp
2024-02-13 15:57:37,588 [INFO] ApiDb:668 - CubeFinder database Data Model version=2.1
2024-02-13 15:57:37,588 [INFO] ApiDb:669 - CubeFinder database Configuration version=3.0.39
2024-02-13 15:57:37,588 [INFO] ApiDb:670 - CubeFinder database generation date=2024-01-11 (1704964531)
2024-02-13 15:57:37,588 [INFO] ApiDb:671 - CubeFinder database FW Pack versions=[FP-ATR-ASTRA1_V2.0.0, FP-SNS-FLIGHT1_V5.0.1, FP-SNS-FLIGHT1_V5.0.2, FP-SNS-MOTENV1_V4.3.1, FP-SNS-MOTENV1_V4.3.2, FP-SNS-MOTENVWB1_V1.3.1, FP-SNS-SMARTAG2_V1.2.0, STM32Cube_FW_C0_V1.1.0, STM32Cube_FW_F4_V1.28.0, STM32Cube_FW_F7_V1.17.0, STM32Cube_FW_G0_V1.6.2, STM32Cube_FW_G4_V1.5.2, STM32Cube_FW_H5_V0.5.1, STM32Cube_FW_H5_V1.1.1, STM32Cube_FW_H5_V1.2.0RC2, STM32Cube_FW_H7_V1.11.0, STM32Cube_FW_L0_V1.12.2, STM32Cube_FW_L5_V1.5.0, STM32Cube_FW_U5_V1.3.0RC4, STM32Cube_FW_U5_V1.4.0, STM32Cube_FW_WBA_V1.0.0RC1, STM32Cube_FW_WBA_V1.1.0RC1, STM32Cube_FW_WBA_V1.2.0, STM32Cube_FW_WBA_V1.2.0RC2, STM32Cube_FW_WB_V1.15.0RC1, STM32Cube_FW_WB_V1.16.0, STM32Cube_FW_WB_V1.16.0RC2, STM32Cube_FW_WB_V1.18.0, STM32Cube_FW_WL_V1.3.0, X-CUBE-ALGOBUILD_V1.3.0, X-CUBE-ALS_V1.0.1, X-CUBE-AZRTOS-F4_V1.1.0, X-CUBE-AZRTOS-F7_V1.1.0, X-CUBE-AZRTOS-G0_V1.1.0, X-CUBE-AZRTOS-G4_V2.0.0, X-CUBE-AZRTOS-H7_V3.2.0, X-CUBE-AZRTOS-L4_V1.0.0, X-CUBE-AZRTOS-L4_V2.0.0, X-CUBE-AZRTOS-L5_V1.1.0, X-CUBE-AZRTOS-WB_V2.0.0, X-CUBE-AZRTOS-WL_V2.0.0, X-CUBE-BLE1_V7.0.0, X-CUBE-BLE2_V3.3.0, X-CUBE-BLEMGR_V3.0.0, X-CUBE-EEPRMA1_V4.1.0, X-CUBE-EEPRMA1_V4.2.0, X-CUBE-FREERTOS_V1.1.0, X-CUBE-GNSS1_V6.0.0, X-CUBE-MEMS1_V10.0.0, X-CUBE-MEMS1_V9.1.0, X-CUBE-MEMS1_V9.4.0, X-CUBE-MEMS1_V9.6.0, X-CUBE-NFC4_V3.0.0, X-CUBE-NFC7_V1.0.1, X-CUBE-SFXS2LP1_V4.0.0, X-CUBE-SUBG2_V5.0.0, X-CUBE-TOF1_V3.4.0]
2024-02-13 15:57:40,988 [INFO] ApiDb:240 - Found 371 in-development CPN: [B-G473E-ZEST1S, B-WB1M-WPAN1, B-WL5M-SUBG1, NUCLEO-C031C6, NUCLEO-H503RB, NUCLEO-H563ZI, NUCLEO-U545RE-Q, NUCLEO-U5A5ZJ-Q, NUCLEO-WBA52CG, NUCLEO-WBA55CG, STEVAL-MKBOXPRO, STEVAL-PROTEUS1, STEVAL-STWINBX1, STM320518-EVAL, STM32C0116-DK, STM32C011D6Y3TR, STM32C011D6Y6TR, STM32C011F4P3, STM32C011F4P6, STM32C011F4U3, STM32C011F4U6TR, STM32C011F6P3, STM32C011F6P6, STM32C011F6U3, STM32C011F6U6TR, STM32C011J4M3, STM32C011J4M6, STM32C011J6M3, STM32C011J6M6, STM32C0316-DK, STM32C031C4T3, STM32C031C4T6, STM32C031C4U3, STM32C031C4U6, STM32C031C6T3, STM32C031C6T6, STM32C031C6U3, STM32C031C6U6, STM32C031F4P3, STM32C031F4P6, STM32C031F6P3, STM32C031F6P6, STM32C031G4U3, STM32C031G4U6, STM32C031G6U3, STM32C031G6U6, STM32C031K4T3, STM32C031K4T6, STM32C031K4U3, STM32C031K4U6, STM32C031K6T3, STM32C031K6T6, STM32C031K6U3, STM32C031K6U6, STM32G071K8TXN, STM32G071K8UXN, STM32G081GBU6N, STM32G081KBT6N, STM32G081KBUXN, STM32G0B1CCT6N, STM32G0B1KCT6, STM32G0B1NEY6TR, STM32G0B1RCT6N, STM32G0C1CCT6, STM32G0C1CCT6N, STM32G0C1CCU6N, STM32G0C1CET6N, STM32G0C1CEU6N, STM32G0C1KCT6, STM32G0C1NEY6TR, STM32G0C1RCI6N, STM32G0C1RCT6N, STM32G0C1REI6N, STM32G0C1RET6N, STM32G0C1VCI6, STM32G0C1VEI6, STM32G471CCT6, STM32G471CCU6, STM32G471CET3, STM32G471CET6, STM32G471CEU3, STM32G471CEU6, STM32G471MCT6, STM32G471MET3, STM32G471MET6, STM32G471MEY6TR, STM32G471QCT6, STM32G471QET3, STM32G471RCT6, STM32G471RET3, STM32G471RET6, STM32G471VCH6, STM32G471VCI6, STM32G471VCT6, STM32G471VEH3, STM32G471VEH6, STM32G471VEI3, STM32G471VEI6, STM32G471VET3, STM32G471VET6, STM32G474CCT6, STM32H503CBT6, STM32H503CBU6, STM32H503EBY6TR, STM32H503KBU6, STM32H503RBT6, STM32H562AGI6, STM32H562AII6, STM32H562IGK6, STM32H562IGT6, STM32H562IIK6, STM32H562IIT6, STM32H562RGT6, STM32H562RGV6, STM32H562RIT6, STM32H562RIV6, STM32H562VGT6, STM32H562VIT6, STM32H562ZGT6, STM32H562ZIT6, STM32H563AGI6, STM32H563AII3Q, STM32H563AII6, STM32H563IGK6, STM32H563IGT6, STM32H563IIK3Q, STM32H563IIK6, STM32H563IIT3Q, STM32H563IIT6, STM32H563MIY3QTR, STM32H563RGT6, STM32H563RGV6, STM32H563RIT6, STM32H563RIV6, STM32H563VGT6, STM32H563VIT3Q, STM32H563VIT6, STM32H563ZGT6, STM32H563ZIT3Q, STM32H563ZIT6, STM32H573AII3Q, STM32H573AII6, STM32H573I-DK, STM32H573IIK3Q, STM32H573IIK6, STM32H573IIT3Q, STM32H573IIT6, STM32H573MIY3QTR, STM32H573RIT6, STM32H573RIV6, STM32H573VIT3Q, STM32H573VIT6, STM32H573ZIT3Q, STM32H573ZIT6, STM32L4R5QGI6STR, STM32MP131AAE3, STM32MP131AAF3, STM32MP131AAG3, STM32MP131CAE3, STM32MP131CAF3, STM32MP131CAG3, STM32MP131DAE7, STM32MP131DAF7, STM32MP131DAG7, STM32MP131FAE7, STM32MP131FAF7, STM32MP131FAG7, STM32MP133AAE3, STM32MP133AAF3, STM32MP133AAG3, STM32MP133CAE3, STM32MP133CAF3, STM32MP133CAG3, STM32MP133DAE7, STM32MP133DAF7, STM32MP133DAG7, STM32MP133FAE7, STM32MP133FAF7, STM32MP133FAG7, STM32MP135AAE3, STM32MP135AAF3, STM32MP135AAG3, STM32MP135CAE3, STM32MP135CAF3, STM32MP135CAG3, STM32MP135DAE7, STM32MP135DAF7, STM32MP135DAG7, STM32MP135F-DK, STM32MP135FAE7, STM32MP135FAF7, STM32MP135FAF7T, STM32MP135FAF7U, STM32MP135FAG7, STM32U535CBT6, STM32U535CBT6Q, STM32U535CBU6, STM32U535CBU6Q, STM32U535CCT6, STM32U535CCT6Q, STM32U535CCU6, STM32U535CCU6Q, STM32U535CET6, STM32U535CET6Q, STM32U535CEU6, STM32U535CEU6Q, STM32U535JEY6QTR, STM32U535NCY6QTR, STM32U535NEY6QTR, STM32U535RBI6, STM32U535RBI6Q, STM32U535RBT6, STM32U535RBT6Q, STM32U535RCI6, STM32U535RCI6Q, STM32U535RCT6, STM32U535RCT6Q, STM32U535REI6, STM32U535REI6Q, STM32U535RET6, STM32U535RET6Q, STM32U535VCI6, STM32U535VCI6Q, STM32U535VCT6, STM32U535VCT6Q, STM32U535VEI6, STM32U535VEI6Q, STM32U535VET6, STM32U535VET6Q, STM32U545CET6, STM32U545CET6Q, STM32U545CEU6, STM32U545CEU6Q, STM32U545JEY6QTR, STM32U545NEY6QTR, STM32U545REI6, STM32U545REI6Q, STM32U545RET6, STM32U545RET6Q, STM32U545VEI6, STM32U545VEI6Q, STM32U545VET6, STM32U545VET6Q, STM32U595AIH6, STM32U595AIH6Q, STM32U595AJH6, STM32U595AJH6Q, STM32U595QII6, STM32U595QII6Q, STM32U595QJI6, STM32U595QJI6Q, STM32U595RIT6, STM32U595RIT6Q, STM32U595RJT6, STM32U595RJT6Q, STM32U595VIT6, STM32U595VIT6Q, STM32U595VJT6, STM32U595VJT6Q, STM32U595ZIT6, STM32U595ZIT6Q, STM32U595ZIY6QTR, STM32U595ZJT6, STM32U595ZJT6Q, STM32U595ZJY6QTR, STM32U599BJY6QTR, STM32U599NIH6Q, STM32U599NJH6Q, STM32U599VIT6Q, STM32U599VJT6, STM32U599VJT6Q, STM32U599ZIT6Q, STM32U599ZIY6QTR, STM32U599ZJT6Q, STM32U599ZJY6QTR, STM32U5A5AJH6, STM32U5A5AJH6Q, STM32U5A5QJI6, STM32U5A5QJI6Q, STM32U5A5RJT6, STM32U5A5RJT6Q, STM32U5A5VJT6, STM32U5A5VJT6Q, STM32U5A5ZJT6, STM32U5A5ZJT6Q, STM32U5A5ZJY6QTR, STM32U5A9BJY6QTR, STM32U5A9J-DK, STM32U5A9NJH6Q, STM32U5A9VJT6Q, STM32U5A9ZJT6Q, STM32U5A9ZJY6QTR, STM32U5F7VIT6, STM32U5F7VIT6Q, STM32U5F7VJT6, STM32U5F7VJT6Q, STM32U5F9BJY6QTR, STM32U5F9NJH6Q, STM32U5F9VIT6Q, STM32U5F9VJT6Q, STM32U5F9ZIJ6QTR, STM32U5F9ZIT6Q, STM32U5F9ZJJ6QTR, STM32U5F9ZJT6Q, STM32U5G7VJT6, STM32U5G7VJT6Q, STM32U5G9BJY6QTR, STM32U5G9J-DK1, STM32U5G9J-DK2, STM32U5G9NJH6Q, STM32U5G9VJT6Q, STM32U5G9ZJJ6QTR, STM32U5G9ZJT6Q, STM32WB1MMCH6, STM32WBA50KEU6, STM32WBA50KEU6TR, STM32WBA50KGU6, STM32WBA50KGU6TR, STM32WBA52CEU6, STM32WBA52CEU6TR, STM32WBA52CEU7, STM32WBA52CEU7TR, STM32WBA52CGU6, STM32WBA52CGU6TR, STM32WBA52CGU6U, STM32WBA52CGU7, STM32WBA52CGU7TR, STM32WBA52KEU6, STM32WBA52KEU6TR, STM32WBA52KGU6, STM32WBA52KGU6TR, STM32WBA54CEU6, STM32WBA54CEU6TR, STM32WBA54CEU7, STM32WBA54CEU7TR, STM32WBA54CGU6, STM32WBA54CGU6TR, STM32WBA54CGU7, STM32WBA54CGU7TR, STM32WBA54KEU6, STM32WBA54KEU6TR, STM32WBA54KEU7, STM32WBA54KEU7TR, STM32WBA54KGU6, STM32WBA54KGU6TR, STM32WBA54KGU7, STM32WBA54KGU7TR, STM32WBA55CEU6, STM32WBA55CEU6TR, STM32WBA55CEU7, STM32WBA55CEU7TR, STM32WBA55CGU6, STM32WBA55CGU6TR, STM32WBA55CGU6U, STM32WBA55CGU7, STM32WBA55CGU7TR, STM32WBA55G-DK1, STM32WBA55HEF6, STM32WBA55HEF7, STM32WBA55HGF6, STM32WBA55HGF7, STM32WBA55UEI6, STM32WBA55UEI6TR, STM32WBA55UEI7, STM32WBA55UEI7TR, STM32WBA55UGI6, STM32WBA55UGI6TR, STM32WBA55UGI7, STM32WBA55UGI7TR, STM32WL5MOCH6, STM32WL5MOCH6TR]
2024-02-13 15:57:40,993 [INFO] DbMcus:218 - Found 3930 MCUs, 3930 are supported
2024-02-13 15:57:40,993 [INFO] ApiDb:423 - Load user favorites file /home/mirafra/.stm32cubeide/favorites.mcus.txt: 0 item(s)
2024-02-13 15:57:40,994 [INFO] ApiDb:427 - User favorites MCUs=[]
2024-02-13 15:57:40,994 [INFO] DbMcus:224 - Set 0 / 0 favorites MCUs
2024-02-13 15:57:41,385 [INFO] ApiDb:423 - Load user favorites file /home/mirafra/.stm32cubeide/favorites.boards.txt: 0 item(s)
2024-02-13 15:57:41,386 [INFO] ApiDb:427 - User favorites Boards=[]
2024-02-13 15:57:41,386 [INFO] DbBoards:198 - Set 0 / 0 favorites Boards
2024-02-13 15:57:41,387 [INFO] McuFinderGlobals:76 - Set McuFinderConnectedMode to true
2024-02-13 15:57:41,393 [INFO] MultiScanPanel:200 - Auto-refresh data requested => check proxy status ongoing
2024-02-13 15:57:41,396 [INFO] FinderPluginLoader:95 - Searching for filters in installed packs
2024-02-13 15:57:43,289 [INFO] LoadUrlFilesThread:185 - End of LoadServerUrlFiles without Thread
2024-02-13 15:57:43,311 [INFO] DetailPanel:341 - Set advertising image to /home/mirafra/STM32Cube/Repository//en.prom-stm32wl3-mcu-finder.jpg
2024-02-13 15:58:45,990 [INFO] McuFinderGlobals:76 - Set McuFinderConnectedMode to true
2024-02-13 15:58:45,995 [INFO] ApiDb:448 - Save user favorites file /home/mirafra/.stm32cubeide/favorites.mcus.txt: 0 item(s)
2024-02-13 15:58:45,995 [INFO] ApiDb:452 - User favorites MCUs=[]
2024-02-13 16:17:34,076 [INFO] LogOutputStream:77 - [STDOUT_REDIRECT] StartTraceHandler.execute(), success : Collect=true
2024-02-13 16:21:13,804 [INFO] LogOutputStream:77 - [STDOUT_REDIRECT] StartTraceHandler.execute(), success : Collect=false
2024-02-13 16:21:35,991 [ERROR] LogOutputStream:75 - [STDERR_REDIRECT] 
