2024-02-05 11:19:54,398 [INFO] Activator:176 - 


2024-02-05 11:19:54,404 [INFO] Activator:177 - !SESSION log4j initialized
2024-02-05 11:20:00,348 [INFO] LogOutputStream:77 - [STDOUT_REDIRECT] 
2024-02-05 11:20:02,169 [INFO] ApplicationProperties:184 - Using Application install path: /opt/st/stm32cubeide_1.14.0/plugins/com.st.stm32cube.common.mx_6.10.0.202311202037
2024-02-05 11:20:02,265 [INFO] DbMcusXml:78 - Set database path to: /opt/st/stm32cubeide_1.14.0/plugins/com.st.stm32cube.common.mx_6.10.0.202311202037//db//mcu/
2024-02-05 11:20:02,267 [INFO] ApiDb:274 - Set plugin database path to: /opt/st/stm32cubeide_1.14.0/plugins/com.st.stm32cube.common.mx_6.10.0.202311202037//db//plugins/boardmanager/
2024-02-05 11:20:02,267 [WARN] ApiDb:259 - Overriding images path with different value:  => /opt/st/stm32cubeide_1.14.0/plugins/com.st.stm32cube.common.mx_6.10.0.202311202037//db//plugins/mcufinder/images/
2024-02-05 11:20:02,284 [INFO] ApiDb:250 - Set database path to: /home/mirafra/.stmcufinder/plugins/mcufinder//mcu/
2024-02-05 11:20:02,286 [INFO] DbMcusAds:125 - Set database path to: /home/mirafra/.stmcufinder/plugins/mcufinder//mcu/
2024-02-05 11:20:02,296 [INFO] CrossReferenceDbSqlite:203 - Set database path to: /home/mirafra/.stmcufinder/plugins/mcufinder//mcu/cs/
2024-02-05 11:20:02,601 [INFO] RulesReader:64 - Compatibility file has been processed (297 Rules)
2024-02-05 11:20:02,780 [INFO] DbMcusXml:78 - Set database path to: /opt/st/stm32cubeide_1.14.0/plugins/com.st.stm32cube.common.mx_6.10.0.202311202037//db//mcu/
2024-02-05 11:20:02,780 [INFO] ApiDb:274 - Set plugin database path to: /opt/st/stm32cubeide_1.14.0/plugins/com.st.stm32cube.common.mx_6.10.0.202311202037//db//plugins/boardmanager/
2024-02-05 11:20:02,780 [INFO] ApiDb:261 - Set plugin images path to: /opt/st/stm32cubeide_1.14.0/plugins/com.st.stm32cube.common.mx_6.10.0.202311202037//db//plugins/mcufinder/images/
2024-02-05 11:20:02,781 [WARN] DbFile:41 - Overriding database path with different value: /home/mirafra/.stmcufinder/plugins/mcufinder/ => /home/mirafra/.stmcufinder/plugins/mcufinder
2024-02-05 11:20:02,781 [INFO] ApiDb:250 - Set database path to: /home/mirafra/.stmcufinder/plugins/mcufinder//mcu/
2024-02-05 11:20:02,782 [WARN] DbFile:41 - Overriding database path with different value: /home/mirafra/.stmcufinder/plugins/mcufinder/ => /home/mirafra/.stmcufinder/plugins/mcufinder
2024-02-05 11:20:02,782 [INFO] DbMcusAds:125 - Set database path to: /home/mirafra/.stmcufinder/plugins/mcufinder//mcu/
2024-02-05 11:20:02,782 [WARN] DbFile:41 - Overriding database path with different value: /home/mirafra/.stmcufinder/plugins/mcufinder/ => /home/mirafra/.stmcufinder/plugins/mcufinder
2024-02-05 11:20:02,782 [WARN] DbFile:41 - Overriding database path with different value: /home/mirafra/.stmcufinder/plugins/mcufinder/ => /home/mirafra/.stmcufinder/plugins/mcufinder
2024-02-05 11:20:02,782 [INFO] CrossReferenceDbSqlite:203 - Set database path to: /home/mirafra/.stmcufinder/plugins/mcufinder//mcu/cs/
2024-02-05 11:20:03,078 [INFO] MainPanel:264 - HeapMemory: 268435456
2024-02-05 11:20:03,323 [INFO] DbMcusXml:78 - Set database path to: /opt/st/stm32cubeide_1.14.0/plugins/com.st.stm32cube.common.mx_6.10.0.202311202037//db//mcu/
2024-02-05 11:20:03,323 [INFO] ApiDb:274 - Set plugin database path to: /opt/st/stm32cubeide_1.14.0/plugins/com.st.stm32cube.common.mx_6.10.0.202311202037//db//plugins/boardmanager/
2024-02-05 11:20:03,324 [INFO] ApiDb:261 - Set plugin images path to: /opt/st/stm32cubeide_1.14.0/plugins/com.st.stm32cube.common.mx_6.10.0.202311202037//db//plugins/mcufinder/images/
2024-02-05 11:20:03,326 [WARN] DbFile:41 - Overriding database path with different value: /home/mirafra/.stmcufinder/plugins/mcufinder/ => /home/mirafra/.stmcufinder/plugins/mcufinder
2024-02-05 11:20:03,326 [INFO] ApiDb:250 - Set database path to: /home/mirafra/.stmcufinder/plugins/mcufinder//mcu/
2024-02-05 11:20:03,327 [WARN] DbFile:41 - Overriding database path with different value: /home/mirafra/.stmcufinder/plugins/mcufinder/ => /home/mirafra/.stmcufinder/plugins/mcufinder
2024-02-05 11:20:03,327 [INFO] DbMcusAds:125 - Set database path to: /home/mirafra/.stmcufinder/plugins/mcufinder//mcu/
2024-02-05 11:20:03,328 [WARN] DbFile:41 - Overriding database path with different value: /home/mirafra/.stmcufinder/plugins/mcufinder/ => /home/mirafra/.stmcufinder/plugins/mcufinder
2024-02-05 11:20:03,328 [WARN] DbFile:41 - Overriding database path with different value: /home/mirafra/.stmcufinder/plugins/mcufinder/ => /home/mirafra/.stmcufinder/plugins/mcufinder
2024-02-05 11:20:03,329 [INFO] CrossReferenceDbSqlite:203 - Set database path to: /home/mirafra/.stmcufinder/plugins/mcufinder//mcu/cs/
2024-02-05 11:20:03,399 [INFO] ApplicationProperties:184 - Using Application install path: /opt/st/stm32cubeide_1.14.0/plugins/com.st.stm32cube.common.mx_6.10.0.202311202037
2024-02-05 11:20:03,403 [INFO] PluginManage:196 - Search for loadable plugins [exclusion list=, ]
2024-02-05 11:20:03,409 [INFO] PluginManage:310 - Check plugin analytics
2024-02-05 11:20:03,831 [INFO] AnalyticsPlugin:253 - Accepted Software Licenses: 
2024-02-05 11:20:03,831 [INFO] AnalyticsPlugin:255 - Accepted CMSIS Pack Licenses: 
2024-02-05 11:20:03,831 [INFO] AnalyticsPlugin:257 - Accepted Firmware Licenses: 
2024-02-05 11:20:03,850 [INFO] PluginManage:359 - Loaded plugin analytics (category:tool,tabindex:-1)
2024-02-05 11:20:03,851 [INFO] PluginManage:310 - Check plugin cadmodel
2024-02-05 11:20:04,024 [INFO] CADModel:105 - Init CAD model plugin
2024-02-05 11:20:04,027 [INFO] PluginManage:359 - Loaded plugin cadmodel (category:power,tabindex:5)
2024-02-05 11:20:04,027 [INFO] PluginManage:310 - Check plugin clock
2024-02-05 11:20:04,052 [INFO] PluginManage:359 - Loaded plugin clock (category:base,tabindex:2)
2024-02-05 11:20:04,052 [INFO] PluginManage:310 - Check plugin ddr
2024-02-05 11:20:04,056 [INFO] PluginManage:359 - Loaded plugin ddr (category:tool,tabindex:6)
2024-02-05 11:20:04,057 [INFO] PluginManage:310 - Check plugin filemanager
2024-02-05 11:20:04,282 [INFO] PluginManage:359 - Loaded plugin filemanager (category:base,tabindex:10)
2024-02-05 11:20:04,282 [INFO] PluginManage:310 - Check plugin ipmanager
2024-02-05 11:20:04,290 [INFO] PluginManage:359 - Loaded plugin ipmanager (category:base,tabindex:5)
2024-02-05 11:20:04,290 [INFO] PluginManage:310 - Check plugin lpbam
2024-02-05 11:20:04,304 [INFO] PluginManage:359 - Loaded plugin lpbam (category:base,tabindex:0)
2024-02-05 11:20:04,305 [INFO] PluginManage:310 - Check plugin memorymap
2024-02-05 11:20:04,327 [INFO] PluginManage:359 - Loaded plugin memorymap (category:base,tabindex:4)
2024-02-05 11:20:04,327 [INFO] PluginManage:310 - Check plugin pinoutandconfiguration
2024-02-05 11:20:04,341 [INFO] PluginManage:359 - Loaded plugin pinoutandconfiguration (category:base,tabindex:1)
2024-02-05 11:20:04,341 [INFO] PluginManage:310 - Check plugin pinoutconfig
2024-02-05 11:20:04,507 [WARN] SupportedApi:132 - Cannot load RTOS API schema: s4s-elt-must-match.1: The content of 'definitions' must match (annotation?, (simpleType | complexType)?, (unique | key | keyref)*)). A problem was found starting at: attribute.
2024-02-05 11:20:04,756 [INFO] PluginManage:359 - Loaded plugin pinoutconfig (category:base,tabindex:0)
2024-02-05 11:20:04,757 [INFO] PluginManage:310 - Check plugin power
2024-02-05 11:20:04,773 [INFO] PluginManage:359 - Loaded plugin power (category:power,tabindex:4)
2024-02-05 11:20:04,774 [INFO] PluginManage:310 - Check plugin projectmanager
2024-02-05 11:20:04,802 [INFO] PluginManage:359 - Loaded plugin projectmanager (category:projectmanager,tabindex:3)
2024-02-05 11:20:04,803 [INFO] PluginManage:310 - Check plugin thirdparty
2024-02-05 11:20:05,012 [INFO] PluginManage:359 - Loaded plugin thirdparty (category:base,tabindex:-1)
2024-02-05 11:20:05,012 [INFO] PluginManage:310 - Check plugin tools
2024-02-05 11:20:05,012 [WARN] IntegrityCheckThread:84 - waiting for thirdparty lock release [integrity check]
2024-02-05 11:20:05,014 [INFO] IntegrityCheckThread:86 - entering critical section [integrity check]
2024-02-05 11:20:05,016 [INFO] PluginManage:359 - Loaded plugin tools (category:base,tabindex:7)
2024-02-05 11:20:05,016 [INFO] PluginManage:310 - Check plugin tutovideos
2024-02-05 11:20:05,017 [INFO] ThirdPartyUpdaterWithRetryManager:70 - Updater plugin not ready yet. [1/15]
2024-02-05 11:20:05,354 [INFO] PluginManage:359 - Loaded plugin tutovideos (category:base,tabindex:-1)
2024-02-05 11:20:05,355 [INFO] PluginManage:310 - Check plugin updater
2024-02-05 11:20:05,371 [INFO] PluginManage:359 - Loaded plugin updater (category:base,tabindex:12)
2024-02-05 11:20:05,372 [INFO] PluginManage:310 - Check plugin userauth
2024-02-05 11:20:05,378 [INFO] UserAuth:114 - Init User Auth plugin
2024-02-05 11:20:05,378 [INFO] PluginManage:359 - Loaded plugin userauth (category:base,tabindex:14)
2024-02-05 11:20:05,379 [INFO] PluginManage:283 - PluginManage : Loaded plugins [17]
2024-02-05 11:20:05,691 [INFO] PinOutPanel:1499 - setPackage(No Configuration,No Configuration)
2024-02-05 11:20:05,796 [INFO] CADModel:165 - CPN selected for project level
2024-02-05 11:20:05,797 [INFO] CADModel:114 - Register for checkConnection events
2024-02-05 11:20:05,817 [INFO] IPUIPlugin:80 - create IPUIPlugin
2024-02-05 11:20:05,817 [INFO] PluginManager:220 - loadIPPluginJar : add usart
2024-02-05 11:20:05,825 [INFO] IPUIPlugin:80 - create IPUIPlugin
2024-02-05 11:20:05,825 [INFO] PluginManager:220 - loadIPPluginJar : add opamp
2024-02-05 11:20:05,835 [INFO] IPUIPlugin:80 - create IPUIPlugin
2024-02-05 11:20:05,840 [INFO] PluginManager:220 - loadIPPluginJar : add plateformsettings
2024-02-05 11:20:05,843 [INFO] IPUIPlugin:80 - create IPUIPlugin
2024-02-05 11:20:05,843 [INFO] PluginManager:220 - loadIPPluginJar : add tim
2024-02-05 11:20:05,847 [INFO] IPUIPlugin:80 - create IPUIPlugin
2024-02-05 11:20:05,847 [INFO] PluginManager:220 - loadIPPluginJar : add spi
2024-02-05 11:20:05,856 [INFO] IPUIPlugin:80 - create IPUIPlugin
2024-02-05 11:20:05,857 [INFO] PluginManager:220 - loadIPPluginJar : add gic
2024-02-05 11:20:05,864 [INFO] IPUIPlugin:80 - create IPUIPlugin
2024-02-05 11:20:05,864 [INFO] PluginManager:220 - loadIPPluginJar : add gpio
2024-02-05 11:20:05,876 [INFO] IPUIPlugin:80 - create IPUIPlugin
2024-02-05 11:20:05,876 [INFO] PluginManager:220 - loadIPPluginJar : add linkedlist
2024-02-05 11:20:05,878 [INFO] IPUIPlugin:80 - create IPUIPlugin
2024-02-05 11:20:05,878 [INFO] PluginManager:220 - loadIPPluginJar : add ltdc
2024-02-05 11:20:05,881 [INFO] IPUIPlugin:80 - create IPUIPlugin
2024-02-05 11:20:05,881 [INFO] PluginManager:220 - loadIPPluginJar : add fatfs
2024-02-05 11:20:05,884 [INFO] IPUIPlugin:80 - create IPUIPlugin
2024-02-05 11:20:05,885 [INFO] PluginManager:220 - loadIPPluginJar : add gfxmmu
2024-02-05 11:20:05,888 [INFO] IPUIPlugin:80 - create IPUIPlugin
2024-02-05 11:20:05,889 [INFO] PluginManager:220 - loadIPPluginJar : add dma3
2024-02-05 11:20:05,894 [INFO] IPUIPlugin:80 - create IPUIPlugin
2024-02-05 11:20:05,894 [INFO] PluginManager:220 - loadIPPluginJar : add resmgrutility
2024-02-05 11:20:05,903 [INFO] IPUIPlugin:80 - create IPUIPlugin
2024-02-05 11:20:05,904 [INFO] PluginManager:220 - loadIPPluginJar : add freertos
2024-02-05 11:20:05,915 [INFO] IPUIPlugin:80 - create IPUIPlugin
2024-02-05 11:20:05,915 [INFO] PluginManager:220 - loadIPPluginJar : add mdma
2024-02-05 11:20:05,921 [INFO] IPUIPlugin:80 - create IPUIPlugin
2024-02-05 11:20:05,922 [INFO] PluginManager:220 - loadIPPluginJar : add nvic
2024-02-05 11:20:05,927 [INFO] IPUIPlugin:80 - create IPUIPlugin
2024-02-05 11:20:05,927 [INFO] PluginManager:220 - loadIPPluginJar : add touchsensing
2024-02-05 11:20:05,932 [INFO] IPUIPlugin:80 - create IPUIPlugin
2024-02-05 11:20:05,932 [INFO] PluginManager:220 - loadIPPluginJar : add usbx
2024-02-05 11:20:05,937 [INFO] IPUIPlugin:80 - create IPUIPlugin
2024-02-05 11:20:05,937 [INFO] PluginManager:220 - loadIPPluginJar : add ipddr
2024-02-05 11:20:05,939 [INFO] IPUIPlugin:80 - create IPUIPlugin
2024-02-05 11:20:05,940 [INFO] PluginManager:220 - loadIPPluginJar : add quadspi
2024-02-05 11:20:05,944 [INFO] IPUIPlugin:80 - create IPUIPlugin
2024-02-05 11:20:05,944 [INFO] PluginManager:220 - loadIPPluginJar : add gtzc
2024-02-05 11:20:05,948 [INFO] IPUIPlugin:80 - create IPUIPlugin
2024-02-05 11:20:05,948 [INFO] PluginManager:220 - loadIPPluginJar : add aes
2024-02-05 11:20:05,957 [INFO] IPUIPlugin:80 - create IPUIPlugin
2024-02-05 11:20:05,958 [INFO] PluginManager:220 - loadIPPluginJar : add dma
2024-02-05 11:20:05,961 [INFO] IPUIPlugin:80 - create IPUIPlugin
2024-02-05 11:20:05,961 [INFO] PluginManager:220 - loadIPPluginJar : add tracer_emb
2024-02-05 11:20:05,964 [INFO] IPUIPlugin:80 - create IPUIPlugin
2024-02-05 11:20:05,965 [INFO] PluginManager:220 - loadIPPluginJar : add hash
2024-02-05 11:20:05,969 [INFO] IPUIPlugin:80 - create IPUIPlugin
2024-02-05 11:20:05,970 [INFO] PluginManager:220 - loadIPPluginJar : add pdm2pcm
2024-02-05 11:20:05,972 [INFO] IPUIPlugin:80 - create IPUIPlugin
2024-02-05 11:20:05,973 [INFO] PluginManager:220 - loadIPPluginJar : add ucpd
2024-02-05 11:20:05,977 [INFO] IPUIPlugin:80 - create IPUIPlugin
2024-02-05 11:20:05,977 [INFO] PluginManager:220 - loadIPPluginJar : add sai
2024-02-05 11:20:05,981 [INFO] IPUIPlugin:80 - create IPUIPlugin
2024-02-05 11:20:05,981 [INFO] PluginManager:220 - loadIPPluginJar : add lorawan
2024-02-05 11:20:05,984 [INFO] IPUIPlugin:80 - create IPUIPlugin
2024-02-05 11:20:05,984 [INFO] PluginManager:220 - loadIPPluginJar : add comp
2024-02-05 11:20:05,986 [INFO] IPUIPlugin:80 - create IPUIPlugin
2024-02-05 11:20:05,987 [INFO] PluginManager:220 - loadIPPluginJar : add tsc
2024-02-05 11:20:05,994 [INFO] IPUIPlugin:80 - create IPUIPlugin
2024-02-05 11:20:05,995 [INFO] PluginManager:220 - loadIPPluginJar : add stm32_wpan
2024-02-05 11:20:05,998 [INFO] IPUIPlugin:80 - create IPUIPlugin
2024-02-05 11:20:05,999 [INFO] PluginManager:220 - loadIPPluginJar : add dfsdm
2024-02-05 11:20:06,001 [INFO] IPUIPlugin:80 - create IPUIPlugin
2024-02-05 11:20:06,002 [INFO] PluginManager:220 - loadIPPluginJar : add ts
2024-02-05 11:20:06,009 [INFO] IPUIPlugin:80 - create IPUIPlugin
2024-02-05 11:20:06,009 [INFO] PluginManager:220 - loadIPPluginJar : add fmc
2024-02-05 11:20:06,013 [INFO] IPUIPlugin:80 - create IPUIPlugin
2024-02-05 11:20:06,013 [INFO] PluginManager:220 - loadIPPluginJar : add i2s
2024-02-05 11:20:06,017 [INFO] IPUIPlugin:80 - create IPUIPlugin
2024-02-05 11:20:06,017 [INFO] PluginManager:220 - loadIPPluginJar : add i3c
2024-02-05 11:20:06,021 [INFO] IPUIPlugin:80 - create IPUIPlugin
2024-02-05 11:20:06,022 [INFO] PluginManager:220 - loadIPPluginJar : add i2c
2024-02-05 11:20:06,025 [INFO] IPUIPlugin:80 - create IPUIPlugin
2024-02-05 11:20:06,026 [INFO] PluginManager:220 - loadIPPluginJar : add can
2024-02-05 11:20:06,030 [INFO] IPUIPlugin:80 - create IPUIPlugin
2024-02-05 11:20:06,030 [INFO] PluginManager:220 - loadIPPluginJar : add cryp
2024-02-05 11:20:06,040 [INFO] IPUIPlugin:80 - create IPUIPlugin
2024-02-05 11:20:06,040 [INFO] PluginManager:220 - loadIPPluginJar : add adc
2024-02-05 11:20:06,042 [INFO] IPUIPlugin:80 - create IPUIPlugin
2024-02-05 11:20:06,042 [INFO] PluginManager:220 - loadIPPluginJar : add genericplugin
2024-02-05 11:20:06,046 [INFO] IPUIPlugin:80 - create IPUIPlugin
2024-02-05 11:20:06,047 [INFO] PluginManager:220 - loadIPPluginJar : add openamp
2024-02-05 11:20:06,201 [INFO] CADModel:165 - CPN selected for project level
2024-02-05 11:20:06,202 [INFO] CADModel:114 - Register for checkConnection events
2024-02-05 11:20:06,202 [FATAL] Updater:308 - Updater called before beeing initialized
2024-02-05 11:20:06,202 [ERROR] CADModel:125 - Updater not yet initialized, retry later 
2024-02-05 11:20:06,383 [INFO] CADModel:165 - CPN selected for project level
2024-02-05 11:20:06,384 [INFO] CADModel:114 - Register for checkConnection events
2024-02-05 11:20:06,384 [FATAL] Updater:308 - Updater called before beeing initialized
2024-02-05 11:20:06,384 [ERROR] CADModel:125 - Updater not yet initialized, retry later 
2024-02-05 11:20:06,387 [FATAL] Updater:308 - Updater called before beeing initialized
2024-02-05 11:20:06,510 [FATAL] Updater:308 - Updater called before beeing initialized
2024-02-05 11:20:06,520 [INFO] DbMcusAds:53 - JSON generation date=Wed Nov 29 16:22:27 IST 2023 (1701255147200)
2024-02-05 11:20:06,520 [FATAL] Updater:308 - Updater called before beeing initialized
2024-02-05 11:20:06,596 [WARN] DetailPanel:346 - Failed to get advertising image, set to default
2024-02-05 11:20:06,717 [FATAL] Updater:308 - Updater called before beeing initialized
2024-02-05 11:20:06,719 [FATAL] Updater:308 - Updater called before beeing initialized
2024-02-05 11:20:06,719 [FATAL] Updater:308 - Updater called before beeing initialized
2024-02-05 11:20:06,719 [WARN] DetailPanel:346 - Failed to get advertising image, set to default
2024-02-05 11:20:06,721 [FATAL] Updater:308 - Updater called before beeing initialized
2024-02-05 11:20:06,773 [ERROR] Updater:1120 - MainUpdater not yet initialized. External WinMGr cannot be set.
2024-02-05 11:20:06,776 [INFO] Updater:1056 - Updater Version found : 6.10.0
2024-02-05 11:20:06,808 [INFO] ApplicationProperties:184 - Using Application install path: /opt/st/stm32cubeide_1.14.0/plugins/com.st.stm32cube.common.mx_6.10.0.202311202037
2024-02-05 11:20:07,259 [INFO] MainUpdater:2873 - connection check result : 10
2024-02-05 11:20:07,260 [INFO] MainUpdater:290 - Updater Check For Update Now.
2024-02-05 11:20:07,260 [INFO] MicroXplorer:498 - Change Database Version : DB.6.0.100
2024-02-05 11:20:07,270 [INFO] McuFinderGlobals:63 - Set McuFinder mode to 2 (CubeIDE integrated)
2024-02-05 11:20:07,271 [INFO] UserAuth:180 - activating auth plugin
2024-02-05 11:20:07,274 [INFO] UserAuth:404 - Internet connection configuration mode: 1
2024-02-05 11:20:07,299 [INFO] JxBrowserEngine:152 - Initiate JxBrowser Engine with user profile folder
2024-02-05 11:20:07,504 [INFO] CheckServerUpdateThread:120 - End of CheckServer Thread
2024-02-05 11:20:08,227 [WARN] PackLoader:240 - Cannot read IP mode file for STMicroelectronics.FP-SNS-MOTENV1.4.3.2
2024-02-05 11:20:08,242 [WARN] PackLoader:240 - Cannot read IP mode file for STMicroelectronics.FP-SNS-FLIGHT1.5.0.2
2024-02-05 11:20:08,256 [WARN] PackLoader:240 - Cannot read IP mode file for STMicroelectronics.FP-SNS-SMARTAG2.1.2.0
2024-02-05 11:20:08,266 [WARN] PackLoader:240 - Cannot read IP mode file for STMicroelectronics.FP-ATR-SIGFOX1.3.2.0
2024-02-05 11:20:08,274 [WARN] PackLoader:240 - Cannot read IP mode file for STMicroelectronics.X-CUBE-AI.8.1.0
2024-02-05 11:20:08,280 [WARN] PackLoader:240 - Cannot read IP mode file for STMicroelectronics.FP-ATR-ASTRA1.2.0.0
2024-02-05 11:20:08,282 [INFO] ThirdParty:978 - Integrity check success = true
2024-02-05 11:20:08,282 [INFO] IntegrityCheckThread:100 - exiting critical section [integrity check]
2024-02-05 11:20:08,282 [INFO] IntegrityCheckThread:103 - End integrity checks thread
2024-02-05 11:20:09,476 [INFO] WebApp:161 - Instantiating new browser for Auth
2024-02-05 11:20:10,607 [INFO] WebApp:780 - Register for checkConnection events
2024-02-05 11:20:10,608 [INFO] WebApp:414 - Apply proxy settings
2024-02-05 11:20:10,608 [INFO] WebApp:499 - Chromium requires no authentication
2024-02-05 11:20:10,619 [INFO] WebApp:442 - Direct internet connection detected
2024-02-05 11:20:10,909 [INFO] WebApp:192 - Starting web application
2024-02-05 11:20:10,910 [INFO] WebApp:544 - Web application path used /opt/st/stm32cubeide_1.14.0/plugins/com.st.stm32cube.common.mx_6.10.0.202311202037/db/plugins/mcufinder/reactClient1/index.html
2024-02-05 11:20:31,537 [ERROR] LogOutputStream:75 - [STDERR_REDIRECT] SLF4J: Failed to load class "org.slf4j.impl.StaticLoggerBinder".
2024-02-05 11:20:31,538 [ERROR] LogOutputStream:75 - [STDERR_REDIRECT] SLF4J: Defaulting to no-operation (NOP) logger implementation
2024-02-05 11:20:31,539 [ERROR] LogOutputStream:75 - [STDERR_REDIRECT] SLF4J: See http://www.slf4j.org/codes.html#StaticLoggerBinder for further details.
