2024-02-06 14:17:09,536 [INFO] Activator:176 - 


2024-02-06 14:17:09,543 [INFO] Activator:177 - !SESSION log4j initialized
2024-02-06 14:17:15,768 [INFO] LogOutputStream:77 - [STDOUT_REDIRECT] 
2024-02-06 14:17:17,217 [INFO] ApplicationProperties:184 - Using Application install path: /opt/st/stm32cubeide_1.14.0/plugins/com.st.stm32cube.common.mx_6.10.0.202311202037
2024-02-06 14:17:17,248 [INFO] DbMcusXml:78 - Set database path to: /opt/st/stm32cubeide_1.14.0/plugins/com.st.stm32cube.common.mx_6.10.0.202311202037//db//mcu/
2024-02-06 14:17:17,248 [INFO] ApiDb:274 - Set plugin database path to: /opt/st/stm32cubeide_1.14.0/plugins/com.st.stm32cube.common.mx_6.10.0.202311202037//db//plugins/boardmanager/
2024-02-06 14:17:17,249 [WARN] ApiDb:259 - Overriding images path with different value:  => /opt/st/stm32cubeide_1.14.0/plugins/com.st.stm32cube.common.mx_6.10.0.202311202037//db//plugins/mcufinder/images/
2024-02-06 14:17:17,262 [INFO] ApiDb:250 - Set database path to: /home/mirafra/.stmcufinder/plugins/mcufinder//mcu/
2024-02-06 14:17:17,263 [INFO] DbMcusAds:125 - Set database path to: /home/mirafra/.stmcufinder/plugins/mcufinder//mcu/
2024-02-06 14:17:17,267 [INFO] CrossReferenceDbSqlite:203 - Set database path to: /home/mirafra/.stmcufinder/plugins/mcufinder//mcu/cs/
2024-02-06 14:17:17,529 [INFO] RulesReader:64 - Compatibility file has been processed (297 Rules)
2024-02-06 14:17:17,624 [INFO] DbMcusXml:78 - Set database path to: /opt/st/stm32cubeide_1.14.0/plugins/com.st.stm32cube.common.mx_6.10.0.202311202037//db//mcu/
2024-02-06 14:17:17,624 [INFO] ApiDb:274 - Set plugin database path to: /opt/st/stm32cubeide_1.14.0/plugins/com.st.stm32cube.common.mx_6.10.0.202311202037//db//plugins/boardmanager/
2024-02-06 14:17:17,625 [INFO] ApiDb:261 - Set plugin images path to: /opt/st/stm32cubeide_1.14.0/plugins/com.st.stm32cube.common.mx_6.10.0.202311202037//db//plugins/mcufinder/images/
2024-02-06 14:17:17,626 [WARN] DbFile:41 - Overriding database path with different value: /home/mirafra/.stmcufinder/plugins/mcufinder/ => /home/mirafra/.stmcufinder/plugins/mcufinder
2024-02-06 14:17:17,626 [INFO] ApiDb:250 - Set database path to: /home/mirafra/.stmcufinder/plugins/mcufinder//mcu/
2024-02-06 14:17:17,627 [WARN] DbFile:41 - Overriding database path with different value: /home/mirafra/.stmcufinder/plugins/mcufinder/ => /home/mirafra/.stmcufinder/plugins/mcufinder
2024-02-06 14:17:17,627 [INFO] DbMcusAds:125 - Set database path to: /home/mirafra/.stmcufinder/plugins/mcufinder//mcu/
2024-02-06 14:17:17,627 [WARN] DbFile:41 - Overriding database path with different value: /home/mirafra/.stmcufinder/plugins/mcufinder/ => /home/mirafra/.stmcufinder/plugins/mcufinder
2024-02-06 14:17:17,627 [WARN] DbFile:41 - Overriding database path with different value: /home/mirafra/.stmcufinder/plugins/mcufinder/ => /home/mirafra/.stmcufinder/plugins/mcufinder
2024-02-06 14:17:17,628 [INFO] CrossReferenceDbSqlite:203 - Set database path to: /home/mirafra/.stmcufinder/plugins/mcufinder//mcu/cs/
2024-02-06 14:17:17,720 [INFO] MainPanel:264 - HeapMemory: 268435456
2024-02-06 14:17:17,840 [INFO] DbMcusXml:78 - Set database path to: /opt/st/stm32cubeide_1.14.0/plugins/com.st.stm32cube.common.mx_6.10.0.202311202037//db//mcu/
2024-02-06 14:17:17,840 [INFO] ApiDb:274 - Set plugin database path to: /opt/st/stm32cubeide_1.14.0/plugins/com.st.stm32cube.common.mx_6.10.0.202311202037//db//plugins/boardmanager/
2024-02-06 14:17:17,840 [INFO] ApiDb:261 - Set plugin images path to: /opt/st/stm32cubeide_1.14.0/plugins/com.st.stm32cube.common.mx_6.10.0.202311202037//db//plugins/mcufinder/images/
2024-02-06 14:17:17,841 [WARN] DbFile:41 - Overriding database path with different value: /home/mirafra/.stmcufinder/plugins/mcufinder/ => /home/mirafra/.stmcufinder/plugins/mcufinder
2024-02-06 14:17:17,841 [INFO] ApiDb:250 - Set database path to: /home/mirafra/.stmcufinder/plugins/mcufinder//mcu/
2024-02-06 14:17:17,841 [WARN] DbFile:41 - Overriding database path with different value: /home/mirafra/.stmcufinder/plugins/mcufinder/ => /home/mirafra/.stmcufinder/plugins/mcufinder
2024-02-06 14:17:17,841 [INFO] DbMcusAds:125 - Set database path to: /home/mirafra/.stmcufinder/plugins/mcufinder//mcu/
2024-02-06 14:17:17,841 [WARN] DbFile:41 - Overriding database path with different value: /home/mirafra/.stmcufinder/plugins/mcufinder/ => /home/mirafra/.stmcufinder/plugins/mcufinder
2024-02-06 14:17:17,841 [WARN] DbFile:41 - Overriding database path with different value: /home/mirafra/.stmcufinder/plugins/mcufinder/ => /home/mirafra/.stmcufinder/plugins/mcufinder
2024-02-06 14:17:17,842 [INFO] CrossReferenceDbSqlite:203 - Set database path to: /home/mirafra/.stmcufinder/plugins/mcufinder//mcu/cs/
2024-02-06 14:17:17,860 [INFO] ApplicationProperties:184 - Using Application install path: /opt/st/stm32cubeide_1.14.0/plugins/com.st.stm32cube.common.mx_6.10.0.202311202037
2024-02-06 14:17:17,862 [INFO] PluginManage:196 - Search for loadable plugins [exclusion list=, ]
2024-02-06 14:17:17,864 [INFO] PluginManage:310 - Check plugin analytics
2024-02-06 14:17:18,055 [INFO] AnalyticsPlugin:253 - Accepted Software Licenses: 
2024-02-06 14:17:18,056 [INFO] AnalyticsPlugin:255 - Accepted CMSIS Pack Licenses: 
2024-02-06 14:17:18,056 [INFO] AnalyticsPlugin:257 - Accepted Firmware Licenses: 
2024-02-06 14:17:18,059 [INFO] PluginManage:359 - Loaded plugin analytics (category:tool,tabindex:-1)
2024-02-06 14:17:18,060 [INFO] PluginManage:310 - Check plugin cadmodel
2024-02-06 14:17:18,091 [INFO] CADModel:105 - Init CAD model plugin
2024-02-06 14:17:18,091 [INFO] PluginManage:359 - Loaded plugin cadmodel (category:power,tabindex:5)
2024-02-06 14:17:18,092 [INFO] PluginManage:310 - Check plugin clock
2024-02-06 14:17:18,103 [INFO] PluginManage:359 - Loaded plugin clock (category:base,tabindex:2)
2024-02-06 14:17:18,104 [INFO] PluginManage:310 - Check plugin ddr
2024-02-06 14:17:18,106 [INFO] PluginManage:359 - Loaded plugin ddr (category:tool,tabindex:6)
2024-02-06 14:17:18,106 [INFO] PluginManage:310 - Check plugin filemanager
2024-02-06 14:17:18,257 [INFO] PluginManage:359 - Loaded plugin filemanager (category:base,tabindex:10)
2024-02-06 14:17:18,258 [INFO] PluginManage:310 - Check plugin ipmanager
2024-02-06 14:17:18,264 [INFO] PluginManage:359 - Loaded plugin ipmanager (category:base,tabindex:5)
2024-02-06 14:17:18,264 [INFO] PluginManage:310 - Check plugin lpbam
2024-02-06 14:17:18,275 [INFO] PluginManage:359 - Loaded plugin lpbam (category:base,tabindex:0)
2024-02-06 14:17:18,276 [INFO] PluginManage:310 - Check plugin memorymap
2024-02-06 14:17:18,292 [INFO] PluginManage:359 - Loaded plugin memorymap (category:base,tabindex:4)
2024-02-06 14:17:18,292 [INFO] PluginManage:310 - Check plugin pinoutandconfiguration
2024-02-06 14:17:18,301 [INFO] PluginManage:359 - Loaded plugin pinoutandconfiguration (category:base,tabindex:1)
2024-02-06 14:17:18,301 [INFO] PluginManage:310 - Check plugin pinoutconfig
2024-02-06 14:17:18,398 [WARN] SupportedApi:132 - Cannot load RTOS API schema: s4s-elt-must-match.1: The content of 'definitions' must match (annotation?, (simpleType | complexType)?, (unique | key | keyref)*)). A problem was found starting at: attribute.
2024-02-06 14:17:18,548 [INFO] PluginManage:359 - Loaded plugin pinoutconfig (category:base,tabindex:0)
2024-02-06 14:17:18,548 [INFO] PluginManage:310 - Check plugin power
2024-02-06 14:17:18,560 [INFO] PluginManage:359 - Loaded plugin power (category:power,tabindex:4)
2024-02-06 14:17:18,560 [INFO] PluginManage:310 - Check plugin projectmanager
2024-02-06 14:17:18,576 [INFO] PluginManage:359 - Loaded plugin projectmanager (category:projectmanager,tabindex:3)
2024-02-06 14:17:18,576 [INFO] PluginManage:310 - Check plugin thirdparty
2024-02-06 14:17:18,710 [INFO] PluginManage:359 - Loaded plugin thirdparty (category:base,tabindex:-1)
2024-02-06 14:17:18,710 [WARN] IntegrityCheckThread:84 - waiting for thirdparty lock release [integrity check]
2024-02-06 14:17:18,710 [INFO] IntegrityCheckThread:86 - entering critical section [integrity check]
2024-02-06 14:17:18,710 [INFO] PluginManage:310 - Check plugin tools
2024-02-06 14:17:18,711 [INFO] ThirdPartyUpdaterWithRetryManager:70 - Updater plugin not ready yet. [1/15]
2024-02-06 14:17:18,713 [INFO] PluginManage:359 - Loaded plugin tools (category:base,tabindex:7)
2024-02-06 14:17:18,713 [INFO] PluginManage:310 - Check plugin tutovideos
2024-02-06 14:17:18,931 [INFO] PluginManage:359 - Loaded plugin tutovideos (category:base,tabindex:-1)
2024-02-06 14:17:18,931 [INFO] PluginManage:310 - Check plugin updater
2024-02-06 14:17:18,947 [INFO] PluginManage:359 - Loaded plugin updater (category:base,tabindex:12)
2024-02-06 14:17:18,947 [INFO] PluginManage:310 - Check plugin userauth
2024-02-06 14:17:18,954 [INFO] UserAuth:114 - Init User Auth plugin
2024-02-06 14:17:18,954 [INFO] PluginManage:359 - Loaded plugin userauth (category:base,tabindex:14)
2024-02-06 14:17:18,955 [INFO] PluginManage:283 - PluginManage : Loaded plugins [17]
2024-02-06 14:17:19,220 [INFO] PinOutPanel:1499 - setPackage(No Configuration,No Configuration)
2024-02-06 14:17:19,307 [INFO] CADModel:165 - CPN selected for project level
2024-02-06 14:17:19,307 [INFO] CADModel:114 - Register for checkConnection events
2024-02-06 14:17:19,325 [INFO] IPUIPlugin:80 - create IPUIPlugin
2024-02-06 14:17:19,325 [INFO] PluginManager:220 - loadIPPluginJar : add usart
2024-02-06 14:17:19,331 [INFO] IPUIPlugin:80 - create IPUIPlugin
2024-02-06 14:17:19,332 [INFO] PluginManager:220 - loadIPPluginJar : add opamp
2024-02-06 14:17:19,340 [INFO] IPUIPlugin:80 - create IPUIPlugin
2024-02-06 14:17:19,344 [INFO] PluginManager:220 - loadIPPluginJar : add plateformsettings
2024-02-06 14:17:19,346 [INFO] IPUIPlugin:80 - create IPUIPlugin
2024-02-06 14:17:19,347 [INFO] PluginManager:220 - loadIPPluginJar : add tim
2024-02-06 14:17:19,350 [INFO] IPUIPlugin:80 - create IPUIPlugin
2024-02-06 14:17:19,350 [INFO] PluginManager:220 - loadIPPluginJar : add spi
2024-02-06 14:17:19,357 [INFO] IPUIPlugin:80 - create IPUIPlugin
2024-02-06 14:17:19,357 [INFO] PluginManager:220 - loadIPPluginJar : add gic
2024-02-06 14:17:19,363 [INFO] IPUIPlugin:80 - create IPUIPlugin
2024-02-06 14:17:19,363 [INFO] PluginManager:220 - loadIPPluginJar : add gpio
2024-02-06 14:17:19,371 [INFO] IPUIPlugin:80 - create IPUIPlugin
2024-02-06 14:17:19,371 [INFO] PluginManager:220 - loadIPPluginJar : add linkedlist
2024-02-06 14:17:19,373 [INFO] IPUIPlugin:80 - create IPUIPlugin
2024-02-06 14:17:19,373 [INFO] PluginManager:220 - loadIPPluginJar : add ltdc
2024-02-06 14:17:19,374 [INFO] IPUIPlugin:80 - create IPUIPlugin
2024-02-06 14:17:19,374 [INFO] PluginManager:220 - loadIPPluginJar : add fatfs
2024-02-06 14:17:19,377 [INFO] IPUIPlugin:80 - create IPUIPlugin
2024-02-06 14:17:19,377 [INFO] PluginManager:220 - loadIPPluginJar : add gfxmmu
2024-02-06 14:17:19,380 [INFO] IPUIPlugin:80 - create IPUIPlugin
2024-02-06 14:17:19,380 [INFO] PluginManager:220 - loadIPPluginJar : add dma3
2024-02-06 14:17:19,384 [INFO] IPUIPlugin:80 - create IPUIPlugin
2024-02-06 14:17:19,384 [INFO] PluginManager:220 - loadIPPluginJar : add resmgrutility
2024-02-06 14:17:19,393 [INFO] IPUIPlugin:80 - create IPUIPlugin
2024-02-06 14:17:19,393 [INFO] PluginManager:220 - loadIPPluginJar : add freertos
2024-02-06 14:17:19,402 [INFO] IPUIPlugin:80 - create IPUIPlugin
2024-02-06 14:17:19,402 [INFO] PluginManager:220 - loadIPPluginJar : add mdma
2024-02-06 14:17:19,407 [INFO] IPUIPlugin:80 - create IPUIPlugin
2024-02-06 14:17:19,407 [INFO] PluginManager:220 - loadIPPluginJar : add nvic
2024-02-06 14:17:19,410 [INFO] IPUIPlugin:80 - create IPUIPlugin
2024-02-06 14:17:19,410 [INFO] PluginManager:220 - loadIPPluginJar : add touchsensing
2024-02-06 14:17:19,413 [INFO] IPUIPlugin:80 - create IPUIPlugin
2024-02-06 14:17:19,414 [INFO] PluginManager:220 - loadIPPluginJar : add usbx
2024-02-06 14:17:19,417 [INFO] IPUIPlugin:80 - create IPUIPlugin
2024-02-06 14:17:19,417 [INFO] PluginManager:220 - loadIPPluginJar : add ipddr
2024-02-06 14:17:19,419 [INFO] IPUIPlugin:80 - create IPUIPlugin
2024-02-06 14:17:19,419 [INFO] PluginManager:220 - loadIPPluginJar : add quadspi
2024-02-06 14:17:19,422 [INFO] IPUIPlugin:80 - create IPUIPlugin
2024-02-06 14:17:19,422 [INFO] PluginManager:220 - loadIPPluginJar : add gtzc
2024-02-06 14:17:19,425 [INFO] IPUIPlugin:80 - create IPUIPlugin
2024-02-06 14:17:19,426 [INFO] PluginManager:220 - loadIPPluginJar : add aes
2024-02-06 14:17:19,432 [INFO] IPUIPlugin:80 - create IPUIPlugin
2024-02-06 14:17:19,433 [INFO] PluginManager:220 - loadIPPluginJar : add dma
2024-02-06 14:17:19,435 [INFO] IPUIPlugin:80 - create IPUIPlugin
2024-02-06 14:17:19,435 [INFO] PluginManager:220 - loadIPPluginJar : add tracer_emb
2024-02-06 14:17:19,437 [INFO] IPUIPlugin:80 - create IPUIPlugin
2024-02-06 14:17:19,438 [INFO] PluginManager:220 - loadIPPluginJar : add hash
2024-02-06 14:17:19,441 [INFO] IPUIPlugin:80 - create IPUIPlugin
2024-02-06 14:17:19,441 [INFO] PluginManager:220 - loadIPPluginJar : add pdm2pcm
2024-02-06 14:17:19,443 [INFO] IPUIPlugin:80 - create IPUIPlugin
2024-02-06 14:17:19,444 [INFO] PluginManager:220 - loadIPPluginJar : add ucpd
2024-02-06 14:17:19,447 [INFO] IPUIPlugin:80 - create IPUIPlugin
2024-02-06 14:17:19,447 [INFO] PluginManager:220 - loadIPPluginJar : add sai
2024-02-06 14:17:19,449 [INFO] IPUIPlugin:80 - create IPUIPlugin
2024-02-06 14:17:19,450 [INFO] PluginManager:220 - loadIPPluginJar : add lorawan
2024-02-06 14:17:19,451 [INFO] IPUIPlugin:80 - create IPUIPlugin
2024-02-06 14:17:19,451 [INFO] PluginManager:220 - loadIPPluginJar : add comp
2024-02-06 14:17:19,453 [INFO] IPUIPlugin:80 - create IPUIPlugin
2024-02-06 14:17:19,453 [INFO] PluginManager:220 - loadIPPluginJar : add tsc
2024-02-06 14:17:19,459 [INFO] IPUIPlugin:80 - create IPUIPlugin
2024-02-06 14:17:19,459 [INFO] PluginManager:220 - loadIPPluginJar : add stm32_wpan
2024-02-06 14:17:19,461 [INFO] IPUIPlugin:80 - create IPUIPlugin
2024-02-06 14:17:19,462 [INFO] PluginManager:220 - loadIPPluginJar : add dfsdm
2024-02-06 14:17:19,463 [INFO] IPUIPlugin:80 - create IPUIPlugin
2024-02-06 14:17:19,464 [INFO] PluginManager:220 - loadIPPluginJar : add ts
2024-02-06 14:17:19,468 [INFO] IPUIPlugin:80 - create IPUIPlugin
2024-02-06 14:17:19,469 [INFO] PluginManager:220 - loadIPPluginJar : add fmc
2024-02-06 14:17:19,471 [INFO] IPUIPlugin:80 - create IPUIPlugin
2024-02-06 14:17:19,472 [INFO] PluginManager:220 - loadIPPluginJar : add i2s
2024-02-06 14:17:19,474 [INFO] IPUIPlugin:80 - create IPUIPlugin
2024-02-06 14:17:19,475 [INFO] PluginManager:220 - loadIPPluginJar : add i3c
2024-02-06 14:17:19,477 [INFO] IPUIPlugin:80 - create IPUIPlugin
2024-02-06 14:17:19,478 [INFO] PluginManager:220 - loadIPPluginJar : add i2c
2024-02-06 14:17:19,481 [INFO] IPUIPlugin:80 - create IPUIPlugin
2024-02-06 14:17:19,481 [INFO] PluginManager:220 - loadIPPluginJar : add can
2024-02-06 14:17:19,483 [INFO] IPUIPlugin:80 - create IPUIPlugin
2024-02-06 14:17:19,483 [INFO] PluginManager:220 - loadIPPluginJar : add cryp
2024-02-06 14:17:19,490 [INFO] IPUIPlugin:80 - create IPUIPlugin
2024-02-06 14:17:19,490 [INFO] PluginManager:220 - loadIPPluginJar : add adc
2024-02-06 14:17:19,492 [INFO] IPUIPlugin:80 - create IPUIPlugin
2024-02-06 14:17:19,492 [INFO] PluginManager:220 - loadIPPluginJar : add genericplugin
2024-02-06 14:17:19,496 [INFO] IPUIPlugin:80 - create IPUIPlugin
2024-02-06 14:17:19,496 [INFO] PluginManager:220 - loadIPPluginJar : add openamp
2024-02-06 14:17:19,609 [INFO] CADModel:165 - CPN selected for project level
2024-02-06 14:17:19,609 [INFO] CADModel:114 - Register for checkConnection events
2024-02-06 14:17:19,610 [FATAL] Updater:308 - Updater called before beeing initialized
2024-02-06 14:17:19,610 [ERROR] CADModel:125 - Updater not yet initialized, retry later 
2024-02-06 14:17:19,770 [INFO] CADModel:165 - CPN selected for project level
2024-02-06 14:17:19,770 [INFO] CADModel:114 - Register for checkConnection events
2024-02-06 14:17:19,770 [FATAL] Updater:308 - Updater called before beeing initialized
2024-02-06 14:17:19,770 [ERROR] CADModel:125 - Updater not yet initialized, retry later 
2024-02-06 14:17:19,775 [FATAL] Updater:308 - Updater called before beeing initialized
2024-02-06 14:17:19,881 [FATAL] Updater:308 - Updater called before beeing initialized
2024-02-06 14:17:19,886 [INFO] DbMcusAds:53 - JSON generation date=Wed Nov 29 16:22:27 IST 2023 (1701255147200)
2024-02-06 14:17:19,887 [FATAL] Updater:308 - Updater called before beeing initialized
2024-02-06 14:17:19,929 [WARN] DetailPanel:346 - Failed to get advertising image, set to default
2024-02-06 14:17:20,076 [FATAL] Updater:308 - Updater called before beeing initialized
2024-02-06 14:17:20,077 [FATAL] Updater:308 - Updater called before beeing initialized
2024-02-06 14:17:20,078 [FATAL] Updater:308 - Updater called before beeing initialized
2024-02-06 14:17:20,078 [WARN] DetailPanel:346 - Failed to get advertising image, set to default
2024-02-06 14:17:20,079 [FATAL] Updater:308 - Updater called before beeing initialized
2024-02-06 14:17:20,118 [ERROR] Updater:1120 - MainUpdater not yet initialized. External WinMGr cannot be set.
2024-02-06 14:17:20,120 [INFO] Updater:1056 - Updater Version found : 6.10.0
2024-02-06 14:17:20,143 [INFO] ApplicationProperties:184 - Using Application install path: /opt/st/stm32cubeide_1.14.0/plugins/com.st.stm32cube.common.mx_6.10.0.202311202037
2024-02-06 14:17:20,452 [INFO] MainUpdater:2873 - connection check result : 10
2024-02-06 14:17:20,453 [INFO] MainUpdater:290 - Updater Check For Update Now.
2024-02-06 14:17:20,454 [INFO] MicroXplorer:498 - Change Database Version : DB.6.0.100
2024-02-06 14:17:20,464 [INFO] McuFinderGlobals:63 - Set McuFinder mode to 2 (CubeIDE integrated)
2024-02-06 14:17:20,464 [INFO] UserAuth:180 - activating auth plugin
2024-02-06 14:17:20,467 [INFO] UserAuth:404 - Internet connection configuration mode: 1
2024-02-06 14:17:20,483 [INFO] JxBrowserEngine:152 - Initiate JxBrowser Engine with user profile folder
2024-02-06 14:17:20,665 [INFO] CheckServerUpdateThread:120 - End of CheckServer Thread
2024-02-06 14:17:22,108 [WARN] PackLoader:240 - Cannot read IP mode file for STMicroelectronics.FP-SNS-MOTENV1.4.3.2
2024-02-06 14:17:22,123 [WARN] PackLoader:240 - Cannot read IP mode file for STMicroelectronics.FP-SNS-FLIGHT1.5.0.2
2024-02-06 14:17:22,137 [WARN] PackLoader:240 - Cannot read IP mode file for STMicroelectronics.FP-SNS-SMARTAG2.1.2.0
2024-02-06 14:17:22,154 [WARN] PackLoader:240 - Cannot read IP mode file for STMicroelectronics.FP-ATR-SIGFOX1.3.2.0
2024-02-06 14:17:22,162 [WARN] PackLoader:240 - Cannot read IP mode file for STMicroelectronics.X-CUBE-AI.8.1.0
2024-02-06 14:17:22,173 [WARN] PackLoader:240 - Cannot read IP mode file for STMicroelectronics.FP-ATR-ASTRA1.2.0.0
2024-02-06 14:17:22,174 [INFO] ThirdParty:978 - Integrity check success = true
2024-02-06 14:17:22,174 [INFO] IntegrityCheckThread:100 - exiting critical section [integrity check]
2024-02-06 14:17:22,175 [INFO] IntegrityCheckThread:103 - End integrity checks thread
2024-02-06 14:17:22,457 [INFO] WebApp:161 - Instantiating new browser for Auth
2024-02-06 14:17:23,512 [INFO] WebApp:780 - Register for checkConnection events
2024-02-06 14:17:23,512 [INFO] WebApp:414 - Apply proxy settings
2024-02-06 14:17:23,512 [INFO] WebApp:499 - Chromium requires no authentication
2024-02-06 14:17:23,526 [INFO] WebApp:442 - Direct internet connection detected
2024-02-06 14:17:23,719 [INFO] WebApp:192 - Starting web application
2024-02-06 14:17:23,719 [INFO] WebApp:544 - Web application path used /opt/st/stm32cubeide_1.14.0/plugins/com.st.stm32cube.common.mx_6.10.0.202311202037/db/plugins/mcufinder/reactClient1/index.html
2024-02-06 14:17:44,338 [ERROR] LogOutputStream:75 - [STDERR_REDIRECT] SLF4J: Failed to load class "org.slf4j.impl.StaticLoggerBinder".
2024-02-06 14:17:44,339 [ERROR] LogOutputStream:75 - [STDERR_REDIRECT] SLF4J: Defaulting to no-operation (NOP) logger implementation
2024-02-06 14:17:44,339 [ERROR] LogOutputStream:75 - [STDERR_REDIRECT] SLF4J: See http://www.slf4j.org/codes.html#StaticLoggerBinder for further details.
2024-02-06 14:19:30,912 [INFO] McuFinderGlobals:63 - Set McuFinder mode to 2 (CubeIDE integrated)
2024-02-06 14:19:30,916 [INFO] MainUpdater:2873 - connection check result : 10
2024-02-06 14:19:30,919 [INFO] McuFinderGlobals:76 - Set McuFinderConnectedMode to true
2024-02-06 14:19:31,710 [INFO] ServerAccessManage:473 - Download File mcusAds.json._tmp_
2024-02-06 14:19:31,830 [INFO] LoadUrlFilesThread:156 - End of LoadUrlFiles Thread
2024-02-06 14:19:32,148 [INFO] ServerAccessManage:473 - Download File cube-finder-db.zip
2024-02-06 14:19:33,189 [INFO] FileExtend:240 - Unzip File : cube-finder-db.zip
2024-02-06 14:19:33,190 [INFO] FileExtend:255 - Standard Zip Deflate
2024-02-06 14:19:34,050 [INFO] LoadUrlFilesThread:156 - End of LoadUrlFiles Thread
2024-02-06 14:19:35,274 [INFO] ServerAccessManage:473 - Download File crdb.zip
2024-02-06 14:19:36,515 [INFO] FileExtend:240 - Unzip File : crdb.zip
2024-02-06 14:19:36,516 [INFO] FileExtend:255 - Standard Zip Deflate
2024-02-06 14:19:36,661 [INFO] LoadUrlFilesThread:156 - End of LoadUrlFiles Thread
2024-02-06 14:19:36,809 [INFO] ServerAccessManage:473 - Download File tutoVideoDB.zip
2024-02-06 14:19:36,818 [INFO] FileExtend:240 - Unzip File : tutoVideoDB.zip
2024-02-06 14:19:36,818 [INFO] FileExtend:255 - Standard Zip Deflate
2024-02-06 14:19:36,926 [INFO] LoadUrlFilesThread:156 - End of LoadUrlFiles Thread
2024-02-06 14:19:36,932 [WARN] DbFile:41 - Overriding database path with different value: /home/mirafra/.stmcufinder/plugins/mcufinder/ => /home/mirafra/.stmcufinder/plugins/mcufinder
2024-02-06 14:19:37,087 [INFO] ServerAccessManage:473 - Download File api_config.json
2024-02-06 14:19:37,201 [INFO] LoadUrlFilesThread:156 - End of LoadUrlFiles Thread
2024-02-06 14:19:37,212 [INFO] DbMcusAds:53 - JSON generation date=Wed Nov 29 16:22:27 IST 2023 (1701255147200)
2024-02-06 14:19:37,246 [INFO] LoadUrlFilesThread:185 - End of LoadServerUrlFiles without Thread
2024-02-06 14:19:37,247 [INFO] TargetSelectorAdapter:259 - Refresh data is successful
2024-02-06 14:19:37,378 [INFO] ApiDb:581 - Connected to CubeFinder SQLite database (/home/mirafra/.stmcufinder/plugins/mcufinder/mcu/cube-finder-db.db)
2024-02-06 14:19:37,470 [INFO] ApiDb:668 - CubeFinder database Data Model version=2.1
2024-02-06 14:19:37,470 [INFO] ApiDb:669 - CubeFinder database Configuration version=3.0.39
2024-02-06 14:19:37,471 [INFO] ApiDb:670 - CubeFinder database generation date=2024-01-11 (1704964531)
2024-02-06 14:19:37,471 [INFO] ApiDb:671 - CubeFinder database FW Pack versions=[FP-ATR-ASTRA1_V2.0.0, FP-SNS-FLIGHT1_V5.0.1, FP-SNS-FLIGHT1_V5.0.2, FP-SNS-MOTENV1_V4.3.1, FP-SNS-MOTENV1_V4.3.2, FP-SNS-MOTENVWB1_V1.3.1, FP-SNS-SMARTAG2_V1.2.0, STM32Cube_FW_C0_V1.1.0, STM32Cube_FW_F4_V1.28.0, STM32Cube_FW_F7_V1.17.0, STM32Cube_FW_G0_V1.6.2, STM32Cube_FW_G4_V1.5.2, STM32Cube_FW_H5_V0.5.1, STM32Cube_FW_H5_V1.1.1, STM32Cube_FW_H5_V1.2.0RC2, STM32Cube_FW_H7_V1.11.0, STM32Cube_FW_L0_V1.12.2, STM32Cube_FW_L5_V1.5.0, STM32Cube_FW_U5_V1.3.0RC4, STM32Cube_FW_U5_V1.4.0, STM32Cube_FW_WBA_V1.0.0RC1, STM32Cube_FW_WBA_V1.1.0RC1, STM32Cube_FW_WBA_V1.2.0, STM32Cube_FW_WBA_V1.2.0RC2, STM32Cube_FW_WB_V1.15.0RC1, STM32Cube_FW_WB_V1.16.0, STM32Cube_FW_WB_V1.16.0RC2, STM32Cube_FW_WB_V1.18.0, STM32Cube_FW_WL_V1.3.0, X-CUBE-ALGOBUILD_V1.3.0, X-CUBE-ALS_V1.0.1, X-CUBE-AZRTOS-F4_V1.1.0, X-CUBE-AZRTOS-F7_V1.1.0, X-CUBE-AZRTOS-G0_V1.1.0, X-CUBE-AZRTOS-G4_V2.0.0, X-CUBE-AZRTOS-H7_V3.2.0, X-CUBE-AZRTOS-L4_V1.0.0, X-CUBE-AZRTOS-L4_V2.0.0, X-CUBE-AZRTOS-L5_V1.1.0, X-CUBE-AZRTOS-WB_V2.0.0, X-CUBE-AZRTOS-WL_V2.0.0, X-CUBE-BLE1_V7.0.0, X-CUBE-BLE2_V3.3.0, X-CUBE-BLEMGR_V3.0.0, X-CUBE-EEPRMA1_V4.1.0, X-CUBE-EEPRMA1_V4.2.0, X-CUBE-FREERTOS_V1.1.0, X-CUBE-GNSS1_V6.0.0, X-CUBE-MEMS1_V10.0.0, X-CUBE-MEMS1_V9.1.0, X-CUBE-MEMS1_V9.4.0, X-CUBE-MEMS1_V9.6.0, X-CUBE-NFC4_V3.0.0, X-CUBE-NFC7_V1.0.1, X-CUBE-SFXS2LP1_V4.0.0, X-CUBE-SUBG2_V5.0.0, X-CUBE-TOF1_V3.4.0]
2024-02-06 14:19:39,793 [INFO] ApiDb:240 - Found 371 in-development CPN: [B-G473E-ZEST1S, B-WB1M-WPAN1, B-WL5M-SUBG1, NUCLEO-C031C6, NUCLEO-H503RB, NUCLEO-H563ZI, NUCLEO-U545RE-Q, NUCLEO-U5A5ZJ-Q, NUCLEO-WBA52CG, NUCLEO-WBA55CG, STEVAL-MKBOXPRO, STEVAL-PROTEUS1, STEVAL-STWINBX1, STM320518-EVAL, STM32C0116-DK, STM32C011D6Y3TR, STM32C011D6Y6TR, STM32C011F4P3, STM32C011F4P6, STM32C011F4U3, STM32C011F4U6TR, STM32C011F6P3, STM32C011F6P6, STM32C011F6U3, STM32C011F6U6TR, STM32C011J4M3, STM32C011J4M6, STM32C011J6M3, STM32C011J6M6, STM32C0316-DK, STM32C031C4T3, STM32C031C4T6, STM32C031C4U3, STM32C031C4U6, STM32C031C6T3, STM32C031C6T6, STM32C031C6U3, STM32C031C6U6, STM32C031F4P3, STM32C031F4P6, STM32C031F6P3, STM32C031F6P6, STM32C031G4U3, STM32C031G4U6, STM32C031G6U3, STM32C031G6U6, STM32C031K4T3, STM32C031K4T6, STM32C031K4U3, STM32C031K4U6, STM32C031K6T3, STM32C031K6T6, STM32C031K6U3, STM32C031K6U6, STM32G071K8TXN, STM32G071K8UXN, STM32G081GBU6N, STM32G081KBT6N, STM32G081KBUXN, STM32G0B1CCT6N, STM32G0B1KCT6, STM32G0B1NEY6TR, STM32G0B1RCT6N, STM32G0C1CCT6, STM32G0C1CCT6N, STM32G0C1CCU6N, STM32G0C1CET6N, STM32G0C1CEU6N, STM32G0C1KCT6, STM32G0C1NEY6TR, STM32G0C1RCI6N, STM32G0C1RCT6N, STM32G0C1REI6N, STM32G0C1RET6N, STM32G0C1VCI6, STM32G0C1VEI6, STM32G471CCT6, STM32G471CCU6, STM32G471CET3, STM32G471CET6, STM32G471CEU3, STM32G471CEU6, STM32G471MCT6, STM32G471MET3, STM32G471MET6, STM32G471MEY6TR, STM32G471QCT6, STM32G471QET3, STM32G471RCT6, STM32G471RET3, STM32G471RET6, STM32G471VCH6, STM32G471VCI6, STM32G471VCT6, STM32G471VEH3, STM32G471VEH6, STM32G471VEI3, STM32G471VEI6, STM32G471VET3, STM32G471VET6, STM32G474CCT6, STM32H503CBT6, STM32H503CBU6, STM32H503EBY6TR, STM32H503KBU6, STM32H503RBT6, STM32H562AGI6, STM32H562AII6, STM32H562IGK6, STM32H562IGT6, STM32H562IIK6, STM32H562IIT6, STM32H562RGT6, STM32H562RGV6, STM32H562RIT6, STM32H562RIV6, STM32H562VGT6, STM32H562VIT6, STM32H562ZGT6, STM32H562ZIT6, STM32H563AGI6, STM32H563AII3Q, STM32H563AII6, STM32H563IGK6, STM32H563IGT6, STM32H563IIK3Q, STM32H563IIK6, STM32H563IIT3Q, STM32H563IIT6, STM32H563MIY3QTR, STM32H563RGT6, STM32H563RGV6, STM32H563RIT6, STM32H563RIV6, STM32H563VGT6, STM32H563VIT3Q, STM32H563VIT6, STM32H563ZGT6, STM32H563ZIT3Q, STM32H563ZIT6, STM32H573AII3Q, STM32H573AII6, STM32H573I-DK, STM32H573IIK3Q, STM32H573IIK6, STM32H573IIT3Q, STM32H573IIT6, STM32H573MIY3QTR, STM32H573RIT6, STM32H573RIV6, STM32H573VIT3Q, STM32H573VIT6, STM32H573ZIT3Q, STM32H573ZIT6, STM32L4R5QGI6STR, STM32MP131AAE3, STM32MP131AAF3, STM32MP131AAG3, STM32MP131CAE3, STM32MP131CAF3, STM32MP131CAG3, STM32MP131DAE7, STM32MP131DAF7, STM32MP131DAG7, STM32MP131FAE7, STM32MP131FAF7, STM32MP131FAG7, STM32MP133AAE3, STM32MP133AAF3, STM32MP133AAG3, STM32MP133CAE3, STM32MP133CAF3, STM32MP133CAG3, STM32MP133DAE7, STM32MP133DAF7, STM32MP133DAG7, STM32MP133FAE7, STM32MP133FAF7, STM32MP133FAG7, STM32MP135AAE3, STM32MP135AAF3, STM32MP135AAG3, STM32MP135CAE3, STM32MP135CAF3, STM32MP135CAG3, STM32MP135DAE7, STM32MP135DAF7, STM32MP135DAG7, STM32MP135F-DK, STM32MP135FAE7, STM32MP135FAF7, STM32MP135FAF7T, STM32MP135FAF7U, STM32MP135FAG7, STM32U535CBT6, STM32U535CBT6Q, STM32U535CBU6, STM32U535CBU6Q, STM32U535CCT6, STM32U535CCT6Q, STM32U535CCU6, STM32U535CCU6Q, STM32U535CET6, STM32U535CET6Q, STM32U535CEU6, STM32U535CEU6Q, STM32U535JEY6QTR, STM32U535NCY6QTR, STM32U535NEY6QTR, STM32U535RBI6, STM32U535RBI6Q, STM32U535RBT6, STM32U535RBT6Q, STM32U535RCI6, STM32U535RCI6Q, STM32U535RCT6, STM32U535RCT6Q, STM32U535REI6, STM32U535REI6Q, STM32U535RET6, STM32U535RET6Q, STM32U535VCI6, STM32U535VCI6Q, STM32U535VCT6, STM32U535VCT6Q, STM32U535VEI6, STM32U535VEI6Q, STM32U535VET6, STM32U535VET6Q, STM32U545CET6, STM32U545CET6Q, STM32U545CEU6, STM32U545CEU6Q, STM32U545JEY6QTR, STM32U545NEY6QTR, STM32U545REI6, STM32U545REI6Q, STM32U545RET6, STM32U545RET6Q, STM32U545VEI6, STM32U545VEI6Q, STM32U545VET6, STM32U545VET6Q, STM32U595AIH6, STM32U595AIH6Q, STM32U595AJH6, STM32U595AJH6Q, STM32U595QII6, STM32U595QII6Q, STM32U595QJI6, STM32U595QJI6Q, STM32U595RIT6, STM32U595RIT6Q, STM32U595RJT6, STM32U595RJT6Q, STM32U595VIT6, STM32U595VIT6Q, STM32U595VJT6, STM32U595VJT6Q, STM32U595ZIT6, STM32U595ZIT6Q, STM32U595ZIY6QTR, STM32U595ZJT6, STM32U595ZJT6Q, STM32U595ZJY6QTR, STM32U599BJY6QTR, STM32U599NIH6Q, STM32U599NJH6Q, STM32U599VIT6Q, STM32U599VJT6, STM32U599VJT6Q, STM32U599ZIT6Q, STM32U599ZIY6QTR, STM32U599ZJT6Q, STM32U599ZJY6QTR, STM32U5A5AJH6, STM32U5A5AJH6Q, STM32U5A5QJI6, STM32U5A5QJI6Q, STM32U5A5RJT6, STM32U5A5RJT6Q, STM32U5A5VJT6, STM32U5A5VJT6Q, STM32U5A5ZJT6, STM32U5A5ZJT6Q, STM32U5A5ZJY6QTR, STM32U5A9BJY6QTR, STM32U5A9J-DK, STM32U5A9NJH6Q, STM32U5A9VJT6Q, STM32U5A9ZJT6Q, STM32U5A9ZJY6QTR, STM32U5F7VIT6, STM32U5F7VIT6Q, STM32U5F7VJT6, STM32U5F7VJT6Q, STM32U5F9BJY6QTR, STM32U5F9NJH6Q, STM32U5F9VIT6Q, STM32U5F9VJT6Q, STM32U5F9ZIJ6QTR, STM32U5F9ZIT6Q, STM32U5F9ZJJ6QTR, STM32U5F9ZJT6Q, STM32U5G7VJT6, STM32U5G7VJT6Q, STM32U5G9BJY6QTR, STM32U5G9J-DK1, STM32U5G9J-DK2, STM32U5G9NJH6Q, STM32U5G9VJT6Q, STM32U5G9ZJJ6QTR, STM32U5G9ZJT6Q, STM32WB1MMCH6, STM32WBA50KEU6, STM32WBA50KEU6TR, STM32WBA50KGU6, STM32WBA50KGU6TR, STM32WBA52CEU6, STM32WBA52CEU6TR, STM32WBA52CEU7, STM32WBA52CEU7TR, STM32WBA52CGU6, STM32WBA52CGU6TR, STM32WBA52CGU6U, STM32WBA52CGU7, STM32WBA52CGU7TR, STM32WBA52KEU6, STM32WBA52KEU6TR, STM32WBA52KGU6, STM32WBA52KGU6TR, STM32WBA54CEU6, STM32WBA54CEU6TR, STM32WBA54CEU7, STM32WBA54CEU7TR, STM32WBA54CGU6, STM32WBA54CGU6TR, STM32WBA54CGU7, STM32WBA54CGU7TR, STM32WBA54KEU6, STM32WBA54KEU6TR, STM32WBA54KEU7, STM32WBA54KEU7TR, STM32WBA54KGU6, STM32WBA54KGU6TR, STM32WBA54KGU7, STM32WBA54KGU7TR, STM32WBA55CEU6, STM32WBA55CEU6TR, STM32WBA55CEU7, STM32WBA55CEU7TR, STM32WBA55CGU6, STM32WBA55CGU6TR, STM32WBA55CGU6U, STM32WBA55CGU7, STM32WBA55CGU7TR, STM32WBA55G-DK1, STM32WBA55HEF6, STM32WBA55HEF7, STM32WBA55HGF6, STM32WBA55HGF7, STM32WBA55UEI6, STM32WBA55UEI6TR, STM32WBA55UEI7, STM32WBA55UEI7TR, STM32WBA55UGI6, STM32WBA55UGI6TR, STM32WBA55UGI7, STM32WBA55UGI7TR, STM32WL5MOCH6, STM32WL5MOCH6TR]
2024-02-06 14:19:39,802 [INFO] DbMcus:218 - Found 3930 MCUs, 3930 are supported
2024-02-06 14:19:39,803 [INFO] ApiDb:423 - Load user favorites file /home/mirafra/.stm32cubeide/favorites.mcus.txt: 0 item(s)
2024-02-06 14:19:39,803 [INFO] ApiDb:427 - User favorites MCUs=[]
2024-02-06 14:19:39,803 [INFO] DbMcus:224 - Set 0 / 0 favorites MCUs
2024-02-06 14:19:40,170 [INFO] ApiDb:668 - CubeFinder database Data Model version=2.1
2024-02-06 14:19:40,170 [INFO] ApiDb:669 - CubeFinder database Configuration version=3.0.39
2024-02-06 14:19:40,170 [INFO] ApiDb:670 - CubeFinder database generation date=2024-01-11 (1704964531)
2024-02-06 14:19:40,170 [INFO] ApiDb:671 - CubeFinder database FW Pack versions=[FP-ATR-ASTRA1_V2.0.0, FP-SNS-FLIGHT1_V5.0.1, FP-SNS-FLIGHT1_V5.0.2, FP-SNS-MOTENV1_V4.3.1, FP-SNS-MOTENV1_V4.3.2, FP-SNS-MOTENVWB1_V1.3.1, FP-SNS-SMARTAG2_V1.2.0, STM32Cube_FW_C0_V1.1.0, STM32Cube_FW_F4_V1.28.0, STM32Cube_FW_F7_V1.17.0, STM32Cube_FW_G0_V1.6.2, STM32Cube_FW_G4_V1.5.2, STM32Cube_FW_H5_V0.5.1, STM32Cube_FW_H5_V1.1.1, STM32Cube_FW_H5_V1.2.0RC2, STM32Cube_FW_H7_V1.11.0, STM32Cube_FW_L0_V1.12.2, STM32Cube_FW_L5_V1.5.0, STM32Cube_FW_U5_V1.3.0RC4, STM32Cube_FW_U5_V1.4.0, STM32Cube_FW_WBA_V1.0.0RC1, STM32Cube_FW_WBA_V1.1.0RC1, STM32Cube_FW_WBA_V1.2.0, STM32Cube_FW_WBA_V1.2.0RC2, STM32Cube_FW_WB_V1.15.0RC1, STM32Cube_FW_WB_V1.16.0, STM32Cube_FW_WB_V1.16.0RC2, STM32Cube_FW_WB_V1.18.0, STM32Cube_FW_WL_V1.3.0, X-CUBE-ALGOBUILD_V1.3.0, X-CUBE-ALS_V1.0.1, X-CUBE-AZRTOS-F4_V1.1.0, X-CUBE-AZRTOS-F7_V1.1.0, X-CUBE-AZRTOS-G0_V1.1.0, X-CUBE-AZRTOS-G4_V2.0.0, X-CUBE-AZRTOS-H7_V3.2.0, X-CUBE-AZRTOS-L4_V1.0.0, X-CUBE-AZRTOS-L4_V2.0.0, X-CUBE-AZRTOS-L5_V1.1.0, X-CUBE-AZRTOS-WB_V2.0.0, X-CUBE-AZRTOS-WL_V2.0.0, X-CUBE-BLE1_V7.0.0, X-CUBE-BLE2_V3.3.0, X-CUBE-BLEMGR_V3.0.0, X-CUBE-EEPRMA1_V4.1.0, X-CUBE-EEPRMA1_V4.2.0, X-CUBE-FREERTOS_V1.1.0, X-CUBE-GNSS1_V6.0.0, X-CUBE-MEMS1_V10.0.0, X-CUBE-MEMS1_V9.1.0, X-CUBE-MEMS1_V9.4.0, X-CUBE-MEMS1_V9.6.0, X-CUBE-NFC4_V3.0.0, X-CUBE-NFC7_V1.0.1, X-CUBE-SFXS2LP1_V4.0.0, X-CUBE-SUBG2_V5.0.0, X-CUBE-TOF1_V3.4.0]
2024-02-06 14:19:40,232 [INFO] DbBoardsSqlite:226 - include board P-NUCLEO-WB55-NUCLEO as a kit item of type 'Nucleo-64'
2024-02-06 14:19:40,232 [INFO] DbBoardsSqlite:226 - include board P-NUCLEO-WB55-USBDONGLE as a kit item of type 'Nucleo USB Dongle'
2024-02-06 14:19:40,232 [INFO] DbBoardsSqlite:226 - include board STEVAL-IDP005V1 as a kit item of type 'Evaluation Board'
2024-02-06 14:19:40,233 [INFO] DbBoardsSqlite:226 - include board STEVAL-IDP005V2 as a kit item of type 'Evaluation Board'
2024-02-06 14:19:40,285 [INFO] ApiDb:240 - Found 371 in-development CPN: [B-G473E-ZEST1S, B-WB1M-WPAN1, B-WL5M-SUBG1, NUCLEO-C031C6, NUCLEO-H503RB, NUCLEO-H563ZI, NUCLEO-U545RE-Q, NUCLEO-U5A5ZJ-Q, NUCLEO-WBA52CG, NUCLEO-WBA55CG, STEVAL-MKBOXPRO, STEVAL-PROTEUS1, STEVAL-STWINBX1, STM320518-EVAL, STM32C0116-DK, STM32C011D6Y3TR, STM32C011D6Y6TR, STM32C011F4P3, STM32C011F4P6, STM32C011F4U3, STM32C011F4U6TR, STM32C011F6P3, STM32C011F6P6, STM32C011F6U3, STM32C011F6U6TR, STM32C011J4M3, STM32C011J4M6, STM32C011J6M3, STM32C011J6M6, STM32C0316-DK, STM32C031C4T3, STM32C031C4T6, STM32C031C4U3, STM32C031C4U6, STM32C031C6T3, STM32C031C6T6, STM32C031C6U3, STM32C031C6U6, STM32C031F4P3, STM32C031F4P6, STM32C031F6P3, STM32C031F6P6, STM32C031G4U3, STM32C031G4U6, STM32C031G6U3, STM32C031G6U6, STM32C031K4T3, STM32C031K4T6, STM32C031K4U3, STM32C031K4U6, STM32C031K6T3, STM32C031K6T6, STM32C031K6U3, STM32C031K6U6, STM32G071K8TXN, STM32G071K8UXN, STM32G081GBU6N, STM32G081KBT6N, STM32G081KBUXN, STM32G0B1CCT6N, STM32G0B1KCT6, STM32G0B1NEY6TR, STM32G0B1RCT6N, STM32G0C1CCT6, STM32G0C1CCT6N, STM32G0C1CCU6N, STM32G0C1CET6N, STM32G0C1CEU6N, STM32G0C1KCT6, STM32G0C1NEY6TR, STM32G0C1RCI6N, STM32G0C1RCT6N, STM32G0C1REI6N, STM32G0C1RET6N, STM32G0C1VCI6, STM32G0C1VEI6, STM32G471CCT6, STM32G471CCU6, STM32G471CET3, STM32G471CET6, STM32G471CEU3, STM32G471CEU6, STM32G471MCT6, STM32G471MET3, STM32G471MET6, STM32G471MEY6TR, STM32G471QCT6, STM32G471QET3, STM32G471RCT6, STM32G471RET3, STM32G471RET6, STM32G471VCH6, STM32G471VCI6, STM32G471VCT6, STM32G471VEH3, STM32G471VEH6, STM32G471VEI3, STM32G471VEI6, STM32G471VET3, STM32G471VET6, STM32G474CCT6, STM32H503CBT6, STM32H503CBU6, STM32H503EBY6TR, STM32H503KBU6, STM32H503RBT6, STM32H562AGI6, STM32H562AII6, STM32H562IGK6, STM32H562IGT6, STM32H562IIK6, STM32H562IIT6, STM32H562RGT6, STM32H562RGV6, STM32H562RIT6, STM32H562RIV6, STM32H562VGT6, STM32H562VIT6, STM32H562ZGT6, STM32H562ZIT6, STM32H563AGI6, STM32H563AII3Q, STM32H563AII6, STM32H563IGK6, STM32H563IGT6, STM32H563IIK3Q, STM32H563IIK6, STM32H563IIT3Q, STM32H563IIT6, STM32H563MIY3QTR, STM32H563RGT6, STM32H563RGV6, STM32H563RIT6, STM32H563RIV6, STM32H563VGT6, STM32H563VIT3Q, STM32H563VIT6, STM32H563ZGT6, STM32H563ZIT3Q, STM32H563ZIT6, STM32H573AII3Q, STM32H573AII6, STM32H573I-DK, STM32H573IIK3Q, STM32H573IIK6, STM32H573IIT3Q, STM32H573IIT6, STM32H573MIY3QTR, STM32H573RIT6, STM32H573RIV6, STM32H573VIT3Q, STM32H573VIT6, STM32H573ZIT3Q, STM32H573ZIT6, STM32L4R5QGI6STR, STM32MP131AAE3, STM32MP131AAF3, STM32MP131AAG3, STM32MP131CAE3, STM32MP131CAF3, STM32MP131CAG3, STM32MP131DAE7, STM32MP131DAF7, STM32MP131DAG7, STM32MP131FAE7, STM32MP131FAF7, STM32MP131FAG7, STM32MP133AAE3, STM32MP133AAF3, STM32MP133AAG3, STM32MP133CAE3, STM32MP133CAF3, STM32MP133CAG3, STM32MP133DAE7, STM32MP133DAF7, STM32MP133DAG7, STM32MP133FAE7, STM32MP133FAF7, STM32MP133FAG7, STM32MP135AAE3, STM32MP135AAF3, STM32MP135AAG3, STM32MP135CAE3, STM32MP135CAF3, STM32MP135CAG3, STM32MP135DAE7, STM32MP135DAF7, STM32MP135DAG7, STM32MP135F-DK, STM32MP135FAE7, STM32MP135FAF7, STM32MP135FAF7T, STM32MP135FAF7U, STM32MP135FAG7, STM32U535CBT6, STM32U535CBT6Q, STM32U535CBU6, STM32U535CBU6Q, STM32U535CCT6, STM32U535CCT6Q, STM32U535CCU6, STM32U535CCU6Q, STM32U535CET6, STM32U535CET6Q, STM32U535CEU6, STM32U535CEU6Q, STM32U535JEY6QTR, STM32U535NCY6QTR, STM32U535NEY6QTR, STM32U535RBI6, STM32U535RBI6Q, STM32U535RBT6, STM32U535RBT6Q, STM32U535RCI6, STM32U535RCI6Q, STM32U535RCT6, STM32U535RCT6Q, STM32U535REI6, STM32U535REI6Q, STM32U535RET6, STM32U535RET6Q, STM32U535VCI6, STM32U535VCI6Q, STM32U535VCT6, STM32U535VCT6Q, STM32U535VEI6, STM32U535VEI6Q, STM32U535VET6, STM32U535VET6Q, STM32U545CET6, STM32U545CET6Q, STM32U545CEU6, STM32U545CEU6Q, STM32U545JEY6QTR, STM32U545NEY6QTR, STM32U545REI6, STM32U545REI6Q, STM32U545RET6, STM32U545RET6Q, STM32U545VEI6, STM32U545VEI6Q, STM32U545VET6, STM32U545VET6Q, STM32U595AIH6, STM32U595AIH6Q, STM32U595AJH6, STM32U595AJH6Q, STM32U595QII6, STM32U595QII6Q, STM32U595QJI6, STM32U595QJI6Q, STM32U595RIT6, STM32U595RIT6Q, STM32U595RJT6, STM32U595RJT6Q, STM32U595VIT6, STM32U595VIT6Q, STM32U595VJT6, STM32U595VJT6Q, STM32U595ZIT6, STM32U595ZIT6Q, STM32U595ZIY6QTR, STM32U595ZJT6, STM32U595ZJT6Q, STM32U595ZJY6QTR, STM32U599BJY6QTR, STM32U599NIH6Q, STM32U599NJH6Q, STM32U599VIT6Q, STM32U599VJT6, STM32U599VJT6Q, STM32U599ZIT6Q, STM32U599ZIY6QTR, STM32U599ZJT6Q, STM32U599ZJY6QTR, STM32U5A5AJH6, STM32U5A5AJH6Q, STM32U5A5QJI6, STM32U5A5QJI6Q, STM32U5A5RJT6, STM32U5A5RJT6Q, STM32U5A5VJT6, STM32U5A5VJT6Q, STM32U5A5ZJT6, STM32U5A5ZJT6Q, STM32U5A5ZJY6QTR, STM32U5A9BJY6QTR, STM32U5A9J-DK, STM32U5A9NJH6Q, STM32U5A9VJT6Q, STM32U5A9ZJT6Q, STM32U5A9ZJY6QTR, STM32U5F7VIT6, STM32U5F7VIT6Q, STM32U5F7VJT6, STM32U5F7VJT6Q, STM32U5F9BJY6QTR, STM32U5F9NJH6Q, STM32U5F9VIT6Q, STM32U5F9VJT6Q, STM32U5F9ZIJ6QTR, STM32U5F9ZIT6Q, STM32U5F9ZJJ6QTR, STM32U5F9ZJT6Q, STM32U5G7VJT6, STM32U5G7VJT6Q, STM32U5G9BJY6QTR, STM32U5G9J-DK1, STM32U5G9J-DK2, STM32U5G9NJH6Q, STM32U5G9VJT6Q, STM32U5G9ZJJ6QTR, STM32U5G9ZJT6Q, STM32WB1MMCH6, STM32WBA50KEU6, STM32WBA50KEU6TR, STM32WBA50KGU6, STM32WBA50KGU6TR, STM32WBA52CEU6, STM32WBA52CEU6TR, STM32WBA52CEU7, STM32WBA52CEU7TR, STM32WBA52CGU6, STM32WBA52CGU6TR, STM32WBA52CGU6U, STM32WBA52CGU7, STM32WBA52CGU7TR, STM32WBA52KEU6, STM32WBA52KEU6TR, STM32WBA52KGU6, STM32WBA52KGU6TR, STM32WBA54CEU6, STM32WBA54CEU6TR, STM32WBA54CEU7, STM32WBA54CEU7TR, STM32WBA54CGU6, STM32WBA54CGU6TR, STM32WBA54CGU7, STM32WBA54CGU7TR, STM32WBA54KEU6, STM32WBA54KEU6TR, STM32WBA54KEU7, STM32WBA54KEU7TR, STM32WBA54KGU6, STM32WBA54KGU6TR, STM32WBA54KGU7, STM32WBA54KGU7TR, STM32WBA55CEU6, STM32WBA55CEU6TR, STM32WBA55CEU7, STM32WBA55CEU7TR, STM32WBA55CGU6, STM32WBA55CGU6TR, STM32WBA55CGU6U, STM32WBA55CGU7, STM32WBA55CGU7TR, STM32WBA55G-DK1, STM32WBA55HEF6, STM32WBA55HEF7, STM32WBA55HGF6, STM32WBA55HGF7, STM32WBA55UEI6, STM32WBA55UEI6TR, STM32WBA55UEI7, STM32WBA55UEI7TR, STM32WBA55UGI6, STM32WBA55UGI6TR, STM32WBA55UGI7, STM32WBA55UGI7TR, STM32WL5MOCH6, STM32WL5MOCH6TR]
2024-02-06 14:19:40,438 [INFO] BoardInfo:889 - No configuration file found for board P-NUCLEO-WB55
2024-02-06 14:19:40,438 [INFO] DbBoards:161 - Kit is not supported: P-NUCLEO-WB55
2024-02-06 14:19:40,442 [INFO] BoardInfo:889 - No configuration file found for board STEVAL-BFA001V1B
2024-02-06 14:19:40,443 [INFO] DbBoards:161 - Kit is not supported: STEVAL-BFA001V1B
2024-02-06 14:19:40,445 [INFO] BoardInfo:889 - No configuration file found for board STEVAL-BFA001V2B
2024-02-06 14:19:40,445 [INFO] DbBoards:161 - Kit is not supported: STEVAL-BFA001V2B
2024-02-06 14:19:40,560 [INFO] DbBoards:168 - Found 193 boards, 190 are supported
2024-02-06 14:19:40,560 [INFO] DbBoards:169 - Found 193 boards, 3 of them is supported for  Bsp
2024-02-06 14:19:40,564 [INFO] ApiDb:423 - Load user favorites file /home/mirafra/.stm32cubeide/favorites.boards.txt: 0 item(s)
2024-02-06 14:19:40,564 [INFO] ApiDb:427 - User favorites Boards=[]
2024-02-06 14:19:40,564 [INFO] DbBoards:198 - Set 0 / 0 favorites Boards
2024-02-06 14:19:40,567 [INFO] ApiDb:668 - CubeFinder database Data Model version=2.1
2024-02-06 14:19:40,568 [INFO] ApiDb:669 - CubeFinder database Configuration version=3.0.39
2024-02-06 14:19:40,568 [INFO] ApiDb:670 - CubeFinder database generation date=2024-01-11 (1704964531)
2024-02-06 14:19:40,568 [INFO] ApiDb:671 - CubeFinder database FW Pack versions=[FP-ATR-ASTRA1_V2.0.0, FP-SNS-FLIGHT1_V5.0.1, FP-SNS-FLIGHT1_V5.0.2, FP-SNS-MOTENV1_V4.3.1, FP-SNS-MOTENV1_V4.3.2, FP-SNS-MOTENVWB1_V1.3.1, FP-SNS-SMARTAG2_V1.2.0, STM32Cube_FW_C0_V1.1.0, STM32Cube_FW_F4_V1.28.0, STM32Cube_FW_F7_V1.17.0, STM32Cube_FW_G0_V1.6.2, STM32Cube_FW_G4_V1.5.2, STM32Cube_FW_H5_V0.5.1, STM32Cube_FW_H5_V1.1.1, STM32Cube_FW_H5_V1.2.0RC2, STM32Cube_FW_H7_V1.11.0, STM32Cube_FW_L0_V1.12.2, STM32Cube_FW_L5_V1.5.0, STM32Cube_FW_U5_V1.3.0RC4, STM32Cube_FW_U5_V1.4.0, STM32Cube_FW_WBA_V1.0.0RC1, STM32Cube_FW_WBA_V1.1.0RC1, STM32Cube_FW_WBA_V1.2.0, STM32Cube_FW_WBA_V1.2.0RC2, STM32Cube_FW_WB_V1.15.0RC1, STM32Cube_FW_WB_V1.16.0, STM32Cube_FW_WB_V1.16.0RC2, STM32Cube_FW_WB_V1.18.0, STM32Cube_FW_WL_V1.3.0, X-CUBE-ALGOBUILD_V1.3.0, X-CUBE-ALS_V1.0.1, X-CUBE-AZRTOS-F4_V1.1.0, X-CUBE-AZRTOS-F7_V1.1.0, X-CUBE-AZRTOS-G0_V1.1.0, X-CUBE-AZRTOS-G4_V2.0.0, X-CUBE-AZRTOS-H7_V3.2.0, X-CUBE-AZRTOS-L4_V1.0.0, X-CUBE-AZRTOS-L4_V2.0.0, X-CUBE-AZRTOS-L5_V1.1.0, X-CUBE-AZRTOS-WB_V2.0.0, X-CUBE-AZRTOS-WL_V2.0.0, X-CUBE-BLE1_V7.0.0, X-CUBE-BLE2_V3.3.0, X-CUBE-BLEMGR_V3.0.0, X-CUBE-EEPRMA1_V4.1.0, X-CUBE-EEPRMA1_V4.2.0, X-CUBE-FREERTOS_V1.1.0, X-CUBE-GNSS1_V6.0.0, X-CUBE-MEMS1_V10.0.0, X-CUBE-MEMS1_V9.1.0, X-CUBE-MEMS1_V9.4.0, X-CUBE-MEMS1_V9.6.0, X-CUBE-NFC4_V3.0.0, X-CUBE-NFC7_V1.0.1, X-CUBE-SFXS2LP1_V4.0.0, X-CUBE-SUBG2_V5.0.0, X-CUBE-TOF1_V3.4.0]
2024-02-06 14:19:41,780 [ERROR] DbExamplesSqlite:437 - Missing JSON key: board_cpn
2024-02-06 14:19:41,780 [ERROR] DbExamplesSqlite:437 - Missing JSON key: board_cpn
2024-02-06 14:19:41,780 [ERROR] DbExamplesSqlite:437 - Missing JSON key: board_cpn
2024-02-06 14:19:41,781 [ERROR] DbExamplesSqlite:437 - Missing JSON key: board_cpn
2024-02-06 14:19:41,826 [INFO] DbExamplesSqlite:395 - Ignored 55 examples not supported by CubeIDE
2024-02-06 14:19:41,826 [INFO] DbExamplesSqlite:396 - Found 7560 examples active
2024-02-06 14:19:41,826 [INFO] DbExamplesSqlite:397 - Found 844 examples obsolete
2024-02-06 14:19:41,826 [INFO] DbExamplesSqlite:398 - Found 0 examples under development
2024-02-06 14:19:41,826 [INFO] DbExamplesSqlite:399 - Found 8 examples not building
2024-02-06 14:19:41,828 [INFO] DbExamples:125 - Found 7513 examples
2024-02-06 14:19:41,841 [INFO] DbExamples:222 - Found 95 boards with related examples
2024-02-06 14:19:41,842 [INFO] DbExamples:235 - Found 80 MCUs with related examples
2024-02-06 14:19:41,860 [INFO] ApiDb:423 - Load user favorites file /home/mirafra/.stm32cubeide/favorites.examples.txt: 0 item(s)
2024-02-06 14:19:41,860 [INFO] ApiDb:427 - User favorites Examples=[]
2024-02-06 14:19:41,860 [INFO] DbExamples:250 - Set 0 / 0 favorites Examples
2024-02-06 14:19:42,033 [INFO] McuFinderGlobals:76 - Set McuFinderConnectedMode to true
2024-02-06 14:19:42,044 [INFO] MultiScanPanel:200 - Auto-refresh data requested => check proxy status ongoing
2024-02-06 14:19:42,049 [INFO] FinderPluginLoader:95 - Searching for filters in installed packs
2024-02-06 14:19:44,259 [INFO] LoadUrlFilesThread:185 - End of LoadServerUrlFiles without Thread
2024-02-06 14:19:44,326 [INFO] DetailPanel:341 - Set advertising image to /home/mirafra/STM32Cube/Repository//en.prom-stm32wl3-mcu-finder.jpg
2024-02-06 14:20:19,190 [INFO] MainUpdater:2873 - connection check result : 10
2024-02-06 14:20:19,190 [INFO] MainUpdater:2873 - connection check result : 10
2024-02-06 14:20:19,217 [INFO] MicroXplorer:468 - Change Database Path : 
2024-02-06 14:20:19,218 [INFO] MicroXplorer:498 - Change Database Version : DB.6.0.100
2024-02-06 14:20:19,227 [WARN] ThirdParty:871 - waiting for thirdparty lock release [close project]
2024-02-06 14:20:19,227 [INFO] ThirdParty:873 - entering critical section [close project]
2024-02-06 14:20:19,229 [INFO] ThirdParty:883 - exiting critical section [close project]
2024-02-06 14:20:19,236 [INFO] PinOutPanel:1499 - setPackage(No Configuration,No Configuration)
2024-02-06 14:20:19,243 [INFO] UtilMem:75 - Begin LoadConfig() Used Memory: 618254744 Bytes (1073741824)
2024-02-06 14:20:19,245 [INFO] MicroXplorer:468 - Change Database Path : 
2024-02-06 14:20:19,246 [INFO] MicroXplorer:498 - Change Database Version : DB.6.0.100
2024-02-06 14:20:19,246 [INFO] OpenFileManager:312 - Change cursor
2024-02-06 14:20:19,323 [INFO] Mcu:2016 - Initializing MCU STM32F401RBTx STM32F401RBTx STM32F401RBT6
2024-02-06 14:20:21,656 [INFO] Context:659 - Trying to add GPIOservice into a context  which must be forbidden
2024-02-06 14:20:22,304 [INFO] ImportTextPane:194 - (OptionalMessage_ERROR) Unable to find key (Mcu.ThirdPartyNb) in loaded IOC file
2024-02-06 14:20:22,305 [INFO] ImportTextPane:194 - (OptionalMessage_ERROR) Unable to find key (Mcu.PinsNb) in loaded IOC file
2024-02-06 14:20:22,305 [INFO] ImportTextPane:194 - (OptionalMessage_ERROR) Unable to find key (Mcu.IPNb) in loaded IOC file
2024-02-06 14:20:22,474 [WARN] ModelIntegratedComponent:63 - No mode defined for component null
2024-02-06 14:20:22,474 [WARN] ModelIntegratedComponent:63 - No mode defined for component null
2024-02-06 14:20:22,474 [WARN] ModelIntegratedComponent:63 - No mode defined for component null
2024-02-06 14:20:22,475 [WARN] ModelIntegratedComponent:63 - No mode defined for component null
2024-02-06 14:20:22,475 [WARN] ModelIntegratedComponent:63 - No mode defined for component null
2024-02-06 14:20:22,475 [WARN] ModelIntegratedComponent:63 - No mode defined for component null
2024-02-06 14:20:22,475 [WARN] ModelIntegratedComponent:63 - No mode defined for component null
2024-02-06 14:20:22,475 [WARN] ModelIntegratedComponent:63 - No mode defined for component null
2024-02-06 14:20:22,475 [WARN] ModelIntegratedComponent:63 - No mode defined for component null
2024-02-06 14:20:22,476 [WARN] ModelIntegratedComponent:63 - No mode defined for component null
2024-02-06 14:20:22,476 [WARN] ModelIntegratedComponent:63 - No mode defined for component null
2024-02-06 14:20:22,477 [WARN] ModelIntegratedComponent:63 - No mode defined for component null
2024-02-06 14:20:22,477 [WARN] ModelIntegratedComponent:63 - No mode defined for component null
2024-02-06 14:20:22,477 [WARN] ModelIntegratedComponent:63 - No mode defined for component null
2024-02-06 14:20:22,477 [WARN] ModelIntegratedComponent:63 - No mode defined for component null
2024-02-06 14:20:22,477 [WARN] ModelIntegratedComponent:63 - No mode defined for component null
2024-02-06 14:20:22,477 [WARN] ModelIntegratedComponent:63 - No mode defined for component null
2024-02-06 14:20:22,477 [WARN] ModelIntegratedComponent:63 - No mode defined for component null
2024-02-06 14:20:22,478 [WARN] ModelIntegratedComponent:63 - No mode defined for component null
2024-02-06 14:20:22,478 [WARN] ModelIntegratedComponent:63 - No mode defined for component null
2024-02-06 14:20:22,479 [WARN] ModelIntegratedComponent:63 - No mode defined for component null
2024-02-06 14:20:22,480 [WARN] ModelIntegratedComponent:63 - No mode defined for component null
2024-02-06 14:20:22,481 [WARN] ModelIntegratedComponent:63 - No mode defined for component null
2024-02-06 14:20:22,481 [WARN] ModelIntegratedComponent:63 - No mode defined for component null
2024-02-06 14:20:22,481 [WARN] ModelIntegratedComponent:63 - No mode defined for component null
2024-02-06 14:20:22,481 [WARN] ModelIntegratedComponent:63 - No mode defined for component null
2024-02-06 14:20:22,481 [WARN] ModelIntegratedComponent:63 - No mode defined for component null
2024-02-06 14:20:22,482 [WARN] ModelIntegratedComponent:63 - No mode defined for component null
2024-02-06 14:20:22,482 [WARN] ModelIntegratedComponent:63 - No mode defined for component null
2024-02-06 14:20:22,482 [WARN] ModelIntegratedComponent:63 - No mode defined for component null
2024-02-06 14:20:22,482 [WARN] ModelIntegratedComponent:63 - No mode defined for component null
2024-02-06 14:20:22,482 [WARN] ModelIntegratedComponent:63 - No mode defined for component null
2024-02-06 14:20:22,483 [WARN] ModelIntegratedComponent:63 - No mode defined for component null
2024-02-06 14:20:22,496 [INFO] RtosManager:555 - Registered RTOS mode: class=CMSIS, group=RTOS, mode=CMSIS_V1, owner=FREERTOS
2024-02-06 14:20:22,497 [INFO] RtosManager:555 - Registered RTOS mode: class=CMSIS, group=RTOS2, mode=CMSIS_V2, owner=FREERTOS
2024-02-06 14:20:22,497 [INFO] RtosManager:555 - Registered RTOS mode: class=RTOS, group=Core, mode=CMSIS_V1, owner=FREERTOS
2024-02-06 14:20:22,498 [INFO] RtosManager:555 - Registered RTOS mode: class=RTOS, group=Core, mode=CMSIS_V2, owner=FREERTOS
2024-02-06 14:20:22,498 [WARN] ModelIntegratedComponent:184 - Missing modes for component STMicroelectronics:FreeRTOS:0.0.1:STMicroelectronics:RTOS:FreeRTOS:Core:::10.2.0:
2024-02-06 14:20:22,500 [WARN] ModelIntegratedComponent:182 - Modes not found for component STMicroelectronics:USB_DEVICE:1.0.0:STMicroelectronics:USB::USB Device:Audio HS::1.0:USB_DEVICE_1_0_RESTRICTED_HS
2024-02-06 14:20:22,501 [WARN] ModelIntegratedComponent:188 - Modes not found for component STMicroelectronics:USB_DEVICE:1.0.0:STMicroelectronics:USB::USB Device:Audio HS::1.0:USB_DEVICE_1_0_RESTRICTED_HS
2024-02-06 14:20:22,501 [WARN] ModelIntegratedComponent:182 - Modes not found for component STMicroelectronics:USB_DEVICE:1.0.0:STMicroelectronics:USB::USB Device:CDC HS::1.0:USB_DEVICE_1_0_RESTRICTED_HS
2024-02-06 14:20:22,501 [WARN] ModelIntegratedComponent:188 - Modes not found for component STMicroelectronics:USB_DEVICE:1.0.0:STMicroelectronics:USB::USB Device:CDC HS::1.0:USB_DEVICE_1_0_RESTRICTED_HS
2024-02-06 14:20:22,501 [WARN] ModelIntegratedComponent:182 - Modes not found for component STMicroelectronics:USB_DEVICE:1.0.0:STMicroelectronics:USB::USB Device:DFU HS::1.0:USB_DEVICE_1_0_RESTRICTED_HS
2024-02-06 14:20:22,501 [WARN] ModelIntegratedComponent:188 - Modes not found for component STMicroelectronics:USB_DEVICE:1.0.0:STMicroelectronics:USB::USB Device:DFU HS::1.0:USB_DEVICE_1_0_RESTRICTED_HS
2024-02-06 14:20:22,501 [WARN] ModelIntegratedComponent:182 - Modes not found for component STMicroelectronics:USB_DEVICE:1.0.0:STMicroelectronics:USB::USB Device:HID HS::1.0:USB_DEVICE_1_0_RESTRICTED_HS
2024-02-06 14:20:22,502 [WARN] ModelIntegratedComponent:188 - Modes not found for component STMicroelectronics:USB_DEVICE:1.0.0:STMicroelectronics:USB::USB Device:HID HS::1.0:USB_DEVICE_1_0_RESTRICTED_HS
2024-02-06 14:20:22,502 [WARN] ModelIntegratedComponent:182 - Modes not found for component STMicroelectronics:USB_DEVICE:1.0.0:STMicroelectronics:USB::USB Device:Custom HID HS::1.0:USB_DEVICE_1_0_RESTRICTED_HS
2024-02-06 14:20:22,502 [WARN] ModelIntegratedComponent:188 - Modes not found for component STMicroelectronics:USB_DEVICE:1.0.0:STMicroelectronics:USB::USB Device:Custom HID HS::1.0:USB_DEVICE_1_0_RESTRICTED_HS
2024-02-06 14:20:22,502 [WARN] ModelIntegratedComponent:182 - Modes not found for component STMicroelectronics:USB_DEVICE:1.0.0:STMicroelectronics:USB::USB Device:MSC HS::1.0:USB_DEVICE_1_0_RESTRICTED_HS
2024-02-06 14:20:22,502 [WARN] ModelIntegratedComponent:188 - Modes not found for component STMicroelectronics:USB_DEVICE:1.0.0:STMicroelectronics:USB::USB Device:MSC HS::1.0:USB_DEVICE_1_0_RESTRICTED_HS
2024-02-06 14:20:22,506 [WARN] ModelIntegratedComponent:182 - Modes not found for component STMicroelectronics:USB_HOST:1.0.0:STMicroelectronics:USB::USB Host:Audio HS::1.0:USB_HOST_1_0_RESTRICTED_HS
2024-02-06 14:20:22,506 [WARN] ModelIntegratedComponent:188 - Modes not found for component STMicroelectronics:USB_HOST:1.0.0:STMicroelectronics:USB::USB Host:Audio HS::1.0:USB_HOST_1_0_RESTRICTED_HS
2024-02-06 14:20:22,507 [WARN] ModelIntegratedComponent:182 - Modes not found for component STMicroelectronics:USB_HOST:1.0.0:STMicroelectronics:USB::USB Host:CDC HS::1.0:USB_HOST_1_0_RESTRICTED_HS
2024-02-06 14:20:22,507 [WARN] ModelIntegratedComponent:188 - Modes not found for component STMicroelectronics:USB_HOST:1.0.0:STMicroelectronics:USB::USB Host:CDC HS::1.0:USB_HOST_1_0_RESTRICTED_HS
2024-02-06 14:20:22,507 [WARN] ModelIntegratedComponent:182 - Modes not found for component STMicroelectronics:USB_HOST:1.0.0:STMicroelectronics:USB::USB Host:MSC HS::1.0:USB_HOST_1_0_RESTRICTED_HS
2024-02-06 14:20:22,507 [WARN] ModelIntegratedComponent:188 - Modes not found for component STMicroelectronics:USB_HOST:1.0.0:STMicroelectronics:USB::USB Host:MSC HS::1.0:USB_HOST_1_0_RESTRICTED_HS
2024-02-06 14:20:22,507 [WARN] ModelIntegratedComponent:182 - Modes not found for component STMicroelectronics:USB_HOST:1.0.0:STMicroelectronics:USB::USB Host:HID HS::1.0:USB_HOST_1_0_RESTRICTED_HS
2024-02-06 14:20:22,507 [WARN] ModelIntegratedComponent:188 - Modes not found for component STMicroelectronics:USB_HOST:1.0.0:STMicroelectronics:USB::USB Host:HID HS::1.0:USB_HOST_1_0_RESTRICTED_HS
2024-02-06 14:20:22,507 [WARN] ModelIntegratedComponent:182 - Modes not found for component STMicroelectronics:USB_HOST:1.0.0:STMicroelectronics:USB::USB Host:MTP HS::1.0:USB_HOST_1_0_RESTRICTED_HS
2024-02-06 14:20:22,507 [WARN] ModelIntegratedComponent:188 - Modes not found for component STMicroelectronics:USB_HOST:1.0.0:STMicroelectronics:USB::USB Host:MTP HS::1.0:USB_HOST_1_0_RESTRICTED_HS
2024-02-06 14:20:22,518 [INFO] ThirdPartyModel:298 - Start build external matchings
2024-02-06 14:20:22,529 [INFO] ThirdPartyModel:316 - End build external matchings
2024-02-06 14:20:23,095 [INFO] UtilMem:75 - End LoadConfig() Used Memory: 662854024 Bytes (1073741824)
2024-02-06 14:20:23,125 [INFO] MicroXplorer:468 - Change Database Path : 
2024-02-06 14:20:23,126 [INFO] MicroXplorer:498 - Change Database Version : DB.6.0.100
2024-02-06 14:20:23,129 [WARN] ThirdParty:833 - waiting for thirdparty lock release [change project]
2024-02-06 14:20:23,129 [INFO] ThirdParty:835 - entering critical section [change project]
2024-02-06 14:20:23,130 [INFO] ThirdParty:1030 - CMSIS Pack Vendor :STMicroelectronics USBPD 4.1
2024-02-06 14:20:23,130 [INFO] ThirdParty:1030 - CMSIS Pack Vendor :STMicroelectronics USB_HOST 2.0.0
2024-02-06 14:20:23,131 [INFO] ThirdParty:1030 - CMSIS Pack Vendor :STMicroelectronics LIBJPEG 8.0.0
2024-02-06 14:20:23,131 [INFO] ThirdParty:1030 - CMSIS Pack Vendor :STMicroelectronics FP-ATR-SIGFOX1 3.2.0
2024-02-06 14:20:23,132 [INFO] ThirdParty:1030 - CMSIS Pack Vendor :STMicroelectronics USB_DEVICE 3.0.0
2024-02-06 14:20:23,132 [INFO] ThirdParty:1030 - CMSIS Pack Vendor :STMicroelectronics HAL Drivers 0.0.0
2024-02-06 14:20:23,133 [INFO] ThirdParty:1030 - CMSIS Pack Vendor :STMicroelectronics MBEDTLS 2.16.2
2024-02-06 14:20:23,135 [INFO] ThirdParty:1030 - CMSIS Pack Vendor :STMicroelectronics MBEDTLS 2.14.1
2024-02-06 14:20:23,138 [INFO] ThirdParty:1030 - CMSIS Pack Vendor :STMicroelectronics USB_DEVICE 2.0.0
2024-02-06 14:20:23,140 [INFO] ThirdParty:1030 - CMSIS Pack Vendor :STMicroelectronics ThreadX 1.0.0
2024-02-06 14:20:23,143 [INFO] ThirdParty:1030 - CMSIS Pack Vendor :STMicroelectronics FP-SNS-SMARTAG2 1.2.0
2024-02-06 14:20:23,143 [INFO] ThirdParty:1030 - CMSIS Pack Vendor :STMicroelectronics FP-SNS-MOTENV1 4.3.2
2024-02-06 14:20:23,143 [INFO] ThirdParty:1030 - CMSIS Pack Vendor :STMicroelectronics FreeRTOS 0.0.1
2024-02-06 14:20:23,144 [INFO] ThirdParty:1030 - CMSIS Pack Vendor :STMicroelectronics USB_DEVICE 1.0.0
2024-02-06 14:20:23,145 [INFO] ThirdParty:1030 - CMSIS Pack Vendor :STMicroelectronics X-CUBE-AI 8.1.0
2024-02-06 14:20:23,145 [INFO] ThirdParty:1030 - CMSIS Pack Vendor :STMicroelectronics STM32_WPAN 1.0.0
2024-02-06 14:20:23,145 [INFO] ThirdParty:1030 - CMSIS Pack Vendor :STMicroelectronics ThreadX 0.0.2
2024-02-06 14:20:23,145 [INFO] ThirdParty:1030 - CMSIS Pack Vendor :STMicroelectronics FP-ATR-ASTRA1 2.0.0
2024-02-06 14:20:23,145 [INFO] ThirdParty:1030 - CMSIS Pack Vendor :STMicroelectronics lwIP 2.1.2
2024-02-06 14:20:23,145 [INFO] ThirdParty:1030 - CMSIS Pack Vendor :STMicroelectronics lwIP 2.0.3
2024-02-06 14:20:23,145 [INFO] ThirdParty:1030 - CMSIS Pack Vendor :STMicroelectronics FP-SNS-FLIGHT1 5.0.2
2024-02-06 14:20:23,145 [INFO] ThirdParty:1030 - CMSIS Pack Vendor :STMicroelectronics USB_HOST 1.0.0
2024-02-06 14:20:23,145 [INFO] ThirdParty:1030 - CMSIS Pack Vendor :STMicroelectronics PDM2PCM 3.1.0
2024-02-06 14:20:23,146 [INFO] ThirdParty:1030 - CMSIS Pack Vendor :STMicroelectronics PDM2PCM 3.2.0
2024-02-06 14:20:23,146 [INFO] ThirdParty:1030 - CMSIS Pack Vendor :STMicroelectronics PDM2PCM 3.3.0
2024-02-06 14:20:23,146 [INFO] ThirdParty:841 - exiting critical section [change project]
2024-02-06 14:20:24,203 [INFO] PinOutPanel:1499 - setPackage(No Configuration,No Configuration)
2024-02-06 14:20:24,205 [INFO] PinOutPanel:1499 - setPackage(STM32F401RBTx,LQFP64)
2024-02-06 14:20:25,257 [INFO] UtilMem:75 - Before build in PCC Used Memory: 832211456 Bytes (1073741824)
2024-02-06 14:20:26,375 [INFO] UtilMem:75 - After build in PCC Used Memory: 614584152 Bytes (1073741824)
2024-02-06 14:20:26,484 [INFO] IPUIPlugin:80 - create IPUIPlugin
2024-02-06 14:20:26,485 [INFO] IPUIPlugin:80 - create IPUIPlugin
2024-02-06 14:20:26,485 [INFO] IPUIPlugin:80 - create IPUIPlugin
2024-02-06 14:20:26,485 [INFO] IPUIPlugin:80 - create IPUIPlugin
2024-02-06 14:20:26,485 [INFO] IPUIPlugin:80 - create IPUIPlugin
2024-02-06 14:20:26,486 [INFO] IPUIPlugin:80 - create IPUIPlugin
2024-02-06 14:20:26,486 [INFO] IPUIPlugin:80 - create IPUIPlugin
2024-02-06 14:20:26,486 [INFO] IPUIPlugin:80 - create IPUIPlugin
2024-02-06 14:20:26,486 [INFO] IPUIPlugin:80 - create IPUIPlugin
2024-02-06 14:20:26,487 [INFO] IPUIPlugin:80 - create IPUIPlugin
2024-02-06 14:20:26,487 [INFO] IPUIPlugin:80 - create IPUIPlugin
2024-02-06 14:20:26,488 [INFO] IPUIPlugin:80 - create IPUIPlugin
2024-02-06 14:20:26,488 [INFO] IPUIPlugin:80 - create IPUIPlugin
2024-02-06 14:20:26,489 [INFO] IPUIPlugin:80 - create IPUIPlugin
2024-02-06 14:20:26,489 [INFO] IPUIPlugin:80 - create IPUIPlugin
2024-02-06 14:20:26,490 [INFO] IPUIPlugin:80 - create IPUIPlugin
2024-02-06 14:20:26,490 [INFO] IPUIPlugin:80 - create IPUIPlugin
2024-02-06 14:20:26,490 [INFO] IPUIPlugin:80 - create IPUIPlugin
2024-02-06 14:20:26,491 [INFO] IPUIPlugin:80 - create IPUIPlugin
2024-02-06 14:20:26,491 [INFO] IPUIPlugin:80 - create IPUIPlugin
2024-02-06 14:20:26,491 [INFO] IPUIPlugin:80 - create IPUIPlugin
2024-02-06 14:20:26,491 [INFO] IPUIPlugin:80 - create IPUIPlugin
2024-02-06 14:20:26,491 [INFO] IPUIPlugin:80 - create IPUIPlugin
2024-02-06 14:20:26,491 [INFO] IPUIPlugin:80 - create IPUIPlugin
2024-02-06 14:20:26,492 [INFO] IPUIPlugin:80 - create IPUIPlugin
2024-02-06 14:20:26,492 [INFO] IPUIPlugin:80 - create IPUIPlugin
2024-02-06 14:20:26,492 [INFO] IPUIPlugin:80 - create IPUIPlugin
2024-02-06 14:20:26,492 [INFO] IPUIPlugin:80 - create IPUIPlugin
2024-02-06 14:20:26,492 [INFO] IPUIPlugin:80 - create IPUIPlugin
2024-02-06 14:20:26,493 [INFO] IPUIPlugin:80 - create IPUIPlugin
2024-02-06 14:20:26,493 [INFO] IPUIPlugin:80 - create IPUIPlugin
2024-02-06 14:20:26,493 [INFO] IPUIPlugin:80 - create IPUIPlugin
2024-02-06 14:20:26,493 [INFO] IPUIPlugin:80 - create IPUIPlugin
2024-02-06 14:20:26,493 [INFO] IPUIPlugin:80 - create IPUIPlugin
2024-02-06 14:20:26,494 [INFO] IPUIPlugin:80 - create IPUIPlugin
2024-02-06 14:20:26,495 [INFO] IPUIPlugin:80 - create IPUIPlugin
2024-02-06 14:20:26,496 [INFO] IPUIPlugin:80 - create IPUIPlugin
2024-02-06 14:20:26,497 [INFO] IPUIPlugin:80 - create IPUIPlugin
2024-02-06 14:20:26,554 [INFO] ApiDbMcu:508 - Load IP Config File for PDM2PCM
2024-02-06 14:20:26,802 [INFO] CADModel:165 - CPN selected for project levelSTM32F401RBT6
2024-02-06 14:20:26,802 [INFO] CADModel:114 - Register for checkConnection events
2024-02-06 14:20:26,845 [INFO] OpenFileManager:343 - Restore cursor
2024-02-06 14:20:27,441 [INFO] UtilMem:75 - End SaveConfig() Used Memory: 663865944 Bytes (1073741824)
2024-02-06 14:20:38,447 [INFO] McuFinderGlobals:76 - Set McuFinderConnectedMode to true
2024-02-06 14:20:38,450 [INFO] ApiDb:448 - Save user favorites file /home/mirafra/.stm32cubeide/favorites.mcus.txt: 0 item(s)
2024-02-06 14:20:38,450 [INFO] ApiDb:452 - User favorites MCUs=[]
2024-02-06 14:39:19,059 [ERROR] LogOutputStream:75 - [STDERR_REDIRECT] Exception in thread "AWT-EventQueue-0" java.lang.ClassCastException: class sun.awt.X11.XEmbeddedFrame cannot be cast to class javax.swing.JFrame (sun.awt.X11.XEmbeddedFrame and javax.swing.JFrame are in module java.desktop of loader 'bootstrap')
2024-02-06 14:39:19,062 [ERROR] LogOutputStream:75 - [STDERR_REDIRECT] 	at com.st.microxplorer.plugins.clock.ClockConfigurationView.activatePlugin(ClockConfigurationView.java:425)
2024-02-06 14:39:19,063 [ERROR] LogOutputStream:75 - [STDERR_REDIRECT] 	at com.st.microxplorer.maingui.MainPanel$1.stateChanged(MainPanel.java:369)
2024-02-06 14:39:19,064 [ERROR] LogOutputStream:75 - [STDERR_REDIRECT] 	at java.desktop/javax.swing.JTabbedPane.fireStateChanged(JTabbedPane.java:444)
2024-02-06 14:39:19,065 [ERROR] LogOutputStream:75 - [STDERR_REDIRECT] 	at java.desktop/javax.swing.JTabbedPane$ModelListener.stateChanged(JTabbedPane.java:295)
2024-02-06 14:39:19,065 [ERROR] LogOutputStream:75 - [STDERR_REDIRECT] 	at java.desktop/javax.swing.DefaultSingleSelectionModel.fireStateChanged(DefaultSingleSelectionModel.java:148)
2024-02-06 14:39:19,066 [ERROR] LogOutputStream:75 - [STDERR_REDIRECT] 	at java.desktop/javax.swing.DefaultSingleSelectionModel.setSelectedIndex(DefaultSingleSelectionModel.java:79)
2024-02-06 14:39:19,067 [ERROR] LogOutputStream:75 - [STDERR_REDIRECT] 	at java.desktop/javax.swing.JTabbedPane.setSelectedIndexImpl(JTabbedPane.java:648)
2024-02-06 14:39:19,068 [ERROR] LogOutputStream:75 - [STDERR_REDIRECT] 	at java.desktop/javax.swing.JTabbedPane.setSelectedIndex(JTabbedPane.java:623)
2024-02-06 14:39:19,069 [ERROR] LogOutputStream:75 - [STDERR_REDIRECT] 	at java.desktop/javax.swing.plaf.basic.BasicTabbedPaneUI$Handler.mousePressed(BasicTabbedPaneUI.java:4101)
2024-02-06 14:39:19,070 [ERROR] LogOutputStream:75 - [STDERR_REDIRECT] 	at java.desktop/java.awt.Component.processMouseEvent(Component.java:6623)
2024-02-06 14:39:19,073 [ERROR] LogOutputStream:75 - [STDERR_REDIRECT] 	at java.desktop/javax.swing.JComponent.processMouseEvent(JComponent.java:3389)
2024-02-06 14:39:19,073 [ERROR] LogOutputStream:75 - [STDERR_REDIRECT] 	at java.desktop/java.awt.Component.processEvent(Component.java:6391)
2024-02-06 14:39:19,074 [ERROR] LogOutputStream:75 - [STDERR_REDIRECT] 	at java.desktop/java.awt.Container.processEvent(Container.java:2266)
2024-02-06 14:39:19,074 [ERROR] LogOutputStream:75 - [STDERR_REDIRECT] 	at java.desktop/java.awt.Component.dispatchEventImpl(Component.java:5001)
2024-02-06 14:39:19,075 [ERROR] LogOutputStream:75 - [STDERR_REDIRECT] 	at java.desktop/java.awt.Container.dispatchEventImpl(Container.java:2324)
2024-02-06 14:39:19,075 [ERROR] LogOutputStream:75 - [STDERR_REDIRECT] 	at java.desktop/java.awt.Component.dispatchEvent(Component.java:4833)
2024-02-06 14:39:19,076 [ERROR] LogOutputStream:75 - [STDERR_REDIRECT] 	at java.desktop/java.awt.LightweightDispatcher.retargetMouseEvent(Container.java:4948)
2024-02-06 14:39:19,076 [ERROR] LogOutputStream:75 - [STDERR_REDIRECT] 	at java.desktop/java.awt.LightweightDispatcher.processMouseEvent(Container.java:4572)
2024-02-06 14:39:19,076 [ERROR] LogOutputStream:75 - [STDERR_REDIRECT] 	at java.desktop/java.awt.LightweightDispatcher.dispatchEvent(Container.java:4516)
2024-02-06 14:39:19,077 [ERROR] LogOutputStream:75 - [STDERR_REDIRECT] 	at java.desktop/java.awt.Container.dispatchEventImpl(Container.java:2310)
2024-02-06 14:39:19,077 [ERROR] LogOutputStream:75 - [STDERR_REDIRECT] 	at java.desktop/java.awt.Component.dispatchEvent(Component.java:4833)
2024-02-06 14:39:19,078 [ERROR] LogOutputStream:75 - [STDERR_REDIRECT] 	at java.desktop/java.awt.EventQueue.dispatchEventImpl(EventQueue.java:775)
2024-02-06 14:39:19,078 [ERROR] LogOutputStream:75 - [STDERR_REDIRECT] 	at java.desktop/java.awt.EventQueue$4.run(EventQueue.java:720)
2024-02-06 14:39:19,079 [ERROR] LogOutputStream:75 - [STDERR_REDIRECT] 	at java.desktop/java.awt.EventQueue$4.run(EventQueue.java:714)
2024-02-06 14:39:19,079 [ERROR] LogOutputStream:75 - [STDERR_REDIRECT] 	at java.base/java.security.AccessController.doPrivileged(AccessController.java:399)
2024-02-06 14:39:19,079 [ERROR] LogOutputStream:75 - [STDERR_REDIRECT] 	at java.base/java.security.ProtectionDomain$JavaSecurityAccessImpl.doIntersectionPrivilege(ProtectionDomain.java:86)
2024-02-06 14:39:19,080 [ERROR] LogOutputStream:75 - [STDERR_REDIRECT] 	at java.base/java.security.ProtectionDomain$JavaSecurityAccessImpl.doIntersectionPrivilege(ProtectionDomain.java:97)
2024-02-06 14:39:19,080 [ERROR] LogOutputStream:75 - [STDERR_REDIRECT] 	at java.desktop/java.awt.EventQueue$5.run(EventQueue.java:747)
2024-02-06 14:39:19,081 [ERROR] LogOutputStream:75 - [STDERR_REDIRECT] 	at java.desktop/java.awt.EventQueue$5.run(EventQueue.java:745)
2024-02-06 14:39:19,081 [ERROR] LogOutputStream:75 - [STDERR_REDIRECT] 	at java.base/java.security.AccessController.doPrivileged(AccessController.java:399)
2024-02-06 14:39:19,082 [ERROR] LogOutputStream:75 - [STDERR_REDIRECT] 	at java.base/java.security.ProtectionDomain$JavaSecurityAccessImpl.doIntersectionPrivilege(ProtectionDomain.java:86)
2024-02-06 14:39:19,082 [ERROR] LogOutputStream:75 - [STDERR_REDIRECT] 	at java.desktop/java.awt.EventQueue.dispatchEvent(EventQueue.java:744)
2024-02-06 14:39:19,083 [ERROR] LogOutputStream:75 - [STDERR_REDIRECT] 	at java.desktop/java.awt.EventDispatchThread.pumpOneEventForFilters(EventDispatchThread.java:203)
2024-02-06 14:39:19,084 [ERROR] LogOutputStream:75 - [STDERR_REDIRECT] 	at java.desktop/java.awt.EventDispatchThread.pumpEventsForFilter(EventDispatchThread.java:124)
2024-02-06 14:39:19,084 [ERROR] LogOutputStream:75 - [STDERR_REDIRECT] 	at java.desktop/java.awt.EventDispatchThread.pumpEventsForHierarchy(EventDispatchThread.java:113)
2024-02-06 14:39:19,085 [ERROR] LogOutputStream:75 - [STDERR_REDIRECT] 	at java.desktop/java.awt.EventDispatchThread.pumpEvents(EventDispatchThread.java:109)
2024-02-06 14:39:19,085 [ERROR] LogOutputStream:75 - [STDERR_REDIRECT] 	at java.desktop/java.awt.EventDispatchThread.pumpEvents(EventDispatchThread.java:101)
2024-02-06 14:39:19,086 [ERROR] LogOutputStream:75 - [STDERR_REDIRECT] 	at java.desktop/java.awt.EventDispatchThread.run(EventDispatchThread.java:90)
2024-02-06 15:57:21,519 [INFO] Activator:176 - 


2024-02-06 15:57:21,522 [INFO] Activator:177 - !SESSION log4j initialized
2024-02-06 15:57:28,821 [INFO] LogOutputStream:77 - [STDOUT_REDIRECT] 
2024-02-06 15:57:29,947 [INFO] ApplicationProperties:184 - Using Application install path: /opt/st/stm32cubeide_1.14.0/plugins/com.st.stm32cube.common.mx_6.10.0.202311202037
2024-02-06 15:57:29,977 [INFO] DbMcusXml:78 - Set database path to: /opt/st/stm32cubeide_1.14.0/plugins/com.st.stm32cube.common.mx_6.10.0.202311202037//db//mcu/
2024-02-06 15:57:29,977 [INFO] ApiDb:274 - Set plugin database path to: /opt/st/stm32cubeide_1.14.0/plugins/com.st.stm32cube.common.mx_6.10.0.202311202037//db//plugins/boardmanager/
2024-02-06 15:57:29,978 [WARN] ApiDb:259 - Overriding images path with different value:  => /opt/st/stm32cubeide_1.14.0/plugins/com.st.stm32cube.common.mx_6.10.0.202311202037//db//plugins/mcufinder/images/
2024-02-06 15:57:29,989 [INFO] ApiDb:250 - Set database path to: /home/mirafra/.stmcufinder/plugins/mcufinder//mcu/
2024-02-06 15:57:29,991 [INFO] DbMcusAds:125 - Set database path to: /home/mirafra/.stmcufinder/plugins/mcufinder//mcu/
2024-02-06 15:57:29,994 [INFO] CrossReferenceDbSqlite:203 - Set database path to: /home/mirafra/.stmcufinder/plugins/mcufinder//mcu/cs/
2024-02-06 15:57:30,205 [INFO] RulesReader:64 - Compatibility file has been processed (297 Rules)
2024-02-06 15:57:30,294 [INFO] DbMcusXml:78 - Set database path to: /opt/st/stm32cubeide_1.14.0/plugins/com.st.stm32cube.common.mx_6.10.0.202311202037//db//mcu/
2024-02-06 15:57:30,294 [INFO] ApiDb:274 - Set plugin database path to: /opt/st/stm32cubeide_1.14.0/plugins/com.st.stm32cube.common.mx_6.10.0.202311202037//db//plugins/boardmanager/
2024-02-06 15:57:30,294 [INFO] ApiDb:261 - Set plugin images path to: /opt/st/stm32cubeide_1.14.0/plugins/com.st.stm32cube.common.mx_6.10.0.202311202037//db//plugins/mcufinder/images/
2024-02-06 15:57:30,294 [WARN] DbFile:41 - Overriding database path with different value: /home/mirafra/.stmcufinder/plugins/mcufinder/ => /home/mirafra/.stmcufinder/plugins/mcufinder
2024-02-06 15:57:30,295 [INFO] ApiDb:250 - Set database path to: /home/mirafra/.stmcufinder/plugins/mcufinder//mcu/
2024-02-06 15:57:30,295 [WARN] DbFile:41 - Overriding database path with different value: /home/mirafra/.stmcufinder/plugins/mcufinder/ => /home/mirafra/.stmcufinder/plugins/mcufinder
2024-02-06 15:57:30,295 [INFO] DbMcusAds:125 - Set database path to: /home/mirafra/.stmcufinder/plugins/mcufinder//mcu/
2024-02-06 15:57:30,295 [WARN] DbFile:41 - Overriding database path with different value: /home/mirafra/.stmcufinder/plugins/mcufinder/ => /home/mirafra/.stmcufinder/plugins/mcufinder
2024-02-06 15:57:30,295 [WARN] DbFile:41 - Overriding database path with different value: /home/mirafra/.stmcufinder/plugins/mcufinder/ => /home/mirafra/.stmcufinder/plugins/mcufinder
2024-02-06 15:57:30,295 [INFO] CrossReferenceDbSqlite:203 - Set database path to: /home/mirafra/.stmcufinder/plugins/mcufinder//mcu/cs/
2024-02-06 15:57:30,406 [INFO] MainPanel:264 - HeapMemory: 268435456
2024-02-06 15:57:30,530 [INFO] DbMcusXml:78 - Set database path to: /opt/st/stm32cubeide_1.14.0/plugins/com.st.stm32cube.common.mx_6.10.0.202311202037//db//mcu/
2024-02-06 15:57:30,531 [INFO] ApiDb:274 - Set plugin database path to: /opt/st/stm32cubeide_1.14.0/plugins/com.st.stm32cube.common.mx_6.10.0.202311202037//db//plugins/boardmanager/
2024-02-06 15:57:30,531 [INFO] ApiDb:261 - Set plugin images path to: /opt/st/stm32cubeide_1.14.0/plugins/com.st.stm32cube.common.mx_6.10.0.202311202037//db//plugins/mcufinder/images/
2024-02-06 15:57:30,532 [WARN] DbFile:41 - Overriding database path with different value: /home/mirafra/.stmcufinder/plugins/mcufinder/ => /home/mirafra/.stmcufinder/plugins/mcufinder
2024-02-06 15:57:30,532 [INFO] ApiDb:250 - Set database path to: /home/mirafra/.stmcufinder/plugins/mcufinder//mcu/
2024-02-06 15:57:30,532 [WARN] DbFile:41 - Overriding database path with different value: /home/mirafra/.stmcufinder/plugins/mcufinder/ => /home/mirafra/.stmcufinder/plugins/mcufinder
2024-02-06 15:57:30,532 [INFO] DbMcusAds:125 - Set database path to: /home/mirafra/.stmcufinder/plugins/mcufinder//mcu/
2024-02-06 15:57:30,532 [WARN] DbFile:41 - Overriding database path with different value: /home/mirafra/.stmcufinder/plugins/mcufinder/ => /home/mirafra/.stmcufinder/plugins/mcufinder
2024-02-06 15:57:30,533 [WARN] DbFile:41 - Overriding database path with different value: /home/mirafra/.stmcufinder/plugins/mcufinder/ => /home/mirafra/.stmcufinder/plugins/mcufinder
2024-02-06 15:57:30,533 [INFO] CrossReferenceDbSqlite:203 - Set database path to: /home/mirafra/.stmcufinder/plugins/mcufinder//mcu/cs/
2024-02-06 15:57:30,557 [INFO] ApplicationProperties:184 - Using Application install path: /opt/st/stm32cubeide_1.14.0/plugins/com.st.stm32cube.common.mx_6.10.0.202311202037
2024-02-06 15:57:30,560 [INFO] PluginManage:196 - Search for loadable plugins [exclusion list=, ]
2024-02-06 15:57:30,562 [INFO] PluginManage:310 - Check plugin analytics
2024-02-06 15:57:30,778 [INFO] AnalyticsPlugin:253 - Accepted Software Licenses: 
2024-02-06 15:57:30,779 [INFO] AnalyticsPlugin:255 - Accepted CMSIS Pack Licenses: 
2024-02-06 15:57:30,779 [INFO] AnalyticsPlugin:257 - Accepted Firmware Licenses: 
2024-02-06 15:57:30,783 [INFO] PluginManage:359 - Loaded plugin analytics (category:tool,tabindex:-1)
2024-02-06 15:57:30,784 [INFO] PluginManage:310 - Check plugin cadmodel
2024-02-06 15:57:30,819 [INFO] CADModel:105 - Init CAD model plugin
2024-02-06 15:57:30,819 [INFO] PluginManage:359 - Loaded plugin cadmodel (category:power,tabindex:5)
2024-02-06 15:57:30,819 [INFO] PluginManage:310 - Check plugin clock
2024-02-06 15:57:30,832 [INFO] PluginManage:359 - Loaded plugin clock (category:base,tabindex:2)
2024-02-06 15:57:30,832 [INFO] PluginManage:310 - Check plugin ddr
2024-02-06 15:57:30,836 [INFO] PluginManage:359 - Loaded plugin ddr (category:tool,tabindex:6)
2024-02-06 15:57:30,836 [INFO] PluginManage:310 - Check plugin filemanager
2024-02-06 15:57:31,004 [INFO] PluginManage:359 - Loaded plugin filemanager (category:base,tabindex:10)
2024-02-06 15:57:31,004 [INFO] PluginManage:310 - Check plugin ipmanager
2024-02-06 15:57:31,012 [INFO] PluginManage:359 - Loaded plugin ipmanager (category:base,tabindex:5)
2024-02-06 15:57:31,012 [INFO] PluginManage:310 - Check plugin lpbam
2024-02-06 15:57:31,027 [INFO] PluginManage:359 - Loaded plugin lpbam (category:base,tabindex:0)
2024-02-06 15:57:31,028 [INFO] PluginManage:310 - Check plugin memorymap
2024-02-06 15:57:31,048 [INFO] PluginManage:359 - Loaded plugin memorymap (category:base,tabindex:4)
2024-02-06 15:57:31,048 [INFO] PluginManage:310 - Check plugin pinoutandconfiguration
2024-02-06 15:57:31,058 [INFO] PluginManage:359 - Loaded plugin pinoutandconfiguration (category:base,tabindex:1)
2024-02-06 15:57:31,059 [INFO] PluginManage:310 - Check plugin pinoutconfig
2024-02-06 15:57:31,172 [WARN] SupportedApi:132 - Cannot load RTOS API schema: s4s-elt-must-match.1: The content of 'definitions' must match (annotation?, (simpleType | complexType)?, (unique | key | keyref)*)). A problem was found starting at: attribute.
2024-02-06 15:57:31,348 [INFO] PluginManage:359 - Loaded plugin pinoutconfig (category:base,tabindex:0)
2024-02-06 15:57:31,349 [INFO] PluginManage:310 - Check plugin power
2024-02-06 15:57:31,392 [INFO] PluginManage:359 - Loaded plugin power (category:power,tabindex:4)
2024-02-06 15:57:31,392 [INFO] PluginManage:310 - Check plugin projectmanager
2024-02-06 15:57:31,439 [INFO] PluginManage:359 - Loaded plugin projectmanager (category:projectmanager,tabindex:3)
2024-02-06 15:57:31,439 [INFO] PluginManage:310 - Check plugin thirdparty
2024-02-06 15:57:31,603 [INFO] PluginManage:359 - Loaded plugin thirdparty (category:base,tabindex:-1)
2024-02-06 15:57:31,602 [WARN] IntegrityCheckThread:84 - waiting for thirdparty lock release [integrity check]
2024-02-06 15:57:31,603 [INFO] IntegrityCheckThread:86 - entering critical section [integrity check]
2024-02-06 15:57:31,603 [INFO] PluginManage:310 - Check plugin tools
2024-02-06 15:57:31,603 [INFO] ThirdPartyUpdaterWithRetryManager:70 - Updater plugin not ready yet. [1/15]
2024-02-06 15:57:31,606 [INFO] PluginManage:359 - Loaded plugin tools (category:base,tabindex:7)
2024-02-06 15:57:31,606 [INFO] PluginManage:310 - Check plugin tutovideos
2024-02-06 15:57:31,854 [INFO] PluginManage:359 - Loaded plugin tutovideos (category:base,tabindex:-1)
2024-02-06 15:57:31,855 [INFO] PluginManage:310 - Check plugin updater
2024-02-06 15:57:31,870 [INFO] PluginManage:359 - Loaded plugin updater (category:base,tabindex:12)
2024-02-06 15:57:31,870 [INFO] PluginManage:310 - Check plugin userauth
2024-02-06 15:57:31,877 [INFO] UserAuth:114 - Init User Auth plugin
2024-02-06 15:57:31,877 [INFO] PluginManage:359 - Loaded plugin userauth (category:base,tabindex:14)
2024-02-06 15:57:31,878 [INFO] PluginManage:283 - PluginManage : Loaded plugins [17]
2024-02-06 15:57:32,153 [INFO] PinOutPanel:1499 - setPackage(No Configuration,No Configuration)
2024-02-06 15:57:32,244 [INFO] CADModel:165 - CPN selected for project level
2024-02-06 15:57:32,244 [INFO] CADModel:114 - Register for checkConnection events
2024-02-06 15:57:32,261 [INFO] IPUIPlugin:80 - create IPUIPlugin
2024-02-06 15:57:32,261 [INFO] PluginManager:220 - loadIPPluginJar : add usart
2024-02-06 15:57:32,266 [INFO] IPUIPlugin:80 - create IPUIPlugin
2024-02-06 15:57:32,267 [INFO] PluginManager:220 - loadIPPluginJar : add opamp
2024-02-06 15:57:32,275 [INFO] IPUIPlugin:80 - create IPUIPlugin
2024-02-06 15:57:32,277 [INFO] PluginManager:220 - loadIPPluginJar : add plateformsettings
2024-02-06 15:57:32,280 [INFO] IPUIPlugin:80 - create IPUIPlugin
2024-02-06 15:57:32,280 [INFO] PluginManager:220 - loadIPPluginJar : add tim
2024-02-06 15:57:32,283 [INFO] IPUIPlugin:80 - create IPUIPlugin
2024-02-06 15:57:32,283 [INFO] PluginManager:220 - loadIPPluginJar : add spi
2024-02-06 15:57:32,291 [INFO] IPUIPlugin:80 - create IPUIPlugin
2024-02-06 15:57:32,292 [INFO] PluginManager:220 - loadIPPluginJar : add gic
2024-02-06 15:57:32,298 [INFO] IPUIPlugin:80 - create IPUIPlugin
2024-02-06 15:57:32,298 [INFO] PluginManager:220 - loadIPPluginJar : add gpio
2024-02-06 15:57:32,308 [INFO] IPUIPlugin:80 - create IPUIPlugin
2024-02-06 15:57:32,309 [INFO] PluginManager:220 - loadIPPluginJar : add linkedlist
2024-02-06 15:57:32,310 [INFO] IPUIPlugin:80 - create IPUIPlugin
2024-02-06 15:57:32,311 [INFO] PluginManager:220 - loadIPPluginJar : add ltdc
2024-02-06 15:57:32,313 [INFO] IPUIPlugin:80 - create IPUIPlugin
2024-02-06 15:57:32,313 [INFO] PluginManager:220 - loadIPPluginJar : add fatfs
2024-02-06 15:57:32,316 [INFO] IPUIPlugin:80 - create IPUIPlugin
2024-02-06 15:57:32,316 [INFO] PluginManager:220 - loadIPPluginJar : add gfxmmu
2024-02-06 15:57:32,319 [INFO] IPUIPlugin:80 - create IPUIPlugin
2024-02-06 15:57:32,320 [INFO] PluginManager:220 - loadIPPluginJar : add dma3
2024-02-06 15:57:32,324 [INFO] IPUIPlugin:80 - create IPUIPlugin
2024-02-06 15:57:32,325 [INFO] PluginManager:220 - loadIPPluginJar : add resmgrutility
2024-02-06 15:57:32,333 [INFO] IPUIPlugin:80 - create IPUIPlugin
2024-02-06 15:57:32,333 [INFO] PluginManager:220 - loadIPPluginJar : add freertos
2024-02-06 15:57:32,343 [INFO] IPUIPlugin:80 - create IPUIPlugin
2024-02-06 15:57:32,343 [INFO] PluginManager:220 - loadIPPluginJar : add mdma
2024-02-06 15:57:32,348 [INFO] IPUIPlugin:80 - create IPUIPlugin
2024-02-06 15:57:32,348 [INFO] PluginManager:220 - loadIPPluginJar : add nvic
2024-02-06 15:57:32,353 [INFO] IPUIPlugin:80 - create IPUIPlugin
2024-02-06 15:57:32,353 [INFO] PluginManager:220 - loadIPPluginJar : add touchsensing
2024-02-06 15:57:32,357 [INFO] IPUIPlugin:80 - create IPUIPlugin
2024-02-06 15:57:32,357 [INFO] PluginManager:220 - loadIPPluginJar : add usbx
2024-02-06 15:57:32,361 [INFO] IPUIPlugin:80 - create IPUIPlugin
2024-02-06 15:57:32,361 [INFO] PluginManager:220 - loadIPPluginJar : add ipddr
2024-02-06 15:57:32,363 [INFO] IPUIPlugin:80 - create IPUIPlugin
2024-02-06 15:57:32,364 [INFO] PluginManager:220 - loadIPPluginJar : add quadspi
2024-02-06 15:57:32,367 [INFO] IPUIPlugin:80 - create IPUIPlugin
2024-02-06 15:57:32,368 [INFO] PluginManager:220 - loadIPPluginJar : add gtzc
2024-02-06 15:57:32,371 [INFO] IPUIPlugin:80 - create IPUIPlugin
2024-02-06 15:57:32,371 [INFO] PluginManager:220 - loadIPPluginJar : add aes
2024-02-06 15:57:32,379 [INFO] IPUIPlugin:80 - create IPUIPlugin
2024-02-06 15:57:32,379 [INFO] PluginManager:220 - loadIPPluginJar : add dma
2024-02-06 15:57:32,381 [INFO] IPUIPlugin:80 - create IPUIPlugin
2024-02-06 15:57:32,382 [INFO] PluginManager:220 - loadIPPluginJar : add tracer_emb
2024-02-06 15:57:32,385 [INFO] IPUIPlugin:80 - create IPUIPlugin
2024-02-06 15:57:32,385 [INFO] PluginManager:220 - loadIPPluginJar : add hash
2024-02-06 15:57:32,389 [INFO] IPUIPlugin:80 - create IPUIPlugin
2024-02-06 15:57:32,389 [INFO] PluginManager:220 - loadIPPluginJar : add pdm2pcm
2024-02-06 15:57:32,392 [INFO] IPUIPlugin:80 - create IPUIPlugin
2024-02-06 15:57:32,392 [INFO] PluginManager:220 - loadIPPluginJar : add ucpd
2024-02-06 15:57:32,396 [INFO] IPUIPlugin:80 - create IPUIPlugin
2024-02-06 15:57:32,396 [INFO] PluginManager:220 - loadIPPluginJar : add sai
2024-02-06 15:57:32,399 [INFO] IPUIPlugin:80 - create IPUIPlugin
2024-02-06 15:57:32,400 [INFO] PluginManager:220 - loadIPPluginJar : add lorawan
2024-02-06 15:57:32,402 [INFO] IPUIPlugin:80 - create IPUIPlugin
2024-02-06 15:57:32,402 [INFO] PluginManager:220 - loadIPPluginJar : add comp
2024-02-06 15:57:32,404 [INFO] IPUIPlugin:80 - create IPUIPlugin
2024-02-06 15:57:32,404 [INFO] PluginManager:220 - loadIPPluginJar : add tsc
2024-02-06 15:57:32,411 [INFO] IPUIPlugin:80 - create IPUIPlugin
2024-02-06 15:57:32,411 [INFO] PluginManager:220 - loadIPPluginJar : add stm32_wpan
2024-02-06 15:57:32,414 [INFO] IPUIPlugin:80 - create IPUIPlugin
2024-02-06 15:57:32,414 [INFO] PluginManager:220 - loadIPPluginJar : add dfsdm
2024-02-06 15:57:32,416 [INFO] IPUIPlugin:80 - create IPUIPlugin
2024-02-06 15:57:32,416 [INFO] PluginManager:220 - loadIPPluginJar : add ts
2024-02-06 15:57:32,423 [INFO] IPUIPlugin:80 - create IPUIPlugin
2024-02-06 15:57:32,423 [INFO] PluginManager:220 - loadIPPluginJar : add fmc
2024-02-06 15:57:32,426 [INFO] IPUIPlugin:80 - create IPUIPlugin
2024-02-06 15:57:32,426 [INFO] PluginManager:220 - loadIPPluginJar : add i2s
2024-02-06 15:57:32,430 [INFO] IPUIPlugin:80 - create IPUIPlugin
2024-02-06 15:57:32,430 [INFO] PluginManager:220 - loadIPPluginJar : add i3c
2024-02-06 15:57:32,433 [INFO] IPUIPlugin:80 - create IPUIPlugin
2024-02-06 15:57:32,433 [INFO] PluginManager:220 - loadIPPluginJar : add i2c
2024-02-06 15:57:32,437 [INFO] IPUIPlugin:80 - create IPUIPlugin
2024-02-06 15:57:32,437 [INFO] PluginManager:220 - loadIPPluginJar : add can
2024-02-06 15:57:32,441 [INFO] IPUIPlugin:80 - create IPUIPlugin
2024-02-06 15:57:32,441 [INFO] PluginManager:220 - loadIPPluginJar : add cryp
2024-02-06 15:57:32,449 [INFO] IPUIPlugin:80 - create IPUIPlugin
2024-02-06 15:57:32,449 [INFO] PluginManager:220 - loadIPPluginJar : add adc
2024-02-06 15:57:32,451 [INFO] IPUIPlugin:80 - create IPUIPlugin
2024-02-06 15:57:32,451 [INFO] PluginManager:220 - loadIPPluginJar : add genericplugin
2024-02-06 15:57:32,455 [INFO] IPUIPlugin:80 - create IPUIPlugin
2024-02-06 15:57:32,456 [INFO] PluginManager:220 - loadIPPluginJar : add openamp
2024-02-06 15:57:32,580 [INFO] CADModel:165 - CPN selected for project level
2024-02-06 15:57:32,580 [INFO] CADModel:114 - Register for checkConnection events
2024-02-06 15:57:32,580 [FATAL] Updater:308 - Updater called before beeing initialized
2024-02-06 15:57:32,581 [ERROR] CADModel:125 - Updater not yet initialized, retry later 
2024-02-06 15:57:32,749 [INFO] CADModel:165 - CPN selected for project level
2024-02-06 15:57:32,750 [INFO] CADModel:114 - Register for checkConnection events
2024-02-06 15:57:32,750 [FATAL] Updater:308 - Updater called before beeing initialized
2024-02-06 15:57:32,750 [ERROR] CADModel:125 - Updater not yet initialized, retry later 
2024-02-06 15:57:32,755 [FATAL] Updater:308 - Updater called before beeing initialized
2024-02-06 15:57:32,857 [FATAL] Updater:308 - Updater called before beeing initialized
2024-02-06 15:57:32,862 [INFO] DbMcusAds:53 - JSON generation date=Wed Nov 29 16:22:27 IST 2023 (1701255147200)
2024-02-06 15:57:32,863 [FATAL] Updater:308 - Updater called before beeing initialized
2024-02-06 15:57:32,910 [WARN] DetailPanel:346 - Failed to get advertising image, set to default
2024-02-06 15:57:33,057 [FATAL] Updater:308 - Updater called before beeing initialized
2024-02-06 15:57:33,059 [FATAL] Updater:308 - Updater called before beeing initialized
2024-02-06 15:57:33,059 [FATAL] Updater:308 - Updater called before beeing initialized
2024-02-06 15:57:33,059 [WARN] DetailPanel:346 - Failed to get advertising image, set to default
2024-02-06 15:57:33,060 [FATAL] Updater:308 - Updater called before beeing initialized
2024-02-06 15:57:33,105 [ERROR] Updater:1120 - MainUpdater not yet initialized. External WinMGr cannot be set.
2024-02-06 15:57:33,108 [INFO] Updater:1056 - Updater Version found : 6.10.0
2024-02-06 15:57:33,131 [INFO] ApplicationProperties:184 - Using Application install path: /opt/st/stm32cubeide_1.14.0/plugins/com.st.stm32cube.common.mx_6.10.0.202311202037
2024-02-06 15:57:33,485 [INFO] MainUpdater:2873 - connection check result : 10
2024-02-06 15:57:33,486 [INFO] MainUpdater:3567 - Updater definition file requires update
2024-02-06 15:57:33,487 [INFO] MainUpdater:290 - Updater Check For Update Now.
2024-02-06 15:57:33,487 [INFO] MicroXplorer:498 - Change Database Version : DB.6.0.100
2024-02-06 15:57:33,497 [INFO] McuFinderGlobals:63 - Set McuFinder mode to 2 (CubeIDE integrated)
2024-02-06 15:57:33,498 [INFO] UserAuth:180 - activating auth plugin
2024-02-06 15:57:33,502 [INFO] UserAuth:404 - Internet connection configuration mode: 1
2024-02-06 15:57:33,518 [INFO] JxBrowserEngine:152 - Initiate JxBrowser Engine with user profile folder
2024-02-06 15:57:33,532 [INFO] ServerAccessManage:473 - Download File updaters.zip
2024-02-06 15:57:33,614 [INFO] FileExtend:240 - Unzip File : updaters.zip
2024-02-06 15:57:33,615 [INFO] FileExtend:255 - Standard Zip Deflate
2024-02-06 15:57:33,847 [INFO] ServerAccessManage:473 - Download File PacksControlFlags.xml
2024-02-06 15:57:33,961 [INFO] ServerAccessManage:473 - Download File cubemx.pidx
2024-02-06 15:57:34,113 [INFO] LoadServerUpdatesThread:375 - End of LoadServerUpdate Thread
2024-02-06 15:57:34,319 [INFO] CheckServerUpdateThread:120 - End of CheckServer Thread
2024-02-06 15:57:34,844 [WARN] PackLoader:240 - Cannot read IP mode file for STMicroelectronics.FP-SNS-MOTENV1.4.3.2
2024-02-06 15:57:34,859 [WARN] PackLoader:240 - Cannot read IP mode file for STMicroelectronics.FP-SNS-FLIGHT1.5.0.2
2024-02-06 15:57:34,870 [WARN] PackLoader:240 - Cannot read IP mode file for STMicroelectronics.FP-SNS-SMARTAG2.1.2.0
2024-02-06 15:57:34,884 [WARN] PackLoader:240 - Cannot read IP mode file for STMicroelectronics.FP-ATR-SIGFOX1.3.2.0
2024-02-06 15:57:34,894 [WARN] PackLoader:240 - Cannot read IP mode file for STMicroelectronics.X-CUBE-AI.8.1.0
2024-02-06 15:57:34,900 [WARN] PackLoader:240 - Cannot read IP mode file for STMicroelectronics.FP-ATR-ASTRA1.2.0.0
2024-02-06 15:57:34,901 [INFO] ThirdParty:978 - Integrity check success = true
2024-02-06 15:57:34,902 [INFO] IntegrityCheckThread:100 - exiting critical section [integrity check]
2024-02-06 15:57:34,902 [INFO] IntegrityCheckThread:103 - End integrity checks thread
2024-02-06 15:57:35,705 [INFO] WebApp:161 - Instantiating new browser for Auth
2024-02-06 15:57:37,459 [INFO] WebApp:780 - Register for checkConnection events
2024-02-06 15:57:37,460 [INFO] WebApp:414 - Apply proxy settings
2024-02-06 15:57:37,460 [INFO] WebApp:499 - Chromium requires no authentication
2024-02-06 15:57:37,470 [INFO] WebApp:442 - Direct internet connection detected
2024-02-06 15:57:37,726 [INFO] WebApp:192 - Starting web application
2024-02-06 15:57:37,726 [INFO] WebApp:544 - Web application path used /opt/st/stm32cubeide_1.14.0/plugins/com.st.stm32cube.common.mx_6.10.0.202311202037/db/plugins/mcufinder/reactClient1/index.html
2024-02-06 15:57:58,352 [ERROR] LogOutputStream:75 - [STDERR_REDIRECT] SLF4J: Failed to load class "org.slf4j.impl.StaticLoggerBinder".
2024-02-06 15:57:58,353 [ERROR] LogOutputStream:75 - [STDERR_REDIRECT] SLF4J: Defaulting to no-operation (NOP) logger implementation
2024-02-06 15:57:58,353 [ERROR] LogOutputStream:75 - [STDERR_REDIRECT] SLF4J: See http://www.slf4j.org/codes.html#StaticLoggerBinder for further details.
