2024-02-02 11:01:39,236 [INFO] Activator:176 - 


2024-02-02 11:01:39,241 [INFO] Activator:177 - !SESSION log4j initialized
2024-02-02 11:01:45,175 [INFO] LogOutputStream:77 - [STDOUT_REDIRECT] 
2024-02-02 11:01:46,764 [INFO] ApplicationProperties:184 - Using Application install path: /opt/st/stm32cubeide_1.14.0/plugins/com.st.stm32cube.common.mx_6.10.0.202311202037
2024-02-02 11:01:46,794 [INFO] DbMcusXml:78 - Set database path to: /opt/st/stm32cubeide_1.14.0/plugins/com.st.stm32cube.common.mx_6.10.0.202311202037//db//mcu/
2024-02-02 11:01:46,795 [INFO] ApiDb:274 - Set plugin database path to: /opt/st/stm32cubeide_1.14.0/plugins/com.st.stm32cube.common.mx_6.10.0.202311202037//db//plugins/boardmanager/
2024-02-02 11:01:46,796 [WARN] ApiDb:259 - Overriding images path with different value:  => /opt/st/stm32cubeide_1.14.0/plugins/com.st.stm32cube.common.mx_6.10.0.202311202037//db//plugins/mcufinder/images/
2024-02-02 11:01:46,812 [INFO] ApiDb:250 - Set database path to: /home/mirafra/.stmcufinder/plugins/mcufinder//mcu/
2024-02-02 11:01:46,814 [INFO] DbMcusAds:125 - Set database path to: /home/mirafra/.stmcufinder/plugins/mcufinder//mcu/
2024-02-02 11:01:46,820 [INFO] CrossReferenceDbSqlite:203 - Set database path to: /home/mirafra/.stmcufinder/plugins/mcufinder//mcu/cs/
2024-02-02 11:01:47,115 [INFO] RulesReader:64 - Compatibility file has been processed (297 Rules)
2024-02-02 11:01:47,252 [INFO] DbMcusXml:78 - Set database path to: /opt/st/stm32cubeide_1.14.0/plugins/com.st.stm32cube.common.mx_6.10.0.202311202037//db//mcu/
2024-02-02 11:01:47,253 [INFO] ApiDb:274 - Set plugin database path to: /opt/st/stm32cubeide_1.14.0/plugins/com.st.stm32cube.common.mx_6.10.0.202311202037//db//plugins/boardmanager/
2024-02-02 11:01:47,253 [INFO] ApiDb:261 - Set plugin images path to: /opt/st/stm32cubeide_1.14.0/plugins/com.st.stm32cube.common.mx_6.10.0.202311202037//db//plugins/mcufinder/images/
2024-02-02 11:01:47,254 [WARN] DbFile:41 - Overriding database path with different value: /home/mirafra/.stmcufinder/plugins/mcufinder/ => /home/mirafra/.stmcufinder/plugins/mcufinder
2024-02-02 11:01:47,255 [INFO] ApiDb:250 - Set database path to: /home/mirafra/.stmcufinder/plugins/mcufinder//mcu/
2024-02-02 11:01:47,255 [WARN] DbFile:41 - Overriding database path with different value: /home/mirafra/.stmcufinder/plugins/mcufinder/ => /home/mirafra/.stmcufinder/plugins/mcufinder
2024-02-02 11:01:47,255 [INFO] DbMcusAds:125 - Set database path to: /home/mirafra/.stmcufinder/plugins/mcufinder//mcu/
2024-02-02 11:01:47,255 [WARN] DbFile:41 - Overriding database path with different value: /home/mirafra/.stmcufinder/plugins/mcufinder/ => /home/mirafra/.stmcufinder/plugins/mcufinder
2024-02-02 11:01:47,256 [WARN] DbFile:41 - Overriding database path with different value: /home/mirafra/.stmcufinder/plugins/mcufinder/ => /home/mirafra/.stmcufinder/plugins/mcufinder
2024-02-02 11:01:47,256 [INFO] CrossReferenceDbSqlite:203 - Set database path to: /home/mirafra/.stmcufinder/plugins/mcufinder//mcu/cs/
2024-02-02 11:01:47,386 [INFO] MainPanel:264 - HeapMemory: 268435456
2024-02-02 11:01:47,507 [INFO] DbMcusXml:78 - Set database path to: /opt/st/stm32cubeide_1.14.0/plugins/com.st.stm32cube.common.mx_6.10.0.202311202037//db//mcu/
2024-02-02 11:01:47,507 [INFO] ApiDb:274 - Set plugin database path to: /opt/st/stm32cubeide_1.14.0/plugins/com.st.stm32cube.common.mx_6.10.0.202311202037//db//plugins/boardmanager/
2024-02-02 11:01:47,507 [INFO] ApiDb:261 - Set plugin images path to: /opt/st/stm32cubeide_1.14.0/plugins/com.st.stm32cube.common.mx_6.10.0.202311202037//db//plugins/mcufinder/images/
2024-02-02 11:01:47,507 [WARN] DbFile:41 - Overriding database path with different value: /home/mirafra/.stmcufinder/plugins/mcufinder/ => /home/mirafra/.stmcufinder/plugins/mcufinder
2024-02-02 11:01:47,508 [INFO] ApiDb:250 - Set database path to: /home/mirafra/.stmcufinder/plugins/mcufinder//mcu/
2024-02-02 11:01:47,508 [WARN] DbFile:41 - Overriding database path with different value: /home/mirafra/.stmcufinder/plugins/mcufinder/ => /home/mirafra/.stmcufinder/plugins/mcufinder
2024-02-02 11:01:47,508 [INFO] DbMcusAds:125 - Set database path to: /home/mirafra/.stmcufinder/plugins/mcufinder//mcu/
2024-02-02 11:01:47,508 [WARN] DbFile:41 - Overriding database path with different value: /home/mirafra/.stmcufinder/plugins/mcufinder/ => /home/mirafra/.stmcufinder/plugins/mcufinder
2024-02-02 11:01:47,508 [WARN] DbFile:41 - Overriding database path with different value: /home/mirafra/.stmcufinder/plugins/mcufinder/ => /home/mirafra/.stmcufinder/plugins/mcufinder
2024-02-02 11:01:47,508 [INFO] CrossReferenceDbSqlite:203 - Set database path to: /home/mirafra/.stmcufinder/plugins/mcufinder//mcu/cs/
2024-02-02 11:01:47,529 [INFO] ApplicationProperties:184 - Using Application install path: /opt/st/stm32cubeide_1.14.0/plugins/com.st.stm32cube.common.mx_6.10.0.202311202037
2024-02-02 11:01:47,531 [INFO] PluginManage:196 - Search for loadable plugins [exclusion list=, ]
2024-02-02 11:01:47,533 [INFO] PluginManage:310 - Check plugin analytics
2024-02-02 11:01:47,816 [INFO] AnalyticsPlugin:253 - Accepted Software Licenses: 
2024-02-02 11:01:47,817 [INFO] AnalyticsPlugin:255 - Accepted CMSIS Pack Licenses: 
2024-02-02 11:01:47,817 [INFO] AnalyticsPlugin:257 - Accepted Firmware Licenses: 
2024-02-02 11:01:47,821 [INFO] PluginManage:359 - Loaded plugin analytics (category:tool,tabindex:-1)
2024-02-02 11:01:47,821 [INFO] PluginManage:310 - Check plugin cadmodel
2024-02-02 11:01:47,964 [INFO] CADModel:105 - Init CAD model plugin
2024-02-02 11:01:47,964 [INFO] PluginManage:359 - Loaded plugin cadmodel (category:power,tabindex:5)
2024-02-02 11:01:47,965 [INFO] PluginManage:310 - Check plugin clock
2024-02-02 11:01:47,980 [INFO] PluginManage:359 - Loaded plugin clock (category:base,tabindex:2)
2024-02-02 11:01:47,981 [INFO] PluginManage:310 - Check plugin ddr
2024-02-02 11:01:47,984 [INFO] PluginManage:359 - Loaded plugin ddr (category:tool,tabindex:6)
2024-02-02 11:01:47,985 [INFO] PluginManage:310 - Check plugin filemanager
2024-02-02 11:01:48,271 [INFO] PluginManage:359 - Loaded plugin filemanager (category:base,tabindex:10)
2024-02-02 11:01:48,271 [INFO] PluginManage:310 - Check plugin ipmanager
2024-02-02 11:01:48,284 [INFO] PluginManage:359 - Loaded plugin ipmanager (category:base,tabindex:5)
2024-02-02 11:01:48,285 [INFO] PluginManage:310 - Check plugin lpbam
2024-02-02 11:01:48,322 [INFO] PluginManage:359 - Loaded plugin lpbam (category:base,tabindex:0)
2024-02-02 11:01:48,322 [INFO] PluginManage:310 - Check plugin memorymap
2024-02-02 11:01:48,351 [INFO] PluginManage:359 - Loaded plugin memorymap (category:base,tabindex:4)
2024-02-02 11:01:48,351 [INFO] PluginManage:310 - Check plugin pinoutandconfiguration
2024-02-02 11:01:48,369 [INFO] PluginManage:359 - Loaded plugin pinoutandconfiguration (category:base,tabindex:1)
2024-02-02 11:01:48,370 [INFO] PluginManage:310 - Check plugin pinoutconfig
2024-02-02 11:01:48,561 [WARN] SupportedApi:132 - Cannot load RTOS API schema: s4s-elt-must-match.1: The content of 'definitions' must match (annotation?, (simpleType | complexType)?, (unique | key | keyref)*)). A problem was found starting at: attribute.
2024-02-02 11:01:49,083 [INFO] PluginManage:359 - Loaded plugin pinoutconfig (category:base,tabindex:0)
2024-02-02 11:01:49,084 [INFO] PluginManage:310 - Check plugin power
2024-02-02 11:01:49,121 [INFO] PluginManage:359 - Loaded plugin power (category:power,tabindex:4)
2024-02-02 11:01:49,121 [INFO] PluginManage:310 - Check plugin projectmanager
2024-02-02 11:01:49,227 [INFO] PluginManage:359 - Loaded plugin projectmanager (category:projectmanager,tabindex:3)
2024-02-02 11:01:49,230 [INFO] PluginManage:310 - Check plugin thirdparty
2024-02-02 11:01:50,069 [INFO] PluginManage:359 - Loaded plugin thirdparty (category:base,tabindex:-1)
2024-02-02 11:01:50,070 [INFO] PluginManage:310 - Check plugin tools
2024-02-02 11:01:50,069 [WARN] IntegrityCheckThread:84 - waiting for thirdparty lock release [integrity check]
2024-02-02 11:01:50,088 [INFO] IntegrityCheckThread:86 - entering critical section [integrity check]
2024-02-02 11:01:50,090 [INFO] PluginManage:359 - Loaded plugin tools (category:base,tabindex:7)
2024-02-02 11:01:50,091 [INFO] PluginManage:310 - Check plugin tutovideos
2024-02-02 11:01:50,092 [INFO] ThirdPartyUpdaterWithRetryManager:70 - Updater plugin not ready yet. [1/15]
2024-02-02 11:01:51,293 [INFO] PluginManage:359 - Loaded plugin tutovideos (category:base,tabindex:-1)
2024-02-02 11:01:51,293 [INFO] PluginManage:310 - Check plugin updater
2024-02-02 11:01:51,319 [INFO] PluginManage:359 - Loaded plugin updater (category:base,tabindex:12)
2024-02-02 11:01:51,320 [INFO] PluginManage:310 - Check plugin userauth
2024-02-02 11:01:51,329 [INFO] UserAuth:114 - Init User Auth plugin
2024-02-02 11:01:51,329 [INFO] PluginManage:359 - Loaded plugin userauth (category:base,tabindex:14)
2024-02-02 11:01:51,330 [INFO] PluginManage:283 - PluginManage : Loaded plugins [17]
2024-02-02 11:01:51,836 [INFO] PinOutPanel:1499 - setPackage(No Configuration,No Configuration)
2024-02-02 11:01:52,056 [INFO] CADModel:165 - CPN selected for project level
2024-02-02 11:01:52,057 [INFO] CADModel:114 - Register for checkConnection events
2024-02-02 11:01:52,096 [INFO] IPUIPlugin:80 - create IPUIPlugin
2024-02-02 11:01:52,096 [INFO] PluginManager:220 - loadIPPluginJar : add usart
2024-02-02 11:01:52,106 [INFO] IPUIPlugin:80 - create IPUIPlugin
2024-02-02 11:01:52,106 [INFO] PluginManager:220 - loadIPPluginJar : add opamp
2024-02-02 11:01:52,116 [INFO] IPUIPlugin:80 - create IPUIPlugin
2024-02-02 11:01:52,121 [INFO] PluginManager:220 - loadIPPluginJar : add plateformsettings
2024-02-02 11:01:52,124 [INFO] IPUIPlugin:80 - create IPUIPlugin
2024-02-02 11:01:52,126 [INFO] PluginManager:220 - loadIPPluginJar : add tim
2024-02-02 11:01:52,130 [INFO] IPUIPlugin:80 - create IPUIPlugin
2024-02-02 11:01:52,130 [INFO] PluginManager:220 - loadIPPluginJar : add spi
2024-02-02 11:01:52,138 [INFO] IPUIPlugin:80 - create IPUIPlugin
2024-02-02 11:01:52,139 [INFO] PluginManager:220 - loadIPPluginJar : add gic
2024-02-02 11:01:52,146 [INFO] IPUIPlugin:80 - create IPUIPlugin
2024-02-02 11:01:52,146 [INFO] PluginManager:220 - loadIPPluginJar : add gpio
2024-02-02 11:01:52,158 [INFO] IPUIPlugin:80 - create IPUIPlugin
2024-02-02 11:01:52,158 [INFO] PluginManager:220 - loadIPPluginJar : add linkedlist
2024-02-02 11:01:52,161 [INFO] IPUIPlugin:80 - create IPUIPlugin
2024-02-02 11:01:52,161 [INFO] PluginManager:220 - loadIPPluginJar : add ltdc
2024-02-02 11:01:52,164 [INFO] IPUIPlugin:80 - create IPUIPlugin
2024-02-02 11:01:52,164 [INFO] PluginManager:220 - loadIPPluginJar : add fatfs
2024-02-02 11:01:52,168 [INFO] IPUIPlugin:80 - create IPUIPlugin
2024-02-02 11:01:52,168 [INFO] PluginManager:220 - loadIPPluginJar : add gfxmmu
2024-02-02 11:01:52,172 [INFO] IPUIPlugin:80 - create IPUIPlugin
2024-02-02 11:01:52,172 [INFO] PluginManager:220 - loadIPPluginJar : add dma3
2024-02-02 11:01:52,180 [INFO] IPUIPlugin:80 - create IPUIPlugin
2024-02-02 11:01:52,180 [INFO] PluginManager:220 - loadIPPluginJar : add resmgrutility
2024-02-02 11:01:52,189 [INFO] IPUIPlugin:80 - create IPUIPlugin
2024-02-02 11:01:52,191 [INFO] PluginManager:220 - loadIPPluginJar : add freertos
2024-02-02 11:01:52,201 [INFO] IPUIPlugin:80 - create IPUIPlugin
2024-02-02 11:01:52,209 [INFO] PluginManager:220 - loadIPPluginJar : add mdma
2024-02-02 11:01:52,219 [INFO] IPUIPlugin:80 - create IPUIPlugin
2024-02-02 11:01:52,219 [INFO] PluginManager:220 - loadIPPluginJar : add nvic
2024-02-02 11:01:52,225 [INFO] IPUIPlugin:80 - create IPUIPlugin
2024-02-02 11:01:52,225 [INFO] PluginManager:220 - loadIPPluginJar : add touchsensing
2024-02-02 11:01:52,231 [INFO] IPUIPlugin:80 - create IPUIPlugin
2024-02-02 11:01:52,231 [INFO] PluginManager:220 - loadIPPluginJar : add usbx
2024-02-02 11:01:52,242 [INFO] IPUIPlugin:80 - create IPUIPlugin
2024-02-02 11:01:52,242 [INFO] PluginManager:220 - loadIPPluginJar : add ipddr
2024-02-02 11:01:52,245 [INFO] IPUIPlugin:80 - create IPUIPlugin
2024-02-02 11:01:52,246 [INFO] PluginManager:220 - loadIPPluginJar : add quadspi
2024-02-02 11:01:52,252 [INFO] IPUIPlugin:80 - create IPUIPlugin
2024-02-02 11:01:52,252 [INFO] PluginManager:220 - loadIPPluginJar : add gtzc
2024-02-02 11:01:52,256 [INFO] IPUIPlugin:80 - create IPUIPlugin
2024-02-02 11:01:52,256 [INFO] PluginManager:220 - loadIPPluginJar : add aes
2024-02-02 11:01:52,301 [INFO] IPUIPlugin:80 - create IPUIPlugin
2024-02-02 11:01:52,301 [INFO] PluginManager:220 - loadIPPluginJar : add dma
2024-02-02 11:01:52,305 [INFO] IPUIPlugin:80 - create IPUIPlugin
2024-02-02 11:01:52,306 [INFO] PluginManager:220 - loadIPPluginJar : add tracer_emb
2024-02-02 11:01:52,310 [INFO] IPUIPlugin:80 - create IPUIPlugin
2024-02-02 11:01:52,318 [INFO] PluginManager:220 - loadIPPluginJar : add hash
2024-02-02 11:01:52,326 [INFO] IPUIPlugin:80 - create IPUIPlugin
2024-02-02 11:01:52,326 [INFO] PluginManager:220 - loadIPPluginJar : add pdm2pcm
2024-02-02 11:01:52,335 [INFO] IPUIPlugin:80 - create IPUIPlugin
2024-02-02 11:01:52,335 [INFO] PluginManager:220 - loadIPPluginJar : add ucpd
2024-02-02 11:01:52,341 [INFO] IPUIPlugin:80 - create IPUIPlugin
2024-02-02 11:01:52,341 [INFO] PluginManager:220 - loadIPPluginJar : add sai
2024-02-02 11:01:52,353 [INFO] IPUIPlugin:80 - create IPUIPlugin
2024-02-02 11:01:52,354 [INFO] PluginManager:220 - loadIPPluginJar : add lorawan
2024-02-02 11:01:52,363 [INFO] IPUIPlugin:80 - create IPUIPlugin
2024-02-02 11:01:52,364 [INFO] PluginManager:220 - loadIPPluginJar : add comp
2024-02-02 11:01:52,371 [INFO] IPUIPlugin:80 - create IPUIPlugin
2024-02-02 11:01:52,371 [INFO] PluginManager:220 - loadIPPluginJar : add tsc
2024-02-02 11:01:52,389 [INFO] IPUIPlugin:80 - create IPUIPlugin
2024-02-02 11:01:52,390 [INFO] PluginManager:220 - loadIPPluginJar : add stm32_wpan
2024-02-02 11:01:52,398 [INFO] IPUIPlugin:80 - create IPUIPlugin
2024-02-02 11:01:52,398 [INFO] PluginManager:220 - loadIPPluginJar : add dfsdm
2024-02-02 11:01:52,405 [INFO] IPUIPlugin:80 - create IPUIPlugin
2024-02-02 11:01:52,405 [INFO] PluginManager:220 - loadIPPluginJar : add ts
2024-02-02 11:01:52,422 [INFO] IPUIPlugin:80 - create IPUIPlugin
2024-02-02 11:01:52,423 [INFO] PluginManager:220 - loadIPPluginJar : add fmc
2024-02-02 11:01:52,437 [INFO] IPUIPlugin:80 - create IPUIPlugin
2024-02-02 11:01:52,438 [INFO] PluginManager:220 - loadIPPluginJar : add i2s
2024-02-02 11:01:52,447 [INFO] IPUIPlugin:80 - create IPUIPlugin
2024-02-02 11:01:52,448 [INFO] PluginManager:220 - loadIPPluginJar : add i3c
2024-02-02 11:01:52,469 [INFO] IPUIPlugin:80 - create IPUIPlugin
2024-02-02 11:01:52,470 [INFO] PluginManager:220 - loadIPPluginJar : add i2c
2024-02-02 11:01:52,481 [INFO] IPUIPlugin:80 - create IPUIPlugin
2024-02-02 11:01:52,482 [INFO] PluginManager:220 - loadIPPluginJar : add can
2024-02-02 11:01:52,492 [INFO] IPUIPlugin:80 - create IPUIPlugin
2024-02-02 11:01:52,493 [INFO] PluginManager:220 - loadIPPluginJar : add cryp
2024-02-02 11:01:52,509 [INFO] IPUIPlugin:80 - create IPUIPlugin
2024-02-02 11:01:52,509 [INFO] PluginManager:220 - loadIPPluginJar : add adc
2024-02-02 11:01:52,511 [INFO] IPUIPlugin:80 - create IPUIPlugin
2024-02-02 11:01:52,511 [INFO] PluginManager:220 - loadIPPluginJar : add genericplugin
2024-02-02 11:01:52,522 [INFO] IPUIPlugin:80 - create IPUIPlugin
2024-02-02 11:01:52,522 [INFO] PluginManager:220 - loadIPPluginJar : add openamp
2024-02-02 11:01:52,726 [INFO] CADModel:165 - CPN selected for project level
2024-02-02 11:01:52,726 [INFO] CADModel:114 - Register for checkConnection events
2024-02-02 11:01:52,726 [FATAL] Updater:308 - Updater called before beeing initialized
2024-02-02 11:01:52,727 [ERROR] CADModel:125 - Updater not yet initialized, retry later 
2024-02-02 11:01:53,100 [INFO] ThirdPartyUpdaterWithRetryManager:70 - Updater plugin not ready yet. [2/15]
2024-02-02 11:01:53,102 [INFO] CADModel:165 - CPN selected for project level
2024-02-02 11:01:53,102 [INFO] CADModel:114 - Register for checkConnection events
2024-02-02 11:01:53,103 [FATAL] Updater:308 - Updater called before beeing initialized
2024-02-02 11:01:53,103 [ERROR] CADModel:125 - Updater not yet initialized, retry later 
2024-02-02 11:01:53,108 [FATAL] Updater:308 - Updater called before beeing initialized
2024-02-02 11:01:53,390 [FATAL] Updater:308 - Updater called before beeing initialized
2024-02-02 11:01:53,401 [INFO] DbMcusAds:53 - JSON generation date=Wed Nov 29 16:22:27 IST 2023 (1701255147200)
2024-02-02 11:01:53,401 [FATAL] Updater:308 - Updater called before beeing initialized
2024-02-02 11:01:53,496 [WARN] DetailPanel:346 - Failed to get advertising image, set to default
2024-02-02 11:01:53,731 [FATAL] Updater:308 - Updater called before beeing initialized
2024-02-02 11:01:53,736 [FATAL] Updater:308 - Updater called before beeing initialized
2024-02-02 11:01:53,736 [FATAL] Updater:308 - Updater called before beeing initialized
2024-02-02 11:01:53,736 [WARN] DetailPanel:346 - Failed to get advertising image, set to default
2024-02-02 11:01:53,738 [FATAL] Updater:308 - Updater called before beeing initialized
2024-02-02 11:01:53,975 [ERROR] Updater:1120 - MainUpdater not yet initialized. External WinMGr cannot be set.
2024-02-02 11:01:53,979 [INFO] Updater:1056 - Updater Version found : 6.10.0
2024-02-02 11:01:54,059 [INFO] ApplicationProperties:184 - Using Application install path: /opt/st/stm32cubeide_1.14.0/plugins/com.st.stm32cube.common.mx_6.10.0.202311202037
2024-02-02 11:01:55,048 [INFO] MainUpdater:2873 - connection check result : 10
2024-02-02 11:01:55,063 [INFO] MainUpdater:290 - Updater Check For Update Now.
2024-02-02 11:01:55,064 [INFO] MicroXplorer:498 - Change Database Version : DB.6.0.100
2024-02-02 11:01:55,076 [INFO] McuFinderGlobals:63 - Set McuFinder mode to 2 (CubeIDE integrated)
2024-02-02 11:01:55,076 [INFO] UserAuth:180 - activating auth plugin
2024-02-02 11:01:55,090 [INFO] UserAuth:404 - Internet connection configuration mode: 1
2024-02-02 11:01:55,151 [INFO] JxBrowserEngine:152 - Initiate JxBrowser Engine with user profile folder
2024-02-02 11:01:55,374 [INFO] CheckServerUpdateThread:120 - End of CheckServer Thread
2024-02-02 11:01:56,353 [WARN] PackLoader:240 - Cannot read IP mode file for STMicroelectronics.FP-SNS-MOTENV1.4.3.2
2024-02-02 11:01:56,378 [WARN] PackLoader:240 - Cannot read IP mode file for STMicroelectronics.FP-SNS-FLIGHT1.5.0.2
2024-02-02 11:01:56,398 [WARN] PackLoader:240 - Cannot read IP mode file for STMicroelectronics.FP-SNS-SMARTAG2.1.2.0
2024-02-02 11:01:56,442 [WARN] PackLoader:240 - Cannot read IP mode file for STMicroelectronics.FP-ATR-SIGFOX1.3.2.0
2024-02-02 11:01:56,482 [WARN] PackLoader:240 - Cannot read IP mode file for STMicroelectronics.X-CUBE-AI.8.1.0
2024-02-02 11:01:56,506 [WARN] PackLoader:240 - Cannot read IP mode file for STMicroelectronics.FP-ATR-ASTRA1.2.0.0
2024-02-02 11:01:56,512 [INFO] ThirdParty:978 - Integrity check success = true
2024-02-02 11:01:56,512 [INFO] IntegrityCheckThread:100 - exiting critical section [integrity check]
2024-02-02 11:01:56,513 [INFO] IntegrityCheckThread:103 - End integrity checks thread
2024-02-02 11:01:56,876 [INFO] WebApp:161 - Instantiating new browser for Auth
2024-02-02 11:01:58,176 [INFO] WebApp:780 - Register for checkConnection events
2024-02-02 11:01:58,176 [INFO] WebApp:414 - Apply proxy settings
2024-02-02 11:01:58,176 [INFO] WebApp:499 - Chromium requires no authentication
2024-02-02 11:01:58,186 [INFO] WebApp:442 - Direct internet connection detected
2024-02-02 11:01:58,471 [INFO] WebApp:192 - Starting web application
2024-02-02 11:01:58,472 [INFO] WebApp:544 - Web application path used /opt/st/stm32cubeide_1.14.0/plugins/com.st.stm32cube.common.mx_6.10.0.202311202037/db/plugins/mcufinder/reactClient1/index.html
2024-02-02 11:02:19,254 [ERROR] LogOutputStream:75 - [STDERR_REDIRECT] SLF4J: Failed to load class "org.slf4j.impl.StaticLoggerBinder".
2024-02-02 11:02:19,255 [ERROR] LogOutputStream:75 - [STDERR_REDIRECT] SLF4J: Defaulting to no-operation (NOP) logger implementation
2024-02-02 11:02:19,255 [ERROR] LogOutputStream:75 - [STDERR_REDIRECT] SLF4J: See http://www.slf4j.org/codes.html#StaticLoggerBinder for further details.
2024-02-02 18:11:54,536 [ERROR] LogOutputStream:75 - [STDERR_REDIRECT] 
